2024-11-22 11:11:26,144 - INFO - Data successfully loaded from ./datas/NON_IID_FL_1.csv
2024-11-22 11:11:26,316 - INFO - Data successfully prepared (scaling, SMOTE, polynomial features).
2024-11-22 11:11:26,316 - DEBUG - Opened insecure gRPC connection (no certificates were passed)
2024-11-22 11:11:26,331 - DEBUG - ChannelConnectivity.IDLE
2024-11-22 11:11:26,340 - DEBUG - ChannelConnectivity.CONNECTING
2024-11-22 11:11:26,340 - DEBUG - ChannelConnectivity.READY
2024-11-22 11:11:26,345 - INFO - 
2024-11-22 11:11:26,345 - INFO - Received: train message 3c0a7f81-b132-4ebf-aba4-f8afa82d2def
2024-11-22 11:11:26,345 - WARNING - Deprecation Warning: The `client_fn` function must return an instance of `Client`, but an instance of `NumpyClient` was returned. Please use `NumPyClient.to_client()` method to convert it to `Client`.
2024-11-22 11:11:26,446 - INFO - Sent reply
2024-11-22 11:11:26,495 - INFO - 
2024-11-22 11:11:26,495 - INFO - Received: evaluate message 14fd79aa-3527-4476-bc6a-c89caccb6aab
2024-11-22 11:11:26,495 - WARNING - Deprecation Warning: The `client_fn` function must return an instance of `Client`, but an instance of `NumpyClient` was returned. Please use `NumPyClient.to_client()` method to convert it to `Client`.
2024-11-22 11:11:26,508 - INFO - Evaluation Metrics (Round 1):
2024-11-22 11:11:26,508 - INFO -  - Loss: 0.7390592288732666
2024-11-22 11:11:26,508 - INFO -  - Accuracy: 0.562992125984252
2024-11-22 11:11:26,508 - INFO -  - ROC AUC: 0.5519596864501679
2024-11-22 11:11:26,508 - INFO -  - F1 Score: 0.14285714285714285
2024-11-22 11:11:26,508 - INFO - Sent reply
2024-11-22 11:11:26,512 - INFO - 
2024-11-22 11:11:26,512 - INFO - Received: train message ec2e8447-6509-4c31-8ebe-f43bbfe720bf
2024-11-22 11:11:26,512 - WARNING - Deprecation Warning: The `client_fn` function must return an instance of `Client`, but an instance of `NumpyClient` was returned. Please use `NumPyClient.to_client()` method to convert it to `Client`.
2024-11-22 11:11:26,626 - INFO - Sent reply
2024-11-22 11:11:26,683 - INFO - 
2024-11-22 11:11:26,683 - INFO - Received: evaluate message 0c031b1e-b515-45b2-90d0-b6f36e35ec2a
2024-11-22 11:11:26,683 - WARNING - Deprecation Warning: The `client_fn` function must return an instance of `Client`, but an instance of `NumpyClient` was returned. Please use `NumPyClient.to_client()` method to convert it to `Client`.
2024-11-22 11:11:26,697 - INFO - Evaluation Metrics (Round 2):
2024-11-22 11:11:26,697 - INFO -  - Loss: 0.6751487829893305
2024-11-22 11:11:26,697 - INFO -  - Accuracy: 0.6043307086614174
2024-11-22 11:11:26,697 - INFO -  - ROC AUC: 0.573894176931691
2024-11-22 11:11:26,697 - INFO -  - F1 Score: 0.1589958158995816
2024-11-22 11:11:26,697 - INFO - Sent reply
2024-11-22 11:11:26,697 - INFO - 
2024-11-22 11:11:26,702 - INFO - Received: train message 339de5ff-c39b-4109-b27a-570ff64e489e
2024-11-22 11:11:26,702 - WARNING - Deprecation Warning: The `client_fn` function must return an instance of `Client`, but an instance of `NumpyClient` was returned. Please use `NumPyClient.to_client()` method to convert it to `Client`.
2024-11-22 11:11:26,810 - INFO - Sent reply
2024-11-22 11:11:26,869 - INFO - 
2024-11-22 11:11:26,869 - INFO - Received: evaluate message 2caab4b1-79c7-45fb-885a-8cc3d88a4cb4
2024-11-22 11:11:26,869 - WARNING - Deprecation Warning: The `client_fn` function must return an instance of `Client`, but an instance of `NumpyClient` was returned. Please use `NumPyClient.to_client()` method to convert it to `Client`.
2024-11-22 11:11:26,878 - INFO - Evaluation Metrics (Round 3):
2024-11-22 11:11:26,878 - INFO -  - Loss: 0.624561735957638
2024-11-22 11:11:26,878 - INFO -  - Accuracy: 0.6348425196850394
2024-11-22 11:11:26,878 - INFO -  - ROC AUC: 0.5895156774916013
2024-11-22 11:11:26,878 - INFO -  - F1 Score: 0.13921113689095127
2024-11-22 11:11:26,878 - INFO - Sent reply
2024-11-22 11:11:26,883 - INFO - 
2024-11-22 11:11:26,883 - INFO - Received: train message c2266f44-9706-49ee-a696-d2f7dd0b92c0
2024-11-22 11:11:26,883 - WARNING - Deprecation Warning: The `client_fn` function must return an instance of `Client`, but an instance of `NumpyClient` was returned. Please use `NumPyClient.to_client()` method to convert it to `Client`.
2024-11-22 11:11:26,996 - INFO - Sent reply
2024-11-22 11:11:27,050 - INFO - 
2024-11-22 11:11:27,050 - INFO - Received: evaluate message eebd7237-8059-4635-9d1e-843fe3ef4274
2024-11-22 11:11:27,050 - WARNING - Deprecation Warning: The `client_fn` function must return an instance of `Client`, but an instance of `NumpyClient` was returned. Please use `NumPyClient.to_client()` method to convert it to `Client`.
2024-11-22 11:11:27,060 - INFO - Evaluation Metrics (Round 4):
2024-11-22 11:11:27,060 - INFO -  - Loss: 0.6566802313984283
2024-11-22 11:11:27,060 - INFO -  - Accuracy: 0.6072834645669292
2024-11-22 11:11:27,060 - INFO -  - ROC AUC: 0.5788213885778276
2024-11-22 11:11:27,060 - INFO -  - F1 Score: 0.16352201257861634
2024-11-22 11:11:27,063 - INFO - Sent reply
2024-11-22 11:11:27,064 - INFO - 
2024-11-22 11:11:27,064 - INFO - Received: train message 97b3c0e1-c10e-4f56-925d-d0cc63310d6e
2024-11-22 11:11:27,064 - WARNING - Deprecation Warning: The `client_fn` function must return an instance of `Client`, but an instance of `NumpyClient` was returned. Please use `NumPyClient.to_client()` method to convert it to `Client`.
2024-11-22 11:11:27,179 - INFO - Sent reply
2024-11-22 11:11:27,237 - INFO - 
2024-11-22 11:11:27,237 - INFO - Received: evaluate message 945f719f-35e3-416a-83cb-35fc90f3c66c
2024-11-22 11:11:27,237 - WARNING - Deprecation Warning: The `client_fn` function must return an instance of `Client`, but an instance of `NumpyClient` was returned. Please use `NumPyClient.to_client()` method to convert it to `Client`.
2024-11-22 11:11:27,247 - INFO - Evaluation Metrics (Round 5):
2024-11-22 11:11:27,247 - INFO -  - Loss: 0.6652378139211225
2024-11-22 11:11:27,247 - INFO -  - Accuracy: 0.6053149606299213
2024-11-22 11:11:27,247 - INFO -  - ROC AUC: 0.5856662933930571
2024-11-22 11:11:27,247 - INFO -  - F1 Score: 0.16977225672877846
2024-11-22 11:11:27,247 - INFO - Sent reply
2024-11-22 11:11:27,260 - INFO - 
2024-11-22 11:11:27,260 - INFO - Received: train message 06e235b9-418f-4bdd-b1a7-c407c6b6b5b6
2024-11-22 11:11:27,261 - WARNING - Deprecation Warning: The `client_fn` function must return an instance of `Client`, but an instance of `NumpyClient` was returned. Please use `NumPyClient.to_client()` method to convert it to `Client`.
2024-11-22 11:11:27,396 - INFO - Sent reply
2024-11-22 11:11:27,449 - INFO - 
2024-11-22 11:11:27,453 - INFO - Received: evaluate message b6458e65-8231-4ec7-ba7d-288e15e827bf
2024-11-22 11:11:27,453 - WARNING - Deprecation Warning: The `client_fn` function must return an instance of `Client`, but an instance of `NumpyClient` was returned. Please use `NumPyClient.to_client()` method to convert it to `Client`.
2024-11-22 11:11:27,461 - INFO - Evaluation Metrics (Round 6):
2024-11-22 11:11:27,463 - INFO -  - Loss: 0.6366420499240903
2024-11-22 11:11:27,463 - INFO -  - Accuracy: 0.6181102362204725
2024-11-22 11:11:27,463 - INFO -  - ROC AUC: 0.5674552071668533
2024-11-22 11:11:27,463 - INFO -  - F1 Score: 0.13392857142857142
2024-11-22 11:11:27,463 - INFO - Sent reply
2024-11-22 11:11:27,468 - INFO - 
2024-11-22 11:11:27,468 - INFO - Received: train message 71941b31-0bf6-4e57-9894-9abd046ef2d0
2024-11-22 11:11:27,468 - WARNING - Deprecation Warning: The `client_fn` function must return an instance of `Client`, but an instance of `NumpyClient` was returned. Please use `NumPyClient.to_client()` method to convert it to `Client`.
2024-11-22 11:11:27,579 - INFO - Sent reply
2024-11-22 11:11:27,632 - INFO - 
2024-11-22 11:11:27,632 - INFO - Received: evaluate message 8f71f805-721a-496c-bd60-8c8c84456a1a
2024-11-22 11:11:27,632 - WARNING - Deprecation Warning: The `client_fn` function must return an instance of `Client`, but an instance of `NumpyClient` was returned. Please use `NumPyClient.to_client()` method to convert it to `Client`.
2024-11-22 11:11:27,646 - INFO - Evaluation Metrics (Round 7):
2024-11-22 11:11:27,646 - INFO -  - Loss: 0.5793091627560829
2024-11-22 11:11:27,646 - INFO -  - Accuracy: 0.6791338582677166
2024-11-22 11:11:27,646 - INFO -  - ROC AUC: 0.5933650615901456
2024-11-22 11:11:27,646 - INFO -  - F1 Score: 0.15104166666666666
2024-11-22 11:11:27,646 - INFO - Sent reply
2024-11-22 11:11:27,646 - INFO - 
2024-11-22 11:11:27,646 - INFO - Received: train message 7d895d74-2256-488f-8e3b-ca1f51baaf69
2024-11-22 11:11:27,646 - WARNING - Deprecation Warning: The `client_fn` function must return an instance of `Client`, but an instance of `NumpyClient` was returned. Please use `NumPyClient.to_client()` method to convert it to `Client`.
2024-11-22 11:11:27,752 - INFO - Sent reply
2024-11-22 11:11:27,811 - INFO - 
2024-11-22 11:11:27,811 - INFO - Received: evaluate message d840fc30-53cc-40cc-ae06-42d80f20d0e9
2024-11-22 11:11:27,811 - WARNING - Deprecation Warning: The `client_fn` function must return an instance of `Client`, but an instance of `NumpyClient` was returned. Please use `NumPyClient.to_client()` method to convert it to `Client`.
2024-11-22 11:11:27,819 - INFO - Evaluation Metrics (Round 8):
2024-11-22 11:11:27,819 - INFO -  - Loss: 0.624290616696309
2024-11-22 11:11:27,819 - INFO -  - Accuracy: 0.640748031496063
2024-11-22 11:11:27,819 - INFO -  - ROC AUC: 0.5671472564389698
2024-11-22 11:11:27,819 - INFO -  - F1 Score: 0.13711583924349882
2024-11-22 11:11:27,819 - INFO - Sent reply
2024-11-22 11:11:27,825 - INFO - 
2024-11-22 11:11:27,825 - INFO - Received: train message 2ab1745a-e438-404d-806e-e418a8b4f49d
2024-11-22 11:11:27,825 - WARNING - Deprecation Warning: The `client_fn` function must return an instance of `Client`, but an instance of `NumpyClient` was returned. Please use `NumPyClient.to_client()` method to convert it to `Client`.
2024-11-22 11:11:27,933 - INFO - Sent reply
2024-11-22 11:11:27,994 - INFO - 
2024-11-22 11:11:27,994 - INFO - Received: evaluate message 91065b51-018b-4a0f-b57d-e6c04cc869d7
2024-11-22 11:11:27,994 - WARNING - Deprecation Warning: The `client_fn` function must return an instance of `Client`, but an instance of `NumpyClient` was returned. Please use `NumPyClient.to_client()` method to convert it to `Client`.
2024-11-22 11:11:28,004 - INFO - Evaluation Metrics (Round 9):
2024-11-22 11:11:28,004 - INFO -  - Loss: 0.6059040033891061
2024-11-22 11:11:28,004 - INFO -  - Accuracy: 0.640748031496063
2024-11-22 11:11:28,004 - INFO -  - ROC AUC: 0.5575447928331467
2024-11-22 11:11:28,004 - INFO -  - F1 Score: 0.12048192771084337
2024-11-22 11:11:28,004 - INFO - Sent reply
2024-11-22 11:11:28,010 - INFO - 
2024-11-22 11:11:28,010 - INFO - Received: train message 27da0a54-e605-46ad-9304-d2e6ff40d7f6
2024-11-22 11:11:28,011 - WARNING - Deprecation Warning: The `client_fn` function must return an instance of `Client`, but an instance of `NumpyClient` was returned. Please use `NumPyClient.to_client()` method to convert it to `Client`.
2024-11-22 11:11:28,119 - INFO - Sent reply
2024-11-22 11:11:28,165 - INFO - 
2024-11-22 11:11:28,165 - INFO - Received: evaluate message d0143997-a68b-4c22-844d-a414f9fb03d2
2024-11-22 11:11:28,165 - WARNING - Deprecation Warning: The `client_fn` function must return an instance of `Client`, but an instance of `NumpyClient` was returned. Please use `NumPyClient.to_client()` method to convert it to `Client`.
2024-11-22 11:11:28,178 - INFO - Evaluation Metrics (Round 10):
2024-11-22 11:11:28,178 - INFO -  - Loss: 0.615078837887862
2024-11-22 11:11:28,178 - INFO -  - Accuracy: 0.6466535433070866
2024-11-22 11:11:28,178 - INFO -  - ROC AUC: 0.5600643896976484
2024-11-22 11:11:28,178 - INFO -  - F1 Score: 0.13493975903614458
2024-11-22 11:11:28,178 - INFO - Sent reply
2024-11-22 11:11:28,178 - INFO - 
2024-11-22 11:11:28,178 - INFO - Received: train message b7af1ee0-6544-4e76-86e4-54e49db223f2
2024-11-22 11:11:28,178 - WARNING - Deprecation Warning: The `client_fn` function must return an instance of `Client`, but an instance of `NumpyClient` was returned. Please use `NumPyClient.to_client()` method to convert it to `Client`.
2024-11-22 11:11:28,284 - INFO - Sent reply
2024-11-22 11:11:28,337 - INFO - 
2024-11-22 11:11:28,337 - INFO - Received: evaluate message e3179609-7671-4ce9-8f5d-8d53434a17ea
2024-11-22 11:11:28,337 - WARNING - Deprecation Warning: The `client_fn` function must return an instance of `Client`, but an instance of `NumpyClient` was returned. Please use `NumPyClient.to_client()` method to convert it to `Client`.
2024-11-22 11:11:28,347 - INFO - Evaluation Metrics (Round 11):
2024-11-22 11:11:28,347 - INFO -  - Loss: 0.6098465229073199
2024-11-22 11:11:28,347 - INFO -  - Accuracy: 0.6417322834645669
2024-11-22 11:11:28,347 - INFO -  - ROC AUC: 0.5537653975363942
2024-11-22 11:11:28,347 - INFO -  - F1 Score: 0.11650485436893204
2024-11-22 11:11:28,347 - INFO - Sent reply
2024-11-22 11:11:28,351 - INFO - 
2024-11-22 11:11:28,351 - INFO - Received: train message be5b43f7-d943-4aca-baed-64318ddfe804
2024-11-22 11:11:28,351 - WARNING - Deprecation Warning: The `client_fn` function must return an instance of `Client`, but an instance of `NumpyClient` was returned. Please use `NumPyClient.to_client()` method to convert it to `Client`.
2024-11-22 11:11:28,452 - INFO - Sent reply
2024-11-22 11:11:28,514 - INFO - 
2024-11-22 11:11:28,514 - INFO - Received: evaluate message cdfee141-afd3-432b-9b14-61976c15116b
2024-11-22 11:11:28,514 - WARNING - Deprecation Warning: The `client_fn` function must return an instance of `Client`, but an instance of `NumpyClient` was returned. Please use `NumPyClient.to_client()` method to convert it to `Client`.
2024-11-22 11:11:28,524 - INFO - Evaluation Metrics (Round 12):
2024-11-22 11:11:28,528 - INFO -  - Loss: 0.61534830721371
2024-11-22 11:11:28,528 - INFO -  - Accuracy: 0.6417322834645669
2024-11-22 11:11:28,528 - INFO -  - ROC AUC: 0.5555991041433371
2024-11-22 11:11:28,528 - INFO -  - F1 Score: 0.1291866028708134
2024-11-22 11:11:28,528 - INFO - Sent reply
2024-11-22 11:11:28,531 - INFO - 
2024-11-22 11:11:28,531 - INFO - Received: train message 4deceaa4-e2cf-4901-afb1-ef271c91ef75
2024-11-22 11:11:28,531 - WARNING - Deprecation Warning: The `client_fn` function must return an instance of `Client`, but an instance of `NumpyClient` was returned. Please use `NumPyClient.to_client()` method to convert it to `Client`.
2024-11-22 11:11:28,634 - INFO - Sent reply
2024-11-22 11:11:28,683 - INFO - 
2024-11-22 11:11:28,683 - INFO - Received: evaluate message 33c4b412-818c-4e38-9122-4131ba2e5450
2024-11-22 11:11:28,683 - WARNING - Deprecation Warning: The `client_fn` function must return an instance of `Client`, but an instance of `NumpyClient` was returned. Please use `NumPyClient.to_client()` method to convert it to `Client`.
2024-11-22 11:11:28,693 - INFO - Evaluation Metrics (Round 13):
2024-11-22 11:11:28,696 - INFO -  - Loss: 0.6257898280613733
2024-11-22 11:11:28,696 - INFO -  - Accuracy: 0.6368110236220472
2024-11-22 11:11:28,696 - INFO -  - ROC AUC: 0.5609182530795074
2024-11-22 11:11:28,696 - INFO -  - F1 Score: 0.14385150812064965
2024-11-22 11:11:28,696 - INFO - Sent reply
2024-11-22 11:11:28,697 - INFO - 
2024-11-22 11:11:28,697 - INFO - Received: train message 3a2011c2-fff6-4f84-bb0d-a9edf2cea42a
2024-11-22 11:11:28,702 - WARNING - Deprecation Warning: The `client_fn` function must return an instance of `Client`, but an instance of `NumpyClient` was returned. Please use `NumPyClient.to_client()` method to convert it to `Client`.
2024-11-22 11:11:28,802 - INFO - Sent reply
2024-11-22 11:11:28,857 - INFO - 
2024-11-22 11:11:28,857 - INFO - Received: evaluate message 9eebe73f-ff1f-492e-aca3-aaa6701268ee
2024-11-22 11:11:28,857 - WARNING - Deprecation Warning: The `client_fn` function must return an instance of `Client`, but an instance of `NumpyClient` was returned. Please use `NumPyClient.to_client()` method to convert it to `Client`.
2024-11-22 11:11:28,868 - INFO - Evaluation Metrics (Round 14):
2024-11-22 11:11:28,868 - INFO -  - Loss: 0.6230929119479693
2024-11-22 11:11:28,868 - INFO -  - Accuracy: 0.6377952755905512
2024-11-22 11:11:28,868 - INFO -  - ROC AUC: 0.5597564389697648
2024-11-22 11:11:28,868 - INFO -  - F1 Score: 0.14018691588785046
2024-11-22 11:11:28,868 - INFO - Sent reply
2024-11-22 11:11:28,874 - INFO - 
2024-11-22 11:11:28,874 - INFO - Received: train message a40aa1ee-1284-4d3a-b006-222569f1dd52
2024-11-22 11:11:28,874 - WARNING - Deprecation Warning: The `client_fn` function must return an instance of `Client`, but an instance of `NumpyClient` was returned. Please use `NumPyClient.to_client()` method to convert it to `Client`.
2024-11-22 11:11:28,968 - INFO - Sent reply
2024-11-22 11:11:29,029 - INFO - 
2024-11-22 11:11:29,029 - INFO - Received: evaluate message 0dfe5bec-88a3-4caa-a0b4-2c8961dd9f77
2024-11-22 11:11:29,029 - WARNING - Deprecation Warning: The `client_fn` function must return an instance of `Client`, but an instance of `NumpyClient` was returned. Please use `NumPyClient.to_client()` method to convert it to `Client`.
2024-11-22 11:11:29,037 - INFO - Evaluation Metrics (Round 15):
2024-11-22 11:11:29,037 - INFO -  - Loss: 0.6105452725691178
2024-11-22 11:11:29,037 - INFO -  - Accuracy: 0.6437007874015748
2024-11-22 11:11:29,037 - INFO -  - ROC AUC: 0.5561030235162374
2024-11-22 11:11:29,037 - INFO -  - F1 Score: 0.1339712918660287
2024-11-22 11:11:29,037 - INFO - Sent reply
2024-11-22 11:11:29,044 - INFO - 
2024-11-22 11:11:29,044 - INFO - Received: train message 18543646-96b2-4ace-8704-3b19cc1adefb
2024-11-22 11:11:29,044 - WARNING - Deprecation Warning: The `client_fn` function must return an instance of `Client`, but an instance of `NumpyClient` was returned. Please use `NumPyClient.to_client()` method to convert it to `Client`.
2024-11-22 11:11:29,169 - INFO - Sent reply
2024-11-22 11:11:29,228 - INFO - 
2024-11-22 11:11:29,228 - INFO - Received: evaluate message 801b5947-ee1a-4ef6-bd13-c4cb7797202a
2024-11-22 11:11:29,228 - WARNING - Deprecation Warning: The `client_fn` function must return an instance of `Client`, but an instance of `NumpyClient` was returned. Please use `NumPyClient.to_client()` method to convert it to `Client`.
2024-11-22 11:11:29,237 - INFO - Evaluation Metrics (Round 16):
2024-11-22 11:11:29,237 - INFO -  - Loss: 0.6199260430813488
2024-11-22 11:11:29,237 - INFO -  - Accuracy: 0.6387795275590551
2024-11-22 11:11:29,237 - INFO -  - ROC AUC: 0.5590845464725644
2024-11-22 11:11:29,237 - INFO -  - F1 Score: 0.1405152224824356
2024-11-22 11:11:29,237 - INFO - Sent reply
2024-11-22 11:11:29,237 - INFO - 
2024-11-22 11:11:29,237 - INFO - Received: train message 820a46fe-0433-4963-b9db-0408e2b5bcab
2024-11-22 11:11:29,237 - WARNING - Deprecation Warning: The `client_fn` function must return an instance of `Client`, but an instance of `NumpyClient` was returned. Please use `NumPyClient.to_client()` method to convert it to `Client`.
2024-11-22 11:11:29,382 - INFO - Sent reply
2024-11-22 11:11:29,433 - INFO - 
2024-11-22 11:11:29,433 - INFO - Received: evaluate message 25162097-cccb-419c-ab6e-e70cb7efe809
2024-11-22 11:11:29,433 - WARNING - Deprecation Warning: The `client_fn` function must return an instance of `Client`, but an instance of `NumpyClient` was returned. Please use `NumPyClient.to_client()` method to convert it to `Client`.
2024-11-22 11:11:29,439 - INFO - Evaluation Metrics (Round 17):
2024-11-22 11:11:29,439 - INFO -  - Loss: 0.6108970259666253
2024-11-22 11:11:29,439 - INFO -  - Accuracy: 0.6456692913385826
2024-11-22 11:11:29,439 - INFO -  - ROC AUC: 0.5558510638297872
2024-11-22 11:11:29,439 - INFO -  - F1 Score: 0.1346153846153846
2024-11-22 11:11:29,444 - INFO - Sent reply
2024-11-22 11:11:29,446 - INFO - 
2024-11-22 11:11:29,446 - INFO - Received: train message 25b44313-eea5-4ec1-86b4-06b94e45298e
2024-11-22 11:11:29,446 - WARNING - Deprecation Warning: The `client_fn` function must return an instance of `Client`, but an instance of `NumpyClient` was returned. Please use `NumPyClient.to_client()` method to convert it to `Client`.
2024-11-22 11:11:29,558 - INFO - Sent reply
2024-11-22 11:11:29,593 - INFO - 
2024-11-22 11:11:29,593 - INFO - Received: evaluate message 1c13b7a0-fd41-4f02-a7a8-140ec1fd754d
2024-11-22 11:11:29,593 - WARNING - Deprecation Warning: The `client_fn` function must return an instance of `Client`, but an instance of `NumpyClient` was returned. Please use `NumPyClient.to_client()` method to convert it to `Client`.
2024-11-22 11:11:29,609 - INFO - Evaluation Metrics (Round 18):
2024-11-22 11:11:29,609 - INFO -  - Loss: 0.6181424328650515
2024-11-22 11:11:29,609 - INFO -  - Accuracy: 0.639763779527559
2024-11-22 11:11:29,609 - INFO -  - ROC AUC: 0.5584826427771556
2024-11-22 11:11:29,609 - INFO -  - F1 Score: 0.14084507042253522
2024-11-22 11:11:29,609 - INFO - Sent reply
2024-11-22 11:11:29,612 - INFO - 
2024-11-22 11:11:29,612 - INFO - Received: train message 9c1b138c-4022-443b-8266-6a4a99ea1f37
2024-11-22 11:11:29,612 - WARNING - Deprecation Warning: The `client_fn` function must return an instance of `Client`, but an instance of `NumpyClient` was returned. Please use `NumPyClient.to_client()` method to convert it to `Client`.
2024-11-22 11:11:29,722 - INFO - Sent reply
2024-11-22 11:11:29,780 - INFO - 
2024-11-22 11:11:29,780 - INFO - Received: evaluate message 09894580-86f1-4c82-a9bf-cb5846bedb6a
2024-11-22 11:11:29,780 - WARNING - Deprecation Warning: The `client_fn` function must return an instance of `Client`, but an instance of `NumpyClient` was returned. Please use `NumPyClient.to_client()` method to convert it to `Client`.
2024-11-22 11:11:29,797 - INFO - Evaluation Metrics (Round 19):
2024-11-22 11:11:29,797 - INFO -  - Loss: 0.6095728610070237
2024-11-22 11:11:29,797 - INFO -  - Accuracy: 0.6486220472440944
2024-11-22 11:11:29,797 - INFO -  - ROC AUC: 0.5557110862262038
2024-11-22 11:11:29,797 - INFO -  - F1 Score: 0.13559322033898305
2024-11-22 11:11:29,797 - INFO - Sent reply
2024-11-22 11:11:29,802 - INFO - 
2024-11-22 11:11:29,802 - INFO - Received: train message ad8d5ba8-4241-4778-8cf1-d09a14d8c813
2024-11-22 11:11:29,802 - WARNING - Deprecation Warning: The `client_fn` function must return an instance of `Client`, but an instance of `NumpyClient` was returned. Please use `NumPyClient.to_client()` method to convert it to `Client`.
2024-11-22 11:11:29,909 - INFO - Sent reply
2024-11-22 11:11:29,972 - INFO - 
2024-11-22 11:11:29,972 - INFO - Received: evaluate message ba728056-382e-44d8-b4b5-7184f8d89059
2024-11-22 11:11:29,973 - WARNING - Deprecation Warning: The `client_fn` function must return an instance of `Client`, but an instance of `NumpyClient` was returned. Please use `NumPyClient.to_client()` method to convert it to `Client`.
2024-11-22 11:11:29,982 - INFO - Evaluation Metrics (Round 20):
2024-11-22 11:11:29,982 - INFO -  - Loss: 0.620263995876786
2024-11-22 11:11:29,982 - INFO -  - Accuracy: 0.6387795275590551
2024-11-22 11:11:29,982 - INFO -  - ROC AUC: 0.5599384098544233
2024-11-22 11:11:29,982 - INFO -  - F1 Score: 0.1405152224824356
2024-11-22 11:11:29,982 - INFO - Sent reply
2024-11-22 11:11:29,987 - INFO - 
2024-11-22 11:11:29,987 - INFO - Received: train message 6d1bb852-31ed-4d4a-b096-0d92e0d82a88
2024-11-22 11:11:29,987 - WARNING - Deprecation Warning: The `client_fn` function must return an instance of `Client`, but an instance of `NumpyClient` was returned. Please use `NumPyClient.to_client()` method to convert it to `Client`.
2024-11-22 11:11:30,091 - INFO - Sent reply
2024-11-22 11:11:30,147 - INFO - 
2024-11-22 11:11:30,147 - INFO - Received: evaluate message a08719cd-0e21-4b3e-a2e4-52d86bbc7d77
2024-11-22 11:11:30,147 - WARNING - Deprecation Warning: The `client_fn` function must return an instance of `Client`, but an instance of `NumpyClient` was returned. Please use `NumPyClient.to_client()` method to convert it to `Client`.
2024-11-22 11:11:30,160 - INFO - Evaluation Metrics (Round 21):
2024-11-22 11:11:30,162 - INFO -  - Loss: 0.6157234628954463
2024-11-22 11:11:30,162 - INFO -  - Accuracy: 0.6427165354330708
2024-11-22 11:11:30,162 - INFO -  - ROC AUC: 0.5585946248600224
2024-11-22 11:11:30,162 - INFO -  - F1 Score: 0.14184397163120568
2024-11-22 11:11:30,163 - INFO - Sent reply
2024-11-22 11:11:30,167 - INFO - 
2024-11-22 11:11:30,167 - INFO - Received: train message 17c08ba8-d4b3-4575-a415-03f98ce172a3
2024-11-22 11:11:30,167 - WARNING - Deprecation Warning: The `client_fn` function must return an instance of `Client`, but an instance of `NumpyClient` was returned. Please use `NumPyClient.to_client()` method to convert it to `Client`.
2024-11-22 11:11:30,267 - INFO - Sent reply
2024-11-22 11:11:30,335 - INFO - 
2024-11-22 11:11:30,335 - INFO - Received: evaluate message 5710b347-527d-4470-8d5d-85f9031cabc4
2024-11-22 11:11:30,335 - WARNING - Deprecation Warning: The `client_fn` function must return an instance of `Client`, but an instance of `NumpyClient` was returned. Please use `NumPyClient.to_client()` method to convert it to `Client`.
2024-11-22 11:11:30,345 - INFO - Evaluation Metrics (Round 22):
2024-11-22 11:11:30,345 - INFO -  - Loss: 0.6054342990155058
2024-11-22 11:11:30,345 - INFO -  - Accuracy: 0.6505905511811023
2024-11-22 11:11:30,345 - INFO -  - ROC AUC: 0.5548012318029115
2024-11-22 11:11:30,345 - INFO -  - F1 Score: 0.13202933985330073
2024-11-22 11:11:30,345 - INFO - Sent reply
2024-11-22 11:11:30,345 - INFO - 
2024-11-22 11:11:30,345 - INFO - Received: train message f40974e0-11bc-42fa-912f-2a86576a8efa
2024-11-22 11:11:30,345 - WARNING - Deprecation Warning: The `client_fn` function must return an instance of `Client`, but an instance of `NumpyClient` was returned. Please use `NumPyClient.to_client()` method to convert it to `Client`.
2024-11-22 11:11:30,451 - INFO - Sent reply
2024-11-22 11:11:30,510 - INFO - 
2024-11-22 11:11:30,510 - INFO - Received: evaluate message 37d469c3-c29b-488b-95c3-e0909fc70dc0
2024-11-22 11:11:30,512 - WARNING - Deprecation Warning: The `client_fn` function must return an instance of `Client`, but an instance of `NumpyClient` was returned. Please use `NumPyClient.to_client()` method to convert it to `Client`.
2024-11-22 11:11:30,521 - INFO - Evaluation Metrics (Round 23):
2024-11-22 11:11:30,521 - INFO -  - Loss: 0.6215700815165305
2024-11-22 11:11:30,521 - INFO -  - Accuracy: 0.6338582677165354
2024-11-22 11:11:30,521 - INFO -  - ROC AUC: 0.5663213885778275
2024-11-22 11:11:30,521 - INFO -  - F1 Score: 0.14285714285714285
2024-11-22 11:11:30,521 - INFO - Sent reply
2024-11-22 11:11:30,525 - INFO - 
2024-11-22 11:11:30,525 - INFO - Received: train message 714fad74-85b4-4fdf-a2b6-565cdd617afd
2024-11-22 11:11:30,525 - WARNING - Deprecation Warning: The `client_fn` function must return an instance of `Client`, but an instance of `NumpyClient` was returned. Please use `NumPyClient.to_client()` method to convert it to `Client`.
2024-11-22 11:11:30,626 - INFO - Sent reply
2024-11-22 11:11:30,680 - INFO - 
2024-11-22 11:11:30,680 - INFO - Received: evaluate message ddb0013a-a07c-4acf-b46f-03201b6544be
2024-11-22 11:11:30,680 - WARNING - Deprecation Warning: The `client_fn` function must return an instance of `Client`, but an instance of `NumpyClient` was returned. Please use `NumPyClient.to_client()` method to convert it to `Client`.
2024-11-22 11:11:30,689 - INFO - Evaluation Metrics (Round 24):
2024-11-22 11:11:30,689 - INFO -  - Loss: 0.611402491055485
2024-11-22 11:11:30,689 - INFO -  - Accuracy: 0.6496062992125984
2024-11-22 11:11:30,689 - INFO -  - ROC AUC: 0.5568309070548711
2024-11-22 11:11:30,689 - INFO -  - F1 Score: 0.14009661835748793
2024-11-22 11:11:30,689 - INFO - Sent reply
2024-11-22 11:11:30,695 - INFO - 
2024-11-22 11:11:30,695 - INFO - Received: train message a14e46a5-0569-4840-b9d8-7f020d646149
2024-11-22 11:11:30,695 - WARNING - Deprecation Warning: The `client_fn` function must return an instance of `Client`, but an instance of `NumpyClient` was returned. Please use `NumPyClient.to_client()` method to convert it to `Client`.
2024-11-22 11:11:30,801 - INFO - Sent reply
2024-11-22 11:11:30,859 - INFO - 
2024-11-22 11:11:30,859 - INFO - Received: evaluate message a5e36c1d-1c8d-4c45-b8cf-122f74e0d152
2024-11-22 11:11:30,859 - WARNING - Deprecation Warning: The `client_fn` function must return an instance of `Client`, but an instance of `NumpyClient` was returned. Please use `NumPyClient.to_client()` method to convert it to `Client`.
2024-11-22 11:11:30,867 - INFO - Evaluation Metrics (Round 25):
2024-11-22 11:11:30,867 - INFO -  - Loss: 0.6086396157386385
2024-11-22 11:11:30,867 - INFO -  - Accuracy: 0.6486220472440944
2024-11-22 11:11:30,867 - INFO -  - ROC AUC: 0.556536954087346
2024-11-22 11:11:30,867 - INFO -  - F1 Score: 0.13975903614457832
2024-11-22 11:11:30,867 - INFO - Sent reply
2024-11-22 11:11:30,867 - INFO - 
2024-11-22 11:11:30,867 - INFO - Received: train message 5c6a49b9-36e9-4506-9724-e7eaa39b7dc1
2024-11-22 11:11:30,867 - WARNING - Deprecation Warning: The `client_fn` function must return an instance of `Client`, but an instance of `NumpyClient` was returned. Please use `NumPyClient.to_client()` method to convert it to `Client`.
2024-11-22 11:11:30,978 - INFO - Sent reply
2024-11-22 11:11:31,047 - INFO - 
2024-11-22 11:11:31,047 - INFO - Received: evaluate message 16e169e3-30a1-4dbe-bb92-39efc3c7d91a
2024-11-22 11:11:31,047 - WARNING - Deprecation Warning: The `client_fn` function must return an instance of `Client`, but an instance of `NumpyClient` was returned. Please use `NumPyClient.to_client()` method to convert it to `Client`.
2024-11-22 11:11:31,064 - INFO - Evaluation Metrics (Round 26):
2024-11-22 11:11:31,064 - INFO -  - Loss: 0.6102063592297589
2024-11-22 11:11:31,064 - INFO -  - Accuracy: 0.6515748031496063
2024-11-22 11:11:31,064 - INFO -  - ROC AUC: 0.5568868980963045
2024-11-22 11:11:31,064 - INFO -  - F1 Score: 0.14492753623188406
2024-11-22 11:11:31,064 - INFO - Sent reply
2024-11-22 11:11:31,064 - INFO - 
2024-11-22 11:11:31,064 - INFO - Received: train message 9854323a-4e30-4f21-baf5-958d4b3c093c
2024-11-22 11:11:31,064 - WARNING - Deprecation Warning: The `client_fn` function must return an instance of `Client`, but an instance of `NumpyClient` was returned. Please use `NumPyClient.to_client()` method to convert it to `Client`.
2024-11-22 11:11:31,184 - INFO - Sent reply
2024-11-22 11:11:31,244 - INFO - 
2024-11-22 11:11:31,244 - INFO - Received: evaluate message af0c1491-ee19-4b7b-8db2-dd8726dfaac7
2024-11-22 11:11:31,245 - WARNING - Deprecation Warning: The `client_fn` function must return an instance of `Client`, but an instance of `NumpyClient` was returned. Please use `NumPyClient.to_client()` method to convert it to `Client`.
2024-11-22 11:11:31,256 - INFO - Evaluation Metrics (Round 27):
2024-11-22 11:11:31,256 - INFO -  - Loss: 0.6067879560540489
2024-11-22 11:11:31,256 - INFO -  - Accuracy: 0.6515748031496063
2024-11-22 11:11:31,256 - INFO -  - ROC AUC: 0.5556690929451288
2024-11-22 11:11:31,256 - INFO -  - F1 Score: 0.13658536585365855
2024-11-22 11:11:31,257 - INFO - Sent reply
2024-11-22 11:11:31,260 - INFO - 
2024-11-22 11:11:31,260 - INFO - Received: train message ad3fc8eb-5fd0-4eb3-b628-94c9cbed1174
2024-11-22 11:11:31,260 - WARNING - Deprecation Warning: The `client_fn` function must return an instance of `Client`, but an instance of `NumpyClient` was returned. Please use `NumPyClient.to_client()` method to convert it to `Client`.
2024-11-22 11:11:31,364 - INFO - Sent reply
2024-11-22 11:11:31,425 - INFO - 
2024-11-22 11:11:31,425 - INFO - Received: evaluate message 4ae7e7e5-42ae-4dc3-a86f-81427c3ccf44
2024-11-22 11:11:31,425 - WARNING - Deprecation Warning: The `client_fn` function must return an instance of `Client`, but an instance of `NumpyClient` was returned. Please use `NumPyClient.to_client()` method to convert it to `Client`.
2024-11-22 11:11:31,435 - INFO - Evaluation Metrics (Round 28):
2024-11-22 11:11:31,435 - INFO -  - Loss: 0.6142907891944
2024-11-22 11:11:31,435 - INFO -  - Accuracy: 0.6486220472440944
2024-11-22 11:11:31,435 - INFO -  - ROC AUC: 0.5591965285554311
2024-11-22 11:11:31,435 - INFO -  - F1 Score: 0.14388489208633093
2024-11-22 11:11:31,435 - INFO - Sent reply
2024-11-22 11:11:31,439 - INFO - 
2024-11-22 11:11:31,439 - INFO - Received: train message 0cebdf60-cca7-4409-b5cc-4683acb1a0ec
2024-11-22 11:11:31,439 - WARNING - Deprecation Warning: The `client_fn` function must return an instance of `Client`, but an instance of `NumpyClient` was returned. Please use `NumPyClient.to_client()` method to convert it to `Client`.
2024-11-22 11:11:31,533 - INFO - Sent reply
2024-11-22 11:11:31,598 - INFO - 
2024-11-22 11:11:31,598 - INFO - Received: evaluate message 1218962e-4005-43c1-be58-1341d0611ddb
2024-11-22 11:11:31,598 - WARNING - Deprecation Warning: The `client_fn` function must return an instance of `Client`, but an instance of `NumpyClient` was returned. Please use `NumPyClient.to_client()` method to convert it to `Client`.
2024-11-22 11:11:31,612 - INFO - Evaluation Metrics (Round 29):
2024-11-22 11:11:31,612 - INFO -  - Loss: 0.6035514776620452
2024-11-22 11:11:31,612 - INFO -  - Accuracy: 0.6535433070866141
2024-11-22 11:11:31,612 - INFO -  - ROC AUC: 0.5549552071668532
2024-11-22 11:11:31,612 - INFO -  - F1 Score: 0.1330049261083744
2024-11-22 11:11:31,613 - INFO - Sent reply
2024-11-22 11:11:31,613 - INFO - 
2024-11-22 11:11:31,613 - INFO - Received: train message 3eed5378-df71-42e6-a79d-e9d35441c4c2
2024-11-22 11:11:31,613 - WARNING - Deprecation Warning: The `client_fn` function must return an instance of `Client`, but an instance of `NumpyClient` was returned. Please use `NumPyClient.to_client()` method to convert it to `Client`.
2024-11-22 11:11:31,717 - INFO - Sent reply
2024-11-22 11:11:31,776 - INFO - 
2024-11-22 11:11:31,776 - INFO - Received: evaluate message bed7841f-ef72-41bf-9dc3-35240a94c6bc
2024-11-22 11:11:31,776 - WARNING - Deprecation Warning: The `client_fn` function must return an instance of `Client`, but an instance of `NumpyClient` was returned. Please use `NumPyClient.to_client()` method to convert it to `Client`.
2024-11-22 11:11:31,786 - INFO - Evaluation Metrics (Round 30):
2024-11-22 11:11:31,786 - INFO -  - Loss: 0.6144392939261216
2024-11-22 11:11:31,786 - INFO -  - Accuracy: 0.6417322834645669
2024-11-22 11:11:31,786 - INFO -  - ROC AUC: 0.5649636058230684
2024-11-22 11:11:31,786 - INFO -  - F1 Score: 0.14150943396226415
2024-11-22 11:11:31,786 - INFO - Sent reply
2024-11-22 11:11:31,791 - INFO - 
2024-11-22 11:11:31,791 - INFO - Received: train message 995895ce-f9e8-456a-9438-34744be61137
2024-11-22 11:11:31,791 - WARNING - Deprecation Warning: The `client_fn` function must return an instance of `Client`, but an instance of `NumpyClient` was returned. Please use `NumPyClient.to_client()` method to convert it to `Client`.
2024-11-22 11:11:31,897 - INFO - Sent reply
2024-11-22 11:11:31,953 - INFO - 
2024-11-22 11:11:31,953 - INFO - Received: evaluate message 813b99f7-af24-4bfb-bc91-e48ae2b05faf
2024-11-22 11:11:31,953 - WARNING - Deprecation Warning: The `client_fn` function must return an instance of `Client`, but an instance of `NumpyClient` was returned. Please use `NumPyClient.to_client()` method to convert it to `Client`.
2024-11-22 11:11:31,963 - INFO - Evaluation Metrics (Round 31):
2024-11-22 11:11:31,963 - INFO -  - Loss: 0.5993569978191288
2024-11-22 11:11:31,963 - INFO -  - Accuracy: 0.6594488188976378
2024-11-22 11:11:31,963 - INFO -  - ROC AUC: 0.5522256438969765
2024-11-22 11:11:31,963 - INFO -  - F1 Score: 0.135
2024-11-22 11:11:31,963 - INFO - Sent reply
2024-11-22 11:11:31,969 - INFO - 
2024-11-22 11:11:31,969 - INFO - Received: train message 13451b0c-60d7-40a5-874f-b04a0d53afbf
2024-11-22 11:11:31,969 - WARNING - Deprecation Warning: The `client_fn` function must return an instance of `Client`, but an instance of `NumpyClient` was returned. Please use `NumPyClient.to_client()` method to convert it to `Client`.
2024-11-22 11:11:32,075 - INFO - Sent reply
2024-11-22 11:11:32,123 - INFO - 
2024-11-22 11:11:32,123 - INFO - Received: evaluate message 3ca36ae4-d9ff-41b6-b641-9407835d1f70
2024-11-22 11:11:32,123 - WARNING - Deprecation Warning: The `client_fn` function must return an instance of `Client`, but an instance of `NumpyClient` was returned. Please use `NumPyClient.to_client()` method to convert it to `Client`.
2024-11-22 11:11:32,134 - INFO - Evaluation Metrics (Round 32):
2024-11-22 11:11:32,134 - INFO -  - Loss: 0.6160648928933491
2024-11-22 11:11:32,134 - INFO -  - Accuracy: 0.6387795275590551
2024-11-22 11:11:32,134 - INFO -  - ROC AUC: 0.5650615901455767
2024-11-22 11:11:32,134 - INFO -  - F1 Score: 0.1405152224824356
2024-11-22 11:11:32,138 - INFO - Sent reply
2024-11-22 11:11:32,139 - INFO - 
2024-11-22 11:11:32,139 - INFO - Received: train message 6616af05-4993-4aab-bcc5-e552799bb357
2024-11-22 11:11:32,139 - WARNING - Deprecation Warning: The `client_fn` function must return an instance of `Client`, but an instance of `NumpyClient` was returned. Please use `NumPyClient.to_client()` method to convert it to `Client`.
2024-11-22 11:11:32,243 - INFO - Sent reply
2024-11-22 11:11:32,286 - INFO - 
2024-11-22 11:11:32,286 - INFO - Received: evaluate message bb882ec9-b3af-4505-ac3c-fac1075fc6eb
2024-11-22 11:11:32,286 - WARNING - Deprecation Warning: The `client_fn` function must return an instance of `Client`, but an instance of `NumpyClient` was returned. Please use `NumPyClient.to_client()` method to convert it to `Client`.
2024-11-22 11:11:32,302 - INFO - Evaluation Metrics (Round 33):
2024-11-22 11:11:32,302 - INFO -  - Loss: 0.6063830505541915
2024-11-22 11:11:32,302 - INFO -  - Accuracy: 0.655511811023622
2024-11-22 11:11:32,302 - INFO -  - ROC AUC: 0.5565929451287794
2024-11-22 11:11:32,302 - INFO -  - F1 Score: 0.13793103448275862
2024-11-22 11:11:32,302 - INFO - Sent reply
2024-11-22 11:11:32,304 - INFO - 
2024-11-22 11:11:32,304 - INFO - Received: train message 5b9ebcf9-15d8-4c82-9bc3-0f47188f175e
2024-11-22 11:11:32,304 - WARNING - Deprecation Warning: The `client_fn` function must return an instance of `Client`, but an instance of `NumpyClient` was returned. Please use `NumPyClient.to_client()` method to convert it to `Client`.
2024-11-22 11:11:32,418 - INFO - Sent reply
2024-11-22 11:11:32,471 - INFO - 
2024-11-22 11:11:32,471 - INFO - Received: evaluate message 27efd2a2-91c0-4e17-aa15-069cfab62d23
2024-11-22 11:11:32,471 - WARNING - Deprecation Warning: The `client_fn` function must return an instance of `Client`, but an instance of `NumpyClient` was returned. Please use `NumPyClient.to_client()` method to convert it to `Client`.
2024-11-22 11:11:32,483 - INFO - Evaluation Metrics (Round 34):
2024-11-22 11:11:32,483 - INFO -  - Loss: 0.6073242569116096
2024-11-22 11:11:32,483 - INFO -  - Accuracy: 0.6515748031496063
2024-11-22 11:11:32,483 - INFO -  - ROC AUC: 0.5559070548712206
2024-11-22 11:11:32,483 - INFO -  - F1 Score: 0.1407766990291262
2024-11-22 11:11:32,484 - INFO - Sent reply
2024-11-22 11:11:32,487 - INFO - 
2024-11-22 11:11:32,487 - INFO - Received: train message 48a6e1d2-884c-43e6-8e46-0e4bc2d5da46
2024-11-22 11:11:32,487 - WARNING - Deprecation Warning: The `client_fn` function must return an instance of `Client`, but an instance of `NumpyClient` was returned. Please use `NumPyClient.to_client()` method to convert it to `Client`.
2024-11-22 11:11:32,585 - INFO - Sent reply
2024-11-22 11:11:32,642 - INFO - 
2024-11-22 11:11:32,645 - INFO - Received: evaluate message a8fd4b67-beae-4e13-a89e-563a0d226ffc
2024-11-22 11:11:32,645 - WARNING - Deprecation Warning: The `client_fn` function must return an instance of `Client`, but an instance of `NumpyClient` was returned. Please use `NumPyClient.to_client()` method to convert it to `Client`.
2024-11-22 11:11:32,653 - INFO - Evaluation Metrics (Round 35):
2024-11-22 11:11:32,653 - INFO -  - Loss: 0.6036506130123742
2024-11-22 11:11:32,653 - INFO -  - Accuracy: 0.655511811023622
2024-11-22 11:11:32,653 - INFO -  - ROC AUC: 0.5562010078387458
2024-11-22 11:11:32,653 - INFO -  - F1 Score: 0.13366336633663367
2024-11-22 11:11:32,653 - INFO - Sent reply
2024-11-22 11:11:32,657 - INFO - 
2024-11-22 11:11:32,657 - INFO - Received: train message 2ebf76b7-50f0-402b-80a6-8c62ed2aab15
2024-11-22 11:11:32,657 - WARNING - Deprecation Warning: The `client_fn` function must return an instance of `Client`, but an instance of `NumpyClient` was returned. Please use `NumPyClient.to_client()` method to convert it to `Client`.
2024-11-22 11:11:32,766 - INFO - Sent reply
2024-11-22 11:11:32,818 - INFO - 
2024-11-22 11:11:32,818 - INFO - Received: evaluate message b0ff4474-c6ff-4be3-9028-f8cada5620bc
2024-11-22 11:11:32,818 - WARNING - Deprecation Warning: The `client_fn` function must return an instance of `Client`, but an instance of `NumpyClient` was returned. Please use `NumPyClient.to_client()` method to convert it to `Client`.
2024-11-22 11:11:32,830 - INFO - Evaluation Metrics (Round 36):
2024-11-22 11:11:32,830 - INFO -  - Loss: 0.6074849853681453
2024-11-22 11:11:32,832 - INFO -  - Accuracy: 0.6525590551181102
2024-11-22 11:11:32,832 - INFO -  - ROC AUC: 0.5570408734602464
2024-11-22 11:11:32,832 - INFO -  - F1 Score: 0.13691931540342298
2024-11-22 11:11:32,832 - INFO - Sent reply
2024-11-22 11:11:32,835 - INFO - 
2024-11-22 11:11:32,835 - INFO - Received: train message bc710550-e789-4cfc-9acc-f59783bf0775
2024-11-22 11:11:32,835 - WARNING - Deprecation Warning: The `client_fn` function must return an instance of `Client`, but an instance of `NumpyClient` was returned. Please use `NumPyClient.to_client()` method to convert it to `Client`.
2024-11-22 11:11:32,941 - INFO - Sent reply
2024-11-22 11:11:32,997 - INFO - 
2024-11-22 11:11:32,997 - INFO - Received: evaluate message 52a146f8-7e60-4963-9be0-5c1672814e85
2024-11-22 11:11:32,997 - WARNING - Deprecation Warning: The `client_fn` function must return an instance of `Client`, but an instance of `NumpyClient` was returned. Please use `NumPyClient.to_client()` method to convert it to `Client`.
2024-11-22 11:11:33,012 - INFO - Evaluation Metrics (Round 37):
2024-11-22 11:11:33,012 - INFO -  - Loss: 0.5996193240078341
2024-11-22 11:11:33,012 - INFO -  - Accuracy: 0.6604330708661418
2024-11-22 11:11:33,012 - INFO -  - ROC AUC: 0.5546052631578947
2024-11-22 11:11:33,012 - INFO -  - F1 Score: 0.13533834586466165
2024-11-22 11:11:33,012 - INFO - Sent reply
2024-11-22 11:11:33,017 - INFO - 
2024-11-22 11:11:33,017 - INFO - Received: train message 0ea1f9ee-66c3-41a3-85fe-2d462b7247ed
2024-11-22 11:11:33,017 - WARNING - Deprecation Warning: The `client_fn` function must return an instance of `Client`, but an instance of `NumpyClient` was returned. Please use `NumPyClient.to_client()` method to convert it to `Client`.
2024-11-22 11:11:33,118 - INFO - Sent reply
2024-11-22 11:11:33,179 - INFO - 
2024-11-22 11:11:33,179 - INFO - Received: evaluate message 8e1e5377-a4c7-41eb-a044-d7e2bd3fd317
2024-11-22 11:11:33,179 - WARNING - Deprecation Warning: The `client_fn` function must return an instance of `Client`, but an instance of `NumpyClient` was returned. Please use `NumPyClient.to_client()` method to convert it to `Client`.
2024-11-22 11:11:33,188 - INFO - Evaluation Metrics (Round 38):
2024-11-22 11:11:33,188 - INFO -  - Loss: 0.6092655378324615
2024-11-22 11:11:33,188 - INFO -  - Accuracy: 0.6505905511811023
2024-11-22 11:11:33,188 - INFO -  - ROC AUC: 0.5642637178051512
2024-11-22 11:11:33,188 - INFO -  - F1 Score: 0.14457831325301204
2024-11-22 11:11:33,188 - INFO - Sent reply
2024-11-22 11:11:33,195 - INFO - 
2024-11-22 11:11:33,195 - INFO - Received: train message 1d4b820f-6c21-48ef-bb77-ff76c868c95d
2024-11-22 11:11:33,195 - WARNING - Deprecation Warning: The `client_fn` function must return an instance of `Client`, but an instance of `NumpyClient` was returned. Please use `NumPyClient.to_client()` method to convert it to `Client`.
2024-11-22 11:11:33,308 - INFO - Sent reply
2024-11-22 11:11:33,383 - INFO - 
2024-11-22 11:11:33,383 - INFO - Received: evaluate message bafa1146-b252-4329-9c20-927a6526b957
2024-11-22 11:11:33,383 - WARNING - Deprecation Warning: The `client_fn` function must return an instance of `Client`, but an instance of `NumpyClient` was returned. Please use `NumPyClient.to_client()` method to convert it to `Client`.
2024-11-22 11:11:33,395 - INFO - Evaluation Metrics (Round 39):
2024-11-22 11:11:33,395 - INFO -  - Loss: 0.5967658206185568
2024-11-22 11:11:33,395 - INFO -  - Accuracy: 0.6633858267716536
2024-11-22 11:11:33,395 - INFO -  - ROC AUC: 0.5519456886898095
2024-11-22 11:11:33,395 - INFO -  - F1 Score: 0.12755102040816327
2024-11-22 11:11:33,395 - INFO - Sent reply
2024-11-22 11:11:33,398 - INFO - 
2024-11-22 11:11:33,398 - INFO - Received: train message ce2f7863-f926-4498-a4c1-058fe47e914a
2024-11-22 11:11:33,398 - WARNING - Deprecation Warning: The `client_fn` function must return an instance of `Client`, but an instance of `NumpyClient` was returned. Please use `NumPyClient.to_client()` method to convert it to `Client`.
2024-11-22 11:11:33,507 - INFO - Sent reply
2024-11-22 11:11:33,564 - INFO - 
2024-11-22 11:11:33,564 - INFO - Received: evaluate message 99128192-31e0-486b-9b07-6c8d0986d148
2024-11-22 11:11:33,564 - WARNING - Deprecation Warning: The `client_fn` function must return an instance of `Client`, but an instance of `NumpyClient` was returned. Please use `NumPyClient.to_client()` method to convert it to `Client`.
2024-11-22 11:11:33,574 - INFO - Evaluation Metrics (Round 40):
2024-11-22 11:11:33,574 - INFO -  - Loss: 0.615978775607697
2024-11-22 11:11:33,574 - INFO -  - Accuracy: 0.6427165354330708
2024-11-22 11:11:33,574 - INFO -  - ROC AUC: 0.5589165733482643
2024-11-22 11:11:33,574 - INFO -  - F1 Score: 0.14184397163120568
2024-11-22 11:11:33,574 - INFO - Sent reply
2024-11-22 11:11:33,578 - INFO - 
2024-11-22 11:11:33,578 - INFO - Received: train message 5b31301b-f402-4b0e-8fee-5afd8daebdf9
2024-11-22 11:11:33,578 - WARNING - Deprecation Warning: The `client_fn` function must return an instance of `Client`, but an instance of `NumpyClient` was returned. Please use `NumPyClient.to_client()` method to convert it to `Client`.
2024-11-22 11:11:33,683 - INFO - Sent reply
2024-11-22 11:11:33,736 - INFO - 
2024-11-22 11:11:33,736 - INFO - Received: evaluate message 74916a74-6326-47fd-af7f-cb0bf9d3b4f1
2024-11-22 11:11:33,736 - WARNING - Deprecation Warning: The `client_fn` function must return an instance of `Client`, but an instance of `NumpyClient` was returned. Please use `NumPyClient.to_client()` method to convert it to `Client`.
2024-11-22 11:11:33,747 - INFO - Evaluation Metrics (Round 41):
2024-11-22 11:11:33,747 - INFO -  - Loss: 0.6041490734779125
2024-11-22 11:11:33,747 - INFO -  - Accuracy: 0.65748031496063
2024-11-22 11:11:33,751 - INFO -  - ROC AUC: 0.5587206047032475
2024-11-22 11:11:33,751 - INFO -  - F1 Score: 0.13861386138613863
2024-11-22 11:11:33,751 - INFO - Sent reply
2024-11-22 11:11:33,751 - INFO - 
2024-11-22 11:11:33,751 - INFO - Received: train message 1c349faf-ec64-4e31-9750-0984560629f9
2024-11-22 11:11:33,751 - WARNING - Deprecation Warning: The `client_fn` function must return an instance of `Client`, but an instance of `NumpyClient` was returned. Please use `NumPyClient.to_client()` method to convert it to `Client`.
2024-11-22 11:11:33,849 - INFO - Sent reply
2024-11-22 11:11:33,912 - INFO - 
2024-11-22 11:11:33,912 - INFO - Received: evaluate message 2c9ee9a0-7798-4211-98ee-a9460df7d10d
2024-11-22 11:11:33,916 - WARNING - Deprecation Warning: The `client_fn` function must return an instance of `Client`, but an instance of `NumpyClient` was returned. Please use `NumPyClient.to_client()` method to convert it to `Client`.
2024-11-22 11:11:33,921 - INFO - Evaluation Metrics (Round 42):
2024-11-22 11:11:33,926 - INFO -  - Loss: 0.5971208802430622
2024-11-22 11:11:33,926 - INFO -  - Accuracy: 0.6653543307086615
2024-11-22 11:11:33,926 - INFO -  - ROC AUC: 0.5545632698768197
2024-11-22 11:11:33,926 - INFO -  - F1 Score: 0.13705583756345177
2024-11-22 11:11:33,926 - INFO - Sent reply
2024-11-22 11:11:33,928 - INFO - 
2024-11-22 11:11:33,928 - INFO - Received: train message a7e80aed-6337-4c2c-afec-742c78cb29f0
2024-11-22 11:11:33,928 - WARNING - Deprecation Warning: The `client_fn` function must return an instance of `Client`, but an instance of `NumpyClient` was returned. Please use `NumPyClient.to_client()` method to convert it to `Client`.
2024-11-22 11:11:34,033 - INFO - Sent reply
2024-11-22 11:11:34,084 - INFO - 
2024-11-22 11:11:34,084 - INFO - Received: evaluate message 240d6ff5-b4c1-4853-8c11-db2d8e2448f7
2024-11-22 11:11:34,084 - WARNING - Deprecation Warning: The `client_fn` function must return an instance of `Client`, but an instance of `NumpyClient` was returned. Please use `NumPyClient.to_client()` method to convert it to `Client`.
2024-11-22 11:11:34,096 - INFO - Evaluation Metrics (Round 43):
2024-11-22 11:11:34,096 - INFO -  - Loss: 0.6065157985677091
2024-11-22 11:11:34,096 - INFO -  - Accuracy: 0.655511811023622
2024-11-22 11:11:34,096 - INFO -  - ROC AUC: 0.5649216125419934
2024-11-22 11:11:34,096 - INFO -  - F1 Score: 0.14215686274509803
2024-11-22 11:11:34,096 - INFO - Sent reply
2024-11-22 11:11:34,099 - INFO - 
2024-11-22 11:11:34,099 - INFO - Received: train message c2fc4368-1bbc-4024-9e0b-a0459698f6c5
2024-11-22 11:11:34,099 - WARNING - Deprecation Warning: The `client_fn` function must return an instance of `Client`, but an instance of `NumpyClient` was returned. Please use `NumPyClient.to_client()` method to convert it to `Client`.
2024-11-22 11:11:34,209 - INFO - Sent reply
2024-11-22 11:11:34,255 - INFO - 
2024-11-22 11:11:34,255 - INFO - Received: evaluate message 44133ad0-933c-4017-ae7b-98f82989c556
2024-11-22 11:11:34,255 - WARNING - Deprecation Warning: The `client_fn` function must return an instance of `Client`, but an instance of `NumpyClient` was returned. Please use `NumPyClient.to_client()` method to convert it to `Client`.
2024-11-22 11:11:34,266 - INFO - Evaluation Metrics (Round 44):
2024-11-22 11:11:34,266 - INFO -  - Loss: 0.5948561826715487
2024-11-22 11:11:34,266 - INFO -  - Accuracy: 0.6673228346456693
2024-11-22 11:11:34,266 - INFO -  - ROC AUC: 0.551917693169093
2024-11-22 11:11:34,266 - INFO -  - F1 Score: 0.12886597938144329
2024-11-22 11:11:34,266 - INFO - Sent reply
2024-11-22 11:11:34,271 - INFO - 
2024-11-22 11:11:34,271 - INFO - Received: train message 5f7b37b8-0b86-4c13-92e6-7e2ea4e656e1
2024-11-22 11:11:34,271 - WARNING - Deprecation Warning: The `client_fn` function must return an instance of `Client`, but an instance of `NumpyClient` was returned. Please use `NumPyClient.to_client()` method to convert it to `Client`.
2024-11-22 11:11:34,375 - INFO - Sent reply
2024-11-22 11:11:34,431 - INFO - 
2024-11-22 11:11:34,431 - INFO - Received: evaluate message 40c41eff-f340-4d78-b595-16d7adabbd80
2024-11-22 11:11:34,431 - WARNING - Deprecation Warning: The `client_fn` function must return an instance of `Client`, but an instance of `NumpyClient` was returned. Please use `NumPyClient.to_client()` method to convert it to `Client`.
2024-11-22 11:11:34,446 - INFO - Evaluation Metrics (Round 45):
2024-11-22 11:11:34,446 - INFO -  - Loss: 0.6138279896535902
2024-11-22 11:11:34,446 - INFO -  - Accuracy: 0.6456692913385826
2024-11-22 11:11:34,446 - INFO -  - ROC AUC: 0.5591405375139977
2024-11-22 11:11:34,446 - INFO -  - F1 Score: 0.14285714285714285
2024-11-22 11:11:34,446 - INFO - Sent reply
2024-11-22 11:11:34,446 - INFO - 
2024-11-22 11:11:34,446 - INFO - Received: train message 3e7d8bf1-2a29-4551-9fb0-288d26357cd9
2024-11-22 11:11:34,446 - WARNING - Deprecation Warning: The `client_fn` function must return an instance of `Client`, but an instance of `NumpyClient` was returned. Please use `NumPyClient.to_client()` method to convert it to `Client`.
2024-11-22 11:11:34,550 - INFO - Sent reply
2024-11-22 11:11:34,610 - INFO - 
2024-11-22 11:11:34,610 - INFO - Received: evaluate message 91e34aef-7b16-4193-8589-3037e32c892e
2024-11-22 11:11:34,610 - WARNING - Deprecation Warning: The `client_fn` function must return an instance of `Client`, but an instance of `NumpyClient` was returned. Please use `NumPyClient.to_client()` method to convert it to `Client`.
2024-11-22 11:11:34,624 - INFO - Evaluation Metrics (Round 46):
2024-11-22 11:11:34,624 - INFO -  - Loss: 0.6026774870785762
2024-11-22 11:11:34,624 - INFO -  - Accuracy: 0.6584645669291339
2024-11-22 11:11:34,624 - INFO -  - ROC AUC: 0.5576987681970884
2024-11-22 11:11:34,624 - INFO -  - F1 Score: 0.13895781637717122
2024-11-22 11:11:34,624 - INFO - Sent reply
2024-11-22 11:11:34,627 - INFO - 
2024-11-22 11:11:34,627 - INFO - Received: train message c2bf36c3-a9b7-453d-a0fc-963a51172673
2024-11-22 11:11:34,628 - WARNING - Deprecation Warning: The `client_fn` function must return an instance of `Client`, but an instance of `NumpyClient` was returned. Please use `NumPyClient.to_client()` method to convert it to `Client`.
2024-11-22 11:11:34,748 - INFO - Sent reply
2024-11-22 11:11:34,816 - INFO - 
2024-11-22 11:11:34,816 - INFO - Received: evaluate message c8a72e1c-e68b-4e27-85e5-c7fcd3760248
2024-11-22 11:11:34,816 - WARNING - Deprecation Warning: The `client_fn` function must return an instance of `Client`, but an instance of `NumpyClient` was returned. Please use `NumPyClient.to_client()` method to convert it to `Client`.
2024-11-22 11:11:34,827 - INFO - Evaluation Metrics (Round 47):
2024-11-22 11:11:34,827 - INFO -  - Loss: 0.5955771843136052
2024-11-22 11:11:34,827 - INFO -  - Accuracy: 0.6673228346456693
2024-11-22 11:11:34,827 - INFO -  - ROC AUC: 0.5545632698768197
2024-11-22 11:11:34,827 - INFO -  - F1 Score: 0.13333333333333333
2024-11-22 11:11:34,828 - INFO - Sent reply
2024-11-22 11:11:34,830 - INFO - 
2024-11-22 11:11:34,830 - INFO - Received: train message f159d774-a44c-443c-be69-6a2f9b290e27
2024-11-22 11:11:34,830 - WARNING - Deprecation Warning: The `client_fn` function must return an instance of `Client`, but an instance of `NumpyClient` was returned. Please use `NumPyClient.to_client()` method to convert it to `Client`.
2024-11-22 11:11:34,939 - INFO - Sent reply
2024-11-22 11:11:35,005 - INFO - 
2024-11-22 11:11:35,006 - INFO - Received: evaluate message d56e34d3-8aeb-46ee-ae27-326a351af6b2
2024-11-22 11:11:35,006 - WARNING - Deprecation Warning: The `client_fn` function must return an instance of `Client`, but an instance of `NumpyClient` was returned. Please use `NumPyClient.to_client()` method to convert it to `Client`.
2024-11-22 11:11:35,015 - INFO - Evaluation Metrics (Round 48):
2024-11-22 11:11:35,015 - INFO -  - Loss: 0.6066515094529377
2024-11-22 11:11:35,015 - INFO -  - Accuracy: 0.6535433070866141
2024-11-22 11:11:35,015 - INFO -  - ROC AUC: 0.5644456886898096
2024-11-22 11:11:35,015 - INFO -  - F1 Score: 0.14146341463414633
2024-11-22 11:11:35,015 - INFO - Sent reply
2024-11-22 11:11:35,019 - INFO - 
2024-11-22 11:11:35,019 - INFO - Received: train message 26f886d3-1bab-4763-a735-11e4059bd1eb
2024-11-22 11:11:35,019 - WARNING - Deprecation Warning: The `client_fn` function must return an instance of `Client`, but an instance of `NumpyClient` was returned. Please use `NumPyClient.to_client()` method to convert it to `Client`.
2024-11-22 11:11:35,132 - INFO - Sent reply
2024-11-22 11:11:35,208 - INFO - 
2024-11-22 11:11:35,208 - INFO - Received: evaluate message 10636f15-c613-441d-9e25-dece24acb49f
2024-11-22 11:11:35,208 - WARNING - Deprecation Warning: The `client_fn` function must return an instance of `Client`, but an instance of `NumpyClient` was returned. Please use `NumPyClient.to_client()` method to convert it to `Client`.
2024-11-22 11:11:35,221 - INFO - Evaluation Metrics (Round 49):
2024-11-22 11:11:35,221 - INFO -  - Loss: 0.593430683004455
2024-11-22 11:11:35,221 - INFO -  - Accuracy: 0.6683070866141733
2024-11-22 11:11:35,221 - INFO -  - ROC AUC: 0.551595744680851
2024-11-22 11:11:35,221 - INFO -  - F1 Score: 0.12919896640826872
2024-11-22 11:11:35,221 - INFO - Sent reply
2024-11-22 11:11:35,225 - INFO - 
2024-11-22 11:11:35,225 - INFO - Received: train message a8e10f50-3677-45f3-905d-95535f285e7e
2024-11-22 11:11:35,225 - WARNING - Deprecation Warning: The `client_fn` function must return an instance of `Client`, but an instance of `NumpyClient` was returned. Please use `NumPyClient.to_client()` method to convert it to `Client`.
2024-11-22 11:11:35,343 - INFO - Sent reply
2024-11-22 11:11:35,405 - INFO - 
2024-11-22 11:11:35,405 - INFO - Received: evaluate message ec93545c-2bd9-47de-b694-81f7546c00b9
2024-11-22 11:11:35,405 - WARNING - Deprecation Warning: The `client_fn` function must return an instance of `Client`, but an instance of `NumpyClient` was returned. Please use `NumPyClient.to_client()` method to convert it to `Client`.
2024-11-22 11:11:35,421 - INFO - Evaluation Metrics (Round 50):
2024-11-22 11:11:35,421 - INFO -  - Loss: 0.7692126793364682
2024-11-22 11:11:35,421 - INFO -  - Accuracy: 0.4082360570687419
2024-11-22 11:11:35,421 - INFO -  - ROC AUC: 0.639317145737228
2024-11-22 11:11:35,421 - INFO -  - F1 Score: 0.14036740461610928
2024-11-22 11:11:35,421 - INFO - Sent reply
2024-11-22 11:11:35,429 - INFO - 
2024-11-22 11:11:35,429 - INFO - Received: reconnect message 0870b8e5-9519-4ce6-bf28-5bb01fac3b94
2024-11-22 11:11:35,435 - DEBUG - gRPC channel closed
2024-11-22 11:11:35,444 - INFO - Disconnect and shut down
