2024-12-06 14:11:32,492 - INFO - EarlyStoppingFedAvg initialized.
2024-12-06 14:11:32,492 - INFO - Starting Flower server, config: num_rounds=20, no round_timeout
2024-12-06 14:11:32,519 - INFO - Flower ECE: gRPC server running (20 rounds), SSL is disabled
2024-12-06 14:11:32,520 - INFO - [INIT]
2024-12-06 14:11:32,520 - INFO - Requesting initial parameters from one random client
2024-12-06 14:11:34,934 - INFO - Received initial parameters from one random client
2024-12-06 14:11:34,935 - INFO - Evaluating initial global parameters
2024-12-06 14:11:34,935 - INFO - 
2024-12-06 14:11:34,935 - INFO - [ROUND 1]
2024-12-06 14:11:35,356 - INFO - configure_fit: strategy sampled 2 clients (out of 2)
2024-12-06 14:11:37,313 - INFO - aggregate_fit: received 2 results and 0 failures
2024-12-06 14:11:37,313 - WARNING - No fit_metrics_aggregation_fn provided
2024-12-06 14:11:37,369 - INFO - Round 1: ROC AUC = 0.7682
2024-12-06 14:11:37,369 - INFO - configure_evaluate: strategy sampled 2 clients (out of 2)
2024-12-06 14:11:37,498 - INFO - aggregate_evaluate: received 2 results and 0 failures
2024-12-06 14:11:37,498 - WARNING - No evaluate_metrics_aggregation_fn provided
2024-12-06 14:11:37,498 - INFO - 
2024-12-06 14:11:37,498 - INFO - [ROUND 2]
2024-12-06 14:11:37,498 - INFO - configure_fit: strategy sampled 2 clients (out of 2)
2024-12-06 14:11:37,976 - INFO - aggregate_fit: received 2 results and 0 failures
2024-12-06 14:11:38,034 - INFO - Round 2: ROC AUC = 0.7761
2024-12-06 14:11:38,034 - INFO - configure_evaluate: strategy sampled 2 clients (out of 2)
2024-12-06 14:11:38,104 - INFO - aggregate_evaluate: received 2 results and 0 failures
2024-12-06 14:11:38,104 - INFO - 
2024-12-06 14:11:38,104 - INFO - [ROUND 3]
2024-12-06 14:11:38,104 - INFO - configure_fit: strategy sampled 2 clients (out of 2)
2024-12-06 14:11:38,452 - INFO - aggregate_fit: received 2 results and 0 failures
2024-12-06 14:11:38,513 - INFO - Round 3: ROC AUC = 0.7815
2024-12-06 14:11:38,513 - INFO - configure_evaluate: strategy sampled 2 clients (out of 2)
2024-12-06 14:11:38,674 - INFO - aggregate_evaluate: received 2 results and 0 failures
2024-12-06 14:11:38,674 - INFO - 
2024-12-06 14:11:38,675 - INFO - [ROUND 4]
2024-12-06 14:11:38,675 - INFO - configure_fit: strategy sampled 2 clients (out of 2)
2024-12-06 14:11:38,994 - INFO - aggregate_fit: received 2 results and 0 failures
2024-12-06 14:11:39,036 - INFO - Round 4: ROC AUC = 0.7842
2024-12-06 14:11:39,036 - INFO - configure_evaluate: strategy sampled 2 clients (out of 2)
2024-12-06 14:11:39,102 - INFO - aggregate_evaluate: received 2 results and 0 failures
2024-12-06 14:11:39,102 - INFO - 
2024-12-06 14:11:39,102 - INFO - [ROUND 5]
2024-12-06 14:11:39,102 - INFO - configure_fit: strategy sampled 2 clients (out of 2)
2024-12-06 14:11:39,404 - INFO - aggregate_fit: received 2 results and 0 failures
2024-12-06 14:11:39,451 - INFO - No improvement in ROC AUC for 1 round(s).
2024-12-06 14:11:39,451 - INFO - Round 5: ROC AUC = 0.7838
2024-12-06 14:11:39,451 - INFO - configure_evaluate: strategy sampled 2 clients (out of 2)
2024-12-06 14:11:39,518 - INFO - aggregate_evaluate: received 2 results and 0 failures
2024-12-06 14:11:39,518 - INFO - 
2024-12-06 14:11:39,518 - INFO - [ROUND 6]
2024-12-06 14:11:39,518 - INFO - configure_fit: strategy sampled 2 clients (out of 2)
2024-12-06 14:11:39,840 - INFO - aggregate_fit: received 2 results and 0 failures
2024-12-06 14:11:39,886 - INFO - Round 6: ROC AUC = 0.7865
2024-12-06 14:11:39,886 - INFO - configure_evaluate: strategy sampled 2 clients (out of 2)
2024-12-06 14:11:39,952 - INFO - aggregate_evaluate: received 2 results and 0 failures
2024-12-06 14:11:39,952 - INFO - 
2024-12-06 14:11:39,952 - INFO - [ROUND 7]
2024-12-06 14:11:39,952 - INFO - configure_fit: strategy sampled 2 clients (out of 2)
2024-12-06 14:11:40,246 - INFO - aggregate_fit: received 2 results and 0 failures
2024-12-06 14:11:40,286 - INFO - No improvement in ROC AUC for 1 round(s).
2024-12-06 14:11:40,286 - INFO - Round 7: ROC AUC = 0.7848
2024-12-06 14:11:40,286 - INFO - configure_evaluate: strategy sampled 2 clients (out of 2)
2024-12-06 14:11:40,373 - INFO - aggregate_evaluate: received 2 results and 0 failures
2024-12-06 14:11:40,374 - INFO - 
2024-12-06 14:11:40,374 - INFO - [ROUND 8]
2024-12-06 14:11:40,374 - INFO - configure_fit: strategy sampled 2 clients (out of 2)
2024-12-06 14:11:40,935 - INFO - aggregate_fit: received 2 results and 0 failures
2024-12-06 14:11:40,995 - INFO - Round 8: ROC AUC = 0.7870
2024-12-06 14:11:40,996 - INFO - configure_evaluate: strategy sampled 2 clients (out of 2)
2024-12-06 14:11:41,130 - INFO - aggregate_evaluate: received 2 results and 0 failures
2024-12-06 14:11:41,130 - INFO - 
2024-12-06 14:11:41,130 - INFO - [ROUND 9]
2024-12-06 14:11:41,130 - INFO - configure_fit: strategy sampled 2 clients (out of 2)
2024-12-06 14:11:41,485 - INFO - aggregate_fit: received 2 results and 0 failures
2024-12-06 14:11:41,537 - INFO - Round 9: ROC AUC = 0.7887
2024-12-06 14:11:41,537 - INFO - configure_evaluate: strategy sampled 2 clients (out of 2)
2024-12-06 14:11:41,618 - INFO - aggregate_evaluate: received 2 results and 0 failures
2024-12-06 14:11:41,618 - INFO - 
2024-12-06 14:11:41,618 - INFO - [ROUND 10]
2024-12-06 14:11:41,618 - INFO - configure_fit: strategy sampled 2 clients (out of 2)
2024-12-06 14:11:41,917 - INFO - aggregate_fit: received 2 results and 0 failures
2024-12-06 14:11:41,969 - INFO - No improvement in ROC AUC for 1 round(s).
2024-12-06 14:11:41,969 - INFO - Round 10: ROC AUC = 0.7855
2024-12-06 14:11:41,969 - INFO - configure_evaluate: strategy sampled 2 clients (out of 2)
2024-12-06 14:11:42,041 - INFO - aggregate_evaluate: received 2 results and 0 failures
2024-12-06 14:11:42,041 - INFO - 
2024-12-06 14:11:42,041 - INFO - [ROUND 11]
2024-12-06 14:11:42,041 - INFO - configure_fit: strategy sampled 2 clients (out of 2)
2024-12-06 14:11:42,449 - INFO - aggregate_fit: received 2 results and 0 failures
2024-12-06 14:11:42,508 - INFO - Round 11: ROC AUC = 0.7897
2024-12-06 14:11:42,508 - INFO - configure_evaluate: strategy sampled 2 clients (out of 2)
2024-12-06 14:11:42,569 - INFO - aggregate_evaluate: received 2 results and 0 failures
2024-12-06 14:11:42,569 - INFO - 
2024-12-06 14:11:42,569 - INFO - [ROUND 12]
2024-12-06 14:11:42,569 - INFO - configure_fit: strategy sampled 2 clients (out of 2)
2024-12-06 14:11:42,976 - INFO - aggregate_fit: received 2 results and 0 failures
2024-12-06 14:11:43,037 - INFO - No improvement in ROC AUC for 1 round(s).
2024-12-06 14:11:43,037 - INFO - Round 12: ROC AUC = 0.7880
2024-12-06 14:11:43,037 - INFO - configure_evaluate: strategy sampled 2 clients (out of 2)
2024-12-06 14:11:43,110 - INFO - aggregate_evaluate: received 2 results and 0 failures
2024-12-06 14:11:43,110 - INFO - 
2024-12-06 14:11:43,110 - INFO - [ROUND 13]
2024-12-06 14:11:43,110 - INFO - configure_fit: strategy sampled 2 clients (out of 2)
2024-12-06 14:11:43,435 - INFO - aggregate_fit: received 2 results and 0 failures
2024-12-06 14:11:43,475 - INFO - No improvement in ROC AUC for 2 round(s).
2024-12-06 14:11:43,475 - INFO - Round 13: ROC AUC = 0.7880
2024-12-06 14:11:43,475 - INFO - configure_evaluate: strategy sampled 2 clients (out of 2)
2024-12-06 14:11:43,578 - INFO - aggregate_evaluate: received 2 results and 0 failures
2024-12-06 14:11:43,578 - INFO - 
2024-12-06 14:11:43,578 - INFO - [ROUND 14]
2024-12-06 14:11:43,578 - INFO - configure_fit: strategy sampled 2 clients (out of 2)
2024-12-06 14:11:43,885 - INFO - aggregate_fit: received 2 results and 0 failures
2024-12-06 14:11:43,938 - INFO - No improvement in ROC AUC for 3 round(s).
2024-12-06 14:11:43,938 - INFO - Round 14: ROC AUC = 0.7888
2024-12-06 14:11:43,938 - INFO - configure_evaluate: strategy sampled 2 clients (out of 2)
2024-12-06 14:11:44,004 - INFO - aggregate_evaluate: received 2 results and 0 failures
2024-12-06 14:11:44,004 - INFO - 
2024-12-06 14:11:44,004 - INFO - [ROUND 15]
2024-12-06 14:11:44,004 - INFO - configure_fit: strategy sampled 2 clients (out of 2)
2024-12-06 14:11:44,414 - INFO - aggregate_fit: received 2 results and 0 failures
2024-12-06 14:11:44,468 - INFO - No improvement in ROC AUC for 4 round(s).
2024-12-06 14:11:44,468 - INFO - Round 15: ROC AUC = 0.7887
2024-12-06 14:11:44,468 - INFO - configure_evaluate: strategy sampled 2 clients (out of 2)
2024-12-06 14:11:44,535 - INFO - aggregate_evaluate: received 2 results and 0 failures
2024-12-06 14:11:44,535 - INFO - 
2024-12-06 14:11:44,535 - INFO - [ROUND 16]
2024-12-06 14:11:44,535 - INFO - configure_fit: strategy sampled 2 clients (out of 2)
2024-12-06 14:11:44,942 - INFO - aggregate_fit: received 2 results and 0 failures
2024-12-06 14:11:44,986 - INFO - No improvement in ROC AUC for 5 round(s).
2024-12-06 14:11:44,986 - WARNING - Early stopping triggered!\u2757\ufe0f\u2757\ufe0f\u2757\ufe0f
2024-12-06 14:11:45,004 - INFO - ROC AUC on test set = 0.8494
2024-12-06 14:11:45,004 - INFO - Round 16: ROC AUC = 0.8494
2024-12-06 14:11:45,004 - INFO - configure_evaluate: strategy sampled 2 clients (out of 2)
2024-12-06 14:11:45,069 - INFO - aggregate_evaluate: received 2 results and 0 failures
2024-12-06 14:11:45,069 - INFO - 
2024-12-06 14:11:45,069 - INFO - [ROUND 17]
2024-12-06 14:11:45,069 - INFO - configure_fit: strategy sampled 2 clients (out of 2)
2024-12-06 14:11:45,455 - INFO - aggregate_fit: received 2 results and 0 failures
2024-12-06 14:11:45,568 - INFO - No improvement in ROC AUC for 6 round(s).
2024-12-06 14:11:45,568 - WARNING - Early stopping triggered!\u2757\ufe0f\u2757\ufe0f\u2757\ufe0f
2024-12-06 14:11:45,578 - INFO - ROC AUC on test set = 0.8501
2024-12-06 14:11:45,578 - INFO - Round 17: ROC AUC = 0.8501
2024-12-06 14:11:45,578 - INFO - configure_evaluate: strategy sampled 2 clients (out of 2)
2024-12-06 14:11:45,652 - INFO - aggregate_evaluate: received 2 results and 0 failures
2024-12-06 14:11:45,652 - INFO - 
2024-12-06 14:11:45,652 - INFO - [ROUND 18]
2024-12-06 14:11:45,652 - INFO - configure_fit: strategy sampled 2 clients (out of 2)
2024-12-06 14:11:45,986 - INFO - aggregate_fit: received 2 results and 0 failures
2024-12-06 14:11:46,037 - INFO - No improvement in ROC AUC for 7 round(s).
2024-12-06 14:11:46,037 - WARNING - Early stopping triggered!\u2757\ufe0f\u2757\ufe0f\u2757\ufe0f
2024-12-06 14:11:46,050 - INFO - ROC AUC on test set = 0.8498
2024-12-06 14:11:46,050 - INFO - Round 18: ROC AUC = 0.8498
2024-12-06 14:11:46,050 - INFO - configure_evaluate: strategy sampled 2 clients (out of 2)
2024-12-06 14:11:46,119 - INFO - aggregate_evaluate: received 2 results and 0 failures
2024-12-06 14:11:46,119 - INFO - 
2024-12-06 14:11:46,119 - INFO - [ROUND 19]
2024-12-06 14:11:46,119 - INFO - configure_fit: strategy sampled 2 clients (out of 2)
2024-12-06 14:11:46,463 - INFO - aggregate_fit: received 2 results and 0 failures
2024-12-06 14:11:46,526 - INFO - No improvement in ROC AUC for 8 round(s).
2024-12-06 14:11:46,526 - WARNING - Early stopping triggered!\u2757\ufe0f\u2757\ufe0f\u2757\ufe0f
2024-12-06 14:11:46,540 - INFO - ROC AUC on test set = 0.8539
2024-12-06 14:11:46,540 - INFO - Round 19: ROC AUC = 0.8539
2024-12-06 14:11:46,540 - INFO - configure_evaluate: strategy sampled 2 clients (out of 2)
2024-12-06 14:11:46,642 - INFO - aggregate_evaluate: received 2 results and 0 failures
2024-12-06 14:11:46,642 - INFO - 
2024-12-06 14:11:46,642 - INFO - [ROUND 20]
2024-12-06 14:11:46,642 - INFO - configure_fit: strategy sampled 2 clients (out of 2)
2024-12-06 14:11:46,966 - INFO - aggregate_fit: received 2 results and 0 failures
2024-12-06 14:11:47,019 - INFO - Round 20: ROC AUC = 0.7898
2024-12-06 14:11:47,019 - INFO - configure_evaluate: strategy sampled 2 clients (out of 2)
2024-12-06 14:11:47,085 - INFO - aggregate_evaluate: received 2 results and 0 failures
2024-12-06 14:11:47,085 - INFO - 
2024-12-06 14:11:47,085 - INFO - [SUMMARY]
2024-12-06 14:11:47,085 - INFO - Run finished 20 round(s) in 12.15s
2024-12-06 14:11:47,085 - INFO - 	History (loss, distributed):
2024-12-06 14:11:47,085 - INFO - 		round 1: 0.5286695659160614
2024-12-06 14:11:47,085 - INFO - 		round 2: 0.4680931121110916
2024-12-06 14:11:47,085 - INFO - 		round 3: 0.528467208147049
2024-12-06 14:11:47,085 - INFO - 		round 4: 0.49155642092227936
2024-12-06 14:11:47,085 - INFO - 		round 5: 0.5071333944797516
2024-12-06 14:11:47,085 - INFO - 		round 6: 0.49409219622612
2024-12-06 14:11:47,085 - INFO - 		round 7: 0.5683662593364716
2024-12-06 14:11:47,085 - INFO - 		round 8: 0.5030558109283447
2024-12-06 14:11:47,085 - INFO - 		round 9: 0.4757419228553772
2024-12-06 14:11:47,085 - INFO - 		round 10: 0.4953290671110153
2024-12-06 14:11:47,085 - INFO - 		round 11: 0.500465989112854
2024-12-06 14:11:47,085 - INFO - 		round 12: 0.44158148765563965
2024-12-06 14:11:47,085 - INFO - 		round 13: 0.5236756801605225
2024-12-06 14:11:47,085 - INFO - 		round 14: 0.4889316260814667
2024-12-06 14:11:47,085 - INFO - 		round 15: 0.470626637339592
2024-12-06 14:11:47,085 - INFO - 		round 16: 0.49474628269672394
2024-12-06 14:11:47,085 - INFO - 		round 17: 0.5395234823226929
2024-12-06 14:11:47,085 - INFO - 		round 18: 0.46605463325977325
2024-12-06 14:11:47,085 - INFO - 		round 19: 0.46003662049770355
2024-12-06 14:11:47,085 - INFO - 		round 20: 0.4636707305908203
2024-12-06 14:11:47,085 - INFO - 
2024-12-06 14:11:47,121 - INFO - Training stopped due to early stopping.
