2024-11-21 23:03:45,820 - INFO - Data successfully loaded from ./datas/NON_IID_FL_2.csv
2024-11-21 23:03:46,040 - INFO - Data successfully prepared (scaling, SMOTE, polynomial features).
2024-11-21 23:03:46,045 - DEBUG - Opened insecure gRPC connection (no certificates were passed)
2024-11-21 23:03:46,065 - DEBUG - ChannelConnectivity.IDLE
2024-11-21 23:03:46,065 - DEBUG - ChannelConnectivity.CONNECTING
2024-11-21 23:03:46,065 - DEBUG - ChannelConnectivity.READY
2024-11-21 23:03:46,073 - INFO - 
2024-11-21 23:03:46,073 - INFO - Received: get_parameters message ac610e51-60ac-49f7-a774-c3f283bcf62e
2024-11-21 23:03:46,074 - WARNING - Deprecation Warning: The `client_fn` function must return an instance of `Client`, but an instance of `NumpyClient` was returned. Please use `NumPyClient.to_client()` method to convert it to `Client`.
2024-11-21 23:03:46,075 - INFO - Sent reply
2024-11-21 23:03:46,075 - INFO - Data successfully prepared (scaling, SMOTE, polynomial features).
2024-11-21 23:03:46,085 - DEBUG - Opened insecure gRPC connection (no certificates were passed)
2024-11-21 23:03:46,100 - DEBUG - ChannelConnectivity.IDLE
2024-11-21 23:03:46,100 - DEBUG - ChannelConnectivity.CONNECTING
2024-11-21 23:03:46,100 - DEBUG - ChannelConnectivity.READY
2024-11-21 23:03:46,105 - INFO - 
2024-11-21 23:03:46,105 - INFO - Received: train message 6f0e17eb-a8bd-454c-9ffd-31ca6582e353
2024-11-21 23:03:46,105 - INFO - 
2024-11-21 23:03:46,106 - INFO - Received: train message bc3999dd-91bc-44c0-bd5c-4db6258c761e
2024-11-21 23:03:46,106 - WARNING - Deprecation Warning: The `client_fn` function must return an instance of `Client`, but an instance of `NumpyClient` was returned. Please use `NumPyClient.to_client()` method to convert it to `Client`.
2024-11-21 23:03:46,106 - WARNING - Deprecation Warning: The `client_fn` function must return an instance of `Client`, but an instance of `NumpyClient` was returned. Please use `NumPyClient.to_client()` method to convert it to `Client`.
2024-11-21 23:03:46,197 - INFO - Sent reply
2024-11-21 23:03:46,201 - INFO - Sent reply
2024-11-21 23:03:46,234 - INFO - 
2024-11-21 23:03:46,234 - INFO - Received: evaluate message 1eed7811-aad3-4402-8c33-5b3e52898b79
2024-11-21 23:03:46,235 - WARNING - Deprecation Warning: The `client_fn` function must return an instance of `Client`, but an instance of `NumpyClient` was returned. Please use `NumPyClient.to_client()` method to convert it to `Client`.
2024-11-21 23:03:46,235 - INFO - 
2024-11-21 23:03:46,235 - INFO - Received: evaluate message 2300771f-912a-4d62-948c-ba9b2c93facc
2024-11-21 23:03:46,235 - WARNING - Deprecation Warning: The `client_fn` function must return an instance of `Client`, but an instance of `NumpyClient` was returned. Please use `NumPyClient.to_client()` method to convert it to `Client`.
2024-11-21 23:03:46,253 - INFO - Sent reply
2024-11-21 23:03:46,253 - INFO - Sent reply
2024-11-21 23:03:46,257 - INFO - 
2024-11-21 23:03:46,257 - INFO - Received: train message f97cb13f-a0c0-4726-a8ca-7b1893dee9b1
2024-11-21 23:03:46,257 - WARNING - Deprecation Warning: The `client_fn` function must return an instance of `Client`, but an instance of `NumpyClient` was returned. Please use `NumPyClient.to_client()` method to convert it to `Client`.
2024-11-21 23:03:46,257 - INFO - 
2024-11-21 23:03:46,258 - INFO - Received: train message a60b2140-c1bc-41a4-9b02-9c4ef3d3e134
2024-11-21 23:03:46,258 - WARNING - Deprecation Warning: The `client_fn` function must return an instance of `Client`, but an instance of `NumpyClient` was returned. Please use `NumPyClient.to_client()` method to convert it to `Client`.
2024-11-21 23:03:46,335 - INFO - Sent reply
2024-11-21 23:03:46,363 - INFO - Sent reply
2024-11-21 23:03:46,406 - INFO - 
2024-11-21 23:03:46,407 - INFO - Received: evaluate message 85c7eca9-59b4-4ae7-bcdf-5bb05dcf701f
2024-11-21 23:03:46,407 - WARNING - Deprecation Warning: The `client_fn` function must return an instance of `Client`, but an instance of `NumpyClient` was returned. Please use `NumPyClient.to_client()` method to convert it to `Client`.
2024-11-21 23:03:46,407 - INFO - 
2024-11-21 23:03:46,407 - INFO - Received: evaluate message b19a407d-0425-4923-b40c-96ed1f25b851
2024-11-21 23:03:46,408 - WARNING - Deprecation Warning: The `client_fn` function must return an instance of `Client`, but an instance of `NumpyClient` was returned. Please use `NumPyClient.to_client()` method to convert it to `Client`.
2024-11-21 23:03:46,429 - INFO - Sent reply
2024-11-21 23:03:46,429 - INFO - Sent reply
2024-11-21 23:03:46,432 - INFO - 
2024-11-21 23:03:46,432 - INFO - Received: train message deb92cf4-0ac4-46e5-8943-c294b9da95dd
2024-11-21 23:03:46,433 - WARNING - Deprecation Warning: The `client_fn` function must return an instance of `Client`, but an instance of `NumpyClient` was returned. Please use `NumPyClient.to_client()` method to convert it to `Client`.
2024-11-21 23:03:46,433 - INFO - 
2024-11-21 23:03:46,433 - INFO - Received: train message 9163f29c-5781-42d7-b763-14d69c1aede8
2024-11-21 23:03:46,433 - WARNING - Deprecation Warning: The `client_fn` function must return an instance of `Client`, but an instance of `NumpyClient` was returned. Please use `NumPyClient.to_client()` method to convert it to `Client`.
2024-11-21 23:03:46,518 - INFO - Sent reply
2024-11-21 23:03:46,532 - INFO - Sent reply
2024-11-21 23:03:46,556 - INFO - 
2024-11-21 23:03:46,556 - INFO - Received: evaluate message e2ef45fe-7238-4562-9f17-8468ff02fd4d
2024-11-21 23:03:46,556 - WARNING - Deprecation Warning: The `client_fn` function must return an instance of `Client`, but an instance of `NumpyClient` was returned. Please use `NumPyClient.to_client()` method to convert it to `Client`.
2024-11-21 23:03:46,556 - INFO - 
2024-11-21 23:03:46,556 - INFO - Received: evaluate message c0c68b8b-4197-42e6-a3ad-2d42eca348e5
2024-11-21 23:03:46,556 - WARNING - Deprecation Warning: The `client_fn` function must return an instance of `Client`, but an instance of `NumpyClient` was returned. Please use `NumPyClient.to_client()` method to convert it to `Client`.
2024-11-21 23:03:46,579 - INFO - Sent reply
2024-11-21 23:03:46,580 - INFO - Sent reply
2024-11-21 23:03:46,580 - INFO - 
2024-11-21 23:03:46,580 - INFO - Received: train message 4380e09e-5c48-4480-b598-59260d2ea012
2024-11-21 23:03:46,580 - WARNING - Deprecation Warning: The `client_fn` function must return an instance of `Client`, but an instance of `NumpyClient` was returned. Please use `NumPyClient.to_client()` method to convert it to `Client`.
2024-11-21 23:03:46,580 - INFO - 
2024-11-21 23:03:46,580 - INFO - Received: train message db56428c-30a0-4889-8e83-a44b600737ba
2024-11-21 23:03:46,584 - WARNING - Deprecation Warning: The `client_fn` function must return an instance of `Client`, but an instance of `NumpyClient` was returned. Please use `NumPyClient.to_client()` method to convert it to `Client`.
2024-11-21 23:03:46,665 - INFO - Sent reply
2024-11-21 23:03:46,678 - INFO - Sent reply
2024-11-21 23:03:46,715 - INFO - 
2024-11-21 23:03:46,715 - INFO - Received: evaluate message b5e8efab-dd08-45ca-a006-1090a2968be7
2024-11-21 23:03:46,715 - WARNING - Deprecation Warning: The `client_fn` function must return an instance of `Client`, but an instance of `NumpyClient` was returned. Please use `NumPyClient.to_client()` method to convert it to `Client`.
2024-11-21 23:03:46,715 - INFO - 
2024-11-21 23:03:46,715 - INFO - Received: evaluate message e057a96f-70eb-41c9-8783-3b6e791568da
2024-11-21 23:03:46,720 - WARNING - Deprecation Warning: The `client_fn` function must return an instance of `Client`, but an instance of `NumpyClient` was returned. Please use `NumPyClient.to_client()` method to convert it to `Client`.
2024-11-21 23:03:46,735 - INFO - Sent reply
2024-11-21 23:03:46,740 - INFO - 
2024-11-21 23:03:46,740 - INFO - Received: train message 366678a0-5e13-4e2c-8cca-69eb312473c4
2024-11-21 23:03:46,740 - WARNING - Deprecation Warning: The `client_fn` function must return an instance of `Client`, but an instance of `NumpyClient` was returned. Please use `NumPyClient.to_client()` method to convert it to `Client`.
2024-11-21 23:03:46,740 - INFO - 
2024-11-21 23:03:46,740 - INFO - Received: train message f21550a4-dbe0-41fc-ac6b-fa84981f659b
2024-11-21 23:03:46,741 - WARNING - Deprecation Warning: The `client_fn` function must return an instance of `Client`, but an instance of `NumpyClient` was returned. Please use `NumPyClient.to_client()` method to convert it to `Client`.
2024-11-21 23:03:46,815 - INFO - Sent reply
2024-11-21 23:03:46,834 - INFO - Sent reply
2024-11-21 23:03:46,865 - INFO - 
2024-11-21 23:03:46,865 - INFO - Received: evaluate message 62b65c14-ec1a-436c-ad1e-cb54ddb8c8e6
2024-11-21 23:03:46,865 - WARNING - Deprecation Warning: The `client_fn` function must return an instance of `Client`, but an instance of `NumpyClient` was returned. Please use `NumPyClient.to_client()` method to convert it to `Client`.
2024-11-21 23:03:46,865 - INFO - 
2024-11-21 23:03:46,865 - INFO - Received: evaluate message b4d8d259-4d12-4bb0-b9a0-2f2bd77d45d6
2024-11-21 23:03:46,865 - WARNING - Deprecation Warning: The `client_fn` function must return an instance of `Client`, but an instance of `NumpyClient` was returned. Please use `NumPyClient.to_client()` method to convert it to `Client`.
2024-11-21 23:03:46,886 - INFO - Sent reply
2024-11-21 23:03:46,886 - INFO - Sent reply
2024-11-21 23:03:46,889 - INFO - 
2024-11-21 23:03:46,889 - INFO - Received: train message ceef9879-eccb-4761-baf4-3cc668344c03
2024-11-21 23:03:46,889 - WARNING - Deprecation Warning: The `client_fn` function must return an instance of `Client`, but an instance of `NumpyClient` was returned. Please use `NumPyClient.to_client()` method to convert it to `Client`.
2024-11-21 23:03:46,890 - INFO - 
2024-11-21 23:03:46,890 - INFO - Received: train message c9b812c9-c0b7-4ede-af5d-50f8d92cbf1a
2024-11-21 23:03:46,890 - WARNING - Deprecation Warning: The `client_fn` function must return an instance of `Client`, but an instance of `NumpyClient` was returned. Please use `NumPyClient.to_client()` method to convert it to `Client`.
2024-11-21 23:03:46,965 - INFO - Sent reply
2024-11-21 23:03:46,989 - INFO - Sent reply
2024-11-21 23:03:47,025 - INFO - 
2024-11-21 23:03:47,025 - INFO - Received: evaluate message 396d02e3-d859-4c02-b0f2-6d7dfdd4158d
2024-11-21 23:03:47,025 - WARNING - Deprecation Warning: The `client_fn` function must return an instance of `Client`, but an instance of `NumpyClient` was returned. Please use `NumPyClient.to_client()` method to convert it to `Client`.
2024-11-21 23:03:47,025 - INFO - 
2024-11-21 23:03:47,025 - INFO - Received: evaluate message 6254a390-e1a2-4f56-8e22-81b41f54aa34
2024-11-21 23:03:47,025 - WARNING - Deprecation Warning: The `client_fn` function must return an instance of `Client`, but an instance of `NumpyClient` was returned. Please use `NumPyClient.to_client()` method to convert it to `Client`.
2024-11-21 23:03:47,045 - INFO - Sent reply
2024-11-21 23:03:47,046 - INFO - Sent reply
2024-11-21 23:03:47,047 - INFO - 
2024-11-21 23:03:47,047 - INFO - Received: train message 392e9818-bc5f-41a0-a77e-e2d51d77e80e
2024-11-21 23:03:47,047 - WARNING - Deprecation Warning: The `client_fn` function must return an instance of `Client`, but an instance of `NumpyClient` was returned. Please use `NumPyClient.to_client()` method to convert it to `Client`.
2024-11-21 23:03:47,047 - INFO - 
2024-11-21 23:03:47,047 - INFO - Received: train message 440e2819-d84d-427d-a81f-ae58f902565d
2024-11-21 23:03:47,047 - WARNING - Deprecation Warning: The `client_fn` function must return an instance of `Client`, but an instance of `NumpyClient` was returned. Please use `NumPyClient.to_client()` method to convert it to `Client`.
2024-11-21 23:03:47,123 - INFO - Sent reply
2024-11-21 23:03:47,142 - INFO - Sent reply
2024-11-21 23:03:47,180 - INFO - 
2024-11-21 23:03:47,180 - INFO - Received: evaluate message 58bd3526-dbc3-405e-b79e-c78833d51ef6
2024-11-21 23:03:47,180 - WARNING - Deprecation Warning: The `client_fn` function must return an instance of `Client`, but an instance of `NumpyClient` was returned. Please use `NumPyClient.to_client()` method to convert it to `Client`.
2024-11-21 23:03:47,180 - INFO - 
2024-11-21 23:03:47,180 - INFO - Received: evaluate message 60e1a76b-e5ef-4dbb-bf06-701671579f44
2024-11-21 23:03:47,180 - WARNING - Deprecation Warning: The `client_fn` function must return an instance of `Client`, but an instance of `NumpyClient` was returned. Please use `NumPyClient.to_client()` method to convert it to `Client`.
2024-11-21 23:03:47,198 - INFO - Sent reply
2024-11-21 23:03:47,198 - INFO - Sent reply
2024-11-21 23:03:47,198 - INFO - 
2024-11-21 23:03:47,198 - INFO - Received: train message 86de6647-b32b-498e-a686-59aeb0d843ff
2024-11-21 23:03:47,198 - WARNING - Deprecation Warning: The `client_fn` function must return an instance of `Client`, but an instance of `NumpyClient` was returned. Please use `NumPyClient.to_client()` method to convert it to `Client`.
2024-11-21 23:03:47,198 - INFO - 
2024-11-21 23:03:47,198 - INFO - Received: train message ccba3287-fef6-49c8-b8e4-a83c16d3f077
2024-11-21 23:03:47,198 - WARNING - Deprecation Warning: The `client_fn` function must return an instance of `Client`, but an instance of `NumpyClient` was returned. Please use `NumPyClient.to_client()` method to convert it to `Client`.
2024-11-21 23:03:47,274 - INFO - Sent reply
2024-11-21 23:03:47,298 - INFO - Sent reply
2024-11-21 23:03:47,341 - INFO - 
2024-11-21 23:03:47,341 - INFO - Received: evaluate message c81d26c8-46b3-4fee-a6b6-edbd72a67ab6
2024-11-21 23:03:47,342 - WARNING - Deprecation Warning: The `client_fn` function must return an instance of `Client`, but an instance of `NumpyClient` was returned. Please use `NumPyClient.to_client()` method to convert it to `Client`.
2024-11-21 23:03:47,342 - INFO - 
2024-11-21 23:03:47,342 - INFO - Received: evaluate message 2a278c2a-e0cd-4df9-9072-4652dc1cb6a3
2024-11-21 23:03:47,342 - WARNING - Deprecation Warning: The `client_fn` function must return an instance of `Client`, but an instance of `NumpyClient` was returned. Please use `NumPyClient.to_client()` method to convert it to `Client`.
2024-11-21 23:03:47,359 - INFO - Sent reply
2024-11-21 23:03:47,359 - INFO - Sent reply
2024-11-21 23:03:47,360 - INFO - 
2024-11-21 23:03:47,360 - INFO - Received: train message 1fbe0629-00c2-4ce7-8fd7-d6018b6a0de1
2024-11-21 23:03:47,360 - WARNING - Deprecation Warning: The `client_fn` function must return an instance of `Client`, but an instance of `NumpyClient` was returned. Please use `NumPyClient.to_client()` method to convert it to `Client`.
2024-11-21 23:03:47,360 - INFO - 
2024-11-21 23:03:47,360 - INFO - Received: train message 6bc963df-0bc5-4f58-a987-20f163283f1d
2024-11-21 23:03:47,360 - WARNING - Deprecation Warning: The `client_fn` function must return an instance of `Client`, but an instance of `NumpyClient` was returned. Please use `NumPyClient.to_client()` method to convert it to `Client`.
2024-11-21 23:03:47,445 - INFO - Sent reply
2024-11-21 23:03:47,459 - INFO - Sent reply
2024-11-21 23:03:47,502 - INFO - 
2024-11-21 23:03:47,502 - INFO - Received: evaluate message b1d794cc-b9ba-4397-aa73-3fe7c3b18b4c
2024-11-21 23:03:47,503 - WARNING - Deprecation Warning: The `client_fn` function must return an instance of `Client`, but an instance of `NumpyClient` was returned. Please use `NumPyClient.to_client()` method to convert it to `Client`.
2024-11-21 23:03:47,503 - INFO - 
2024-11-21 23:03:47,503 - INFO - Received: evaluate message 4a1b1872-a2c6-467a-a3f3-8b695680b1db
2024-11-21 23:03:47,503 - WARNING - Deprecation Warning: The `client_fn` function must return an instance of `Client`, but an instance of `NumpyClient` was returned. Please use `NumPyClient.to_client()` method to convert it to `Client`.
2024-11-21 23:03:47,520 - INFO - Sent reply
2024-11-21 23:03:47,521 - INFO - Sent reply
2024-11-21 23:03:47,524 - INFO - 
2024-11-21 23:03:47,524 - INFO - Received: train message ee79b3e6-7e8d-423c-b709-a303fdfcb2b7
2024-11-21 23:03:47,524 - WARNING - Deprecation Warning: The `client_fn` function must return an instance of `Client`, but an instance of `NumpyClient` was returned. Please use `NumPyClient.to_client()` method to convert it to `Client`.
2024-11-21 23:03:47,525 - INFO - 
2024-11-21 23:03:47,525 - INFO - Received: train message 01fa9ebe-2dad-495e-8e14-a14f86bed712
2024-11-21 23:03:47,525 - WARNING - Deprecation Warning: The `client_fn` function must return an instance of `Client`, but an instance of `NumpyClient` was returned. Please use `NumPyClient.to_client()` method to convert it to `Client`.
2024-11-21 23:03:47,595 - INFO - Sent reply
2024-11-21 23:03:47,615 - INFO - Sent reply
2024-11-21 23:03:47,659 - INFO - 
2024-11-21 23:03:47,660 - INFO - Received: evaluate message ab7095eb-2a54-4ba0-9897-9a762e6b0868
2024-11-21 23:03:47,660 - WARNING - Deprecation Warning: The `client_fn` function must return an instance of `Client`, but an instance of `NumpyClient` was returned. Please use `NumPyClient.to_client()` method to convert it to `Client`.
2024-11-21 23:03:47,660 - INFO - 
2024-11-21 23:03:47,660 - INFO - Received: evaluate message f7cc4c8e-b435-444d-b7d7-c68fc1610ca7
2024-11-21 23:03:47,660 - WARNING - Deprecation Warning: The `client_fn` function must return an instance of `Client`, but an instance of `NumpyClient` was returned. Please use `NumPyClient.to_client()` method to convert it to `Client`.
2024-11-21 23:03:47,677 - INFO - Sent reply
2024-11-21 23:03:47,678 - INFO - Sent reply
2024-11-21 23:03:47,680 - INFO - 
2024-11-21 23:03:47,680 - INFO - Received: train message d7969b65-bd2d-42f2-83d9-412f916c1cc7
2024-11-21 23:03:47,681 - WARNING - Deprecation Warning: The `client_fn` function must return an instance of `Client`, but an instance of `NumpyClient` was returned. Please use `NumPyClient.to_client()` method to convert it to `Client`.
2024-11-21 23:03:47,681 - INFO - 
2024-11-21 23:03:47,681 - INFO - Received: train message 025ee786-9048-4a5e-805a-98f7a88b8834
2024-11-21 23:03:47,681 - WARNING - Deprecation Warning: The `client_fn` function must return an instance of `Client`, but an instance of `NumpyClient` was returned. Please use `NumPyClient.to_client()` method to convert it to `Client`.
2024-11-21 23:03:47,757 - INFO - Sent reply
2024-11-21 23:03:47,777 - INFO - Sent reply
2024-11-21 23:03:47,819 - INFO - 
2024-11-21 23:03:47,819 - INFO - Received: evaluate message 2a6e311f-eff4-4bdd-8ed5-1cf8167ae740
2024-11-21 23:03:47,819 - WARNING - Deprecation Warning: The `client_fn` function must return an instance of `Client`, but an instance of `NumpyClient` was returned. Please use `NumPyClient.to_client()` method to convert it to `Client`.
2024-11-21 23:03:47,819 - INFO - 
2024-11-21 23:03:47,819 - INFO - Received: evaluate message 71811e57-047f-41d0-8246-ee1b1740de30
2024-11-21 23:03:47,820 - WARNING - Deprecation Warning: The `client_fn` function must return an instance of `Client`, but an instance of `NumpyClient` was returned. Please use `NumPyClient.to_client()` method to convert it to `Client`.
2024-11-21 23:03:47,838 - INFO - Sent reply
2024-11-21 23:03:47,838 - INFO - Sent reply
2024-11-21 23:03:47,841 - INFO - 
2024-11-21 23:03:47,841 - INFO - Received: train message 1c535c81-452d-4a0d-9a3a-966398f31a0a
2024-11-21 23:03:47,842 - WARNING - Deprecation Warning: The `client_fn` function must return an instance of `Client`, but an instance of `NumpyClient` was returned. Please use `NumPyClient.to_client()` method to convert it to `Client`.
2024-11-21 23:03:47,842 - INFO - 
2024-11-21 23:03:47,842 - INFO - Received: train message 06a4ba72-7213-4655-b211-ce8ba4c48ede
2024-11-21 23:03:47,843 - WARNING - Deprecation Warning: The `client_fn` function must return an instance of `Client`, but an instance of `NumpyClient` was returned. Please use `NumPyClient.to_client()` method to convert it to `Client`.
2024-11-21 23:03:47,915 - INFO - Sent reply
2024-11-21 23:03:47,945 - INFO - Sent reply
2024-11-21 23:03:47,989 - INFO - 
2024-11-21 23:03:47,989 - INFO - Received: evaluate message 0cb91875-fe5e-427c-b0d6-84ca1bcadef1
2024-11-21 23:03:47,989 - WARNING - Deprecation Warning: The `client_fn` function must return an instance of `Client`, but an instance of `NumpyClient` was returned. Please use `NumPyClient.to_client()` method to convert it to `Client`.
2024-11-21 23:03:47,989 - INFO - 
2024-11-21 23:03:47,989 - INFO - Received: evaluate message 3e84fa4d-efb0-43d4-ba07-ec1cfd316983
2024-11-21 23:03:47,989 - WARNING - Deprecation Warning: The `client_fn` function must return an instance of `Client`, but an instance of `NumpyClient` was returned. Please use `NumPyClient.to_client()` method to convert it to `Client`.
2024-11-21 23:03:48,015 - INFO - Sent reply
2024-11-21 23:03:48,015 - INFO - Sent reply
2024-11-21 23:03:48,021 - INFO - 
2024-11-21 23:03:48,021 - INFO - Received: train message 7b519645-1461-4078-98d0-ef176779f0c3
2024-11-21 23:03:48,021 - WARNING - Deprecation Warning: The `client_fn` function must return an instance of `Client`, but an instance of `NumpyClient` was returned. Please use `NumPyClient.to_client()` method to convert it to `Client`.
2024-11-21 23:03:48,021 - INFO - 
2024-11-21 23:03:48,021 - INFO - Received: train message c5399155-5301-4969-a130-2d143eb0f4d4
2024-11-21 23:03:48,021 - WARNING - Deprecation Warning: The `client_fn` function must return an instance of `Client`, but an instance of `NumpyClient` was returned. Please use `NumPyClient.to_client()` method to convert it to `Client`.
2024-11-21 23:03:48,115 - INFO - Sent reply
2024-11-21 23:03:48,149 - INFO - Sent reply
2024-11-21 23:03:48,195 - INFO - 
2024-11-21 23:03:48,195 - INFO - Received: evaluate message 5b544121-2c16-4f44-a750-a0334c1e1258
2024-11-21 23:03:48,195 - WARNING - Deprecation Warning: The `client_fn` function must return an instance of `Client`, but an instance of `NumpyClient` was returned. Please use `NumPyClient.to_client()` method to convert it to `Client`.
2024-11-21 23:03:48,195 - INFO - 
2024-11-21 23:03:48,195 - INFO - Received: evaluate message fd6d5021-09e5-406a-9a79-4919c7800c75
2024-11-21 23:03:48,195 - WARNING - Deprecation Warning: The `client_fn` function must return an instance of `Client`, but an instance of `NumpyClient` was returned. Please use `NumPyClient.to_client()` method to convert it to `Client`.
2024-11-21 23:03:48,213 - INFO - Sent reply
2024-11-21 23:03:48,214 - INFO - Sent reply
2024-11-21 23:03:48,216 - INFO - 
2024-11-21 23:03:48,216 - INFO - Received: train message 067b3d73-2ae9-4363-a1e2-35a5b9b2c003
2024-11-21 23:03:48,216 - WARNING - Deprecation Warning: The `client_fn` function must return an instance of `Client`, but an instance of `NumpyClient` was returned. Please use `NumPyClient.to_client()` method to convert it to `Client`.
2024-11-21 23:03:48,216 - INFO - 
2024-11-21 23:03:48,216 - INFO - Received: train message 91bd0f6c-f109-43c7-a7cc-86eb3c3d342b
2024-11-21 23:03:48,216 - WARNING - Deprecation Warning: The `client_fn` function must return an instance of `Client`, but an instance of `NumpyClient` was returned. Please use `NumPyClient.to_client()` method to convert it to `Client`.
2024-11-21 23:03:48,293 - INFO - Sent reply
2024-11-21 23:03:48,315 - INFO - Sent reply
2024-11-21 23:03:48,357 - INFO - 
2024-11-21 23:03:48,357 - INFO - Received: evaluate message b127feb4-eaf7-444b-a209-6dc431499184
2024-11-21 23:03:48,358 - WARNING - Deprecation Warning: The `client_fn` function must return an instance of `Client`, but an instance of `NumpyClient` was returned. Please use `NumPyClient.to_client()` method to convert it to `Client`.
2024-11-21 23:03:48,358 - INFO - 
2024-11-21 23:03:48,358 - INFO - Received: evaluate message 865774bb-4a48-4949-87c0-f24806e77d2c
2024-11-21 23:03:48,358 - WARNING - Deprecation Warning: The `client_fn` function must return an instance of `Client`, but an instance of `NumpyClient` was returned. Please use `NumPyClient.to_client()` method to convert it to `Client`.
2024-11-21 23:03:48,375 - INFO - Sent reply
2024-11-21 23:03:48,375 - INFO - Sent reply
2024-11-21 23:03:48,379 - INFO - 
2024-11-21 23:03:48,379 - INFO - Received: train message 1c56426c-74d8-4984-9848-58cee43f1900
2024-11-21 23:03:48,379 - WARNING - Deprecation Warning: The `client_fn` function must return an instance of `Client`, but an instance of `NumpyClient` was returned. Please use `NumPyClient.to_client()` method to convert it to `Client`.
2024-11-21 23:03:48,379 - INFO - 
2024-11-21 23:03:48,380 - INFO - Received: train message a8e04dbe-5f92-454a-a93e-5c9823839041
2024-11-21 23:03:48,380 - WARNING - Deprecation Warning: The `client_fn` function must return an instance of `Client`, but an instance of `NumpyClient` was returned. Please use `NumPyClient.to_client()` method to convert it to `Client`.
2024-11-21 23:03:48,446 - INFO - Sent reply
2024-11-21 23:03:48,474 - INFO - Sent reply
2024-11-21 23:03:48,513 - INFO - 
2024-11-21 23:03:48,513 - INFO - Received: evaluate message 6e12fc94-9759-4488-a8e7-fe605733ce36
2024-11-21 23:03:48,513 - WARNING - Deprecation Warning: The `client_fn` function must return an instance of `Client`, but an instance of `NumpyClient` was returned. Please use `NumPyClient.to_client()` method to convert it to `Client`.
2024-11-21 23:03:48,513 - INFO - 
2024-11-21 23:03:48,513 - INFO - Received: evaluate message bb8ceac6-2bf6-4019-88e1-c66276f987b2
2024-11-21 23:03:48,514 - WARNING - Deprecation Warning: The `client_fn` function must return an instance of `Client`, but an instance of `NumpyClient` was returned. Please use `NumPyClient.to_client()` method to convert it to `Client`.
2024-11-21 23:03:48,525 - INFO - Sent reply
2024-11-21 23:03:48,525 - INFO - Sent reply
2024-11-21 23:03:48,532 - INFO - 
2024-11-21 23:03:48,532 - INFO - Received: train message 17337f61-ae66-4b92-802a-a79b71d4b6b2
2024-11-21 23:03:48,533 - WARNING - Deprecation Warning: The `client_fn` function must return an instance of `Client`, but an instance of `NumpyClient` was returned. Please use `NumPyClient.to_client()` method to convert it to `Client`.
2024-11-21 23:03:48,533 - INFO - 
2024-11-21 23:03:48,533 - INFO - Received: train message 13430cdb-29a7-4aa5-997a-3020d5fa1bec
2024-11-21 23:03:48,533 - WARNING - Deprecation Warning: The `client_fn` function must return an instance of `Client`, but an instance of `NumpyClient` was returned. Please use `NumPyClient.to_client()` method to convert it to `Client`.
2024-11-21 23:03:48,595 - INFO - Sent reply
2024-11-21 23:03:48,629 - INFO - Sent reply
2024-11-21 23:03:48,667 - INFO - 
2024-11-21 23:03:48,667 - INFO - Received: evaluate message 22cdb9ef-3118-4637-806e-d4a1e6bd547c
2024-11-21 23:03:48,667 - WARNING - Deprecation Warning: The `client_fn` function must return an instance of `Client`, but an instance of `NumpyClient` was returned. Please use `NumPyClient.to_client()` method to convert it to `Client`.
2024-11-21 23:03:48,667 - INFO - 
2024-11-21 23:03:48,668 - INFO - Received: evaluate message 03b612ba-0368-4efe-b522-f69c148ee349
2024-11-21 23:03:48,668 - WARNING - Deprecation Warning: The `client_fn` function must return an instance of `Client`, but an instance of `NumpyClient` was returned. Please use `NumPyClient.to_client()` method to convert it to `Client`.
2024-11-21 23:03:48,682 - INFO - Sent reply
2024-11-21 23:03:48,685 - INFO - Sent reply
2024-11-21 23:03:48,689 - INFO - 
2024-11-21 23:03:48,689 - INFO - Received: train message 409a02cd-e5ad-41d6-ad0c-6d3299549798
2024-11-21 23:03:48,689 - WARNING - Deprecation Warning: The `client_fn` function must return an instance of `Client`, but an instance of `NumpyClient` was returned. Please use `NumPyClient.to_client()` method to convert it to `Client`.
2024-11-21 23:03:48,690 - INFO - 
2024-11-21 23:03:48,690 - INFO - Received: train message bd1c9298-b89d-4edc-80ec-493c01abbdb2
2024-11-21 23:03:48,690 - WARNING - Deprecation Warning: The `client_fn` function must return an instance of `Client`, but an instance of `NumpyClient` was returned. Please use `NumPyClient.to_client()` method to convert it to `Client`.
2024-11-21 23:03:48,765 - INFO - Sent reply
2024-11-21 23:03:48,785 - INFO - Sent reply
2024-11-21 23:03:48,826 - INFO - 
2024-11-21 23:03:48,827 - INFO - Received: evaluate message a8df5485-045c-4932-a142-5e9fe030dfa5
2024-11-21 23:03:48,827 - WARNING - Deprecation Warning: The `client_fn` function must return an instance of `Client`, but an instance of `NumpyClient` was returned. Please use `NumPyClient.to_client()` method to convert it to `Client`.
2024-11-21 23:03:48,827 - INFO - 
2024-11-21 23:03:48,827 - INFO - Received: evaluate message 9208c20a-392a-44b8-94b5-e6ca99df9c48
2024-11-21 23:03:48,827 - WARNING - Deprecation Warning: The `client_fn` function must return an instance of `Client`, but an instance of `NumpyClient` was returned. Please use `NumPyClient.to_client()` method to convert it to `Client`.
2024-11-21 23:03:48,844 - INFO - Sent reply
2024-11-21 23:03:48,844 - INFO - Sent reply
2024-11-21 23:03:48,847 - INFO - 
2024-11-21 23:03:48,847 - INFO - Received: train message f20ba7ba-4f3f-4dd2-bd7e-38affd61907f
2024-11-21 23:03:48,847 - WARNING - Deprecation Warning: The `client_fn` function must return an instance of `Client`, but an instance of `NumpyClient` was returned. Please use `NumPyClient.to_client()` method to convert it to `Client`.
2024-11-21 23:03:48,847 - INFO - 
2024-11-21 23:03:48,847 - INFO - Received: train message e2540449-5704-4456-875d-ac00e8399825
2024-11-21 23:03:48,847 - WARNING - Deprecation Warning: The `client_fn` function must return an instance of `Client`, but an instance of `NumpyClient` was returned. Please use `NumPyClient.to_client()` method to convert it to `Client`.
2024-11-21 23:03:48,918 - INFO - Sent reply
2024-11-21 23:03:48,942 - INFO - Sent reply
2024-11-21 23:03:48,980 - INFO - 
2024-11-21 23:03:48,980 - INFO - Received: evaluate message f9f00bf1-22d8-48c4-a58e-8b107c79300e
2024-11-21 23:03:48,980 - WARNING - Deprecation Warning: The `client_fn` function must return an instance of `Client`, but an instance of `NumpyClient` was returned. Please use `NumPyClient.to_client()` method to convert it to `Client`.
2024-11-21 23:03:48,980 - INFO - 
2024-11-21 23:03:48,980 - INFO - Received: evaluate message 6928aa77-590b-442b-aba3-57779f14c1e6
2024-11-21 23:03:48,980 - WARNING - Deprecation Warning: The `client_fn` function must return an instance of `Client`, but an instance of `NumpyClient` was returned. Please use `NumPyClient.to_client()` method to convert it to `Client`.
2024-11-21 23:03:48,997 - INFO - Sent reply
2024-11-21 23:03:48,997 - INFO - Sent reply
2024-11-21 23:03:48,997 - INFO - 
2024-11-21 23:03:48,997 - INFO - Received: train message 78474045-ec3c-4416-a459-7e1cfbb24b43
2024-11-21 23:03:48,997 - WARNING - Deprecation Warning: The `client_fn` function must return an instance of `Client`, but an instance of `NumpyClient` was returned. Please use `NumPyClient.to_client()` method to convert it to `Client`.
2024-11-21 23:03:48,997 - INFO - 
2024-11-21 23:03:48,997 - INFO - Received: train message 6a985f7f-9e8b-4b89-844d-d42514248f9f
2024-11-21 23:03:48,997 - WARNING - Deprecation Warning: The `client_fn` function must return an instance of `Client`, but an instance of `NumpyClient` was returned. Please use `NumPyClient.to_client()` method to convert it to `Client`.
2024-11-21 23:03:49,080 - INFO - Sent reply
2024-11-21 23:03:49,097 - INFO - Sent reply
2024-11-21 23:03:49,138 - INFO - 
2024-11-21 23:03:49,138 - INFO - Received: evaluate message 0fa709f1-d342-4162-81d3-527da79cf491
2024-11-21 23:03:49,138 - WARNING - Deprecation Warning: The `client_fn` function must return an instance of `Client`, but an instance of `NumpyClient` was returned. Please use `NumPyClient.to_client()` method to convert it to `Client`.
2024-11-21 23:03:49,139 - INFO - 
2024-11-21 23:03:49,139 - INFO - Received: evaluate message 7633328f-3573-4e31-9809-e6b8bd8d9876
2024-11-21 23:03:49,139 - WARNING - Deprecation Warning: The `client_fn` function must return an instance of `Client`, but an instance of `NumpyClient` was returned. Please use `NumPyClient.to_client()` method to convert it to `Client`.
2024-11-21 23:03:49,156 - INFO - Sent reply
2024-11-21 23:03:49,158 - INFO - Sent reply
2024-11-21 23:03:49,161 - INFO - 
2024-11-21 23:03:49,161 - INFO - Received: train message 4dc73e85-c593-45d1-a553-0bbf99831a15
2024-11-21 23:03:49,162 - WARNING - Deprecation Warning: The `client_fn` function must return an instance of `Client`, but an instance of `NumpyClient` was returned. Please use `NumPyClient.to_client()` method to convert it to `Client`.
2024-11-21 23:03:49,162 - INFO - 
2024-11-21 23:03:49,162 - INFO - Received: train message f70b68f0-1ee2-4880-856f-11c36b5cc528
2024-11-21 23:03:49,162 - WARNING - Deprecation Warning: The `client_fn` function must return an instance of `Client`, but an instance of `NumpyClient` was returned. Please use `NumPyClient.to_client()` method to convert it to `Client`.
2024-11-21 23:03:49,240 - INFO - Sent reply
2024-11-21 23:03:49,260 - INFO - Sent reply
2024-11-21 23:03:49,298 - INFO - 
2024-11-21 23:03:49,298 - INFO - Received: evaluate message d262dadd-5027-4331-aff7-3e9e0342c0fc
2024-11-21 23:03:49,298 - WARNING - Deprecation Warning: The `client_fn` function must return an instance of `Client`, but an instance of `NumpyClient` was returned. Please use `NumPyClient.to_client()` method to convert it to `Client`.
2024-11-21 23:03:49,299 - INFO - 
2024-11-21 23:03:49,299 - INFO - Received: evaluate message 1e7088cd-dbc9-4355-a749-256668d0d0d8
2024-11-21 23:03:49,299 - WARNING - Deprecation Warning: The `client_fn` function must return an instance of `Client`, but an instance of `NumpyClient` was returned. Please use `NumPyClient.to_client()` method to convert it to `Client`.
2024-11-21 23:03:49,315 - INFO - Sent reply
2024-11-21 23:03:49,315 - INFO - Sent reply
2024-11-21 23:03:49,318 - INFO - 
2024-11-21 23:03:49,318 - INFO - Received: train message 6284eb3c-2c4d-4369-82f1-30688cf9be4d
2024-11-21 23:03:49,318 - WARNING - Deprecation Warning: The `client_fn` function must return an instance of `Client`, but an instance of `NumpyClient` was returned. Please use `NumPyClient.to_client()` method to convert it to `Client`.
2024-11-21 23:03:49,319 - INFO - 
2024-11-21 23:03:49,319 - INFO - Received: train message 209493fc-3898-4877-9bed-46d10f0d2190
2024-11-21 23:03:49,319 - WARNING - Deprecation Warning: The `client_fn` function must return an instance of `Client`, but an instance of `NumpyClient` was returned. Please use `NumPyClient.to_client()` method to convert it to `Client`.
2024-11-21 23:03:49,392 - INFO - Sent reply
2024-11-21 23:03:49,411 - INFO - Sent reply
2024-11-21 23:03:49,448 - INFO - 
2024-11-21 23:03:49,448 - INFO - Received: evaluate message dbca66d0-bb46-46ee-ae5d-4e4781156c46
2024-11-21 23:03:49,448 - WARNING - Deprecation Warning: The `client_fn` function must return an instance of `Client`, but an instance of `NumpyClient` was returned. Please use `NumPyClient.to_client()` method to convert it to `Client`.
2024-11-21 23:03:49,448 - INFO - 
2024-11-21 23:03:49,448 - INFO - Received: evaluate message 232e9bc6-b6bd-4a38-aab2-8c32eb342981
2024-11-21 23:03:49,448 - WARNING - Deprecation Warning: The `client_fn` function must return an instance of `Client`, but an instance of `NumpyClient` was returned. Please use `NumPyClient.to_client()` method to convert it to `Client`.
2024-11-21 23:03:49,467 - INFO - Sent reply
2024-11-21 23:03:49,467 - INFO - Sent reply
2024-11-21 23:03:49,467 - INFO - 
2024-11-21 23:03:49,467 - INFO - Received: train message 30b59086-fafb-4484-aefe-d76dc778e588
2024-11-21 23:03:49,467 - WARNING - Deprecation Warning: The `client_fn` function must return an instance of `Client`, but an instance of `NumpyClient` was returned. Please use `NumPyClient.to_client()` method to convert it to `Client`.
2024-11-21 23:03:49,467 - INFO - 
2024-11-21 23:03:49,467 - INFO - Received: train message 57a4b6af-00af-4753-aa68-f2d6854d940b
2024-11-21 23:03:49,467 - WARNING - Deprecation Warning: The `client_fn` function must return an instance of `Client`, but an instance of `NumpyClient` was returned. Please use `NumPyClient.to_client()` method to convert it to `Client`.
2024-11-21 23:03:49,547 - INFO - Sent reply
2024-11-21 23:03:49,565 - INFO - Sent reply
2024-11-21 23:03:49,601 - INFO - 
2024-11-21 23:03:49,601 - INFO - Received: evaluate message 1a98e3df-a1fb-4e1e-8c48-9955c1f69501
2024-11-21 23:03:49,601 - WARNING - Deprecation Warning: The `client_fn` function must return an instance of `Client`, but an instance of `NumpyClient` was returned. Please use `NumPyClient.to_client()` method to convert it to `Client`.
2024-11-21 23:03:49,601 - INFO - 
2024-11-21 23:03:49,601 - INFO - Received: evaluate message cae25160-ccef-42b4-bf0d-6b5c01f56861
2024-11-21 23:03:49,605 - WARNING - Deprecation Warning: The `client_fn` function must return an instance of `Client`, but an instance of `NumpyClient` was returned. Please use `NumPyClient.to_client()` method to convert it to `Client`.
2024-11-21 23:03:49,622 - INFO - Sent reply
2024-11-21 23:03:49,622 - INFO - Sent reply
2024-11-21 23:03:49,625 - INFO - 
2024-11-21 23:03:49,625 - INFO - Received: train message 5b93a424-5f93-44ab-8ffb-4dd6c937773d
2024-11-21 23:03:49,625 - WARNING - Deprecation Warning: The `client_fn` function must return an instance of `Client`, but an instance of `NumpyClient` was returned. Please use `NumPyClient.to_client()` method to convert it to `Client`.
2024-11-21 23:03:49,625 - INFO - 
2024-11-21 23:03:49,625 - INFO - Received: train message 30933dfc-d6fe-45f8-b0c6-4dd1b50b7562
2024-11-21 23:03:49,625 - WARNING - Deprecation Warning: The `client_fn` function must return an instance of `Client`, but an instance of `NumpyClient` was returned. Please use `NumPyClient.to_client()` method to convert it to `Client`.
2024-11-21 23:03:49,695 - INFO - Sent reply
2024-11-21 23:03:49,725 - INFO - Sent reply
2024-11-21 23:03:49,767 - INFO - 
2024-11-21 23:03:49,767 - INFO - Received: evaluate message 83db0853-6e83-4f3e-9683-f268f9abc8e4
2024-11-21 23:03:49,768 - WARNING - Deprecation Warning: The `client_fn` function must return an instance of `Client`, but an instance of `NumpyClient` was returned. Please use `NumPyClient.to_client()` method to convert it to `Client`.
2024-11-21 23:03:49,768 - INFO - 
2024-11-21 23:03:49,768 - INFO - Received: evaluate message bc965a02-046c-4e76-96aa-a0e7ae282729
2024-11-21 23:03:49,768 - WARNING - Deprecation Warning: The `client_fn` function must return an instance of `Client`, but an instance of `NumpyClient` was returned. Please use `NumPyClient.to_client()` method to convert it to `Client`.
2024-11-21 23:03:49,785 - INFO - Sent reply
2024-11-21 23:03:49,785 - INFO - Sent reply
2024-11-21 23:03:49,788 - INFO - 
2024-11-21 23:03:49,788 - INFO - Received: train message a4c9d250-5f58-4a6a-ad12-7d92e53d6131
2024-11-21 23:03:49,788 - WARNING - Deprecation Warning: The `client_fn` function must return an instance of `Client`, but an instance of `NumpyClient` was returned. Please use `NumPyClient.to_client()` method to convert it to `Client`.
2024-11-21 23:03:49,789 - INFO - 
2024-11-21 23:03:49,789 - INFO - Received: train message 86ae51e2-6e31-4e14-8183-909dcc59ae71
2024-11-21 23:03:49,789 - WARNING - Deprecation Warning: The `client_fn` function must return an instance of `Client`, but an instance of `NumpyClient` was returned. Please use `NumPyClient.to_client()` method to convert it to `Client`.
2024-11-21 23:03:49,864 - INFO - Sent reply
2024-11-21 23:03:49,885 - INFO - Sent reply
2024-11-21 23:03:49,917 - INFO - 
2024-11-21 23:03:49,917 - INFO - Received: evaluate message 04935d44-f1c6-4081-a76f-310ba5dfd2d8
2024-11-21 23:03:49,921 - WARNING - Deprecation Warning: The `client_fn` function must return an instance of `Client`, but an instance of `NumpyClient` was returned. Please use `NumPyClient.to_client()` method to convert it to `Client`.
2024-11-21 23:03:49,921 - INFO - 
2024-11-21 23:03:49,921 - INFO - Received: evaluate message 6977a9fc-0edc-45bd-858a-3b2cbd452ea4
2024-11-21 23:03:49,921 - WARNING - Deprecation Warning: The `client_fn` function must return an instance of `Client`, but an instance of `NumpyClient` was returned. Please use `NumPyClient.to_client()` method to convert it to `Client`.
2024-11-21 23:03:49,937 - INFO - Sent reply
2024-11-21 23:03:49,942 - INFO - 
2024-11-21 23:03:49,942 - INFO - Received: train message 231158b8-db76-4ff7-8388-0a3985e4fba7
2024-11-21 23:03:49,942 - WARNING - Deprecation Warning: The `client_fn` function must return an instance of `Client`, but an instance of `NumpyClient` was returned. Please use `NumPyClient.to_client()` method to convert it to `Client`.
2024-11-21 23:03:49,942 - INFO - 
2024-11-21 23:03:49,942 - INFO - Received: train message c2d4abf0-b94f-470b-a58e-7a3dac8da576
2024-11-21 23:03:49,942 - WARNING - Deprecation Warning: The `client_fn` function must return an instance of `Client`, but an instance of `NumpyClient` was returned. Please use `NumPyClient.to_client()` method to convert it to `Client`.
2024-11-21 23:03:50,016 - INFO - Sent reply
2024-11-21 23:03:50,035 - INFO - Sent reply
2024-11-21 23:03:50,068 - INFO - 
2024-11-21 23:03:50,068 - INFO - Received: evaluate message cabfc565-3e5e-44be-8fa3-b8a810526b75
2024-11-21 23:03:50,068 - WARNING - Deprecation Warning: The `client_fn` function must return an instance of `Client`, but an instance of `NumpyClient` was returned. Please use `NumPyClient.to_client()` method to convert it to `Client`.
2024-11-21 23:03:50,068 - INFO - 
2024-11-21 23:03:50,068 - INFO - Received: evaluate message dd7661ab-cfa7-4af2-894a-89ef1d4e7354
2024-11-21 23:03:50,068 - WARNING - Deprecation Warning: The `client_fn` function must return an instance of `Client`, but an instance of `NumpyClient` was returned. Please use `NumPyClient.to_client()` method to convert it to `Client`.
2024-11-21 23:03:50,085 - INFO - Sent reply
2024-11-21 23:03:50,085 - INFO - Sent reply
2024-11-21 23:03:50,089 - INFO - 
2024-11-21 23:03:50,089 - INFO - Received: train message 194be83e-aed5-4a2b-9b2b-e863d119f54c
2024-11-21 23:03:50,089 - WARNING - Deprecation Warning: The `client_fn` function must return an instance of `Client`, but an instance of `NumpyClient` was returned. Please use `NumPyClient.to_client()` method to convert it to `Client`.
2024-11-21 23:03:50,089 - INFO - 
2024-11-21 23:03:50,089 - INFO - Received: train message 6f11be95-dea1-4d0f-9268-5c5412fdc3fe
2024-11-21 23:03:50,089 - WARNING - Deprecation Warning: The `client_fn` function must return an instance of `Client`, but an instance of `NumpyClient` was returned. Please use `NumPyClient.to_client()` method to convert it to `Client`.
2024-11-21 23:03:50,160 - INFO - Sent reply
2024-11-21 23:03:50,185 - INFO - Sent reply
2024-11-21 23:03:50,218 - INFO - 
2024-11-21 23:03:50,218 - INFO - Received: evaluate message bf5515eb-a12e-4941-b647-99f625630989
2024-11-21 23:03:50,218 - WARNING - Deprecation Warning: The `client_fn` function must return an instance of `Client`, but an instance of `NumpyClient` was returned. Please use `NumPyClient.to_client()` method to convert it to `Client`.
2024-11-21 23:03:50,218 - INFO - 
2024-11-21 23:03:50,218 - INFO - Received: evaluate message b0f1dd73-f8ad-479b-a8fe-97d192a63e22
2024-11-21 23:03:50,218 - WARNING - Deprecation Warning: The `client_fn` function must return an instance of `Client`, but an instance of `NumpyClient` was returned. Please use `NumPyClient.to_client()` method to convert it to `Client`.
2024-11-21 23:03:50,245 - INFO - Sent reply
2024-11-21 23:03:50,245 - INFO - Sent reply
2024-11-21 23:03:50,245 - INFO - 
2024-11-21 23:03:50,245 - INFO - Received: train message 9b9f03d5-3f44-4fd3-b5d5-f6354eea9dbf
2024-11-21 23:03:50,245 - WARNING - Deprecation Warning: The `client_fn` function must return an instance of `Client`, but an instance of `NumpyClient` was returned. Please use `NumPyClient.to_client()` method to convert it to `Client`.
2024-11-21 23:03:50,245 - INFO - 
2024-11-21 23:03:50,245 - INFO - Received: train message 877f04e3-0159-48af-8cf2-1e938f6266cd
2024-11-21 23:03:50,245 - WARNING - Deprecation Warning: The `client_fn` function must return an instance of `Client`, but an instance of `NumpyClient` was returned. Please use `NumPyClient.to_client()` method to convert it to `Client`.
2024-11-21 23:03:50,344 - INFO - Sent reply
2024-11-21 23:03:50,365 - INFO - Sent reply
2024-11-21 23:03:50,410 - INFO - 
2024-11-21 23:03:50,410 - INFO - Received: evaluate message e6c79aa0-b256-4c46-a57b-10b7b3736155
2024-11-21 23:03:50,410 - WARNING - Deprecation Warning: The `client_fn` function must return an instance of `Client`, but an instance of `NumpyClient` was returned. Please use `NumPyClient.to_client()` method to convert it to `Client`.
2024-11-21 23:03:50,410 - INFO - 
2024-11-21 23:03:50,410 - INFO - Received: evaluate message 2a6c2a39-684f-4fc0-a035-ed3f15b05de7
2024-11-21 23:03:50,410 - WARNING - Deprecation Warning: The `client_fn` function must return an instance of `Client`, but an instance of `NumpyClient` was returned. Please use `NumPyClient.to_client()` method to convert it to `Client`.
2024-11-21 23:03:50,427 - INFO - Sent reply
2024-11-21 23:03:50,427 - INFO - Sent reply
2024-11-21 23:03:50,430 - INFO - 
2024-11-21 23:03:50,430 - INFO - Received: train message 95654609-5e91-4b29-84df-1d1eb06ba3b6
2024-11-21 23:03:50,430 - WARNING - Deprecation Warning: The `client_fn` function must return an instance of `Client`, but an instance of `NumpyClient` was returned. Please use `NumPyClient.to_client()` method to convert it to `Client`.
2024-11-21 23:03:50,430 - INFO - 
2024-11-21 23:03:50,430 - INFO - Received: train message ec766d1f-ff50-4b46-8973-a857561472e6
2024-11-21 23:03:50,430 - WARNING - Deprecation Warning: The `client_fn` function must return an instance of `Client`, but an instance of `NumpyClient` was returned. Please use `NumPyClient.to_client()` method to convert it to `Client`.
2024-11-21 23:03:50,496 - INFO - Sent reply
2024-11-21 23:03:50,526 - INFO - Sent reply
2024-11-21 23:03:50,565 - INFO - 
2024-11-21 23:03:50,565 - INFO - Received: evaluate message 431b557c-2174-4e3b-a7df-2bee6b0833e0
2024-11-21 23:03:50,565 - WARNING - Deprecation Warning: The `client_fn` function must return an instance of `Client`, but an instance of `NumpyClient` was returned. Please use `NumPyClient.to_client()` method to convert it to `Client`.
2024-11-21 23:03:50,565 - INFO - 
2024-11-21 23:03:50,565 - INFO - Received: evaluate message ee1672ae-5710-4a0b-839a-523f64e8bf19
2024-11-21 23:03:50,565 - WARNING - Deprecation Warning: The `client_fn` function must return an instance of `Client`, but an instance of `NumpyClient` was returned. Please use `NumPyClient.to_client()` method to convert it to `Client`.
2024-11-21 23:03:50,578 - INFO - Sent reply
2024-11-21 23:03:50,583 - INFO - Sent reply
2024-11-21 23:03:50,585 - INFO - 
2024-11-21 23:03:50,585 - INFO - Received: train message 110ae453-86db-4628-a430-b757a24c76e2
2024-11-21 23:03:50,585 - WARNING - Deprecation Warning: The `client_fn` function must return an instance of `Client`, but an instance of `NumpyClient` was returned. Please use `NumPyClient.to_client()` method to convert it to `Client`.
2024-11-21 23:03:50,586 - INFO - 
2024-11-21 23:03:50,586 - INFO - Received: train message c12acfeb-1b32-458a-968c-0db0d56743e9
2024-11-21 23:03:50,586 - WARNING - Deprecation Warning: The `client_fn` function must return an instance of `Client`, but an instance of `NumpyClient` was returned. Please use `NumPyClient.to_client()` method to convert it to `Client`.
2024-11-21 23:03:50,659 - INFO - Sent reply
2024-11-21 23:03:50,681 - INFO - Sent reply
2024-11-21 23:03:50,721 - INFO - 
2024-11-21 23:03:50,722 - INFO - Received: evaluate message aa978ab8-a2ff-47a0-ab52-4b4dba9604db
2024-11-21 23:03:50,722 - WARNING - Deprecation Warning: The `client_fn` function must return an instance of `Client`, but an instance of `NumpyClient` was returned. Please use `NumPyClient.to_client()` method to convert it to `Client`.
2024-11-21 23:03:50,722 - INFO - 
2024-11-21 23:03:50,722 - INFO - Received: evaluate message 3b727c60-91df-463b-8ae2-d5841f3fbc6f
2024-11-21 23:03:50,722 - WARNING - Deprecation Warning: The `client_fn` function must return an instance of `Client`, but an instance of `NumpyClient` was returned. Please use `NumPyClient.to_client()` method to convert it to `Client`.
2024-11-21 23:03:50,739 - INFO - Sent reply
2024-11-21 23:03:50,742 - INFO - 
2024-11-21 23:03:50,742 - INFO - Received: train message f272c7eb-47fa-4ec1-bd25-bc1ffbecafa6
2024-11-21 23:03:50,742 - WARNING - Deprecation Warning: The `client_fn` function must return an instance of `Client`, but an instance of `NumpyClient` was returned. Please use `NumPyClient.to_client()` method to convert it to `Client`.
2024-11-21 23:03:50,743 - INFO - 
2024-11-21 23:03:50,744 - INFO - Received: train message 536da48a-40f3-4185-a09c-bff275c360d9
2024-11-21 23:03:50,744 - WARNING - Deprecation Warning: The `client_fn` function must return an instance of `Client`, but an instance of `NumpyClient` was returned. Please use `NumPyClient.to_client()` method to convert it to `Client`.
2024-11-21 23:03:50,810 - INFO - Sent reply
2024-11-21 23:03:50,838 - INFO - Sent reply
2024-11-21 23:03:50,876 - INFO - 
2024-11-21 23:03:50,877 - INFO - Received: evaluate message e2279cc2-81b4-46b6-b989-9197fcc76354
2024-11-21 23:03:50,877 - WARNING - Deprecation Warning: The `client_fn` function must return an instance of `Client`, but an instance of `NumpyClient` was returned. Please use `NumPyClient.to_client()` method to convert it to `Client`.
2024-11-21 23:03:50,877 - INFO - 
2024-11-21 23:03:50,877 - INFO - Received: evaluate message 6992ed08-7cd2-434a-9ae3-dadeba4b8f15
2024-11-21 23:03:50,877 - WARNING - Deprecation Warning: The `client_fn` function must return an instance of `Client`, but an instance of `NumpyClient` was returned. Please use `NumPyClient.to_client()` method to convert it to `Client`.
2024-11-21 23:03:50,891 - INFO - Sent reply
2024-11-21 23:03:50,895 - INFO - Sent reply
2024-11-21 23:03:50,896 - INFO - 
2024-11-21 23:03:50,897 - INFO - Received: train message 8f244896-7462-4c06-84f3-123277c90004
2024-11-21 23:03:50,897 - WARNING - Deprecation Warning: The `client_fn` function must return an instance of `Client`, but an instance of `NumpyClient` was returned. Please use `NumPyClient.to_client()` method to convert it to `Client`.
2024-11-21 23:03:50,897 - INFO - 
2024-11-21 23:03:50,897 - INFO - Received: train message 7374ef1e-44c3-41b7-a892-487cd7c51fb6
2024-11-21 23:03:50,897 - WARNING - Deprecation Warning: The `client_fn` function must return an instance of `Client`, but an instance of `NumpyClient` was returned. Please use `NumPyClient.to_client()` method to convert it to `Client`.
2024-11-21 23:03:50,976 - INFO - Sent reply
2024-11-21 23:03:50,995 - INFO - Sent reply
2024-11-21 23:03:51,038 - INFO - 
2024-11-21 23:03:51,038 - INFO - Received: evaluate message 1a2ce691-a7c6-485f-bbbb-44cd3d59e472
2024-11-21 23:03:51,038 - WARNING - Deprecation Warning: The `client_fn` function must return an instance of `Client`, but an instance of `NumpyClient` was returned. Please use `NumPyClient.to_client()` method to convert it to `Client`.
2024-11-21 23:03:51,038 - INFO - 
2024-11-21 23:03:51,039 - INFO - Received: evaluate message 825d57d7-7b8d-4922-8257-5881dac29e99
2024-11-21 23:03:51,039 - WARNING - Deprecation Warning: The `client_fn` function must return an instance of `Client`, but an instance of `NumpyClient` was returned. Please use `NumPyClient.to_client()` method to convert it to `Client`.
2024-11-21 23:03:51,055 - INFO - Sent reply
2024-11-21 23:03:51,056 - INFO - Sent reply
2024-11-21 23:03:51,059 - INFO - 
2024-11-21 23:03:51,059 - INFO - Received: train message 5c517b1d-f962-4edb-a36a-8d3cbe2ee57b
2024-11-21 23:03:51,059 - WARNING - Deprecation Warning: The `client_fn` function must return an instance of `Client`, but an instance of `NumpyClient` was returned. Please use `NumPyClient.to_client()` method to convert it to `Client`.
2024-11-21 23:03:51,059 - INFO - 
2024-11-21 23:03:51,060 - INFO - Received: train message 75f6523f-737a-4853-a096-a62f221248ee
2024-11-21 23:03:51,060 - WARNING - Deprecation Warning: The `client_fn` function must return an instance of `Client`, but an instance of `NumpyClient` was returned. Please use `NumPyClient.to_client()` method to convert it to `Client`.
2024-11-21 23:03:51,137 - INFO - Sent reply
2024-11-21 23:03:51,158 - INFO - Sent reply
2024-11-21 23:03:51,202 - INFO - 
2024-11-21 23:03:51,202 - INFO - Received: evaluate message 9d0c549e-be0c-4782-aaa3-49130ec0ecf5
2024-11-21 23:03:51,202 - WARNING - Deprecation Warning: The `client_fn` function must return an instance of `Client`, but an instance of `NumpyClient` was returned. Please use `NumPyClient.to_client()` method to convert it to `Client`.
2024-11-21 23:03:51,202 - INFO - 
2024-11-21 23:03:51,202 - INFO - Received: evaluate message 71873de0-5a39-423a-98a9-f09fd3abd941
2024-11-21 23:03:51,203 - WARNING - Deprecation Warning: The `client_fn` function must return an instance of `Client`, but an instance of `NumpyClient` was returned. Please use `NumPyClient.to_client()` method to convert it to `Client`.
2024-11-21 23:03:51,224 - INFO - Sent reply
2024-11-21 23:03:51,224 - INFO - Sent reply
2024-11-21 23:03:51,228 - INFO - 
2024-11-21 23:03:51,228 - INFO - Received: train message 9e6e886e-aab5-4bc7-869c-f34de841b55e
2024-11-21 23:03:51,228 - WARNING - Deprecation Warning: The `client_fn` function must return an instance of `Client`, but an instance of `NumpyClient` was returned. Please use `NumPyClient.to_client()` method to convert it to `Client`.
2024-11-21 23:03:51,228 - INFO - 
2024-11-21 23:03:51,229 - INFO - Received: train message befc1f77-9d58-447d-b108-06be24c7fd68
2024-11-21 23:03:51,229 - WARNING - Deprecation Warning: The `client_fn` function must return an instance of `Client`, but an instance of `NumpyClient` was returned. Please use `NumPyClient.to_client()` method to convert it to `Client`.
2024-11-21 23:03:51,315 - INFO - Sent reply
2024-11-21 23:03:51,338 - INFO - Sent reply
2024-11-21 23:03:51,382 - INFO - 
2024-11-21 23:03:51,382 - INFO - Received: evaluate message cdb472cd-048f-4c87-86ef-77f4f213b153
2024-11-21 23:03:51,382 - WARNING - Deprecation Warning: The `client_fn` function must return an instance of `Client`, but an instance of `NumpyClient` was returned. Please use `NumPyClient.to_client()` method to convert it to `Client`.
2024-11-21 23:03:51,383 - INFO - 
2024-11-21 23:03:51,383 - INFO - Received: evaluate message 656a2cbb-1a0a-4ba7-b89c-ab0e39aa6045
2024-11-21 23:03:51,383 - WARNING - Deprecation Warning: The `client_fn` function must return an instance of `Client`, but an instance of `NumpyClient` was returned. Please use `NumPyClient.to_client()` method to convert it to `Client`.
2024-11-21 23:03:51,402 - INFO - Sent reply
2024-11-21 23:03:51,405 - INFO - Sent reply
2024-11-21 23:03:51,408 - INFO - 
2024-11-21 23:03:51,408 - INFO - Received: train message a3391f47-2d19-4ee7-b633-1a68cfd6d19f
2024-11-21 23:03:51,408 - INFO - 
2024-11-21 23:03:51,408 - WARNING - Deprecation Warning: The `client_fn` function must return an instance of `Client`, but an instance of `NumpyClient` was returned. Please use `NumPyClient.to_client()` method to convert it to `Client`.
2024-11-21 23:03:51,409 - INFO - Received: train message 90a90ee6-fc91-40f4-b2d5-581223dfffab
2024-11-21 23:03:51,409 - WARNING - Deprecation Warning: The `client_fn` function must return an instance of `Client`, but an instance of `NumpyClient` was returned. Please use `NumPyClient.to_client()` method to convert it to `Client`.
2024-11-21 23:03:51,488 - INFO - Sent reply
2024-11-21 23:03:51,510 - INFO - Sent reply
2024-11-21 23:03:51,550 - INFO - 
2024-11-21 23:03:51,550 - INFO - Received: evaluate message 9b161aaa-4e1a-421c-b5a6-9f317e475bc6
2024-11-21 23:03:51,550 - WARNING - Deprecation Warning: The `client_fn` function must return an instance of `Client`, but an instance of `NumpyClient` was returned. Please use `NumPyClient.to_client()` method to convert it to `Client`.
2024-11-21 23:03:51,550 - INFO - 
2024-11-21 23:03:51,551 - INFO - Received: evaluate message cbacbbce-c40c-49c8-a0e6-9d0681ac8ff7
2024-11-21 23:03:51,551 - WARNING - Deprecation Warning: The `client_fn` function must return an instance of `Client`, but an instance of `NumpyClient` was returned. Please use `NumPyClient.to_client()` method to convert it to `Client`.
2024-11-21 23:03:51,572 - INFO - Sent reply
2024-11-21 23:03:51,572 - INFO - Sent reply
2024-11-21 23:03:51,577 - INFO - 
2024-11-21 23:03:51,577 - INFO - Received: train message b9b662c3-d7ef-4c62-96ad-42fb38cdc2d0
2024-11-21 23:03:51,578 - WARNING - Deprecation Warning: The `client_fn` function must return an instance of `Client`, but an instance of `NumpyClient` was returned. Please use `NumPyClient.to_client()` method to convert it to `Client`.
2024-11-21 23:03:51,578 - INFO - 
2024-11-21 23:03:51,578 - INFO - Received: train message 78e09807-e9ff-4b4e-af2b-b04f0e593cef
2024-11-21 23:03:51,578 - WARNING - Deprecation Warning: The `client_fn` function must return an instance of `Client`, but an instance of `NumpyClient` was returned. Please use `NumPyClient.to_client()` method to convert it to `Client`.
2024-11-21 23:03:51,646 - INFO - Sent reply
2024-11-21 23:03:51,671 - INFO - Sent reply
2024-11-21 23:03:51,711 - INFO - 
2024-11-21 23:03:51,711 - INFO - Received: evaluate message 3e461405-edb3-4f05-9113-e7402fc34732
2024-11-21 23:03:51,711 - WARNING - Deprecation Warning: The `client_fn` function must return an instance of `Client`, but an instance of `NumpyClient` was returned. Please use `NumPyClient.to_client()` method to convert it to `Client`.
2024-11-21 23:03:51,712 - INFO - 
2024-11-21 23:03:51,712 - INFO - Received: evaluate message 2501bec3-b3e9-4e65-9f2c-51d84963f67d
2024-11-21 23:03:51,712 - WARNING - Deprecation Warning: The `client_fn` function must return an instance of `Client`, but an instance of `NumpyClient` was returned. Please use `NumPyClient.to_client()` method to convert it to `Client`.
2024-11-21 23:03:51,731 - INFO - Sent reply
2024-11-21 23:03:51,732 - INFO - Sent reply
2024-11-21 23:03:51,732 - INFO - 
2024-11-21 23:03:51,732 - INFO - Received: train message 7e911534-6c4f-4c3d-b598-3b6d6ae88853
2024-11-21 23:03:51,732 - WARNING - Deprecation Warning: The `client_fn` function must return an instance of `Client`, but an instance of `NumpyClient` was returned. Please use `NumPyClient.to_client()` method to convert it to `Client`.
2024-11-21 23:03:51,732 - INFO - 
2024-11-21 23:03:51,732 - INFO - Received: train message a76e9e54-4920-4f17-b684-5e00db419170
2024-11-21 23:03:51,732 - WARNING - Deprecation Warning: The `client_fn` function must return an instance of `Client`, but an instance of `NumpyClient` was returned. Please use `NumPyClient.to_client()` method to convert it to `Client`.
2024-11-21 23:03:51,806 - INFO - Sent reply
2024-11-21 23:03:51,826 - INFO - Sent reply
2024-11-21 23:03:51,872 - INFO - 
2024-11-21 23:03:51,873 - INFO - Received: evaluate message 677010d0-abfb-4236-9413-bfc622c95726
2024-11-21 23:03:51,873 - WARNING - Deprecation Warning: The `client_fn` function must return an instance of `Client`, but an instance of `NumpyClient` was returned. Please use `NumPyClient.to_client()` method to convert it to `Client`.
2024-11-21 23:03:51,874 - INFO - 
2024-11-21 23:03:51,874 - INFO - Received: evaluate message 44150227-4713-4414-bbb1-47bf64ffe968
2024-11-21 23:03:51,874 - WARNING - Deprecation Warning: The `client_fn` function must return an instance of `Client`, but an instance of `NumpyClient` was returned. Please use `NumPyClient.to_client()` method to convert it to `Client`.
2024-11-21 23:03:51,896 - INFO - Sent reply
2024-11-21 23:03:51,896 - INFO - Sent reply
2024-11-21 23:03:51,900 - INFO - 
2024-11-21 23:03:51,900 - INFO - Received: train message b7e1c5b2-f3da-4b2c-9d2f-d569de20cfaf
2024-11-21 23:03:51,900 - WARNING - Deprecation Warning: The `client_fn` function must return an instance of `Client`, but an instance of `NumpyClient` was returned. Please use `NumPyClient.to_client()` method to convert it to `Client`.
2024-11-21 23:03:51,905 - INFO - 
2024-11-21 23:03:51,905 - INFO - Received: train message cb758ec7-7ad7-4c3c-b334-7cf95f9838bb
2024-11-21 23:03:51,905 - WARNING - Deprecation Warning: The `client_fn` function must return an instance of `Client`, but an instance of `NumpyClient` was returned. Please use `NumPyClient.to_client()` method to convert it to `Client`.
2024-11-21 23:03:52,001 - INFO - Sent reply
2024-11-21 23:03:52,025 - INFO - Sent reply
2024-11-21 23:03:52,062 - INFO - 
2024-11-21 23:03:52,062 - INFO - Received: evaluate message fb45b634-9970-4836-9cc1-232b6d3346da
2024-11-21 23:03:52,062 - WARNING - Deprecation Warning: The `client_fn` function must return an instance of `Client`, but an instance of `NumpyClient` was returned. Please use `NumPyClient.to_client()` method to convert it to `Client`.
2024-11-21 23:03:52,062 - INFO - 
2024-11-21 23:03:52,062 - INFO - Received: evaluate message b4ab3e5f-eda3-4fcd-a569-9b22fd88b7f8
2024-11-21 23:03:52,062 - WARNING - Deprecation Warning: The `client_fn` function must return an instance of `Client`, but an instance of `NumpyClient` was returned. Please use `NumPyClient.to_client()` method to convert it to `Client`.
2024-11-21 23:03:52,081 - INFO - Sent reply
2024-11-21 23:03:52,081 - INFO - Sent reply
2024-11-21 23:03:52,081 - INFO - 
2024-11-21 23:03:52,085 - INFO - Received: train message 25085891-3bc3-4159-84ac-26a1d35b0f01
2024-11-21 23:03:52,085 - WARNING - Deprecation Warning: The `client_fn` function must return an instance of `Client`, but an instance of `NumpyClient` was returned. Please use `NumPyClient.to_client()` method to convert it to `Client`.
2024-11-21 23:03:52,085 - INFO - 
2024-11-21 23:03:52,085 - INFO - Received: train message bac49df9-6b9c-4b18-86d3-d4d03e5dd39d
2024-11-21 23:03:52,085 - WARNING - Deprecation Warning: The `client_fn` function must return an instance of `Client`, but an instance of `NumpyClient` was returned. Please use `NumPyClient.to_client()` method to convert it to `Client`.
2024-11-21 23:03:52,166 - INFO - Sent reply
2024-11-21 23:03:52,192 - INFO - Sent reply
2024-11-21 23:03:52,238 - INFO - 
2024-11-21 23:03:52,238 - INFO - Received: evaluate message b2bce80c-4c35-4f10-9140-1c25af72dd49
2024-11-21 23:03:52,238 - WARNING - Deprecation Warning: The `client_fn` function must return an instance of `Client`, but an instance of `NumpyClient` was returned. Please use `NumPyClient.to_client()` method to convert it to `Client`.
2024-11-21 23:03:52,238 - INFO - 
2024-11-21 23:03:52,238 - INFO - Received: evaluate message 2f858ad0-dbc6-4e38-b0fb-722588756680
2024-11-21 23:03:52,238 - WARNING - Deprecation Warning: The `client_fn` function must return an instance of `Client`, but an instance of `NumpyClient` was returned. Please use `NumPyClient.to_client()` method to convert it to `Client`.
2024-11-21 23:03:52,265 - INFO - Sent reply
2024-11-21 23:03:52,267 - INFO - Sent reply
2024-11-21 23:03:52,268 - INFO - 
2024-11-21 23:03:52,268 - INFO - Received: train message 82ddc4c7-edb1-44f7-af1a-5eba70a75c35
2024-11-21 23:03:52,268 - WARNING - Deprecation Warning: The `client_fn` function must return an instance of `Client`, but an instance of `NumpyClient` was returned. Please use `NumPyClient.to_client()` method to convert it to `Client`.
2024-11-21 23:03:52,268 - INFO - 
2024-11-21 23:03:52,268 - INFO - Received: train message b6571a83-c160-41b9-8bb2-6a9e6fdafb69
2024-11-21 23:03:52,268 - WARNING - Deprecation Warning: The `client_fn` function must return an instance of `Client`, but an instance of `NumpyClient` was returned. Please use `NumPyClient.to_client()` method to convert it to `Client`.
2024-11-21 23:03:52,346 - INFO - Sent reply
2024-11-21 23:03:52,365 - INFO - Sent reply
2024-11-21 23:03:52,412 - INFO - 
2024-11-21 23:03:52,412 - INFO - Received: evaluate message 5994e06b-c2ea-4073-a230-368ad09cb656
2024-11-21 23:03:52,413 - WARNING - Deprecation Warning: The `client_fn` function must return an instance of `Client`, but an instance of `NumpyClient` was returned. Please use `NumPyClient.to_client()` method to convert it to `Client`.
2024-11-21 23:03:52,413 - INFO - 
2024-11-21 23:03:52,413 - INFO - Received: evaluate message 2387783d-c0cd-4866-83ad-3a38b2153b63
2024-11-21 23:03:52,413 - WARNING - Deprecation Warning: The `client_fn` function must return an instance of `Client`, but an instance of `NumpyClient` was returned. Please use `NumPyClient.to_client()` method to convert it to `Client`.
2024-11-21 23:03:52,433 - INFO - Sent reply
2024-11-21 23:03:52,433 - INFO - Sent reply
2024-11-21 23:03:52,435 - INFO - 
2024-11-21 23:03:52,436 - INFO - Received: train message d4528650-5459-4177-afb2-1251774a0324
2024-11-21 23:03:52,436 - WARNING - Deprecation Warning: The `client_fn` function must return an instance of `Client`, but an instance of `NumpyClient` was returned. Please use `NumPyClient.to_client()` method to convert it to `Client`.
2024-11-21 23:03:52,436 - INFO - 
2024-11-21 23:03:52,436 - INFO - Received: train message f302cde4-9551-4be9-a664-8626f523987c
2024-11-21 23:03:52,436 - WARNING - Deprecation Warning: The `client_fn` function must return an instance of `Client`, but an instance of `NumpyClient` was returned. Please use `NumPyClient.to_client()` method to convert it to `Client`.
2024-11-21 23:03:52,505 - INFO - Sent reply
2024-11-21 23:03:52,536 - INFO - Sent reply
2024-11-21 23:03:52,576 - INFO - 
2024-11-21 23:03:52,576 - INFO - Received: evaluate message 4df9e512-2cc7-485e-9f40-3f04b93f4bab
2024-11-21 23:03:52,577 - WARNING - Deprecation Warning: The `client_fn` function must return an instance of `Client`, but an instance of `NumpyClient` was returned. Please use `NumPyClient.to_client()` method to convert it to `Client`.
2024-11-21 23:03:52,577 - INFO - 
2024-11-21 23:03:52,577 - INFO - Received: evaluate message 32a45515-1896-45e6-92ce-bde00ee85940
2024-11-21 23:03:52,577 - WARNING - Deprecation Warning: The `client_fn` function must return an instance of `Client`, but an instance of `NumpyClient` was returned. Please use `NumPyClient.to_client()` method to convert it to `Client`.
2024-11-21 23:03:52,594 - INFO - Sent reply
2024-11-21 23:03:52,595 - INFO - Sent reply
2024-11-21 23:03:52,598 - INFO - 
2024-11-21 23:03:52,598 - INFO - Received: train message 89818677-0f01-4ded-8998-5ca8b321575d
2024-11-21 23:03:52,598 - WARNING - Deprecation Warning: The `client_fn` function must return an instance of `Client`, but an instance of `NumpyClient` was returned. Please use `NumPyClient.to_client()` method to convert it to `Client`.
2024-11-21 23:03:52,598 - INFO - 
2024-11-21 23:03:52,598 - INFO - Received: train message 728f6f78-8706-44ec-ab39-4422a8866b1f
2024-11-21 23:03:52,598 - WARNING - Deprecation Warning: The `client_fn` function must return an instance of `Client`, but an instance of `NumpyClient` was returned. Please use `NumPyClient.to_client()` method to convert it to `Client`.
2024-11-21 23:03:52,675 - INFO - Sent reply
2024-11-21 23:03:52,695 - INFO - Sent reply
2024-11-21 23:03:52,735 - INFO - 
2024-11-21 23:03:52,736 - INFO - Received: evaluate message 49d27eb5-9de5-48ff-9c15-6181a043cb8e
2024-11-21 23:03:52,736 - WARNING - Deprecation Warning: The `client_fn` function must return an instance of `Client`, but an instance of `NumpyClient` was returned. Please use `NumPyClient.to_client()` method to convert it to `Client`.
2024-11-21 23:03:52,736 - INFO - 
2024-11-21 23:03:52,737 - INFO - Received: evaluate message 1d705aa6-ad33-4e1d-938a-60616211554b
2024-11-21 23:03:52,737 - WARNING - Deprecation Warning: The `client_fn` function must return an instance of `Client`, but an instance of `NumpyClient` was returned. Please use `NumPyClient.to_client()` method to convert it to `Client`.
2024-11-21 23:03:52,756 - INFO - Sent reply
2024-11-21 23:03:52,756 - INFO - Sent reply
2024-11-21 23:03:52,756 - INFO - 
2024-11-21 23:03:52,756 - INFO - Received: train message 36a24b0d-1d2f-446d-b119-82ae7aab62dc
2024-11-21 23:03:52,756 - WARNING - Deprecation Warning: The `client_fn` function must return an instance of `Client`, but an instance of `NumpyClient` was returned. Please use `NumPyClient.to_client()` method to convert it to `Client`.
2024-11-21 23:03:52,756 - INFO - 
2024-11-21 23:03:52,756 - INFO - Received: train message 9f568165-515f-4e2b-8dd0-8e4e089eab32
2024-11-21 23:03:52,756 - WARNING - Deprecation Warning: The `client_fn` function must return an instance of `Client`, but an instance of `NumpyClient` was returned. Please use `NumPyClient.to_client()` method to convert it to `Client`.
2024-11-21 23:03:52,835 - INFO - Sent reply
2024-11-21 23:03:52,860 - INFO - Sent reply
2024-11-21 23:03:52,899 - INFO - 
2024-11-21 23:03:52,899 - INFO - Received: evaluate message 2d235f44-6374-476f-adcd-c6979b2e0b52
2024-11-21 23:03:52,899 - WARNING - Deprecation Warning: The `client_fn` function must return an instance of `Client`, but an instance of `NumpyClient` was returned. Please use `NumPyClient.to_client()` method to convert it to `Client`.
2024-11-21 23:03:52,899 - INFO - 
2024-11-21 23:03:52,899 - INFO - Received: evaluate message d4874b58-79aa-4acb-a1cd-f8b79a080cfa
2024-11-21 23:03:52,900 - WARNING - Deprecation Warning: The `client_fn` function must return an instance of `Client`, but an instance of `NumpyClient` was returned. Please use `NumPyClient.to_client()` method to convert it to `Client`.
2024-11-21 23:03:52,917 - INFO - Sent reply
2024-11-21 23:03:52,918 - INFO - Sent reply
2024-11-21 23:03:52,920 - INFO - 
2024-11-21 23:03:52,921 - INFO - Received: train message dfb1aac1-23a0-43ff-9b5a-0b2748851b41
2024-11-21 23:03:52,921 - WARNING - Deprecation Warning: The `client_fn` function must return an instance of `Client`, but an instance of `NumpyClient` was returned. Please use `NumPyClient.to_client()` method to convert it to `Client`.
2024-11-21 23:03:52,921 - INFO - 
2024-11-21 23:03:52,921 - INFO - Received: train message 16eaf1b2-c614-4216-8363-7ce5194e8606
2024-11-21 23:03:52,921 - WARNING - Deprecation Warning: The `client_fn` function must return an instance of `Client`, but an instance of `NumpyClient` was returned. Please use `NumPyClient.to_client()` method to convert it to `Client`.
2024-11-21 23:03:53,002 - INFO - Sent reply
2024-11-21 23:03:53,024 - INFO - Sent reply
2024-11-21 23:03:53,066 - INFO - 
2024-11-21 23:03:53,066 - INFO - Received: evaluate message 90a63f48-0756-498d-baed-98ac6b4c5f3a
2024-11-21 23:03:53,066 - WARNING - Deprecation Warning: The `client_fn` function must return an instance of `Client`, but an instance of `NumpyClient` was returned. Please use `NumPyClient.to_client()` method to convert it to `Client`.
2024-11-21 23:03:53,066 - INFO - 
2024-11-21 23:03:53,066 - INFO - Received: evaluate message f0493448-5cc0-47b6-8e12-960c1fa51e88
2024-11-21 23:03:53,066 - WARNING - Deprecation Warning: The `client_fn` function must return an instance of `Client`, but an instance of `NumpyClient` was returned. Please use `NumPyClient.to_client()` method to convert it to `Client`.
2024-11-21 23:03:53,084 - INFO - Sent reply
2024-11-21 23:03:53,084 - INFO - Sent reply
2024-11-21 23:03:53,085 - INFO - 
2024-11-21 23:03:53,085 - INFO - Received: train message 387f653c-6641-4b21-91e8-22ac1b35d050
2024-11-21 23:03:53,085 - WARNING - Deprecation Warning: The `client_fn` function must return an instance of `Client`, but an instance of `NumpyClient` was returned. Please use `NumPyClient.to_client()` method to convert it to `Client`.
2024-11-21 23:03:53,085 - INFO - 
2024-11-21 23:03:53,085 - INFO - Received: train message d78a394c-ef08-47db-9db5-7e94983bc5ee
2024-11-21 23:03:53,088 - WARNING - Deprecation Warning: The `client_fn` function must return an instance of `Client`, but an instance of `NumpyClient` was returned. Please use `NumPyClient.to_client()` method to convert it to `Client`.
2024-11-21 23:03:53,160 - INFO - Sent reply
2024-11-21 23:03:53,185 - INFO - Sent reply
2024-11-21 23:03:53,225 - INFO - 
2024-11-21 23:03:53,225 - INFO - Received: evaluate message 709e229e-21fb-4554-be42-f1b87fa25691
2024-11-21 23:03:53,225 - WARNING - Deprecation Warning: The `client_fn` function must return an instance of `Client`, but an instance of `NumpyClient` was returned. Please use `NumPyClient.to_client()` method to convert it to `Client`.
2024-11-21 23:03:53,226 - INFO - 
2024-11-21 23:03:53,226 - INFO - Received: evaluate message 0795e2ef-2118-4874-8b24-0e9729c7af93
2024-11-21 23:03:53,226 - WARNING - Deprecation Warning: The `client_fn` function must return an instance of `Client`, but an instance of `NumpyClient` was returned. Please use `NumPyClient.to_client()` method to convert it to `Client`.
2024-11-21 23:03:53,246 - INFO - Sent reply
2024-11-21 23:03:53,246 - INFO - Sent reply
2024-11-21 23:03:53,249 - INFO - 
2024-11-21 23:03:53,249 - INFO - Received: train message 0d1a5754-faaa-4fd1-b3d8-8d554a00ffbc
2024-11-21 23:03:53,250 - WARNING - Deprecation Warning: The `client_fn` function must return an instance of `Client`, but an instance of `NumpyClient` was returned. Please use `NumPyClient.to_client()` method to convert it to `Client`.
2024-11-21 23:03:53,250 - INFO - 
2024-11-21 23:03:53,250 - INFO - Received: train message ff8467f2-cac8-4077-bcc3-49780a6c9c48
2024-11-21 23:03:53,250 - WARNING - Deprecation Warning: The `client_fn` function must return an instance of `Client`, but an instance of `NumpyClient` was returned. Please use `NumPyClient.to_client()` method to convert it to `Client`.
2024-11-21 23:03:53,333 - INFO - Sent reply
2024-11-21 23:03:53,354 - INFO - Sent reply
2024-11-21 23:03:53,395 - INFO - 
2024-11-21 23:03:53,395 - INFO - Received: evaluate message 0ce1b998-207f-4bd6-8f38-9377ee8aef5b
2024-11-21 23:03:53,395 - WARNING - Deprecation Warning: The `client_fn` function must return an instance of `Client`, but an instance of `NumpyClient` was returned. Please use `NumPyClient.to_client()` method to convert it to `Client`.
2024-11-21 23:03:53,395 - INFO - 
2024-11-21 23:03:53,395 - INFO - Received: evaluate message 0f0956f3-58ba-476b-b970-77c776fa08d2
2024-11-21 23:03:53,396 - WARNING - Deprecation Warning: The `client_fn` function must return an instance of `Client`, but an instance of `NumpyClient` was returned. Please use `NumPyClient.to_client()` method to convert it to `Client`.
2024-11-21 23:03:53,412 - INFO - Sent reply
2024-11-21 23:03:53,412 - INFO - Sent reply
2024-11-21 23:03:53,415 - INFO - 
2024-11-21 23:03:53,415 - INFO - Received: train message 82f47a55-3fda-4003-ac66-f4a2c3014c83
2024-11-21 23:03:53,415 - WARNING - Deprecation Warning: The `client_fn` function must return an instance of `Client`, but an instance of `NumpyClient` was returned. Please use `NumPyClient.to_client()` method to convert it to `Client`.
2024-11-21 23:03:53,415 - INFO - 
2024-11-21 23:03:53,415 - INFO - Received: train message a1b14737-5e2a-4c76-8482-a7b05318d951
2024-11-21 23:03:53,415 - WARNING - Deprecation Warning: The `client_fn` function must return an instance of `Client`, but an instance of `NumpyClient` was returned. Please use `NumPyClient.to_client()` method to convert it to `Client`.
2024-11-21 23:03:53,501 - INFO - Sent reply
2024-11-21 23:03:53,516 - INFO - Sent reply
2024-11-21 23:03:53,562 - INFO - 
2024-11-21 23:03:53,562 - INFO - Received: evaluate message cca1da11-8849-4b3a-b6cb-8f648cfc3cc4
2024-11-21 23:03:53,563 - WARNING - Deprecation Warning: The `client_fn` function must return an instance of `Client`, but an instance of `NumpyClient` was returned. Please use `NumPyClient.to_client()` method to convert it to `Client`.
2024-11-21 23:03:53,563 - INFO - 
2024-11-21 23:03:53,563 - INFO - Received: evaluate message e494bb6d-5369-4f26-bcff-8aa50f94106a
2024-11-21 23:03:53,563 - WARNING - Deprecation Warning: The `client_fn` function must return an instance of `Client`, but an instance of `NumpyClient` was returned. Please use `NumPyClient.to_client()` method to convert it to `Client`.
2024-11-21 23:03:53,579 - INFO - Sent reply
2024-11-21 23:03:53,579 - INFO - Sent reply
2024-11-21 23:03:53,582 - INFO - 
2024-11-21 23:03:53,582 - INFO - Received: train message 7e827b92-950c-4724-b4fc-5b4df8830654
2024-11-21 23:03:53,583 - WARNING - Deprecation Warning: The `client_fn` function must return an instance of `Client`, but an instance of `NumpyClient` was returned. Please use `NumPyClient.to_client()` method to convert it to `Client`.
2024-11-21 23:03:53,583 - INFO - 
2024-11-21 23:03:53,583 - INFO - Received: train message f3480f73-be0c-4f44-9e47-9b2bb64f49e2
2024-11-21 23:03:53,583 - WARNING - Deprecation Warning: The `client_fn` function must return an instance of `Client`, but an instance of `NumpyClient` was returned. Please use `NumPyClient.to_client()` method to convert it to `Client`.
2024-11-21 23:03:53,656 - INFO - Sent reply
2024-11-21 23:03:53,682 - INFO - Sent reply
2024-11-21 23:03:53,723 - INFO - 
2024-11-21 23:03:53,723 - INFO - Received: evaluate message 9489dee8-b049-4285-b2c6-bf79f8553fad
2024-11-21 23:03:53,723 - WARNING - Deprecation Warning: The `client_fn` function must return an instance of `Client`, but an instance of `NumpyClient` was returned. Please use `NumPyClient.to_client()` method to convert it to `Client`.
2024-11-21 23:03:53,723 - INFO - 
2024-11-21 23:03:53,725 - INFO - Received: evaluate message 148bf84c-0191-45fa-8156-dd6f967b1fcd
2024-11-21 23:03:53,725 - WARNING - Deprecation Warning: The `client_fn` function must return an instance of `Client`, but an instance of `NumpyClient` was returned. Please use `NumPyClient.to_client()` method to convert it to `Client`.
2024-11-21 23:03:53,741 - INFO - Sent reply
2024-11-21 23:03:53,742 - INFO - Sent reply
2024-11-21 23:03:53,744 - INFO - 
2024-11-21 23:03:53,744 - INFO - Received: train message af6c7156-c357-4349-a2a2-f91a5b7fe172
2024-11-21 23:03:53,744 - WARNING - Deprecation Warning: The `client_fn` function must return an instance of `Client`, but an instance of `NumpyClient` was returned. Please use `NumPyClient.to_client()` method to convert it to `Client`.
2024-11-21 23:03:53,745 - INFO - 
2024-11-21 23:03:53,745 - INFO - Received: train message 2be85893-f702-4b46-a771-c15d21d5c2b4
2024-11-21 23:03:53,745 - WARNING - Deprecation Warning: The `client_fn` function must return an instance of `Client`, but an instance of `NumpyClient` was returned. Please use `NumPyClient.to_client()` method to convert it to `Client`.
2024-11-21 23:03:53,816 - INFO - Sent reply
2024-11-21 23:03:53,836 - INFO - Sent reply
2024-11-21 23:03:53,877 - INFO - 
2024-11-21 23:03:53,877 - INFO - Received: evaluate message 18562598-4416-4c78-8621-d827cc4d4f7a
2024-11-21 23:03:53,877 - WARNING - Deprecation Warning: The `client_fn` function must return an instance of `Client`, but an instance of `NumpyClient` was returned. Please use `NumPyClient.to_client()` method to convert it to `Client`.
2024-11-21 23:03:53,877 - INFO - 
2024-11-21 23:03:53,879 - INFO - Received: evaluate message 2065a2f4-6bf6-499f-a192-4a0946bdcad3
2024-11-21 23:03:53,879 - WARNING - Deprecation Warning: The `client_fn` function must return an instance of `Client`, but an instance of `NumpyClient` was returned. Please use `NumPyClient.to_client()` method to convert it to `Client`.
2024-11-21 23:03:53,896 - INFO - Sent reply
2024-11-21 23:03:53,898 - INFO - 
2024-11-21 23:03:53,898 - INFO - Received: train message 21944421-7594-4803-8925-462a88bd5a9d
2024-11-21 23:03:53,898 - WARNING - Deprecation Warning: The `client_fn` function must return an instance of `Client`, but an instance of `NumpyClient` was returned. Please use `NumPyClient.to_client()` method to convert it to `Client`.
2024-11-21 23:03:53,898 - INFO - 
2024-11-21 23:03:53,898 - INFO - Received: train message 7bebee6a-6639-4c59-842c-d39661e0aff8
2024-11-21 23:03:53,898 - WARNING - Deprecation Warning: The `client_fn` function must return an instance of `Client`, but an instance of `NumpyClient` was returned. Please use `NumPyClient.to_client()` method to convert it to `Client`.
2024-11-21 23:03:53,965 - INFO - Sent reply
2024-11-21 23:03:53,994 - INFO - Sent reply
2024-11-21 23:03:54,035 - INFO - 
2024-11-21 23:03:54,035 - INFO - Received: evaluate message 5ed6a0f7-2e4c-41fe-867c-e0c15515bece
2024-11-21 23:03:54,035 - WARNING - Deprecation Warning: The `client_fn` function must return an instance of `Client`, but an instance of `NumpyClient` was returned. Please use `NumPyClient.to_client()` method to convert it to `Client`.
2024-11-21 23:03:54,035 - INFO - 
2024-11-21 23:03:54,035 - INFO - Received: evaluate message 846bcb0e-7be0-4228-b91c-2c6201159deb
2024-11-21 23:03:54,035 - WARNING - Deprecation Warning: The `client_fn` function must return an instance of `Client`, but an instance of `NumpyClient` was returned. Please use `NumPyClient.to_client()` method to convert it to `Client`.
2024-11-21 23:03:54,053 - INFO - Sent reply
2024-11-21 23:03:54,053 - INFO - Sent reply
2024-11-21 23:03:54,056 - INFO - 
2024-11-21 23:03:54,057 - INFO - Received: train message 7b99fc43-6255-4153-b4a1-9f46ff4ad829
2024-11-21 23:03:54,057 - WARNING - Deprecation Warning: The `client_fn` function must return an instance of `Client`, but an instance of `NumpyClient` was returned. Please use `NumPyClient.to_client()` method to convert it to `Client`.
2024-11-21 23:03:54,057 - INFO - 
2024-11-21 23:03:54,057 - INFO - Received: train message 599fcba0-2195-4501-8c43-bd6f70bbfc00
2024-11-21 23:03:54,057 - WARNING - Deprecation Warning: The `client_fn` function must return an instance of `Client`, but an instance of `NumpyClient` was returned. Please use `NumPyClient.to_client()` method to convert it to `Client`.
2024-11-21 23:03:54,130 - INFO - Sent reply
2024-11-21 23:03:54,158 - INFO - Sent reply
2024-11-21 23:03:54,208 - INFO - 
2024-11-21 23:03:54,208 - INFO - Received: evaluate message 6774ba59-e165-453d-ba98-61ff92460e0b
2024-11-21 23:03:54,208 - WARNING - Deprecation Warning: The `client_fn` function must return an instance of `Client`, but an instance of `NumpyClient` was returned. Please use `NumPyClient.to_client()` method to convert it to `Client`.
2024-11-21 23:03:54,209 - INFO - 
2024-11-21 23:03:54,209 - INFO - Received: evaluate message b3e3c269-32e2-41ad-a33e-58bb1e04153c
2024-11-21 23:03:54,210 - WARNING - Deprecation Warning: The `client_fn` function must return an instance of `Client`, but an instance of `NumpyClient` was returned. Please use `NumPyClient.to_client()` method to convert it to `Client`.
2024-11-21 23:03:54,232 - INFO - Sent reply
2024-11-21 23:03:54,233 - INFO - Sent reply
2024-11-21 23:03:54,235 - INFO - 
2024-11-21 23:03:54,238 - INFO - Received: reconnect message fa793217-cdc2-417d-a4ea-0f35c8b13547
2024-11-21 23:03:54,238 - INFO - 
2024-11-21 23:03:54,238 - INFO - Received: reconnect message bfaa2b97-a513-462a-ada5-e3222a202f2c
2024-11-21 23:03:54,247 - DEBUG - gRPC channel closed
2024-11-21 23:03:54,247 - INFO - Disconnect and shut down
2024-11-21 23:03:54,247 - INFO - Disconnect and shut down
