2025-01-02 12:20:54,075 - INFO - Data successfully loaded from ./datas/IID_2.csv
2025-01-02 12:20:54,079 - INFO - Data successfully loaded from ./datas/TEST_SAMPLE.csv
2025-01-02 12:20:54,092 - INFO - Features scaled using MinMaxScaler.
2025-01-02 12:20:54,128 - INFO - Polynomial features of degree 2 generated.
2025-01-02 12:20:54,286 - INFO - Data successfully loaded from ./datas/IID_1.csv
2025-01-02 12:20:54,303 - INFO - Data successfully loaded from ./datas/TEST_SAMPLE.csv
2025-01-02 12:20:54,318 - INFO - Features scaled using MinMaxScaler.
2025-01-02 12:20:54,375 - INFO - Polynomial features of degree 2 generated.
2025-01-02 12:20:54,383 - INFO - SMOTE applied. Training sample size increased to 11646.
2025-01-02 12:20:54,399 - INFO - DataLoaders for Train and Test sets created.
2025-01-02 12:20:54,408 - DEBUG - Opened insecure gRPC connection (no certificates were passed)
2025-01-02 12:20:54,423 - DEBUG - ChannelConnectivity.IDLE
2025-01-02 12:20:54,423 - DEBUG - ChannelConnectivity.CONNECTING
2025-01-02 12:20:54,423 - DEBUG - ChannelConnectivity.READY
2025-01-02 12:20:54,423 - INFO - 
2025-01-02 12:20:54,423 - INFO - Received: get_parameters message 4140d464-7ebd-4c26-9a98-bac11cbcc7f9
2025-01-02 12:20:54,423 - WARNING - Deprecation Warning: The `client_fn` function must return an instance of `Client`, but an instance of `NumpyClient` was returned. Please use `NumPyClient.to_client()` method to convert it to `Client`.
2025-01-02 12:20:54,423 - INFO - Sent reply
2025-01-02 12:20:54,551 - INFO - SMOTE applied. Training sample size increased to 11562.
2025-01-02 12:20:54,568 - INFO - DataLoaders for Train and Test sets created.
2025-01-02 12:20:54,580 - DEBUG - Opened insecure gRPC connection (no certificates were passed)
2025-01-02 12:20:54,599 - DEBUG - ChannelConnectivity.IDLE
2025-01-02 12:20:54,599 - DEBUG - ChannelConnectivity.CONNECTING
2025-01-02 12:20:54,599 - DEBUG - ChannelConnectivity.READY
2025-01-02 12:20:54,599 - INFO - 
2025-01-02 12:20:54,599 - INFO - Received: train message bf2b0258-6de9-4914-9e55-a323cd54e7d4
2025-01-02 12:20:54,599 - WARNING - Deprecation Warning: The `client_fn` function must return an instance of `Client`, but an instance of `NumpyClient` was returned. Please use `NumPyClient.to_client()` method to convert it to `Client`.
2025-01-02 12:20:54,599 - INFO - 
2025-01-02 12:20:54,599 - INFO - Received: train message 80e06bb7-64f6-4c9a-95e3-d83a68862b69
2025-01-02 12:20:54,599 - WARNING - Deprecation Warning: The `client_fn` function must return an instance of `Client`, but an instance of `NumpyClient` was returned. Please use `NumPyClient.to_client()` method to convert it to `Client`.
2025-01-02 12:20:55,970 - INFO - Epoch 1/1: Loss = 99.1639
2025-01-02 12:20:55,970 - INFO - Sent reply
2025-01-02 12:20:55,975 - INFO - Epoch 1/1: Loss = 99.5459
2025-01-02 12:20:55,975 - INFO - Sent reply
2025-01-02 12:20:56,020 - INFO - 
2025-01-02 12:20:56,020 - INFO - Received: evaluate message 0551383b-06b2-45b0-b13e-96cb453fb397
2025-01-02 12:20:56,020 - WARNING - Deprecation Warning: The `client_fn` function must return an instance of `Client`, but an instance of `NumpyClient` was returned. Please use `NumPyClient.to_client()` method to convert it to `Client`.
2025-01-02 12:20:56,020 - INFO - 
2025-01-02 12:20:56,020 - INFO - Received: evaluate message 199a8c5e-69c1-4e4c-a4a9-b395e219a6a1
2025-01-02 12:20:56,020 - WARNING - Deprecation Warning: The `client_fn` function must return an instance of `Client`, but an instance of `NumpyClient` was returned. Please use `NumPyClient.to_client()` method to convert it to `Client`.
2025-01-02 12:20:56,076 - INFO - Test Metrics | Log-loss: 0.5361 | ROC AUC: 0.7745 | Accuracy: 0.6644 | F1 Score: 0.2236
2025-01-02 12:20:56,076 - INFO - Sent reply
2025-01-02 12:20:56,076 - INFO - Test Metrics | Log-loss: 0.5324 | ROC AUC: 0.7745 | Accuracy: 0.6676 | F1 Score: 0.2264
2025-01-02 12:20:56,076 - INFO - Sent reply
2025-01-02 12:20:56,076 - INFO - 
2025-01-02 12:20:56,076 - INFO - Received: train message 174df256-5c97-4b8a-bb5e-c053cc5daef1
2025-01-02 12:20:56,076 - WARNING - Deprecation Warning: The `client_fn` function must return an instance of `Client`, but an instance of `NumpyClient` was returned. Please use `NumPyClient.to_client()` method to convert it to `Client`.
2025-01-02 12:20:56,076 - INFO - 
2025-01-02 12:20:56,076 - INFO - Received: train message f97205e9-14ff-4131-8e5d-25cc5470caeb
2025-01-02 12:20:56,076 - WARNING - Deprecation Warning: The `client_fn` function must return an instance of `Client`, but an instance of `NumpyClient` was returned. Please use `NumPyClient.to_client()` method to convert it to `Client`.
2025-01-02 12:20:56,392 - INFO - Epoch 1/1: Loss = 89.9528
2025-01-02 12:20:56,392 - INFO - Sent reply
2025-01-02 12:20:56,392 - INFO - Epoch 1/1: Loss = 90.0011
2025-01-02 12:20:56,392 - INFO - Sent reply
2025-01-02 12:20:56,425 - INFO - 
2025-01-02 12:20:56,425 - INFO - Received: evaluate message be91d1ef-34a5-416a-97c5-eab07b28b82d
2025-01-02 12:20:56,425 - WARNING - Deprecation Warning: The `client_fn` function must return an instance of `Client`, but an instance of `NumpyClient` was returned. Please use `NumPyClient.to_client()` method to convert it to `Client`.
2025-01-02 12:20:56,425 - INFO - 
2025-01-02 12:20:56,425 - INFO - Received: evaluate message 85439f8f-201c-41c0-9013-5cf3ba35fd73
2025-01-02 12:20:56,425 - WARNING - Deprecation Warning: The `client_fn` function must return an instance of `Client`, but an instance of `NumpyClient` was returned. Please use `NumPyClient.to_client()` method to convert it to `Client`.
2025-01-02 12:20:56,492 - INFO - Test Metrics | Log-loss: 0.5237 | ROC AUC: 0.7817 | Accuracy: 0.6592 | F1 Score: 0.2289
2025-01-02 12:20:56,492 - INFO - Test Metrics | Log-loss: 0.5254 | ROC AUC: 0.7818 | Accuracy: 0.6586 | F1 Score: 0.2297
2025-01-02 12:20:56,492 - INFO - Sent reply
2025-01-02 12:20:56,495 - INFO - Sent reply
2025-01-02 12:20:56,495 - INFO - 
2025-01-02 12:20:56,495 - INFO - Received: train message 94e49469-9082-47c9-871a-8875e3c3e0e8
2025-01-02 12:20:56,495 - WARNING - Deprecation Warning: The `client_fn` function must return an instance of `Client`, but an instance of `NumpyClient` was returned. Please use `NumPyClient.to_client()` method to convert it to `Client`.
2025-01-02 12:20:56,495 - INFO - 
2025-01-02 12:20:56,495 - INFO - Received: train message a1385d16-1256-4b40-8aa8-ee4a456e879e
2025-01-02 12:20:56,495 - WARNING - Deprecation Warning: The `client_fn` function must return an instance of `Client`, but an instance of `NumpyClient` was returned. Please use `NumPyClient.to_client()` method to convert it to `Client`.
2025-01-02 12:20:56,788 - INFO - Epoch 1/1: Loss = 87.7480
2025-01-02 12:20:56,788 - INFO - Sent reply
2025-01-02 12:20:56,788 - INFO - Epoch 1/1: Loss = 87.7091
2025-01-02 12:20:56,788 - INFO - Sent reply
2025-01-02 12:20:56,831 - INFO - 
2025-01-02 12:20:56,831 - INFO - Received: evaluate message e348a3dc-e913-4c0d-adb9-b2f5db569a4f
2025-01-02 12:20:56,831 - WARNING - Deprecation Warning: The `client_fn` function must return an instance of `Client`, but an instance of `NumpyClient` was returned. Please use `NumPyClient.to_client()` method to convert it to `Client`.
2025-01-02 12:20:56,831 - INFO - 
2025-01-02 12:20:56,831 - INFO - Received: evaluate message 70d3db52-6b7f-4ecd-bf20-b025c8a75cdc
2025-01-02 12:20:56,831 - WARNING - Deprecation Warning: The `client_fn` function must return an instance of `Client`, but an instance of `NumpyClient` was returned. Please use `NumPyClient.to_client()` method to convert it to `Client`.
2025-01-02 12:20:56,891 - INFO - Test Metrics | Log-loss: 0.5474 | ROC AUC: 0.7873 | Accuracy: 0.6453 | F1 Score: 0.2241
2025-01-02 12:20:56,891 - INFO - Sent reply
2025-01-02 12:20:56,891 - INFO - Sent reply
2025-01-02 12:20:56,898 - INFO - 
2025-01-02 12:20:56,898 - INFO - Received: train message 8fab71f8-4561-4f41-b491-4e3d0abcd88b
2025-01-02 12:20:56,898 - WARNING - Deprecation Warning: The `client_fn` function must return an instance of `Client`, but an instance of `NumpyClient` was returned. Please use `NumPyClient.to_client()` method to convert it to `Client`.
2025-01-02 12:20:56,898 - INFO - 
2025-01-02 12:20:56,898 - INFO - Received: train message 52e8969b-b254-4e9b-a121-c2bab46261f8
2025-01-02 12:20:56,898 - WARNING - Deprecation Warning: The `client_fn` function must return an instance of `Client`, but an instance of `NumpyClient` was returned. Please use `NumPyClient.to_client()` method to convert it to `Client`.
2025-01-02 12:20:57,208 - INFO - Epoch 1/1: Loss = 86.0736
2025-01-02 12:20:57,208 - INFO - Sent reply
2025-01-02 12:20:57,208 - INFO - Epoch 1/1: Loss = 86.2189
2025-01-02 12:20:57,208 - INFO - Sent reply
2025-01-02 12:20:57,247 - INFO - 
2025-01-02 12:20:57,247 - INFO - Received: evaluate message 0a432c82-a6f6-49e2-92ba-e29667d8d2b7
2025-01-02 12:20:57,247 - WARNING - Deprecation Warning: The `client_fn` function must return an instance of `Client`, but an instance of `NumpyClient` was returned. Please use `NumPyClient.to_client()` method to convert it to `Client`.
2025-01-02 12:20:57,247 - INFO - 
2025-01-02 12:20:57,247 - INFO - Received: evaluate message 3c3a076c-c1bd-47ba-96b9-fbad31bd72c8
2025-01-02 12:20:57,247 - WARNING - Deprecation Warning: The `client_fn` function must return an instance of `Client`, but an instance of `NumpyClient` was returned. Please use `NumPyClient.to_client()` method to convert it to `Client`.
2025-01-02 12:20:57,364 - INFO - Test Metrics | Log-loss: 0.4877 | ROC AUC: 0.7908 | Accuracy: 0.6712 | F1 Score: 0.2307
2025-01-02 12:20:57,364 - INFO - Sent reply
2025-01-02 12:20:57,364 - INFO - Test Metrics | Log-loss: 0.4883 | ROC AUC: 0.7907 | Accuracy: 0.6689 | F1 Score: 0.2318
2025-01-02 12:20:57,364 - INFO - Sent reply
2025-01-02 12:20:57,364 - INFO - 
2025-01-02 12:20:57,364 - INFO - Received: train message b037dee0-7b42-4f12-9a49-c92d0e3f99b0
2025-01-02 12:20:57,364 - WARNING - Deprecation Warning: The `client_fn` function must return an instance of `Client`, but an instance of `NumpyClient` was returned. Please use `NumPyClient.to_client()` method to convert it to `Client`.
2025-01-02 12:20:57,364 - INFO - 
2025-01-02 12:20:57,364 - INFO - Received: train message 1c843875-ebe8-483e-a526-508b57eeca29
2025-01-02 12:20:57,364 - WARNING - Deprecation Warning: The `client_fn` function must return an instance of `Client`, but an instance of `NumpyClient` was returned. Please use `NumPyClient.to_client()` method to convert it to `Client`.
2025-01-02 12:20:57,791 - INFO - Epoch 1/1: Loss = 85.1136
2025-01-02 12:20:57,792 - INFO - Sent reply
2025-01-02 12:20:57,797 - INFO - Epoch 1/1: Loss = 84.9927
2025-01-02 12:20:57,797 - INFO - Sent reply
2025-01-02 12:20:57,824 - INFO - 
2025-01-02 12:20:57,824 - INFO - Received: evaluate message 9fc633b0-9ece-4237-bf38-c884c7f21fb7
2025-01-02 12:20:57,824 - WARNING - Deprecation Warning: The `client_fn` function must return an instance of `Client`, but an instance of `NumpyClient` was returned. Please use `NumPyClient.to_client()` method to convert it to `Client`.
2025-01-02 12:20:57,837 - INFO - 
2025-01-02 12:20:57,837 - INFO - Received: evaluate message 4f3f67d7-cdfe-4da5-ae47-2ab0b4bf69f5
2025-01-02 12:20:57,837 - WARNING - Deprecation Warning: The `client_fn` function must return an instance of `Client`, but an instance of `NumpyClient` was returned. Please use `NumPyClient.to_client()` method to convert it to `Client`.
2025-01-02 12:20:57,900 - INFO - Test Metrics | Log-loss: 0.4651 | ROC AUC: 0.7925 | Accuracy: 0.6793 | F1 Score: 0.2351
2025-01-02 12:20:57,900 - INFO - Sent reply
2025-01-02 12:20:57,900 - INFO - Test Metrics | Log-loss: 0.4647 | ROC AUC: 0.7925 | Accuracy: 0.6800 | F1 Score: 0.2343
2025-01-02 12:20:57,900 - INFO - Sent reply
2025-01-02 12:20:57,900 - INFO - 
2025-01-02 12:20:57,900 - INFO - Received: train message dcc0a79b-0e72-42a1-a5ab-815903a0fb2a
2025-01-02 12:20:57,900 - WARNING - Deprecation Warning: The `client_fn` function must return an instance of `Client`, but an instance of `NumpyClient` was returned. Please use `NumPyClient.to_client()` method to convert it to `Client`.
2025-01-02 12:20:57,900 - INFO - 
2025-01-02 12:20:57,900 - INFO - Received: train message f14c7927-b455-43cb-a30c-532aa9af3fbe
2025-01-02 12:20:57,900 - WARNING - Deprecation Warning: The `client_fn` function must return an instance of `Client`, but an instance of `NumpyClient` was returned. Please use `NumPyClient.to_client()` method to convert it to `Client`.
2025-01-02 12:20:58,243 - INFO - Epoch 1/1: Loss = 84.1150
2025-01-02 12:20:58,243 - INFO - Sent reply
2025-01-02 12:20:58,243 - INFO - Epoch 1/1: Loss = 84.1290
2025-01-02 12:20:58,256 - INFO - Sent reply
2025-01-02 12:20:58,291 - INFO - 
2025-01-02 12:20:58,293 - INFO - Received: evaluate message 3c162486-83ce-4278-9bfc-0788f199dab1
2025-01-02 12:20:58,293 - WARNING - Deprecation Warning: The `client_fn` function must return an instance of `Client`, but an instance of `NumpyClient` was returned. Please use `NumPyClient.to_client()` method to convert it to `Client`.
2025-01-02 12:20:58,293 - INFO - 
2025-01-02 12:20:58,293 - INFO - Received: evaluate message 6812d214-3be1-4917-9ff9-87be34b8ed2f
2025-01-02 12:20:58,293 - WARNING - Deprecation Warning: The `client_fn` function must return an instance of `Client`, but an instance of `NumpyClient` was returned. Please use `NumPyClient.to_client()` method to convert it to `Client`.
2025-01-02 12:20:58,342 - INFO - Test Metrics | Log-loss: 0.5010 | ROC AUC: 0.7917 | Accuracy: 0.6625 | F1 Score: 0.2362
2025-01-02 12:20:58,342 - INFO - Sent reply
 | Log-loss: 0.5005 | ROC AUC: 0.7916 | Accuracy: 0.6631 | F1 Score: 0.2366
2025-01-02 12:20:58,342 - INFO - Sent reply
2025-01-02 12:20:58,356 - INFO - 
2025-01-02 12:20:58,356 - INFO - Received: train message 8e34e53b-e054-483c-94ad-dd4ec312e046
2025-01-02 12:20:58,356 - WARNING - Deprecation Warning: The `client_fn` function must return an instance of `Client`, but an instance of `NumpyClient` was returned. Please use `NumPyClient.to_client()` method to convert it to `Client`.
2025-01-02 12:20:58,356 - INFO - 
2025-01-02 12:20:58,356 - INFO - Received: train message 2172771d-c54c-4792-be8e-c88a0e3c74f8
2025-01-02 12:20:58,356 - WARNING - Deprecation Warning: The `client_fn` function must return an instance of `Client`, but an instance of `NumpyClient` was returned. Please use `NumPyClient.to_client()` method to convert it to `Client`.
2025-01-02 12:20:58,638 - INFO - Epoch 1/1: Loss = 83.7008
2025-01-02 12:20:58,638 - INFO - Sent reply
2025-01-02 12:20:58,644 - INFO - Epoch 1/1: Loss = 83.1802
2025-01-02 12:20:58,644 - INFO - Sent reply
2025-01-02 12:20:58,681 - INFO - 
2025-01-02 12:20:58,681 - INFO - Received: evaluate message b50ada71-fd27-4483-8f07-e8ebba2a48d0
2025-01-02 12:20:58,681 - WARNING - Deprecation Warning: The `client_fn` function must return an instance of `Client`, but an instance of `NumpyClient` was returned. Please use `NumPyClient.to_client()` method to convert it to `Client`.
2025-01-02 12:20:58,681 - INFO - 
2025-01-02 12:20:58,681 - INFO - Received: evaluate message 4bf4667e-ef03-40d1-9874-4ef3137f125c
2025-01-02 12:20:58,681 - WARNING - Deprecation Warning: The `client_fn` function must return an instance of `Client`, but an instance of `NumpyClient` was returned. Please use `NumPyClient.to_client()` method to convert it to `Client`.
2025-01-02 12:20:58,737 - INFO - Test Metrics | Log-loss: 0.4929 | ROC AUC: 0.7943 | Accuracy: 0.6654 | F1 Score: 0.2356
2025-01-02 12:20:58,737 - INFO - Test Metrics | Log-loss: 0.4927 | ROC AUC: 0.7942 | Accuracy: 0.6663 | F1 Score: 0.2338
2025-01-02 12:20:58,737 - INFO - Sent reply
2025-01-02 12:20:58,737 - INFO - Sent reply
2025-01-02 12:20:58,741 - INFO - 
2025-01-02 12:20:58,741 - INFO - Received: train message 6cfe0e7b-8619-4ae1-936f-8680285b468a
2025-01-02 12:20:58,741 - WARNING - Deprecation Warning: The `client_fn` function must return an instance of `Client`, but an instance of `NumpyClient` was returned. Please use `NumPyClient.to_client()` method to convert it to `Client`.
2025-01-02 12:20:58,741 - INFO - 
2025-01-02 12:20:58,741 - INFO - Received: train message 4a5aaa63-037f-4859-90b6-6f35223f2910
2025-01-02 12:20:58,741 - WARNING - Deprecation Warning: The `client_fn` function must return an instance of `Client`, but an instance of `NumpyClient` was returned. Please use `NumPyClient.to_client()` method to convert it to `Client`.
2025-01-02 12:20:59,057 - INFO - Epoch 1/1: Loss = 82.4725
2025-01-02 12:20:59,057 - INFO - Epoch 1/1: Loss = 82.9294
2025-01-02 12:20:59,057 - INFO - Sent reply
2025-01-02 12:20:59,057 - INFO - Sent reply
2025-01-02 12:20:59,094 - INFO - 
2025-01-02 12:20:59,094 - INFO - Received: evaluate message 0ab49234-cfa3-4a72-a5f0-ae8b3d6be9e1
2025-01-02 12:20:59,094 - WARNING - Deprecation Warning: The `client_fn` function must return an instance of `Client`, but an instance of `NumpyClient` was returned. Please use `NumPyClient.to_client()` method to convert it to `Client`.
2025-01-02 12:20:59,094 - INFO - 
2025-01-02 12:20:59,094 - INFO - Received: evaluate message 8685d0ae-6a4d-48f6-b2c6-0f66fb34cfc6
2025-01-02 12:20:59,094 - WARNING - Deprecation Warning: The `client_fn` function must return an instance of `Client`, but an instance of `NumpyClient` was returned. Please use `NumPyClient.to_client()` method to convert it to `Client`.
2025-01-02 12:20:59,146 - INFO - Test Metrics | Log-loss: 0.5018 | ROC AUC: 0.7935 | Accuracy: 0.6654 | F1 Score: 0.2356
2025-01-02 12:20:59,146 - INFO - Sent reply
2025-01-02 12:20:59,146 - INFO - Sent reply
2025-01-02 12:20:59,159 - INFO - 
2025-01-02 12:20:59,159 - INFO - Received: train message 206ad02a-a4ec-4578-875a-1b6d69b79016
2025-01-02 12:20:59,159 - WARNING - Deprecation Warning: The `client_fn` function must return an instance of `Client`, but an instance of `NumpyClient` was returned. Please use `NumPyClient.to_client()` method to convert it to `Client`.
2025-01-02 12:20:59,159 - INFO - 
2025-01-02 12:20:59,159 - INFO - Received: train message 34db7c6c-378f-420a-b2ea-fbedfc227a62
2025-01-02 12:20:59,159 - WARNING - Deprecation Warning: The `client_fn` function must return an instance of `Client`, but an instance of `NumpyClient` was returned. Please use `NumPyClient.to_client()` method to convert it to `Client`.
2025-01-02 12:20:59,475 - INFO - Epoch 1/1: Loss = 81.8436
2025-01-02 12:20:59,475 - INFO - Sent reply
2025-01-02 12:20:59,475 - INFO - Epoch 1/1: Loss = 81.9327
2025-01-02 12:20:59,475 - INFO - Sent reply
2025-01-02 12:20:59,515 - INFO - 
2025-01-02 12:20:59,515 - INFO - Received: evaluate message b5e88c86-6ba3-4ecb-9edd-7e03d8e475f9
2025-01-02 12:20:59,515 - WARNING - Deprecation Warning: The `client_fn` function must return an instance of `Client`, but an instance of `NumpyClient` was returned. Please use `NumPyClient.to_client()` method to convert it to `Client`.
2025-01-02 12:20:59,515 - INFO - 
2025-01-02 12:20:59,515 - INFO - Received: evaluate message 263cd729-7b2e-4dff-be43-1c078255fce4
2025-01-02 12:20:59,515 - WARNING - Deprecation Warning: The `client_fn` function must return an instance of `Client`, but an instance of `NumpyClient` was returned. Please use `NumPyClient.to_client()` method to convert it to `Client`.
2025-01-02 12:20:59,575 - INFO - Test Metrics | Log-loss: 0.4976 | ROC AUC: 0.7931 | Accuracy: 0.6670 | F1 Score: 0.2421
2025-01-02 12:20:59,575 - INFO - Test Metrics | Log-loss: 0.4981 | ROC AUC: 0.7928 | Accuracy: 0.6657 | F1 Score: 0.2402
2025-01-02 12:20:59,575 - INFO - Sent reply
2025-01-02 12:20:59,575 - INFO - Sent reply
2025-01-02 12:20:59,575 - INFO - 
2025-01-02 12:20:59,575 - INFO - Received: train message 5ae54b23-7179-4129-9e1d-bedc5daf8421
2025-01-02 12:20:59,575 - WARNING - Deprecation Warning: The `client_fn` function must return an instance of `Client`, but an instance of `NumpyClient` was returned. Please use `NumPyClient.to_client()` method to convert it to `Client`.
2025-01-02 12:20:59,575 - INFO - 
2025-01-02 12:20:59,575 - INFO - Received: train message 8f4d1fe5-93da-4779-807a-843a6f01c3ee
2025-01-02 12:20:59,575 - WARNING - Deprecation Warning: The `client_fn` function must return an instance of `Client`, but an instance of `NumpyClient` was returned. Please use `NumPyClient.to_client()` method to convert it to `Client`.
2025-01-02 12:20:59,870 - INFO - Epoch 1/1: Loss = 81.1592
2025-01-02 12:20:59,870 - INFO - Sent reply
2025-01-02 12:20:59,876 - INFO - Epoch 1/1: Loss = 81.7071
2025-01-02 12:20:59,876 - INFO - Sent reply
2025-01-02 12:20:59,915 - INFO - 
2025-01-02 12:20:59,915 - INFO - Received: evaluate message bb1094a9-7fc1-4a0d-8ba9-eb7941913d1a
2025-01-02 12:20:59,915 - WARNING - Deprecation Warning: The `client_fn` function must return an instance of `Client`, but an instance of `NumpyClient` was returned. Please use `NumPyClient.to_client()` method to convert it to `Client`.
2025-01-02 12:20:59,915 - INFO - 
2025-01-02 12:20:59,915 - INFO - Received: evaluate message 2d738df2-1e7e-4577-b824-2c6dcd6f7164
2025-01-02 12:20:59,915 - WARNING - Deprecation Warning: The `client_fn` function must return an instance of `Client`, but an instance of `NumpyClient` was returned. Please use `NumPyClient.to_client()` method to convert it to `Client`.
2025-01-02 12:20:59,974 - INFO - Test Metrics | Log-loss: 0.4886 | ROC AUC: 0.7939 | Accuracy: 0.6696 | F1 Score: 0.2367
2025-01-02 12:20:59,974 - INFO - Sent reply
2025-01-02 12:20:59,974 - INFO - Test Metrics | Log-loss: 0.4889 | ROC AUC: 0.7936 | Accuracy: 0.6693 | F1 Score: 0.2365
2025-01-02 12:20:59,974 - INFO - Sent reply
2025-01-02 12:20:59,974 - INFO - 
2025-01-02 12:20:59,974 - INFO - Received: train message a0b81340-4114-43f7-bf26-368995b7ecc6
2025-01-02 12:20:59,974 - WARNING - Deprecation Warning: The `client_fn` function must return an instance of `Client`, but an instance of `NumpyClient` was returned. Please use `NumPyClient.to_client()` method to convert it to `Client`.
2025-01-02 12:20:59,974 - INFO - 
2025-01-02 12:20:59,974 - INFO - Received: train message 234eeb38-432d-4e13-985b-8140bc286bd1
2025-01-02 12:20:59,982 - WARNING - Deprecation Warning: The `client_fn` function must return an instance of `Client`, but an instance of `NumpyClient` was returned. Please use `NumPyClient.to_client()` method to convert it to `Client`.
2025-01-02 12:21:00,302 - INFO - Epoch 1/1: Loss = 80.6483
2025-01-02 12:21:00,302 - INFO - Sent reply
2025-01-02 12:21:00,302 - INFO - Epoch 1/1: Loss = 81.0155
2025-01-02 12:21:00,302 - INFO - Sent reply
2025-01-02 12:21:00,342 - INFO - 
2025-01-02 12:21:00,342 - INFO - Received: evaluate message ca459b3e-45a6-4fdd-b526-869e5fe742ba
2025-01-02 12:21:00,342 - WARNING - Deprecation Warning: The `client_fn` function must return an instance of `Client`, but an instance of `NumpyClient` was returned. Please use `NumPyClient.to_client()` method to convert it to `Client`.
2025-01-02 12:21:00,342 - INFO - 
2025-01-02 12:21:00,342 - INFO - Received: evaluate message 38e51a5b-391a-46a5-835b-1e5c55e521c7
2025-01-02 12:21:00,342 - WARNING - Deprecation Warning: The `client_fn` function must return an instance of `Client`, but an instance of `NumpyClient` was returned. Please use `NumPyClient.to_client()` method to convert it to `Client`.
2025-01-02 12:21:00,398 - INFO - Test Metrics | Log-loss: 0.4794 | ROC AUC: 0.7942 | Accuracy: 0.6774 | F1 Score: 0.2410
2025-01-02 12:21:00,398 - INFO - Test Metrics | Log-loss: 0.4803 | ROC AUC: 0.7939 | Accuracy: 0.6754 | F1 Score: 0.2399
2025-01-02 12:21:00,398 - INFO - Sent reply
2025-01-02 12:21:00,398 - INFO - Sent reply
2025-01-02 12:21:00,407 - INFO - 
2025-01-02 12:21:00,407 - INFO - Received: train message c62235b8-75a7-4b7d-a676-57b22720f200
2025-01-02 12:21:00,407 - WARNING - Deprecation Warning: The `client_fn` function must return an instance of `Client`, but an instance of `NumpyClient` was returned. Please use `NumPyClient.to_client()` method to convert it to `Client`.
2025-01-02 12:21:00,407 - INFO - 
2025-01-02 12:21:00,410 - INFO - Received: train message 8d253e10-9502-4185-ba97-a8614a1e06ee
2025-01-02 12:21:00,410 - WARNING - Deprecation Warning: The `client_fn` function must return an instance of `Client`, but an instance of `NumpyClient` was returned. Please use `NumPyClient.to_client()` method to convert it to `Client`.
2025-01-02 12:21:00,710 - INFO - Epoch 1/1: Loss = 80.1927
2025-01-02 12:21:00,710 - INFO - Sent reply
2025-01-02 12:21:00,710 - INFO - Sent reply
2025-01-02 12:21:00,749 - INFO - 
2025-01-02 12:21:00,749 - INFO - Received: evaluate message 1de19984-9d0d-470b-988e-7f67fbfc1b1c
2025-01-02 12:21:00,749 - WARNING - Deprecation Warning: The `client_fn` function must return an instance of `Client`, but an instance of `NumpyClient` was returned. Please use `NumPyClient.to_client()` method to convert it to `Client`.
2025-01-02 12:21:00,749 - INFO - 
2025-01-02 12:21:00,749 - INFO - Received: evaluate message 87215320-7140-4937-9b1c-589d5cd0624a
2025-01-02 12:21:00,749 - WARNING - Deprecation Warning: The `client_fn` function must return an instance of `Client`, but an instance of `NumpyClient` was returned. Please use `NumPyClient.to_client()` method to convert it to `Client`.
2025-01-02 12:21:00,810 - INFO - Test Metrics | Log-loss: 0.4946 | ROC AUC: 0.7956 | Accuracy: 0.6702 | F1 Score: 0.2382
2025-01-02 12:21:00,810 - INFO - Sent reply
2025-01-02 12:21:00,810 - INFO - Sent reply
2025-01-02 12:21:00,810 - INFO - 
2025-01-02 12:21:00,810 - INFO - Received: train message fe2540e8-d860-403f-ac52-ed83bec95743
2025-01-02 12:21:00,810 - WARNING - Deprecation Warning: The `client_fn` function must return an instance of `Client`, but an instance of `NumpyClient` was returned. Please use `NumPyClient.to_client()` method to convert it to `Client`.
2025-01-02 12:21:00,810 - INFO - 
2025-01-02 12:21:00,810 - INFO - Received: train message 1e3d7ce7-3f71-4026-ab9a-782382029253
2025-01-02 12:21:00,818 - WARNING - Deprecation Warning: The `client_fn` function must return an instance of `Client`, but an instance of `NumpyClient` was returned. Please use `NumPyClient.to_client()` method to convert it to `Client`.
2025-01-02 12:21:01,124 - INFO - Epoch 1/1: Loss = 80.0145
2025-01-02 12:21:01,124 - INFO - Sent reply
2025-01-02 12:21:01,124 - INFO - Epoch 1/1: Loss = 80.2506
2025-01-02 12:21:01,124 - INFO - Sent reply
2025-01-02 12:21:01,171 - INFO - 
2025-01-02 12:21:01,171 - INFO - Received: evaluate message 93bc8876-68bc-4358-bba1-0dbd37dbf140
2025-01-02 12:21:01,171 - WARNING - Deprecation Warning: The `client_fn` function must return an instance of `Client`, but an instance of `NumpyClient` was returned. Please use `NumPyClient.to_client()` method to convert it to `Client`.
2025-01-02 12:21:01,171 - INFO - 
2025-01-02 12:21:01,171 - INFO - Received: evaluate message e22a1f54-1c6d-4620-93cb-d2f292e19557
2025-01-02 12:21:01,171 - WARNING - Deprecation Warning: The `client_fn` function must return an instance of `Client`, but an instance of `NumpyClient` was returned. Please use `NumPyClient.to_client()` method to convert it to `Client`.
2025-01-02 12:21:01,230 - INFO - Test Metrics | Log-loss: 0.5117 | ROC AUC: 0.7970 | Accuracy: 0.6631 | F1 Score: 0.2399
2025-01-02 12:21:01,230 - INFO - Test Metrics | Log-loss: 0.5117 | ROC AUC: 0.7967 | Accuracy: 0.6628 | F1 Score: 0.2387
2025-01-02 12:21:01,230 - INFO - Sent reply
2025-01-02 12:21:01,235 - INFO - 
2025-01-02 12:21:01,235 - INFO - Received: train message 0360e9f9-465c-4f92-91d9-c1ddcd6fcc7e
2025-01-02 12:21:01,235 - WARNING - Deprecation Warning: The `client_fn` function must return an instance of `Client`, but an instance of `NumpyClient` was returned. Please use `NumPyClient.to_client()` method to convert it to `Client`.
2025-01-02 12:21:01,235 - INFO - 
2025-01-02 12:21:01,235 - INFO - Received: train message 5b263df5-8e8c-4ff2-8921-18b2711656cd
2025-01-02 12:21:01,235 - WARNING - Deprecation Warning: The `client_fn` function must return an instance of `Client`, but an instance of `NumpyClient` was returned. Please use `NumPyClient.to_client()` method to convert it to `Client`.
2025-01-02 12:21:01,715 - INFO - Epoch 1/1: Loss = 79.6378
2025-01-02 12:21:01,716 - INFO - Sent reply
2025-01-02 12:21:01,718 - INFO - Epoch 1/1: Loss = 79.3988
2025-01-02 12:21:01,718 - INFO - Sent reply
2025-01-02 12:21:01,758 - INFO - 
2025-01-02 12:21:01,758 - INFO - Received: evaluate message cfa606b9-7523-4389-813e-3463b1b5c823
2025-01-02 12:21:01,758 - WARNING - Deprecation Warning: The `client_fn` function must return an instance of `Client`, but an instance of `NumpyClient` was returned. Please use `NumPyClient.to_client()` method to convert it to `Client`.
2025-01-02 12:21:01,758 - INFO - 
2025-01-02 12:21:01,758 - INFO - Received: evaluate message 4ccbaa89-fa0c-4571-a2f4-28ac19745023
2025-01-02 12:21:01,758 - WARNING - Deprecation Warning: The `client_fn` function must return an instance of `Client`, but an instance of `NumpyClient` was returned. Please use `NumPyClient.to_client()` method to convert it to `Client`.
2025-01-02 12:21:01,818 - INFO - Test Metrics | Log-loss: 0.4552 | ROC AUC: 0.7975 | Accuracy: 0.6981 | F1 Score: 0.2425
2025-01-02 12:21:01,818 - INFO - Sent reply
2025-01-02 12:21:01,818 - INFO - Sent reply
2025-01-02 12:21:01,818 - INFO - 
2025-01-02 12:21:01,824 - INFO - Received: train message b9686bb6-c537-4a69-a19c-18bbfbf166fc
2025-01-02 12:21:01,824 - WARNING - Deprecation Warning: The `client_fn` function must return an instance of `Client`, but an instance of `NumpyClient` was returned. Please use `NumPyClient.to_client()` method to convert it to `Client`.
2025-01-02 12:21:01,824 - INFO - 
2025-01-02 12:21:01,825 - INFO - Received: train message 21c5e520-28e1-4dde-a550-267855ba499b
2025-01-02 12:21:01,825 - WARNING - Deprecation Warning: The `client_fn` function must return an instance of `Client`, but an instance of `NumpyClient` was returned. Please use `NumPyClient.to_client()` method to convert it to `Client`.
2025-01-02 12:21:02,192 - INFO - Epoch 1/1: Loss = 79.1159
2025-01-02 12:21:02,201 - INFO - Sent reply
2025-01-02 12:21:02,201 - INFO - Epoch 1/1: Loss = 78.6948
2025-01-02 12:21:02,201 - INFO - Sent reply
2025-01-02 12:21:02,243 - INFO - 
2025-01-02 12:21:02,243 - INFO - Received: evaluate message 6268f519-258a-4c93-bd2c-61fca1568379
2025-01-02 12:21:02,243 - WARNING - Deprecation Warning: The `client_fn` function must return an instance of `Client`, but an instance of `NumpyClient` was returned. Please use `NumPyClient.to_client()` method to convert it to `Client`.
2025-01-02 12:21:02,243 - INFO - 
2025-01-02 12:21:02,243 - INFO - Received: evaluate message 069db424-c658-4a47-945f-e03e28e1aebe
2025-01-02 12:21:02,243 - WARNING - Deprecation Warning: The `client_fn` function must return an instance of `Client`, but an instance of `NumpyClient` was returned. Please use `NumPyClient.to_client()` method to convert it to `Client`.
2025-01-02 12:21:02,294 - INFO - Test Metrics | Log-loss: 0.4432 | ROC AUC: 0.7994 | Accuracy: 0.7056 | F1 Score: 0.2370
2025-01-02 12:21:02,294 - INFO - Sent reply
2025-01-02 12:21:02,294 - INFO - Test Metrics | Log-loss: 0.4417 | ROC AUC: 0.7998 | Accuracy: 0.7062 | F1 Score: 0.2374
2025-01-02 12:21:02,306 - INFO - Sent reply
2025-01-02 12:21:02,309 - INFO - 
2025-01-02 12:21:02,309 - INFO - Received: train message c0d9c3d5-245b-422b-a1e3-e6fb625c369a
2025-01-02 12:21:02,309 - WARNING - Deprecation Warning: The `client_fn` function must return an instance of `Client`, but an instance of `NumpyClient` was returned. Please use `NumPyClient.to_client()` method to convert it to `Client`.
2025-01-02 12:21:02,309 - INFO - 
2025-01-02 12:21:02,309 - INFO - Received: train message a06c85bd-fddf-4130-b87f-a070d21963bd
2025-01-02 12:21:02,309 - WARNING - Deprecation Warning: The `client_fn` function must return an instance of `Client`, but an instance of `NumpyClient` was returned. Please use `NumPyClient.to_client()` method to convert it to `Client`.
2025-01-02 12:21:02,629 - INFO - Epoch 1/1: Loss = 78.7792
2025-01-02 12:21:02,629 - INFO - Sent reply
2025-01-02 12:21:02,637 - INFO - Epoch 1/1: Loss = 78.7577
2025-01-02 12:21:02,637 - INFO - Sent reply
2025-01-02 12:21:02,676 - INFO - 
2025-01-02 12:21:02,676 - INFO - Received: evaluate message 31774097-607f-4e6b-9789-604bace642db
2025-01-02 12:21:02,676 - WARNING - Deprecation Warning: The `client_fn` function must return an instance of `Client`, but an instance of `NumpyClient` was returned. Please use `NumPyClient.to_client()` method to convert it to `Client`.
2025-01-02 12:21:02,676 - INFO - 
2025-01-02 12:21:02,676 - INFO - Received: evaluate message af7c2ae1-c9f3-48c9-a2cb-d35a18a68b71
2025-01-02 12:21:02,676 - WARNING - Deprecation Warning: The `client_fn` function must return an instance of `Client`, but an instance of `NumpyClient` was returned. Please use `NumPyClient.to_client()` method to convert it to `Client`.
2025-01-02 12:21:02,733 - INFO - Test Metrics | Log-loss: 0.5059 | ROC AUC: 0.7985 | Accuracy: 0.6699 | F1 Score: 0.2369
2025-01-02 12:21:02,733 - INFO - Test Metrics | Log-loss: 0.5062 | ROC AUC: 0.7981 | Accuracy: 0.6709 | F1 Score: 0.2386
2025-01-02 12:21:02,733 - INFO - Sent reply
2025-01-02 12:21:02,733 - INFO - Sent reply
2025-01-02 12:21:02,741 - INFO - 
2025-01-02 12:21:02,741 - INFO - Received: train message 4b3568b3-dc4a-409a-89d4-5414cd6b2193
2025-01-02 12:21:02,741 - WARNING - Deprecation Warning: The `client_fn` function must return an instance of `Client`, but an instance of `NumpyClient` was returned. Please use `NumPyClient.to_client()` method to convert it to `Client`.
2025-01-02 12:21:02,741 - INFO - 
2025-01-02 12:21:02,741 - INFO - Received: train message 7439fcc7-4a83-49d9-903e-2841915a6c46
2025-01-02 12:21:02,741 - WARNING - Deprecation Warning: The `client_fn` function must return an instance of `Client`, but an instance of `NumpyClient` was returned. Please use `NumPyClient.to_client()` method to convert it to `Client`.
2025-01-02 12:21:03,046 - INFO - Epoch 1/1: Loss = 78.2773
2025-01-02 12:21:03,046 - INFO - Sent reply
2025-01-02 12:21:03,046 - INFO - Epoch 1/1: Loss = 78.3944
2025-01-02 12:21:03,046 - INFO - Sent reply
2025-01-02 12:21:03,089 - INFO - 
2025-01-02 12:21:03,089 - INFO - Received: evaluate message 35a5ddf5-fffe-4bda-933c-0dfd39880fc4
2025-01-02 12:21:03,089 - WARNING - Deprecation Warning: The `client_fn` function must return an instance of `Client`, but an instance of `NumpyClient` was returned. Please use `NumPyClient.to_client()` method to convert it to `Client`.
2025-01-02 12:21:03,089 - INFO - 
2025-01-02 12:21:03,089 - INFO - Received: evaluate message ff1cda55-87b3-4b03-9d0d-a112fc0685d1
2025-01-02 12:21:03,089 - WARNING - Deprecation Warning: The `client_fn` function must return an instance of `Client`, but an instance of `NumpyClient` was returned. Please use `NumPyClient.to_client()` method to convert it to `Client`.
2025-01-02 12:21:03,142 - INFO - Test Metrics | Log-loss: 0.4451 | ROC AUC: 0.7989 | Accuracy: 0.7062 | F1 Score: 0.2412
2025-01-02 12:21:03,142 - INFO - Sent reply
2025-01-02 12:21:03,142 - INFO - Sent reply
2025-01-02 12:21:03,142 - INFO - 
2025-01-02 12:21:03,142 - INFO - Received: train message 434624f4-9d7d-470a-b089-adbfc1f0f6c7
2025-01-02 12:21:03,142 - WARNING - Deprecation Warning: The `client_fn` function must return an instance of `Client`, but an instance of `NumpyClient` was returned. Please use `NumPyClient.to_client()` method to convert it to `Client`.
2025-01-02 12:21:03,142 - INFO - 
2025-01-02 12:21:03,142 - INFO - Received: train message 194541f6-0043-4a63-a87d-92e8d6113a30
2025-01-02 12:21:03,142 - WARNING - Deprecation Warning: The `client_fn` function must return an instance of `Client`, but an instance of `NumpyClient` was returned. Please use `NumPyClient.to_client()` method to convert it to `Client`.
2025-01-02 12:21:03,447 - INFO - Epoch 1/1: Loss = 77.8593
2025-01-02 12:21:03,447 - INFO - Sent reply
2025-01-02 12:21:03,455 - INFO - Epoch 1/1: Loss = 78.2187
2025-01-02 12:21:03,455 - INFO - Sent reply
2025-01-02 12:21:03,493 - INFO - 
2025-01-02 12:21:03,493 - INFO - Received: evaluate message f1617879-ef3c-4f8e-9915-a1cd54c0dd01
2025-01-02 12:21:03,493 - WARNING - Deprecation Warning: The `client_fn` function must return an instance of `Client`, but an instance of `NumpyClient` was returned. Please use `NumPyClient.to_client()` method to convert it to `Client`.
2025-01-02 12:21:03,493 - INFO - 
2025-01-02 12:21:03,493 - INFO - Received: evaluate message 3b2a14b7-0ab0-409f-9112-f881f8214df3
2025-01-02 12:21:03,493 - WARNING - Deprecation Warning: The `client_fn` function must return an instance of `Client`, but an instance of `NumpyClient` was returned. Please use `NumPyClient.to_client()` method to convert it to `Client`.
2025-01-02 12:21:03,546 - INFO - Test Metrics | Log-loss: 0.5313 | ROC AUC: 0.7978 | Accuracy: 0.6637 | F1 Score: 0.2392
2025-01-02 12:21:03,557 - INFO - Sent reply
2025-01-02 12:21:03,557 - INFO - Sent reply
2025-01-02 12:21:03,561 - INFO - 
2025-01-02 12:21:03,561 - INFO - Received: train message 78c0da97-a13b-416a-a79d-653e6e59eddb
2025-01-02 12:21:03,561 - WARNING - Deprecation Warning: The `client_fn` function must return an instance of `Client`, but an instance of `NumpyClient` was returned. Please use `NumPyClient.to_client()` method to convert it to `Client`.
2025-01-02 12:21:03,561 - INFO - 
2025-01-02 12:21:03,561 - INFO - Received: train message 4a663a87-f747-4a87-88fe-512d4118c2c5
2025-01-02 12:21:03,561 - WARNING - Deprecation Warning: The `client_fn` function must return an instance of `Client`, but an instance of `NumpyClient` was returned. Please use `NumPyClient.to_client()` method to convert it to `Client`.
2025-01-02 12:21:03,886 - INFO - Epoch 1/1: Loss = 77.5690
2025-01-02 12:21:03,886 - INFO - Sent reply
2025-01-02 12:21:03,886 - INFO - Epoch 1/1: Loss = 78.0159
2025-01-02 12:21:03,886 - INFO - Sent reply
2025-01-02 12:21:03,925 - INFO - 
2025-01-02 12:21:03,925 - INFO - Received: evaluate message b2b794ca-3501-4d39-a8c6-710937fb1aad
2025-01-02 12:21:03,925 - WARNING - Deprecation Warning: The `client_fn` function must return an instance of `Client`, but an instance of `NumpyClient` was returned. Please use `NumPyClient.to_client()` method to convert it to `Client`.
2025-01-02 12:21:03,925 - INFO - 
2025-01-02 12:21:03,925 - INFO - Received: evaluate message 8d0bf0e9-f83d-497a-b481-d53bd8142c14
2025-01-02 12:21:03,925 - WARNING - Deprecation Warning: The `client_fn` function must return an instance of `Client`, but an instance of `NumpyClient` was returned. Please use `NumPyClient.to_client()` method to convert it to `Client`.
2025-01-02 12:21:03,992 - INFO - Test Metrics | Log-loss: 0.4796 | ROC AUC: 0.7980 | Accuracy: 0.6910 | F1 Score: 0.2394
2025-01-02 12:21:03,992 - INFO - Sent reply
2025-01-02 12:21:03,992 - INFO - Sent reply
2025-01-02 12:21:03,992 - INFO - 
2025-01-02 12:21:03,992 - INFO - Received: train message 070c60bc-7408-4ea9-b626-f0181cc28c10
2025-01-02 12:21:03,992 - WARNING - Deprecation Warning: The `client_fn` function must return an instance of `Client`, but an instance of `NumpyClient` was returned. Please use `NumPyClient.to_client()` method to convert it to `Client`.
2025-01-02 12:21:03,992 - INFO - 
2025-01-02 12:21:03,992 - INFO - Received: train message 6490be08-33d4-41f8-b87a-9b58d8e0baf4
2025-01-02 12:21:03,992 - WARNING - Deprecation Warning: The `client_fn` function must return an instance of `Client`, but an instance of `NumpyClient` was returned. Please use `NumPyClient.to_client()` method to convert it to `Client`.
2025-01-02 12:21:04,278 - INFO - Epoch 1/1: Loss = 77.2735
2025-01-02 12:21:04,278 - INFO - Sent reply
2025-01-02 12:21:04,278 - INFO - Epoch 1/1: Loss = 77.8963
2025-01-02 12:21:04,278 - INFO - Sent reply
2025-01-02 12:21:04,325 - INFO - 
2025-01-02 12:21:04,325 - INFO - Received: evaluate message fbf07710-ef6a-4128-a9e1-53516cf473f0
2025-01-02 12:21:04,325 - WARNING - Deprecation Warning: The `client_fn` function must return an instance of `Client`, but an instance of `NumpyClient` was returned. Please use `NumPyClient.to_client()` method to convert it to `Client`.
2025-01-02 12:21:04,325 - INFO - 
2025-01-02 12:21:04,325 - INFO - Received: evaluate message ba4502b5-3685-48bc-8549-6dfd15a9cc9a
2025-01-02 12:21:04,325 - WARNING - Deprecation Warning: The `client_fn` function must return an instance of `Client`, but an instance of `NumpyClient` was returned. Please use `NumPyClient.to_client()` method to convert it to `Client`.
2025-01-02 12:21:04,392 - INFO - Test Metrics | Log-loss: 0.4866 | ROC AUC: 0.7994 | Accuracy: 0.6877 | F1 Score: 0.2447
2025-01-02 12:21:04,392 - INFO - Sent reply
2025-01-02 12:21:04,392 - INFO - Sent reply
2025-01-02 12:21:04,392 - INFO - 
2025-01-02 12:21:04,392 - INFO - Received: reconnect message d181308b-cb3d-48e3-bca3-1de71ad34d5f
2025-01-02 12:21:04,392 - INFO - 
2025-01-02 12:21:04,392 - INFO - Received: reconnect message fe7b8190-0f62-46d7-b12a-600670ab21f7
2025-01-02 12:21:04,418 - DEBUG - gRPC channel closed
2025-01-02 12:21:04,418 - INFO - Disconnect and shut down
2025-01-02 12:21:05,952 - DEBUG - gRPC channel closed
2025-01-02 12:21:05,952 - INFO - Disconnect and shut down
