2025-01-02 12:20:52,390 - INFO - EarlyStoppingFedAvg initialized.
2025-01-02 12:20:52,390 - INFO - Starting Flower server, config: num_rounds=20, no round_timeout
2025-01-02 12:20:52,410 - INFO - Flower ECE: gRPC server running (20 rounds), SSL is disabled
2025-01-02 12:20:52,410 - INFO - [INIT]
2025-01-02 12:20:52,410 - INFO - Requesting initial parameters from one random client
2025-01-02 12:20:54,423 - INFO - Received initial parameters from one random client
2025-01-02 12:20:54,423 - INFO - Evaluating initial global parameters
2025-01-02 12:20:54,423 - INFO - 
2025-01-02 12:20:54,423 - INFO - [ROUND 1]
2025-01-02 12:20:54,599 - INFO - configure_fit: strategy sampled 2 clients (out of 2)
2025-01-02 12:20:55,975 - INFO - aggregate_fit: received 2 results and 0 failures
2025-01-02 12:20:55,980 - WARNING - No fit_metrics_aggregation_fn provided
2025-01-02 12:20:56,010 - INFO - Round 1: ROC AUC = 0.7729, Accuracy = 0.6568
2025-01-02 12:20:56,010 - INFO - configure_evaluate: strategy sampled 2 clients (out of 2)
2025-01-02 12:20:56,076 - INFO - aggregate_evaluate: received 2 results and 0 failures
2025-01-02 12:20:56,076 - WARNING - No evaluate_metrics_aggregation_fn provided
2025-01-02 12:20:56,076 - INFO - 
2025-01-02 12:20:56,076 - INFO - [ROUND 2]
2025-01-02 12:20:56,076 - INFO - configure_fit: strategy sampled 2 clients (out of 2)
2025-01-02 12:20:56,392 - INFO - aggregate_fit: received 2 results and 0 failures
2025-01-02 12:20:56,425 - INFO - Round 2: ROC AUC = 0.7793, Accuracy = 0.6465
2025-01-02 12:20:56,425 - INFO - configure_evaluate: strategy sampled 2 clients (out of 2)
2025-01-02 12:20:56,495 - INFO - aggregate_evaluate: received 2 results and 0 failures
2025-01-02 12:20:56,495 - INFO - 
2025-01-02 12:20:56,495 - INFO - [ROUND 3]
2025-01-02 12:20:56,495 - INFO - configure_fit: strategy sampled 2 clients (out of 2)
2025-01-02 12:20:56,788 - INFO - aggregate_fit: received 2 results and 0 failures
2025-01-02 12:20:56,831 - INFO - Round 3: ROC AUC = 0.7860, Accuracy = 0.6314
2025-01-02 12:20:56,831 - INFO - configure_evaluate: strategy sampled 2 clients (out of 2)
2025-01-02 12:20:56,891 - INFO - aggregate_evaluate: received 2 results and 0 failures
2025-01-02 12:20:56,891 - INFO - 
2025-01-02 12:20:56,891 - INFO - [ROUND 4]
2025-01-02 12:20:56,891 - INFO - configure_fit: strategy sampled 2 clients (out of 2)
2025-01-02 12:20:57,208 - INFO - aggregate_fit: received 2 results and 0 failures
2025-01-02 12:20:57,247 - INFO - Round 4: ROC AUC = 0.7891, Accuracy = 0.6605
2025-01-02 12:20:57,247 - INFO - configure_evaluate: strategy sampled 2 clients (out of 2)
2025-01-02 12:20:57,364 - INFO - aggregate_evaluate: received 2 results and 0 failures
2025-01-02 12:20:57,364 - INFO - 
2025-01-02 12:20:57,364 - INFO - [ROUND 5]
2025-01-02 12:20:57,364 - INFO - configure_fit: strategy sampled 2 clients (out of 2)
2025-01-02 12:20:57,797 - INFO - aggregate_fit: received 2 results and 0 failures
2025-01-02 12:20:57,824 - INFO - Round 5: ROC AUC = 0.7899, Accuracy = 0.6670
2025-01-02 12:20:57,824 - INFO - configure_evaluate: strategy sampled 2 clients (out of 2)
2025-01-02 12:20:57,900 - INFO - aggregate_evaluate: received 2 results and 0 failures
2025-01-02 12:20:57,900 - INFO - 
2025-01-02 12:20:57,900 - INFO - [ROUND 6]
2025-01-02 12:20:57,900 - INFO - configure_fit: strategy sampled 2 clients (out of 2)
2025-01-02 12:20:58,256 - INFO - aggregate_fit: received 2 results and 0 failures
2025-01-02 12:20:58,280 - INFO - No improvement in ROC AUC for 1 round(s).
2025-01-02 12:20:58,280 - INFO - Round 6: ROC AUC = 0.7884, Accuracy = 0.6519
2025-01-02 12:20:58,280 - INFO - configure_evaluate: strategy sampled 2 clients (out of 2)
2025-01-02 12:20:58,342 - INFO - aggregate_evaluate: received 2 results and 0 failures
2025-01-02 12:20:58,342 - INFO - 
2025-01-02 12:20:58,342 - INFO - [ROUND 7]
2025-01-02 12:20:58,342 - INFO - configure_fit: strategy sampled 2 clients (out of 2)
2025-01-02 12:20:58,644 - INFO - aggregate_fit: received 2 results and 0 failures
2025-01-02 12:20:58,677 - INFO - Round 7: ROC AUC = 0.7916, Accuracy = 0.6546
2025-01-02 12:20:58,677 - INFO - configure_evaluate: strategy sampled 2 clients (out of 2)
2025-01-02 12:20:58,741 - INFO - aggregate_evaluate: received 2 results and 0 failures
2025-01-02 12:20:58,741 - INFO - 
2025-01-02 12:20:58,741 - INFO - [ROUND 8]
2025-01-02 12:20:58,741 - INFO - configure_fit: strategy sampled 2 clients (out of 2)
2025-01-02 12:20:59,057 - INFO - aggregate_fit: received 2 results and 0 failures
2025-01-02 12:20:59,094 - INFO - No improvement in ROC AUC for 1 round(s).
2025-01-02 12:20:59,094 - INFO - Round 8: ROC AUC = 0.7906, Accuracy = 0.6541
2025-01-02 12:20:59,094 - INFO - configure_evaluate: strategy sampled 2 clients (out of 2)
2025-01-02 12:20:59,157 - INFO - aggregate_evaluate: received 2 results and 0 failures
2025-01-02 12:20:59,157 - INFO - 
2025-01-02 12:20:59,157 - INFO - [ROUND 9]
2025-01-02 12:20:59,157 - INFO - configure_fit: strategy sampled 2 clients (out of 2)
2025-01-02 12:20:59,475 - INFO - aggregate_fit: received 2 results and 0 failures
2025-01-02 12:20:59,509 - INFO - No improvement in ROC AUC for 2 round(s).
2025-01-02 12:20:59,509 - INFO - Round 9: ROC AUC = 0.7894, Accuracy = 0.6541
2025-01-02 12:20:59,509 - INFO - configure_evaluate: strategy sampled 2 clients (out of 2)
2025-01-02 12:20:59,575 - INFO - aggregate_evaluate: received 2 results and 0 failures
2025-01-02 12:20:59,575 - INFO - 
2025-01-02 12:20:59,575 - INFO - [ROUND 10]
2025-01-02 12:20:59,575 - INFO - configure_fit: strategy sampled 2 clients (out of 2)
2025-01-02 12:20:59,878 - INFO - aggregate_fit: received 2 results and 0 failures
2025-01-02 12:20:59,911 - INFO - No improvement in ROC AUC for 3 round(s).
2025-01-02 12:20:59,911 - INFO - Round 10: ROC AUC = 0.7906, Accuracy = 0.6568
2025-01-02 12:20:59,911 - INFO - configure_evaluate: strategy sampled 2 clients (out of 2)
2025-01-02 12:20:59,974 - INFO - aggregate_evaluate: received 2 results and 0 failures
2025-01-02 12:20:59,974 - INFO - 
2025-01-02 12:20:59,974 - INFO - [ROUND 11]
2025-01-02 12:20:59,974 - INFO - configure_fit: strategy sampled 2 clients (out of 2)
2025-01-02 12:21:00,302 - INFO - aggregate_fit: received 2 results and 0 failures
2025-01-02 12:21:00,342 - INFO - No improvement in ROC AUC for 4 round(s).
2025-01-02 12:21:00,342 - INFO - Round 11: ROC AUC = 0.7898, Accuracy = 0.6638
2025-01-02 12:21:00,342 - INFO - configure_evaluate: strategy sampled 2 clients (out of 2)
2025-01-02 12:21:00,398 - INFO - aggregate_evaluate: received 2 results and 0 failures
2025-01-02 12:21:00,398 - INFO - 
2025-01-02 12:21:00,398 - INFO - [ROUND 12]
2025-01-02 12:21:00,398 - INFO - configure_fit: strategy sampled 2 clients (out of 2)
2025-01-02 12:21:00,710 - INFO - aggregate_fit: received 2 results and 0 failures
2025-01-02 12:21:00,749 - INFO - No improvement in ROC AUC for 5 round(s).
2025-01-02 12:21:00,749 - INFO - Round 12: ROC AUC = 0.7894, Accuracy = 0.6589
2025-01-02 12:21:00,749 - INFO - configure_evaluate: strategy sampled 2 clients (out of 2)
2025-01-02 12:21:00,810 - INFO - aggregate_evaluate: received 2 results and 0 failures
2025-01-02 12:21:00,810 - INFO - 
2025-01-02 12:21:00,810 - INFO - [ROUND 13]
2025-01-02 12:21:00,810 - INFO - configure_fit: strategy sampled 2 clients (out of 2)
2025-01-02 12:21:01,124 - INFO - aggregate_fit: received 2 results and 0 failures
2025-01-02 12:21:01,160 - INFO - Round 13: ROC AUC = 0.7931, Accuracy = 0.6492
2025-01-02 12:21:01,160 - INFO - configure_evaluate: strategy sampled 2 clients (out of 2)
2025-01-02 12:21:01,230 - INFO - aggregate_evaluate: received 2 results and 0 failures
2025-01-02 12:21:01,230 - INFO - 
2025-01-02 12:21:01,230 - INFO - [ROUND 14]
2025-01-02 12:21:01,230 - INFO - configure_fit: strategy sampled 2 clients (out of 2)
2025-01-02 12:21:01,718 - INFO - aggregate_fit: received 2 results and 0 failures
2025-01-02 12:21:01,758 - INFO - No improvement in ROC AUC for 1 round(s).
2025-01-02 12:21:01,758 - INFO - Round 14: ROC AUC = 0.7930, Accuracy = 0.6892
2025-01-02 12:21:01,758 - INFO - configure_evaluate: strategy sampled 2 clients (out of 2)
2025-01-02 12:21:01,818 - INFO - aggregate_evaluate: received 2 results and 0 failures
2025-01-02 12:21:01,818 - INFO - 
2025-01-02 12:21:01,818 - INFO - [ROUND 15]
2025-01-02 12:21:01,818 - INFO - configure_fit: strategy sampled 2 clients (out of 2)
2025-01-02 12:21:02,201 - INFO - aggregate_fit: received 2 results and 0 failures
2025-01-02 12:21:02,241 - INFO - Round 15: ROC AUC = 0.7955, Accuracy = 0.6968
2025-01-02 12:21:02,241 - INFO - configure_evaluate: strategy sampled 2 clients (out of 2)
2025-01-02 12:21:02,307 - INFO - aggregate_evaluate: received 2 results and 0 failures
2025-01-02 12:21:02,307 - INFO - 
2025-01-02 12:21:02,307 - INFO - [ROUND 16]
2025-01-02 12:21:02,307 - INFO - configure_fit: strategy sampled 2 clients (out of 2)
2025-01-02 12:21:02,637 - INFO - aggregate_fit: received 2 results and 0 failures
2025-01-02 12:21:02,670 - INFO - No improvement in ROC AUC for 1 round(s).
2025-01-02 12:21:02,670 - INFO - Round 16: ROC AUC = 0.7936, Accuracy = 0.6578
2025-01-02 12:21:02,670 - INFO - configure_evaluate: strategy sampled 2 clients (out of 2)
2025-01-02 12:21:02,733 - INFO - aggregate_evaluate: received 2 results and 0 failures
2025-01-02 12:21:02,733 - INFO - 
2025-01-02 12:21:02,733 - INFO - [ROUND 17]
2025-01-02 12:21:02,733 - INFO - configure_fit: strategy sampled 2 clients (out of 2)
2025-01-02 12:21:03,046 - INFO - aggregate_fit: received 2 results and 0 failures
2025-01-02 12:21:03,078 - INFO - No improvement in ROC AUC for 2 round(s).
2025-01-02 12:21:03,078 - INFO - Round 17: ROC AUC = 0.7946, Accuracy = 0.6984
2025-01-02 12:21:03,078 - INFO - configure_evaluate: strategy sampled 2 clients (out of 2)
2025-01-02 12:21:03,142 - INFO - aggregate_evaluate: received 2 results and 0 failures
2025-01-02 12:21:03,142 - INFO - 
2025-01-02 12:21:03,142 - INFO - [ROUND 18]
2025-01-02 12:21:03,142 - INFO - configure_fit: strategy sampled 2 clients (out of 2)
2025-01-02 12:21:03,457 - INFO - aggregate_fit: received 2 results and 0 failures
2025-01-02 12:21:03,492 - INFO - No improvement in ROC AUC for 3 round(s).
2025-01-02 12:21:03,493 - INFO - Round 18: ROC AUC = 0.7935, Accuracy = 0.6541
2025-01-02 12:21:03,493 - INFO - configure_evaluate: strategy sampled 2 clients (out of 2)
2025-01-02 12:21:03,559 - INFO - aggregate_evaluate: received 2 results and 0 failures
2025-01-02 12:21:03,559 - INFO - 
2025-01-02 12:21:03,559 - INFO - [ROUND 19]
2025-01-02 12:21:03,559 - INFO - configure_fit: strategy sampled 2 clients (out of 2)
2025-01-02 12:21:03,886 - INFO - aggregate_fit: received 2 results and 0 failures
2025-01-02 12:21:03,925 - INFO - No improvement in ROC AUC for 4 round(s).
2025-01-02 12:21:03,925 - INFO - Round 19: ROC AUC = 0.7929, Accuracy = 0.6816
2025-01-02 12:21:03,925 - INFO - configure_evaluate: strategy sampled 2 clients (out of 2)
2025-01-02 12:21:03,992 - INFO - aggregate_evaluate: received 2 results and 0 failures
2025-01-02 12:21:03,992 - INFO - 
2025-01-02 12:21:03,992 - INFO - [ROUND 20]
2025-01-02 12:21:03,992 - INFO - configure_fit: strategy sampled 2 clients (out of 2)
2025-01-02 12:21:04,278 - INFO - aggregate_fit: received 2 results and 0 failures
2025-01-02 12:21:04,325 - INFO - No improvement in ROC AUC for 5 round(s).
2025-01-02 12:21:04,325 - INFO - Round 20: ROC AUC = 0.7934, Accuracy = 0.6751
2025-01-02 12:21:04,325 - INFO - configure_evaluate: strategy sampled 2 clients (out of 2)
2025-01-02 12:21:04,392 - INFO - aggregate_evaluate: received 2 results and 0 failures
2025-01-02 12:21:04,392 - INFO - 
2025-01-02 12:21:04,392 - INFO - [SUMMARY]
2025-01-02 12:21:04,392 - INFO - Run finished 20 round(s) in 9.96s
2025-01-02 12:21:04,392 - INFO - 	History (loss, distributed):
2025-01-02 12:21:04,392 - INFO - 		round 1: 0.5342485904693604
2025-01-02 12:21:04,392 - INFO - 		round 2: 0.5245766639709473
2025-01-02 12:21:04,392 - INFO - 		round 3: 0.546411544084549
2025-01-02 12:21:04,392 - INFO - 		round 4: 0.487956702709198
2025-01-02 12:21:04,392 - INFO - 		round 5: 0.46490684151649475
2025-01-02 12:21:04,392 - INFO - 		round 6: 0.500729113817215
2025-01-02 12:21:04,392 - INFO - 		round 7: 0.492809534072876
2025-01-02 12:21:04,392 - INFO - 		round 8: 0.5022623538970947
2025-01-02 12:21:04,392 - INFO - 		round 9: 0.49784353375434875
2025-01-02 12:21:04,392 - INFO - 		round 10: 0.4887295812368393
2025-01-02 12:21:04,392 - INFO - 		round 11: 0.4798811674118042
2025-01-02 12:21:04,392 - INFO - 		round 12: 0.4951036721467972
2025-01-02 12:21:04,392 - INFO - 		round 13: 0.5116954743862152
2025-01-02 12:21:04,392 - INFO - 		round 14: 0.454689085483551
2025-01-02 12:21:04,392 - INFO - 		round 15: 0.44243307411670685
2025-01-02 12:21:04,392 - INFO - 		round 16: 0.5060705840587616
2025-01-02 12:21:04,392 - INFO - 		round 17: 0.4455801397562027
2025-01-02 12:21:04,392 - INFO - 		round 18: 0.5310977101325989
2025-01-02 12:21:04,392 - INFO - 		round 19: 0.4790796786546707
2025-01-02 12:21:04,392 - INFO - 		round 20: 0.4868602007627487
2025-01-02 12:21:04,392 - INFO - 
