2024-12-28 00:37:42,823 - INFO - Data successfully loaded from ./datas/IID_2.csv
2024-12-28 00:37:42,823 - INFO - Data successfully loaded from ./datas/TEST_SAMPLE.csv
2024-12-28 00:37:42,839 - INFO - Features scaled using MinMaxScaler.
2024-12-28 00:37:42,890 - INFO - Polynomial features of degree 2 generated.
2024-12-28 00:37:43,116 - INFO - SMOTE applied. Training sample size increased to 11646.
2024-12-28 00:37:43,132 - INFO - DataLoaders for Train and Test sets created.
2024-12-28 00:37:43,163 - DEBUG - Opened insecure gRPC connection (no certificates were passed)
2024-12-28 00:37:43,163 - DEBUG - ChannelConnectivity.IDLE
2024-12-28 00:37:43,179 - DEBUG - ChannelConnectivity.READY
2024-12-28 00:37:43,179 - INFO - 
2024-12-28 00:37:43,179 - INFO - Received: get_parameters message 34a37af0-3ede-471e-b31b-b3c4b716d1ea
2024-12-28 00:37:43,179 - WARNING - Deprecation Warning: The `client_fn` function must return an instance of `Client`, but an instance of `NumpyClient` was returned. Please use `NumPyClient.to_client()` method to convert it to `Client`.
2024-12-28 00:37:43,179 - INFO - Sent reply
2024-12-28 00:37:43,522 - INFO - 
2024-12-28 00:37:43,522 - INFO - Received: train message 0ce26387-e0b7-4007-9623-a9cc6f123e0d
2024-12-28 00:37:43,522 - WARNING - Deprecation Warning: The `client_fn` function must return an instance of `Client`, but an instance of `NumpyClient` was returned. Please use `NumPyClient.to_client()` method to convert it to `Client`.
2024-12-28 00:37:45,401 - INFO - Epoch 1/1: Loss = 98.8388
2024-12-28 00:37:45,401 - INFO - Sent reply
2024-12-28 00:37:45,473 - INFO - 
2024-12-28 00:37:45,473 - INFO - Received: evaluate message 628e6b9d-53cc-4532-af5e-ab94227a2ffd
2024-12-28 00:37:45,473 - WARNING - Deprecation Warning: The `client_fn` function must return an instance of `Client`, but an instance of `NumpyClient` was returned. Please use `NumPyClient.to_client()` method to convert it to `Client`.
2024-12-28 00:37:45,538 - INFO - Test Metrics | Log-loss: 0.5152 | ROC AUC: 0.7890 | Accuracy: 0.6686 | F1 Score: 0.2281
2024-12-28 00:37:45,538 - INFO - Sent reply
2024-12-28 00:37:45,548 - INFO - 
2024-12-28 00:37:45,548 - INFO - Received: train message 6c9295f2-ac33-4e9b-885f-da4a6716ff4a
2024-12-28 00:37:45,548 - WARNING - Deprecation Warning: The `client_fn` function must return an instance of `Client`, but an instance of `NumpyClient` was returned. Please use `NumPyClient.to_client()` method to convert it to `Client`.
2024-12-28 00:37:45,855 - INFO - Epoch 1/1: Loss = 88.7311
2024-12-28 00:37:45,855 - INFO - Sent reply
2024-12-28 00:37:45,889 - INFO - 
2024-12-28 00:37:45,889 - INFO - Received: evaluate message c54f6579-d4a9-4ab9-8137-247f60c34e24
2024-12-28 00:37:45,889 - WARNING - Deprecation Warning: The `client_fn` function must return an instance of `Client`, but an instance of `NumpyClient` was returned. Please use `NumPyClient.to_client()` method to convert it to `Client`.
2024-12-28 00:37:45,940 - INFO - Test Metrics | Log-loss: 0.5621 | ROC AUC: 0.7898 | Accuracy: 0.6430 | F1 Score: 0.2295
2024-12-28 00:37:45,954 - INFO - Sent reply
2024-12-28 00:37:45,956 - INFO - 
2024-12-28 00:37:45,956 - INFO - Received: train message bdbe9e24-d65e-4a41-ba10-527bac68593a
2024-12-28 00:37:45,956 - WARNING - Deprecation Warning: The `client_fn` function must return an instance of `Client`, but an instance of `NumpyClient` was returned. Please use `NumPyClient.to_client()` method to convert it to `Client`.
2024-12-28 00:37:46,261 - INFO - Epoch 1/1: Loss = 86.8677
2024-12-28 00:37:46,261 - INFO - Sent reply
2024-12-28 00:37:46,307 - INFO - 
2024-12-28 00:37:46,307 - INFO - Received: evaluate message ff1cfc55-3afb-4f61-8608-fc078d5e771d
2024-12-28 00:37:46,307 - WARNING - Deprecation Warning: The `client_fn` function must return an instance of `Client`, but an instance of `NumpyClient` was returned. Please use `NumPyClient.to_client()` method to convert it to `Client`.
2024-12-28 00:37:46,356 - INFO - Test Metrics | Log-loss: 0.4747 | ROC AUC: 0.7949 | Accuracy: 0.6761 | F1 Score: 0.2333
2024-12-28 00:37:46,356 - INFO - Sent reply
2024-12-28 00:37:46,356 - INFO - 
2024-12-28 00:37:46,356 - INFO - Received: train message 6cd89ddc-6819-4d45-b8cf-6b5f5901a23f
2024-12-28 00:37:46,356 - WARNING - Deprecation Warning: The `client_fn` function must return an instance of `Client`, but an instance of `NumpyClient` was returned. Please use `NumPyClient.to_client()` method to convert it to `Client`.
2024-12-28 00:37:46,638 - INFO - Epoch 1/1: Loss = 85.4835
2024-12-28 00:37:46,638 - INFO - Sent reply
2024-12-28 00:37:46,688 - INFO - 
2024-12-28 00:37:46,688 - INFO - Received: evaluate message bc338a8b-d1c4-4621-9479-e33f179bd7a2
2024-12-28 00:37:46,688 - WARNING - Deprecation Warning: The `client_fn` function must return an instance of `Client`, but an instance of `NumpyClient` was returned. Please use `NumPyClient.to_client()` method to convert it to `Client`.
2024-12-28 00:37:46,748 - INFO - Test Metrics | Log-loss: 0.5136 | ROC AUC: 0.7947 | Accuracy: 0.6537 | F1 Score: 0.2328
2024-12-28 00:37:46,748 - INFO - Sent reply
2024-12-28 00:37:46,748 - INFO - 
2024-12-28 00:37:46,755 - INFO - Received: train message 073d9216-17bf-40cf-8704-efe883dcfcd8
2024-12-28 00:37:46,755 - WARNING - Deprecation Warning: The `client_fn` function must return an instance of `Client`, but an instance of `NumpyClient` was returned. Please use `NumPyClient.to_client()` method to convert it to `Client`.
2024-12-28 00:37:47,033 - INFO - Epoch 1/1: Loss = 84.5243
2024-12-28 00:37:47,033 - INFO - Sent reply
2024-12-28 00:37:47,081 - INFO - 
2024-12-28 00:37:47,081 - INFO - Received: evaluate message 9b8d10fb-8ad1-44b9-b629-005429ee9e10
2024-12-28 00:37:47,081 - WARNING - Deprecation Warning: The `client_fn` function must return an instance of `Client`, but an instance of `NumpyClient` was returned. Please use `NumPyClient.to_client()` method to convert it to `Client`.
2024-12-28 00:37:47,138 - INFO - Test Metrics | Log-loss: 0.5520 | ROC AUC: 0.7930 | Accuracy: 0.6427 | F1 Score: 0.2347
2024-12-28 00:37:47,138 - INFO - Sent reply
2024-12-28 00:37:47,138 - INFO - 
2024-12-28 00:37:47,138 - INFO - Received: train message b24586b4-0e30-48f4-9e20-da71afb0118f
2024-12-28 00:37:47,138 - WARNING - Deprecation Warning: The `client_fn` function must return an instance of `Client`, but an instance of `NumpyClient` was returned. Please use `NumPyClient.to_client()` method to convert it to `Client`.
2024-12-28 00:37:47,432 - INFO - Epoch 1/1: Loss = 83.6083
2024-12-28 00:37:47,432 - INFO - Sent reply
2024-12-28 00:37:47,465 - INFO - 
2024-12-28 00:37:47,465 - INFO - Received: evaluate message 45030879-50a5-4f3c-a733-a691e421d413
2024-12-28 00:37:47,465 - WARNING - Deprecation Warning: The `client_fn` function must return an instance of `Client`, but an instance of `NumpyClient` was returned. Please use `NumPyClient.to_client()` method to convert it to `Client`.
2024-12-28 00:37:47,522 - INFO - Test Metrics | Log-loss: 0.5009 | ROC AUC: 0.7958 | Accuracy: 0.6615 | F1 Score: 0.2380
2024-12-28 00:37:47,522 - INFO - Sent reply
2024-12-28 00:37:47,522 - INFO - 
2024-12-28 00:37:47,522 - INFO - Received: train message bc921135-ac23-4a5c-9c45-344cd5e5bc49
2024-12-28 00:37:47,522 - WARNING - Deprecation Warning: The `client_fn` function must return an instance of `Client`, but an instance of `NumpyClient` was returned. Please use `NumPyClient.to_client()` method to convert it to `Client`.
2024-12-28 00:37:47,809 - INFO - Epoch 1/1: Loss = 82.8578
2024-12-28 00:37:47,809 - INFO - Sent reply
2024-12-28 00:37:47,850 - INFO - 
2024-12-28 00:37:47,850 - INFO - Received: evaluate message 3c519eb5-1a68-4d23-b29c-f32f8923908e
2024-12-28 00:37:47,850 - WARNING - Deprecation Warning: The `client_fn` function must return an instance of `Client`, but an instance of `NumpyClient` was returned. Please use `NumPyClient.to_client()` method to convert it to `Client`.
2024-12-28 00:37:47,906 - INFO - Test Metrics | Log-loss: 0.4801 | ROC AUC: 0.7966 | Accuracy: 0.6761 | F1 Score: 0.2391
2024-12-28 00:37:47,906 - INFO - Sent reply
2024-12-28 00:37:47,906 - INFO - 
2024-12-28 00:37:47,906 - INFO - Received: train message 87a8ddf5-be47-43c0-af59-2ef807cb05aa
2024-12-28 00:37:47,906 - WARNING - Deprecation Warning: The `client_fn` function must return an instance of `Client`, but an instance of `NumpyClient` was returned. Please use `NumPyClient.to_client()` method to convert it to `Client`.
2024-12-28 00:37:48,217 - INFO - Epoch 1/1: Loss = 82.0492
2024-12-28 00:37:48,217 - INFO - Sent reply
2024-12-28 00:37:48,265 - INFO - 
2024-12-28 00:37:48,265 - INFO - Received: evaluate message 4ed478f0-fdcb-4c03-ba4f-1ab614f37829
2024-12-28 00:37:48,265 - WARNING - Deprecation Warning: The `client_fn` function must return an instance of `Client`, but an instance of `NumpyClient` was returned. Please use `NumPyClient.to_client()` method to convert it to `Client`.
2024-12-28 00:37:48,322 - INFO - Test Metrics | Log-loss: 0.5696 | ROC AUC: 0.7965 | Accuracy: 0.6372 | F1 Score: 0.2351
2024-12-28 00:37:48,322 - INFO - Sent reply
2024-12-28 00:37:48,322 - INFO - 
2024-12-28 00:37:48,322 - INFO - Received: train message bc946a00-eeca-4879-8a54-845929b23a8f
2024-12-28 00:37:48,322 - WARNING - Deprecation Warning: The `client_fn` function must return an instance of `Client`, but an instance of `NumpyClient` was returned. Please use `NumPyClient.to_client()` method to convert it to `Client`.
2024-12-28 00:37:48,600 - INFO - Epoch 1/1: Loss = 81.4264
2024-12-28 00:37:48,600 - INFO - Sent reply
2024-12-28 00:37:48,658 - INFO - 
2024-12-28 00:37:48,658 - INFO - Received: evaluate message baa5db56-f4ec-4c0f-aa95-b3691e84b2b4
2024-12-28 00:37:48,658 - WARNING - Deprecation Warning: The `client_fn` function must return an instance of `Client`, but an instance of `NumpyClient` was returned. Please use `NumPyClient.to_client()` method to convert it to `Client`.
2024-12-28 00:37:48,707 - INFO - Test Metrics | Log-loss: 0.4612 | ROC AUC: 0.8006 | Accuracy: 0.6897 | F1 Score: 0.2447
2024-12-28 00:37:48,707 - INFO - Sent reply
2024-12-28 00:37:48,721 - INFO - 
2024-12-28 00:37:48,721 - INFO - Received: train message 003fc5e6-3bf2-4cd9-b5e4-a0c00ca47c4a
2024-12-28 00:37:48,721 - WARNING - Deprecation Warning: The `client_fn` function must return an instance of `Client`, but an instance of `NumpyClient` was returned. Please use `NumPyClient.to_client()` method to convert it to `Client`.
2024-12-28 00:37:49,014 - INFO - Epoch 1/1: Loss = 81.0745
2024-12-28 00:37:49,014 - INFO - Sent reply
2024-12-28 00:37:49,054 - INFO - 
2024-12-28 00:37:49,054 - INFO - Received: evaluate message 7b4cb265-e124-4ccb-914b-fd55cd3d1e3e
2024-12-28 00:37:49,054 - WARNING - Deprecation Warning: The `client_fn` function must return an instance of `Client`, but an instance of `NumpyClient` was returned. Please use `NumPyClient.to_client()` method to convert it to `Client`.
2024-12-28 00:37:49,106 - INFO - Test Metrics | Log-loss: 0.4540 | ROC AUC: 0.8017 | Accuracy: 0.6955 | F1 Score: 0.2434
2024-12-28 00:37:49,106 - INFO - Sent reply
2024-12-28 00:37:49,106 - INFO - 
2024-12-28 00:37:49,106 - INFO - Received: train message 0f0aa144-7955-4153-aa1d-fdc966029fd3
2024-12-28 00:37:49,106 - WARNING - Deprecation Warning: The `client_fn` function must return an instance of `Client`, but an instance of `NumpyClient` was returned. Please use `NumPyClient.to_client()` method to convert it to `Client`.
2024-12-28 00:37:49,423 - INFO - Epoch 1/1: Loss = 80.4156
2024-12-28 00:37:49,423 - INFO - Sent reply
2024-12-28 00:37:49,464 - INFO - 
2024-12-28 00:37:49,464 - INFO - Received: evaluate message d8d657db-47da-4fcc-b7ef-cef2ab026dad
2024-12-28 00:37:49,464 - WARNING - Deprecation Warning: The `client_fn` function must return an instance of `Client`, but an instance of `NumpyClient` was returned. Please use `NumPyClient.to_client()` method to convert it to `Client`.
2024-12-28 00:37:49,522 - INFO - Test Metrics | Log-loss: 0.4739 | ROC AUC: 0.7996 | Accuracy: 0.6845 | F1 Score: 0.2440
2024-12-28 00:37:49,522 - INFO - Sent reply
2024-12-28 00:37:49,522 - INFO - 
2024-12-28 00:37:49,522 - INFO - Received: train message dedff516-236d-48b2-a621-22cd501bd17b
2024-12-28 00:37:49,522 - WARNING - Deprecation Warning: The `client_fn` function must return an instance of `Client`, but an instance of `NumpyClient` was returned. Please use `NumPyClient.to_client()` method to convert it to `Client`.
2024-12-28 00:37:49,815 - INFO - Epoch 1/1: Loss = 80.1491
2024-12-28 00:37:49,815 - INFO - Sent reply
2024-12-28 00:37:49,862 - INFO - 
2024-12-28 00:37:49,862 - INFO - Received: evaluate message 8b0907da-b710-4f89-a0e2-129e108bb986
2024-12-28 00:37:49,862 - WARNING - Deprecation Warning: The `client_fn` function must return an instance of `Client`, but an instance of `NumpyClient` was returned. Please use `NumPyClient.to_client()` method to convert it to `Client`.
2024-12-28 00:37:49,922 - INFO - Test Metrics | Log-loss: 0.5320 | ROC AUC: 0.7991 | Accuracy: 0.6560 | F1 Score: 0.2372
2024-12-28 00:37:49,922 - INFO - Sent reply
2024-12-28 00:37:49,922 - INFO - 
2024-12-28 00:37:49,922 - INFO - Received: train message 7cf0de28-9185-430b-8c60-7c820b22adb0
2024-12-28 00:37:49,922 - WARNING - Deprecation Warning: The `client_fn` function must return an instance of `Client`, but an instance of `NumpyClient` was returned. Please use `NumPyClient.to_client()` method to convert it to `Client`.
2024-12-28 00:37:50,240 - INFO - Epoch 1/1: Loss = 79.5591
2024-12-28 00:37:50,240 - INFO - Sent reply
2024-12-28 00:37:50,273 - INFO - 
2024-12-28 00:37:50,273 - INFO - Received: evaluate message 804a7c5f-b79b-4521-9ee5-706e690b6d9a
2024-12-28 00:37:50,273 - WARNING - Deprecation Warning: The `client_fn` function must return an instance of `Client`, but an instance of `NumpyClient` was returned. Please use `NumPyClient.to_client()` method to convert it to `Client`.
2024-12-28 00:37:50,322 - INFO - Test Metrics | Log-loss: 0.4999 | ROC AUC: 0.8011 | Accuracy: 0.6751 | F1 Score: 0.2421
2024-12-28 00:37:50,322 - INFO - Sent reply
2024-12-28 00:37:50,339 - INFO - 
2024-12-28 00:37:50,339 - INFO - Received: train message 10091109-a664-4c09-8170-8575d015fb9a
2024-12-28 00:37:50,339 - WARNING - Deprecation Warning: The `client_fn` function must return an instance of `Client`, but an instance of `NumpyClient` was returned. Please use `NumPyClient.to_client()` method to convert it to `Client`.
2024-12-28 00:37:50,647 - INFO - Epoch 1/1: Loss = 79.2468
2024-12-28 00:37:50,647 - INFO - Sent reply
2024-12-28 00:37:50,687 - INFO - 
2024-12-28 00:37:50,687 - INFO - Received: evaluate message 0f3db19a-bc8e-42b9-a8f4-8f688bb68218
2024-12-28 00:37:50,687 - WARNING - Deprecation Warning: The `client_fn` function must return an instance of `Client`, but an instance of `NumpyClient` was returned. Please use `NumPyClient.to_client()` method to convert it to `Client`.
2024-12-28 00:37:50,743 - INFO - Test Metrics | Log-loss: 0.5118 | ROC AUC: 0.8007 | Accuracy: 0.6676 | F1 Score: 0.2413
2024-12-28 00:37:50,743 - INFO - Sent reply
2024-12-28 00:37:50,743 - INFO - 
2024-12-28 00:37:50,743 - INFO - Received: train message 637c98d8-14f9-44fa-8575-e94a9ebd2313
2024-12-28 00:37:50,743 - WARNING - Deprecation Warning: The `client_fn` function must return an instance of `Client`, but an instance of `NumpyClient` was returned. Please use `NumPyClient.to_client()` method to convert it to `Client`.
2024-12-28 00:37:51,038 - INFO - Epoch 1/1: Loss = 78.8831
2024-12-28 00:37:51,038 - INFO - Sent reply
2024-12-28 00:37:51,078 - INFO - 
2024-12-28 00:37:51,078 - INFO - Received: evaluate message b8e66acf-a1ae-4991-9ea6-7ef041f73864
2024-12-28 00:37:51,078 - WARNING - Deprecation Warning: The `client_fn` function must return an instance of `Client`, but an instance of `NumpyClient` was returned. Please use `NumPyClient.to_client()` method to convert it to `Client`.
2024-12-28 00:37:51,138 - INFO - Test Metrics | Log-loss: 0.4758 | ROC AUC: 0.8019 | Accuracy: 0.6910 | F1 Score: 0.2443
2024-12-28 00:37:51,138 - INFO - Sent reply
2024-12-28 00:37:51,138 - INFO - 
2024-12-28 00:37:51,138 - INFO - Received: train message 1110ba57-ea24-4b60-be96-b8cbb9e4f748
2024-12-28 00:37:51,138 - WARNING - Deprecation Warning: The `client_fn` function must return an instance of `Client`, but an instance of `NumpyClient` was returned. Please use `NumPyClient.to_client()` method to convert it to `Client`.
2024-12-28 00:37:51,448 - INFO - Epoch 1/1: Loss = 78.5084
2024-12-28 00:37:51,448 - INFO - Sent reply
2024-12-28 00:37:51,489 - INFO - 
2024-12-28 00:37:51,489 - INFO - Received: evaluate message 2e853151-a601-45e0-99b2-f3ef3098b3cd
2024-12-28 00:37:51,489 - WARNING - Deprecation Warning: The `client_fn` function must return an instance of `Client`, but an instance of `NumpyClient` was returned. Please use `NumPyClient.to_client()` method to convert it to `Client`.
2024-12-28 00:37:51,538 - INFO - Test Metrics | Log-loss: 0.4973 | ROC AUC: 0.8009 | Accuracy: 0.6803 | F1 Score: 0.2450
2024-12-28 00:37:51,538 - INFO - Sent reply
2024-12-28 00:37:51,554 - INFO - 
2024-12-28 00:37:51,554 - INFO - Received: train message be6e0c79-fefe-49e1-9877-abdb8c060b9c
2024-12-28 00:37:51,554 - WARNING - Deprecation Warning: The `client_fn` function must return an instance of `Client`, but an instance of `NumpyClient` was returned. Please use `NumPyClient.to_client()` method to convert it to `Client`.
2024-12-28 00:37:51,864 - INFO - Epoch 1/1: Loss = 78.0298
2024-12-28 00:37:51,864 - INFO - Sent reply
2024-12-28 00:37:51,905 - INFO - 
2024-12-28 00:37:51,905 - INFO - Received: evaluate message 3da84834-d6d3-4f30-b3d0-8c6aa7dde17c
2024-12-28 00:37:51,905 - WARNING - Deprecation Warning: The `client_fn` function must return an instance of `Client`, but an instance of `NumpyClient` was returned. Please use `NumPyClient.to_client()` method to convert it to `Client`.
2024-12-28 00:37:51,955 - INFO - Test Metrics | Log-loss: 0.4405 | ROC AUC: 0.8029 | Accuracy: 0.7130 | F1 Score: 0.2468
2024-12-28 00:37:51,955 - INFO - Sent reply
2024-12-28 00:37:51,970 - INFO - 
2024-12-28 00:37:51,970 - INFO - Received: train message 6118d695-e077-4195-8712-4f335a0cb67e
2024-12-28 00:37:51,970 - WARNING - Deprecation Warning: The `client_fn` function must return an instance of `Client`, but an instance of `NumpyClient` was returned. Please use `NumPyClient.to_client()` method to convert it to `Client`.
2024-12-28 00:37:52,265 - INFO - Epoch 1/1: Loss = 77.6117
2024-12-28 00:37:52,265 - INFO - Sent reply
2024-12-28 00:37:52,306 - INFO - 
2024-12-28 00:37:52,306 - INFO - Received: evaluate message 9a345977-8d55-4fc2-a1de-f529c6ac0ff6
2024-12-28 00:37:52,306 - WARNING - Deprecation Warning: The `client_fn` function must return an instance of `Client`, but an instance of `NumpyClient` was returned. Please use `NumPyClient.to_client()` method to convert it to `Client`.
2024-12-28 00:37:52,411 - INFO - Test Metrics | Log-loss: 0.4964 | ROC AUC: 0.8013 | Accuracy: 0.6819 | F1 Score: 0.2460
2024-12-28 00:37:52,411 - INFO - Sent reply
2024-12-28 00:37:52,411 - INFO - 
2024-12-28 00:37:52,411 - INFO - Received: train message 444904b4-8d65-4b19-838f-8cdb565ddfa1
2024-12-28 00:37:52,411 - WARNING - Deprecation Warning: The `client_fn` function must return an instance of `Client`, but an instance of `NumpyClient` was returned. Please use `NumPyClient.to_client()` method to convert it to `Client`.
2024-12-28 00:37:52,715 - INFO - Epoch 1/1: Loss = 77.4839
2024-12-28 00:37:52,715 - INFO - Sent reply
2024-12-28 00:37:52,755 - INFO - 
2024-12-28 00:37:52,755 - INFO - Received: evaluate message 3e6d4683-cec1-46c0-99ea-cc8d74dcfdb8
2024-12-28 00:37:52,755 - WARNING - Deprecation Warning: The `client_fn` function must return an instance of `Client`, but an instance of `NumpyClient` was returned. Please use `NumPyClient.to_client()` method to convert it to `Client`.
2024-12-28 00:37:52,820 - INFO - Test Metrics | Log-loss: 0.4821 | ROC AUC: 0.8024 | Accuracy: 0.6913 | F1 Score: 0.2444
2024-12-28 00:37:52,822 - INFO - Sent reply
2024-12-28 00:37:52,822 - INFO - 
2024-12-28 00:37:52,822 - INFO - Received: train message 9fd30145-66d5-40ff-a6c1-47c53900da59
2024-12-28 00:37:52,822 - WARNING - Deprecation Warning: The `client_fn` function must return an instance of `Client`, but an instance of `NumpyClient` was returned. Please use `NumPyClient.to_client()` method to convert it to `Client`.
2024-12-28 00:37:53,112 - INFO - Epoch 1/1: Loss = 77.3232
2024-12-28 00:37:53,112 - INFO - Sent reply
2024-12-28 00:37:53,160 - INFO - 
2024-12-28 00:37:53,160 - INFO - Received: evaluate message eaf9e3d7-4b53-413a-83cd-307986d18ca1
2024-12-28 00:37:53,160 - WARNING - Deprecation Warning: The `client_fn` function must return an instance of `Client`, but an instance of `NumpyClient` was returned. Please use `NumPyClient.to_client()` method to convert it to `Client`.
2024-12-28 00:37:53,206 - INFO - Test Metrics | Log-loss: 0.4661 | ROC AUC: 0.8016 | Accuracy: 0.6981 | F1 Score: 0.2425
2024-12-28 00:37:53,219 - INFO - Sent reply
2024-12-28 00:37:53,222 - INFO - 
2024-12-28 00:37:53,222 - INFO - Received: train message 7bfe143b-3ecc-484a-aa7b-2004a266c8b1
2024-12-28 00:37:53,222 - WARNING - Deprecation Warning: The `client_fn` function must return an instance of `Client`, but an instance of `NumpyClient` was returned. Please use `NumPyClient.to_client()` method to convert it to `Client`.
2024-12-28 00:37:53,503 - INFO - Epoch 1/1: Loss = 77.1093
2024-12-28 00:37:53,503 - INFO - Sent reply
2024-12-28 00:37:53,552 - INFO - 
2024-12-28 00:37:53,552 - INFO - Received: evaluate message f5594ae5-631f-4797-9bf4-cfa7ab63b500
2024-12-28 00:37:53,552 - WARNING - Deprecation Warning: The `client_fn` function must return an instance of `Client`, but an instance of `NumpyClient` was returned. Please use `NumPyClient.to_client()` method to convert it to `Client`.
2024-12-28 00:37:53,605 - INFO - Test Metrics | Log-loss: 0.4613 | ROC AUC: 0.8024 | Accuracy: 0.7040 | F1 Score: 0.2448
2024-12-28 00:37:53,605 - INFO - Sent reply
2024-12-28 00:37:53,605 - INFO - 
2024-12-28 00:37:53,605 - INFO - Received: train message 869d39e0-2fdb-4567-9884-2a4104c4b5fa
2024-12-28 00:37:53,605 - WARNING - Deprecation Warning: The `client_fn` function must return an instance of `Client`, but an instance of `NumpyClient` was returned. Please use `NumPyClient.to_client()` method to convert it to `Client`.
2024-12-28 00:37:53,899 - INFO - Epoch 1/1: Loss = 76.7809
2024-12-28 00:37:53,899 - INFO - Sent reply
2024-12-28 00:37:53,947 - INFO - 
2024-12-28 00:37:53,947 - INFO - Received: evaluate message 0ed7decb-af1d-4314-baa4-e892b9e358b2
2024-12-28 00:37:53,947 - WARNING - Deprecation Warning: The `client_fn` function must return an instance of `Client`, but an instance of `NumpyClient` was returned. Please use `NumPyClient.to_client()` method to convert it to `Client`.
2024-12-28 00:37:54,005 - INFO - Test Metrics | Log-loss: 0.4865 | ROC AUC: 0.8016 | Accuracy: 0.6903 | F1 Score: 0.2427
2024-12-28 00:37:54,005 - INFO - Sent reply
2024-12-28 00:37:54,005 - INFO - 
2024-12-28 00:37:54,005 - INFO - Received: train message ebcb1043-f781-42db-bb5f-3b53d402e467
2024-12-28 00:37:54,005 - WARNING - Deprecation Warning: The `client_fn` function must return an instance of `Client`, but an instance of `NumpyClient` was returned. Please use `NumPyClient.to_client()` method to convert it to `Client`.
2024-12-28 00:37:54,330 - INFO - Epoch 1/1: Loss = 76.8116
2024-12-28 00:37:54,330 - INFO - Sent reply
2024-12-28 00:37:54,372 - INFO - 
2024-12-28 00:37:54,373 - INFO - Received: evaluate message 9a0d021f-aef9-45ad-ad1e-a65adb3fe8f5
2024-12-28 00:37:54,373 - WARNING - Deprecation Warning: The `client_fn` function must return an instance of `Client`, but an instance of `NumpyClient` was returned. Please use `NumPyClient.to_client()` method to convert it to `Client`.
2024-12-28 00:37:54,427 - INFO - Test Metrics | Log-loss: 0.4828 | ROC AUC: 0.8026 | Accuracy: 0.6949 | F1 Score: 0.2417
2024-12-28 00:37:54,427 - INFO - Sent reply
2024-12-28 00:37:54,427 - INFO - 
2024-12-28 00:37:54,427 - INFO - Received: train message a890f742-654b-4546-a2df-a2d0b1fed48b
2024-12-28 00:37:54,427 - WARNING - Deprecation Warning: The `client_fn` function must return an instance of `Client`, but an instance of `NumpyClient` was returned. Please use `NumPyClient.to_client()` method to convert it to `Client`.
2024-12-28 00:37:54,710 - INFO - Epoch 1/1: Loss = 76.4581
2024-12-28 00:37:54,710 - INFO - Sent reply
2024-12-28 00:37:54,762 - INFO - 
2024-12-28 00:37:54,762 - INFO - Received: evaluate message 1d0e8c74-8b92-4e27-b7ce-ce11d36f6b59
2024-12-28 00:37:54,762 - WARNING - Deprecation Warning: The `client_fn` function must return an instance of `Client`, but an instance of `NumpyClient` was returned. Please use `NumPyClient.to_client()` method to convert it to `Client`.
2024-12-28 00:37:54,821 - INFO - Test Metrics | Log-loss: 0.4778 | ROC AUC: 0.8022 | Accuracy: 0.6978 | F1 Score: 0.2460
2024-12-28 00:37:54,821 - INFO - Sent reply
2024-12-28 00:37:54,821 - INFO - 
2024-12-28 00:37:54,821 - INFO - Received: train message db0a2c80-8a86-4980-94df-82a31270832e
2024-12-28 00:37:54,821 - WARNING - Deprecation Warning: The `client_fn` function must return an instance of `Client`, but an instance of `NumpyClient` was returned. Please use `NumPyClient.to_client()` method to convert it to `Client`.
2024-12-28 00:37:55,135 - INFO - Epoch 1/1: Loss = 75.9642
2024-12-28 00:37:55,135 - INFO - Sent reply
2024-12-28 00:37:55,183 - INFO - 
2024-12-28 00:37:55,183 - INFO - Received: evaluate message 62a64078-1068-49ae-9521-844ace84d821
2024-12-28 00:37:55,183 - WARNING - Deprecation Warning: The `client_fn` function must return an instance of `Client`, but an instance of `NumpyClient` was returned. Please use `NumPyClient.to_client()` method to convert it to `Client`.
2024-12-28 00:37:55,237 - INFO - Test Metrics | Log-loss: 0.4684 | ROC AUC: 0.8032 | Accuracy: 0.7027 | F1 Score: 0.2428
2024-12-28 00:37:55,237 - INFO - Sent reply
2024-12-28 00:37:55,249 - INFO - 
2024-12-28 00:37:55,253 - INFO - Received: train message 844c5edd-9788-47a0-bd2d-164b59cef528
2024-12-28 00:37:55,254 - WARNING - Deprecation Warning: The `client_fn` function must return an instance of `Client`, but an instance of `NumpyClient` was returned. Please use `NumPyClient.to_client()` method to convert it to `Client`.
2024-12-28 00:37:55,535 - INFO - Epoch 1/1: Loss = 76.1491
2024-12-28 00:37:55,535 - INFO - Sent reply
2024-12-28 00:37:55,586 - INFO - 
2024-12-28 00:37:55,586 - INFO - Received: evaluate message eb127e9d-fa15-4331-be89-1db029cd69e7
2024-12-28 00:37:55,586 - WARNING - Deprecation Warning: The `client_fn` function must return an instance of `Client`, but an instance of `NumpyClient` was returned. Please use `NumPyClient.to_client()` method to convert it to `Client`.
2024-12-28 00:37:55,638 - INFO - Test Metrics | Log-loss: 0.4545 | ROC AUC: 0.8027 | Accuracy: 0.7114 | F1 Score: 0.2458
2024-12-28 00:37:55,638 - INFO - Sent reply
2024-12-28 00:37:55,652 - INFO - 
2024-12-28 00:37:55,652 - INFO - Received: train message ab1cbae6-89f5-4730-ba70-396723b0c225
2024-12-28 00:37:55,652 - WARNING - Deprecation Warning: The `client_fn` function must return an instance of `Client`, but an instance of `NumpyClient` was returned. Please use `NumPyClient.to_client()` method to convert it to `Client`.
2024-12-28 00:37:55,948 - INFO - Epoch 1/1: Loss = 75.7099
2024-12-28 00:37:55,948 - INFO - Sent reply
2024-12-28 00:37:55,995 - INFO - 
2024-12-28 00:37:55,995 - INFO - Received: evaluate message 8f8f13dc-b985-47da-b94d-f4a4509a4aff
2024-12-28 00:37:55,995 - WARNING - Deprecation Warning: The `client_fn` function must return an instance of `Client`, but an instance of `NumpyClient` was returned. Please use `NumPyClient.to_client()` method to convert it to `Client`.
2024-12-28 00:37:56,058 - INFO - Test Metrics | Log-loss: 0.4895 | ROC AUC: 0.8025 | Accuracy: 0.6936 | F1 Score: 0.2410
2024-12-28 00:37:56,058 - INFO - Sent reply
2024-12-28 00:37:56,067 - INFO - 
2024-12-28 00:37:56,067 - INFO - Received: train message 68740a25-b269-46ce-a737-c33dfd21eded
2024-12-28 00:37:56,067 - WARNING - Deprecation Warning: The `client_fn` function must return an instance of `Client`, but an instance of `NumpyClient` was returned. Please use `NumPyClient.to_client()` method to convert it to `Client`.
2024-12-28 00:37:56,382 - INFO - Epoch 1/1: Loss = 75.4380
2024-12-28 00:37:56,382 - INFO - Sent reply
2024-12-28 00:37:56,422 - INFO - 
2024-12-28 00:37:56,422 - INFO - Received: evaluate message 4100ee55-3172-4f2a-8ee1-5e1454314711
2024-12-28 00:37:56,422 - WARNING - Deprecation Warning: The `client_fn` function must return an instance of `Client`, but an instance of `NumpyClient` was returned. Please use `NumPyClient.to_client()` method to convert it to `Client`.
2024-12-28 00:37:56,485 - INFO - Test Metrics | Log-loss: 0.5276 | ROC AUC: 0.8006 | Accuracy: 0.6783 | F1 Score: 0.2416
2024-12-28 00:37:56,486 - INFO - Sent reply
2024-12-28 00:37:56,488 - INFO - 
2024-12-28 00:37:56,488 - INFO - Received: train message 81439667-5a05-44b4-86f4-f452023bf696
2024-12-28 00:37:56,488 - WARNING - Deprecation Warning: The `client_fn` function must return an instance of `Client`, but an instance of `NumpyClient` was returned. Please use `NumPyClient.to_client()` method to convert it to `Client`.
2024-12-28 00:37:56,796 - INFO - Epoch 1/1: Loss = 75.4782
2024-12-28 00:37:56,796 - INFO - Sent reply
2024-12-28 00:37:56,838 - INFO - 
2024-12-28 00:37:56,838 - INFO - Received: evaluate message ec5112fe-3e46-4eb0-bf34-e674d398d144
2024-12-28 00:37:56,838 - WARNING - Deprecation Warning: The `client_fn` function must return an instance of `Client`, but an instance of `NumpyClient` was returned. Please use `NumPyClient.to_client()` method to convert it to `Client`.
2024-12-28 00:37:56,903 - INFO - Test Metrics | Log-loss: 0.4819 | ROC AUC: 0.8022 | Accuracy: 0.6988 | F1 Score: 0.2416
2024-12-28 00:37:56,903 - INFO - Sent reply
2024-12-28 00:37:56,903 - INFO - 
2024-12-28 00:37:56,903 - INFO - Received: train message 03bb132f-246f-4f8b-be0f-6cd4e980fe2c
2024-12-28 00:37:56,903 - WARNING - Deprecation Warning: The `client_fn` function must return an instance of `Client`, but an instance of `NumpyClient` was returned. Please use `NumPyClient.to_client()` method to convert it to `Client`.
2024-12-28 00:37:57,184 - INFO - Epoch 1/1: Loss = 75.2411
2024-12-28 00:37:57,184 - INFO - Sent reply
2024-12-28 00:37:57,221 - INFO - 
2024-12-28 00:37:57,221 - INFO - Received: evaluate message f461eb0f-3de2-4154-a6ed-349fe94f9eb2
2024-12-28 00:37:57,221 - WARNING - Deprecation Warning: The `client_fn` function must return an instance of `Client`, but an instance of `NumpyClient` was returned. Please use `NumPyClient.to_client()` method to convert it to `Client`.
2024-12-28 00:37:57,279 - INFO - Test Metrics | Log-loss: 0.4749 | ROC AUC: 0.8029 | Accuracy: 0.7046 | F1 Score: 0.2452
2024-12-28 00:37:57,279 - INFO - Sent reply
2024-12-28 00:37:57,286 - INFO - 
2024-12-28 00:37:57,286 - INFO - Received: train message ecf703eb-a0d4-4324-9168-99f309ace8fb
2024-12-28 00:37:57,286 - WARNING - Deprecation Warning: The `client_fn` function must return an instance of `Client`, but an instance of `NumpyClient` was returned. Please use `NumPyClient.to_client()` method to convert it to `Client`.
2024-12-28 00:37:57,571 - INFO - Epoch 1/1: Loss = 75.1433
2024-12-28 00:37:57,571 - INFO - Sent reply
2024-12-28 00:37:57,619 - INFO - 
2024-12-28 00:37:57,619 - INFO - Received: evaluate message 42b2563d-9dc9-4b5d-97a5-d25a7f965123
2024-12-28 00:37:57,619 - WARNING - Deprecation Warning: The `client_fn` function must return an instance of `Client`, but an instance of `NumpyClient` was returned. Please use `NumPyClient.to_client()` method to convert it to `Client`.
2024-12-28 00:37:57,671 - INFO - Test Metrics | Log-loss: 0.4436 | ROC AUC: 0.8034 | Accuracy: 0.7228 | F1 Score: 0.2480
2024-12-28 00:37:57,671 - INFO - Sent reply
2024-12-28 00:37:57,687 - INFO - 
2024-12-28 00:37:57,687 - INFO - Received: train message 561d1b3c-b837-4347-a908-19d6e8db81c4
2024-12-28 00:37:57,687 - WARNING - Deprecation Warning: The `client_fn` function must return an instance of `Client`, but an instance of `NumpyClient` was returned. Please use `NumPyClient.to_client()` method to convert it to `Client`.
2024-12-28 00:37:57,980 - INFO - Epoch 1/1: Loss = 75.0948
2024-12-28 00:37:57,980 - INFO - Sent reply
2024-12-28 00:37:58,021 - INFO - 
2024-12-28 00:37:58,021 - INFO - Received: evaluate message f84ccf4e-8801-40d0-a51c-a25add09ae3b
2024-12-28 00:37:58,021 - WARNING - Deprecation Warning: The `client_fn` function must return an instance of `Client`, but an instance of `NumpyClient` was returned. Please use `NumPyClient.to_client()` method to convert it to `Client`.
2024-12-28 00:37:58,084 - INFO - Test Metrics | Log-loss: 0.4715 | ROC AUC: 0.8031 | Accuracy: 0.7075 | F1 Score: 0.2471
2024-12-28 00:37:58,086 - INFO - Sent reply
2024-12-28 00:37:58,086 - INFO - 
2024-12-28 00:37:58,086 - INFO - Received: train message f80b0187-8567-4e5c-a85e-64a58c585f6b
2024-12-28 00:37:58,086 - WARNING - Deprecation Warning: The `client_fn` function must return an instance of `Client`, but an instance of `NumpyClient` was returned. Please use `NumPyClient.to_client()` method to convert it to `Client`.
2024-12-28 00:37:58,379 - INFO - Epoch 1/1: Loss = 74.7983
2024-12-28 00:37:58,379 - INFO - Sent reply
2024-12-28 00:37:58,421 - INFO - 
2024-12-28 00:37:58,421 - INFO - Received: evaluate message 1fbfea20-931e-42d6-b5ac-225776d48c13
2024-12-28 00:37:58,421 - WARNING - Deprecation Warning: The `client_fn` function must return an instance of `Client`, but an instance of `NumpyClient` was returned. Please use `NumPyClient.to_client()` method to convert it to `Client`.
2024-12-28 00:37:58,486 - INFO - Test Metrics | Log-loss: 0.4718 | ROC AUC: 0.8027 | Accuracy: 0.7075 | F1 Score: 0.2483
2024-12-28 00:37:58,486 - INFO - Sent reply
2024-12-28 00:37:58,486 - INFO - 
2024-12-28 00:37:58,486 - INFO - Received: train message 428f29c7-124d-4b01-b2ca-36ed7ffa5b70
2024-12-28 00:37:58,486 - WARNING - Deprecation Warning: The `client_fn` function must return an instance of `Client`, but an instance of `NumpyClient` was returned. Please use `NumPyClient.to_client()` method to convert it to `Client`.
2024-12-28 00:37:58,803 - INFO - Epoch 1/1: Loss = 74.5966
2024-12-28 00:37:58,803 - INFO - Sent reply
2024-12-28 00:37:58,837 - INFO - 
2024-12-28 00:37:58,837 - INFO - Received: evaluate message 1eb89f5f-e928-4dda-a76f-77630a7459bd
2024-12-28 00:37:58,837 - WARNING - Deprecation Warning: The `client_fn` function must return an instance of `Client`, but an instance of `NumpyClient` was returned. Please use `NumPyClient.to_client()` method to convert it to `Client`.
2024-12-28 00:37:58,903 - INFO - Test Metrics | Log-loss: 0.4392 | ROC AUC: 0.8044 | Accuracy: 0.7309 | F1 Score: 0.2495
2024-12-28 00:37:58,908 - INFO - Sent reply
2024-12-28 00:37:58,908 - INFO - 
2024-12-28 00:37:58,908 - INFO - Received: train message ceb4d337-50a9-4d92-88ad-8d2cbac7c000
2024-12-28 00:37:58,908 - WARNING - Deprecation Warning: The `client_fn` function must return an instance of `Client`, but an instance of `NumpyClient` was returned. Please use `NumPyClient.to_client()` method to convert it to `Client`.
2024-12-28 00:37:59,207 - INFO - Epoch 1/1: Loss = 74.4061
2024-12-28 00:37:59,207 - INFO - Sent reply
2024-12-28 00:37:59,254 - INFO - 
2024-12-28 00:37:59,254 - INFO - Received: evaluate message 0be499c2-85d3-41ca-9228-aa5ea90764a5
2024-12-28 00:37:59,254 - WARNING - Deprecation Warning: The `client_fn` function must return an instance of `Client`, but an instance of `NumpyClient` was returned. Please use `NumPyClient.to_client()` method to convert it to `Client`.
2024-12-28 00:37:59,319 - INFO - Test Metrics | Log-loss: 0.4771 | ROC AUC: 0.8039 | Accuracy: 0.7075 | F1 Score: 0.2458
2024-12-28 00:37:59,319 - INFO - Sent reply
2024-12-28 00:37:59,321 - INFO - 
2024-12-28 00:37:59,321 - INFO - Received: train message a722c988-7af3-4414-8efe-c8b39afef77b
2024-12-28 00:37:59,321 - WARNING - Deprecation Warning: The `client_fn` function must return an instance of `Client`, but an instance of `NumpyClient` was returned. Please use `NumPyClient.to_client()` method to convert it to `Client`.
2024-12-28 00:37:59,611 - INFO - Epoch 1/1: Loss = 74.7276
2024-12-28 00:37:59,611 - INFO - Sent reply
2024-12-28 00:37:59,664 - INFO - 
2024-12-28 00:37:59,664 - INFO - Received: evaluate message 27728b98-be85-4575-8ff1-760734f8a225
2024-12-28 00:37:59,664 - WARNING - Deprecation Warning: The `client_fn` function must return an instance of `Client`, but an instance of `NumpyClient` was returned. Please use `NumPyClient.to_client()` method to convert it to `Client`.
2024-12-28 00:37:59,720 - INFO - Test Metrics | Log-loss: 0.4804 | ROC AUC: 0.8027 | Accuracy: 0.7085 | F1 Score: 0.2452
2024-12-28 00:37:59,720 - INFO - Sent reply
2024-12-28 00:37:59,720 - INFO - 
2024-12-28 00:37:59,720 - INFO - Received: train message e2d002af-3663-4d59-9131-3d7dd4f69497
2024-12-28 00:37:59,720 - WARNING - Deprecation Warning: The `client_fn` function must return an instance of `Client`, but an instance of `NumpyClient` was returned. Please use `NumPyClient.to_client()` method to convert it to `Client`.
2024-12-28 00:38:00,019 - INFO - Epoch 1/1: Loss = 74.3625
2024-12-28 00:38:00,019 - INFO - Sent reply
2024-12-28 00:38:00,061 - INFO - 
2024-12-28 00:38:00,061 - INFO - Received: evaluate message 466cdb7d-a835-4fd5-97b9-04a8e6b0c7b5
2024-12-28 00:38:00,061 - WARNING - Deprecation Warning: The `client_fn` function must return an instance of `Client`, but an instance of `NumpyClient` was returned. Please use `NumPyClient.to_client()` method to convert it to `Client`.
2024-12-28 00:38:00,120 - INFO - Test Metrics | Log-loss: 0.4462 | ROC AUC: 0.8032 | Accuracy: 0.7283 | F1 Score: 0.2491
2024-12-28 00:38:00,120 - INFO - Sent reply
2024-12-28 00:38:00,120 - INFO - 
2024-12-28 00:38:00,120 - INFO - Received: train message 59d03a70-f6e4-4d98-9ef0-12841962aa68
2024-12-28 00:38:00,120 - WARNING - Deprecation Warning: The `client_fn` function must return an instance of `Client`, but an instance of `NumpyClient` was returned. Please use `NumPyClient.to_client()` method to convert it to `Client`.
2024-12-28 00:38:00,402 - INFO - Epoch 1/1: Loss = 74.1445
2024-12-28 00:38:00,402 - INFO - Sent reply
2024-12-28 00:38:00,452 - INFO - 
2024-12-28 00:38:00,457 - INFO - Received: evaluate message f131c947-cca2-45c7-a9f7-911e4901da73
2024-12-28 00:38:00,457 - WARNING - Deprecation Warning: The `client_fn` function must return an instance of `Client`, but an instance of `NumpyClient` was returned. Please use `NumPyClient.to_client()` method to convert it to `Client`.
2024-12-28 00:38:00,513 - INFO - Test Metrics | Log-loss: 0.4577 | ROC AUC: 0.8028 | Accuracy: 0.7215 | F1 Score: 0.2432
2024-12-28 00:38:00,519 - INFO - Sent reply
2024-12-28 00:38:00,521 - INFO - 
2024-12-28 00:38:00,521 - INFO - Received: train message dca3f145-17be-4eb7-89a6-8d74568d2f6f
2024-12-28 00:38:00,521 - WARNING - Deprecation Warning: The `client_fn` function must return an instance of `Client`, but an instance of `NumpyClient` was returned. Please use `NumPyClient.to_client()` method to convert it to `Client`.
2024-12-28 00:38:00,823 - INFO - Epoch 1/1: Loss = 74.1231
2024-12-28 00:38:00,823 - INFO - Sent reply
2024-12-28 00:38:00,863 - INFO - 
2024-12-28 00:38:00,863 - INFO - Received: evaluate message 9f3959ac-c763-408d-a754-13612b4460c6
2024-12-28 00:38:00,863 - WARNING - Deprecation Warning: The `client_fn` function must return an instance of `Client`, but an instance of `NumpyClient` was returned. Please use `NumPyClient.to_client()` method to convert it to `Client`.
2024-12-28 00:38:00,920 - INFO - Test Metrics | Log-loss: 0.4780 | ROC AUC: 0.8027 | Accuracy: 0.7130 | F1 Score: 0.2468
2024-12-28 00:38:00,920 - INFO - Sent reply
2024-12-28 00:38:00,920 - INFO - 
2024-12-28 00:38:00,920 - INFO - Received: train message ce046d16-ceb2-417e-9bcc-d96b7d36d685
2024-12-28 00:38:00,920 - WARNING - Deprecation Warning: The `client_fn` function must return an instance of `Client`, but an instance of `NumpyClient` was returned. Please use `NumPyClient.to_client()` method to convert it to `Client`.
2024-12-28 00:38:01,230 - INFO - Epoch 1/1: Loss = 73.9963
2024-12-28 00:38:01,230 - INFO - Sent reply
2024-12-28 00:38:01,280 - INFO - 
2024-12-28 00:38:01,280 - INFO - Received: evaluate message 86c62d53-cc67-4530-94b3-246057c434c6
2024-12-28 00:38:01,280 - WARNING - Deprecation Warning: The `client_fn` function must return an instance of `Client`, but an instance of `NumpyClient` was returned. Please use `NumPyClient.to_client()` method to convert it to `Client`.
2024-12-28 00:38:01,337 - INFO - Test Metrics | Log-loss: 0.4870 | ROC AUC: 0.8037 | Accuracy: 0.7082 | F1 Score: 0.2500
2024-12-28 00:38:01,337 - INFO - Sent reply
2024-12-28 00:38:01,337 - INFO - 
2024-12-28 00:38:01,337 - INFO - Received: train message 428395fe-b59c-40f3-a3b3-72295caf1cec
2024-12-28 00:38:01,337 - WARNING - Deprecation Warning: The `client_fn` function must return an instance of `Client`, but an instance of `NumpyClient` was returned. Please use `NumPyClient.to_client()` method to convert it to `Client`.
2024-12-28 00:38:01,702 - INFO - Epoch 1/1: Loss = 73.7925
2024-12-28 00:38:01,702 - INFO - Sent reply
2024-12-28 00:38:01,745 - INFO - 
2024-12-28 00:38:01,745 - INFO - Received: evaluate message 6d8d6987-0267-4515-a279-24e015dba038
2024-12-28 00:38:01,745 - WARNING - Deprecation Warning: The `client_fn` function must return an instance of `Client`, but an instance of `NumpyClient` was returned. Please use `NumPyClient.to_client()` method to convert it to `Client`.
2024-12-28 00:38:01,803 - INFO - Test Metrics | Log-loss: 0.4962 | ROC AUC: 0.8036 | Accuracy: 0.6997 | F1 Score: 0.2422
2024-12-28 00:38:01,803 - INFO - Sent reply
2024-12-28 00:38:01,803 - INFO - 
2024-12-28 00:38:01,803 - INFO - Received: train message 6b30df17-a85d-4d59-8cc7-06ffbb204e21
2024-12-28 00:38:01,803 - WARNING - Deprecation Warning: The `client_fn` function must return an instance of `Client`, but an instance of `NumpyClient` was returned. Please use `NumPyClient.to_client()` method to convert it to `Client`.
2024-12-28 00:38:02,123 - INFO - Epoch 1/1: Loss = 73.9120
2024-12-28 00:38:02,123 - INFO - Sent reply
2024-12-28 00:38:02,163 - INFO - 
2024-12-28 00:38:02,163 - INFO - Received: evaluate message 451a6292-fc94-49e2-9c2f-be2d4d5eee54
2024-12-28 00:38:02,163 - WARNING - Deprecation Warning: The `client_fn` function must return an instance of `Client`, but an instance of `NumpyClient` was returned. Please use `NumPyClient.to_client()` method to convert it to `Client`.
2024-12-28 00:38:02,220 - INFO - Test Metrics | Log-loss: 0.4773 | ROC AUC: 0.8027 | Accuracy: 0.7108 | F1 Score: 0.2466
2024-12-28 00:38:02,220 - INFO - Sent reply
2024-12-28 00:38:02,220 - INFO - 
2024-12-28 00:38:02,234 - INFO - Received: train message 98d4ff12-cfd7-40d3-aa60-4dcb63225818
2024-12-28 00:38:02,234 - WARNING - Deprecation Warning: The `client_fn` function must return an instance of `Client`, but an instance of `NumpyClient` was returned. Please use `NumPyClient.to_client()` method to convert it to `Client`.
2024-12-28 00:38:02,550 - INFO - Epoch 1/1: Loss = 73.6633
2024-12-28 00:38:02,550 - INFO - Sent reply
2024-12-28 00:38:02,593 - INFO - 
2024-12-28 00:38:02,593 - INFO - Received: evaluate message 8b0f0e40-a2fb-43cb-a9c7-4b5e44996575
2024-12-28 00:38:02,593 - WARNING - Deprecation Warning: The `client_fn` function must return an instance of `Client`, but an instance of `NumpyClient` was returned. Please use `NumPyClient.to_client()` method to convert it to `Client`.
2024-12-28 00:38:02,654 - INFO - Test Metrics | Log-loss: 0.4290 | ROC AUC: 0.8044 | Accuracy: 0.7429 | F1 Score: 0.2498
2024-12-28 00:38:02,654 - INFO - Sent reply
2024-12-28 00:38:02,654 - INFO - 
2024-12-28 00:38:02,654 - INFO - Received: train message 076d0169-40ad-468d-8002-69bf694076c9
2024-12-28 00:38:02,654 - WARNING - Deprecation Warning: The `client_fn` function must return an instance of `Client`, but an instance of `NumpyClient` was returned. Please use `NumPyClient.to_client()` method to convert it to `Client`.
2024-12-28 00:38:02,957 - INFO - Epoch 1/1: Loss = 73.9333
2024-12-28 00:38:02,957 - INFO - Sent reply
2024-12-28 00:38:02,999 - INFO - 
2024-12-28 00:38:02,999 - INFO - Received: evaluate message 4504541e-dd23-40e1-803f-752232be393b
2024-12-28 00:38:02,999 - WARNING - Deprecation Warning: The `client_fn` function must return an instance of `Client`, but an instance of `NumpyClient` was returned. Please use `NumPyClient.to_client()` method to convert it to `Client`.
2024-12-28 00:38:03,061 - INFO - Test Metrics | Log-loss: 0.4809 | ROC AUC: 0.8038 | Accuracy: 0.7108 | F1 Score: 0.2441
2024-12-28 00:38:03,061 - INFO - Sent reply
2024-12-28 00:38:03,061 - INFO - 
2024-12-28 00:38:03,061 - INFO - Received: train message e8053472-fbe7-4909-a367-4147b1bd74ea
2024-12-28 00:38:03,061 - WARNING - Deprecation Warning: The `client_fn` function must return an instance of `Client`, but an instance of `NumpyClient` was returned. Please use `NumPyClient.to_client()` method to convert it to `Client`.
2024-12-28 00:38:03,348 - INFO - Epoch 1/1: Loss = 73.4394
2024-12-28 00:38:03,364 - INFO - Sent reply
2024-12-28 00:38:03,404 - INFO - 
2024-12-28 00:38:03,404 - INFO - Received: evaluate message 9c47b7c7-1658-434c-a95c-2a3026705c2d
2024-12-28 00:38:03,404 - WARNING - Deprecation Warning: The `client_fn` function must return an instance of `Client`, but an instance of `NumpyClient` was returned. Please use `NumPyClient.to_client()` method to convert it to `Client`.
2024-12-28 00:38:03,454 - INFO - Test Metrics | Log-loss: 0.4837 | ROC AUC: 0.8038 | Accuracy: 0.7091 | F1 Score: 0.2443
2024-12-28 00:38:03,454 - INFO - Sent reply
2024-12-28 00:38:03,468 - INFO - 
2024-12-28 00:38:03,470 - INFO - Received: train message 5cfd8e72-211d-4b26-880b-aa420a47d5af
2024-12-28 00:38:03,470 - WARNING - Deprecation Warning: The `client_fn` function must return an instance of `Client`, but an instance of `NumpyClient` was returned. Please use `NumPyClient.to_client()` method to convert it to `Client`.
2024-12-28 00:38:03,755 - INFO - Epoch 1/1: Loss = 73.3915
2024-12-28 00:38:03,755 - INFO - Sent reply
2024-12-28 00:38:03,803 - INFO - 
2024-12-28 00:38:03,803 - INFO - Received: evaluate message 65b9d2a5-c553-4663-a5e3-8a251cbc7221
2024-12-28 00:38:03,803 - WARNING - Deprecation Warning: The `client_fn` function must return an instance of `Client`, but an instance of `NumpyClient` was returned. Please use `NumPyClient.to_client()` method to convert it to `Client`.
2024-12-28 00:38:03,853 - INFO - Test Metrics | Log-loss: 0.4482 | ROC AUC: 0.8031 | Accuracy: 0.7318 | F1 Score: 0.2475
2024-12-28 00:38:03,853 - INFO - Sent reply
2024-12-28 00:38:03,853 - INFO - 
2024-12-28 00:38:03,853 - INFO - Received: train message 1bee0547-b8ed-46cd-bd26-8cfd1eb4a263
2024-12-28 00:38:03,853 - WARNING - Deprecation Warning: The `client_fn` function must return an instance of `Client`, but an instance of `NumpyClient` was returned. Please use `NumPyClient.to_client()` method to convert it to `Client`.
2024-12-28 00:38:04,133 - INFO - Epoch 1/1: Loss = 73.2281
2024-12-28 00:38:04,133 - INFO - Sent reply
2024-12-28 00:38:04,186 - INFO - 
2024-12-28 00:38:04,186 - INFO - Received: evaluate message cfc790a3-2b68-4cd8-8599-bff40d439735
2024-12-28 00:38:04,186 - WARNING - Deprecation Warning: The `client_fn` function must return an instance of `Client`, but an instance of `NumpyClient` was returned. Please use `NumPyClient.to_client()` method to convert it to `Client`.
2024-12-28 00:38:04,237 - INFO - Test Metrics | Log-loss: 0.4068 | ROC AUC: 0.8041 | Accuracy: 0.7571 | F1 Score: 0.2472
2024-12-28 00:38:04,237 - INFO - Sent reply
2024-12-28 00:38:04,252 - INFO - 
2024-12-28 00:38:04,252 - INFO - Received: train message 0e25ba5a-ab5e-4fe7-8988-4d72f4897749
2024-12-28 00:38:04,253 - WARNING - Deprecation Warning: The `client_fn` function must return an instance of `Client`, but an instance of `NumpyClient` was returned. Please use `NumPyClient.to_client()` method to convert it to `Client`.
2024-12-28 00:38:04,547 - INFO - Epoch 1/1: Loss = 73.1670
2024-12-28 00:38:04,547 - INFO - Sent reply
2024-12-28 00:38:04,586 - INFO - 
2024-12-28 00:38:04,586 - INFO - Received: evaluate message 2d1c34bb-ef96-4545-9df2-7e81c4f5abf4
2024-12-28 00:38:04,586 - WARNING - Deprecation Warning: The `client_fn` function must return an instance of `Client`, but an instance of `NumpyClient` was returned. Please use `NumPyClient.to_client()` method to convert it to `Client`.
2024-12-28 00:38:04,636 - INFO - Test Metrics | Log-loss: 0.4946 | ROC AUC: 0.8025 | Accuracy: 0.7043 | F1 Score: 0.2463
2024-12-28 00:38:04,636 - INFO - Sent reply
2024-12-28 00:38:04,650 - INFO - 
2024-12-28 00:38:04,650 - INFO - Received: train message ff10572e-aced-47bf-8d85-46fba7dd8d50
2024-12-28 00:38:04,650 - WARNING - Deprecation Warning: The `client_fn` function must return an instance of `Client`, but an instance of `NumpyClient` was returned. Please use `NumPyClient.to_client()` method to convert it to `Client`.
2024-12-28 00:38:04,930 - INFO - Epoch 1/1: Loss = 73.0596
2024-12-28 00:38:04,930 - INFO - Sent reply
2024-12-28 00:38:04,970 - INFO - 
2024-12-28 00:38:04,970 - INFO - Received: evaluate message 494ea4ba-dd49-49af-aadc-834c3421aad5
2024-12-28 00:38:04,970 - WARNING - Deprecation Warning: The `client_fn` function must return an instance of `Client`, but an instance of `NumpyClient` was returned. Please use `NumPyClient.to_client()` method to convert it to `Client`.
2024-12-28 00:38:05,020 - INFO - Test Metrics | Log-loss: 0.5623 | ROC AUC: 0.8015 | Accuracy: 0.6790 | F1 Score: 0.2408
2024-12-28 00:38:05,020 - INFO - Sent reply
2024-12-28 00:38:05,037 - INFO - 
2024-12-28 00:38:05,037 - INFO - Received: train message 89deec12-495c-43d2-81ac-0cab83d43dfd
2024-12-28 00:38:05,037 - WARNING - Deprecation Warning: The `client_fn` function must return an instance of `Client`, but an instance of `NumpyClient` was returned. Please use `NumPyClient.to_client()` method to convert it to `Client`.
2024-12-28 00:38:05,322 - INFO - Epoch 1/1: Loss = 73.1168
2024-12-28 00:38:05,322 - INFO - Sent reply
2024-12-28 00:38:05,363 - INFO - 
2024-12-28 00:38:05,363 - INFO - Received: evaluate message b5574030-23e3-4eed-b6c1-9601e8b0f3e1
2024-12-28 00:38:05,363 - WARNING - Deprecation Warning: The `client_fn` function must return an instance of `Client`, but an instance of `NumpyClient` was returned. Please use `NumPyClient.to_client()` method to convert it to `Client`.
2024-12-28 00:38:05,420 - INFO - Test Metrics | Log-loss: 0.4721 | ROC AUC: 0.8030 | Accuracy: 0.7179 | F1 Score: 0.2448
2024-12-28 00:38:05,420 - INFO - Sent reply
2024-12-28 00:38:05,435 - INFO - 
2024-12-28 00:38:05,435 - INFO - Received: reconnect message e40893bf-5421-4bb0-b38a-27ab395b22f4
2024-12-28 00:38:05,455 - DEBUG - gRPC channel closed
2024-12-28 00:38:05,455 - INFO - Disconnect and shut down
