2024-12-04 23:14:56,956 - INFO - EarlyStoppingFedAvg initialized.
2024-12-04 23:14:56,961 - INFO - Starting Flower server, config: num_rounds=50, no round_timeout
2024-12-04 23:14:56,976 - INFO - Flower ECE: gRPC server running (50 rounds), SSL is disabled
2024-12-04 23:14:56,976 - INFO - [INIT]
2024-12-04 23:14:56,976 - INFO - Requesting initial parameters from one random client
2024-12-04 23:14:59,547 - INFO - Received initial parameters from one random client
2024-12-04 23:14:59,547 - INFO - Evaluating initial global parameters
2024-12-04 23:14:59,547 - INFO - 
2024-12-04 23:14:59,548 - INFO - [ROUND 1]
2024-12-04 23:14:59,552 - INFO - configure_fit: strategy sampled 2 clients (out of 2)
2024-12-04 23:15:01,940 - INFO - aggregate_fit: received 2 results and 0 failures
2024-12-04 23:15:01,944 - WARNING - No fit_metrics_aggregation_fn provided
2024-12-04 23:15:02,011 - INFO - Round 1: ROC AUC = 0.7756
2024-12-04 23:15:02,011 - INFO - configure_evaluate: strategy sampled 2 clients (out of 2)
2024-12-04 23:15:02,076 - INFO - aggregate_evaluate: received 2 results and 0 failures
2024-12-04 23:15:02,076 - WARNING - No evaluate_metrics_aggregation_fn provided
2024-12-04 23:15:02,076 - INFO - 
2024-12-04 23:15:02,076 - INFO - [ROUND 2]
2024-12-04 23:15:02,076 - INFO - configure_fit: strategy sampled 2 clients (out of 2)
2024-12-04 23:15:02,406 - INFO - aggregate_fit: received 2 results and 0 failures
2024-12-04 23:15:02,455 - INFO - Round 2: ROC AUC = 0.7819
2024-12-04 23:15:02,455 - INFO - configure_evaluate: strategy sampled 2 clients (out of 2)
2024-12-04 23:15:02,518 - INFO - aggregate_evaluate: received 2 results and 0 failures
2024-12-04 23:15:02,518 - INFO - 
2024-12-04 23:15:02,518 - INFO - [ROUND 3]
2024-12-04 23:15:02,518 - INFO - configure_fit: strategy sampled 2 clients (out of 2)
2024-12-04 23:15:02,832 - INFO - aggregate_fit: received 2 results and 0 failures
2024-12-04 23:15:02,877 - INFO - Round 3: ROC AUC = 0.7827
2024-12-04 23:15:02,877 - INFO - configure_evaluate: strategy sampled 2 clients (out of 2)
2024-12-04 23:15:02,936 - INFO - aggregate_evaluate: received 2 results and 0 failures
2024-12-04 23:15:02,941 - INFO - 
2024-12-04 23:15:02,941 - INFO - [ROUND 4]
2024-12-04 23:15:02,941 - INFO - configure_fit: strategy sampled 2 clients (out of 2)
2024-12-04 23:15:03,261 - INFO - aggregate_fit: received 2 results and 0 failures
2024-12-04 23:15:03,306 - INFO - Round 4: ROC AUC = 0.7838
2024-12-04 23:15:03,306 - INFO - configure_evaluate: strategy sampled 2 clients (out of 2)
2024-12-04 23:15:03,372 - INFO - aggregate_evaluate: received 2 results and 0 failures
2024-12-04 23:15:03,372 - INFO - 
2024-12-04 23:15:03,372 - INFO - [ROUND 5]
2024-12-04 23:15:03,372 - INFO - configure_fit: strategy sampled 2 clients (out of 2)
2024-12-04 23:15:03,720 - INFO - aggregate_fit: received 2 results and 0 failures
2024-12-04 23:15:03,764 - INFO - Round 5: ROC AUC = 0.7842
2024-12-04 23:15:03,765 - INFO - configure_evaluate: strategy sampled 2 clients (out of 2)
2024-12-04 23:15:03,826 - INFO - aggregate_evaluate: received 2 results and 0 failures
2024-12-04 23:15:03,826 - INFO - 
2024-12-04 23:15:03,826 - INFO - [ROUND 6]
2024-12-04 23:15:03,826 - INFO - configure_fit: strategy sampled 2 clients (out of 2)
2024-12-04 23:15:04,138 - INFO - aggregate_fit: received 2 results and 0 failures
2024-12-04 23:15:04,182 - INFO - Round 6: ROC AUC = 0.7846
2024-12-04 23:15:04,182 - INFO - configure_evaluate: strategy sampled 2 clients (out of 2)
2024-12-04 23:15:04,247 - INFO - aggregate_evaluate: received 2 results and 0 failures
2024-12-04 23:15:04,247 - INFO - 
2024-12-04 23:15:04,247 - INFO - [ROUND 7]
2024-12-04 23:15:04,247 - INFO - configure_fit: strategy sampled 2 clients (out of 2)
2024-12-04 23:15:04,541 - INFO - aggregate_fit: received 2 results and 0 failures
2024-12-04 23:15:04,586 - INFO - No improvement in ROC AUC for 1 round(s).
2024-12-04 23:15:04,586 - INFO - Round 7: ROC AUC = 0.7846
2024-12-04 23:15:04,586 - INFO - configure_evaluate: strategy sampled 2 clients (out of 2)
2024-12-04 23:15:04,650 - INFO - aggregate_evaluate: received 2 results and 0 failures
2024-12-04 23:15:04,650 - INFO - 
2024-12-04 23:15:04,650 - INFO - [ROUND 8]
2024-12-04 23:15:04,650 - INFO - configure_fit: strategy sampled 2 clients (out of 2)
2024-12-04 23:15:04,968 - INFO - aggregate_fit: received 2 results and 0 failures
2024-12-04 23:15:05,015 - INFO - Round 8: ROC AUC = 0.7870
2024-12-04 23:15:05,015 - INFO - configure_evaluate: strategy sampled 2 clients (out of 2)
2024-12-04 23:15:05,076 - INFO - aggregate_evaluate: received 2 results and 0 failures
2024-12-04 23:15:05,076 - INFO - 
2024-12-04 23:15:05,076 - INFO - [ROUND 9]
2024-12-04 23:15:05,076 - INFO - configure_fit: strategy sampled 2 clients (out of 2)
2024-12-04 23:15:05,386 - INFO - aggregate_fit: received 2 results and 0 failures
2024-12-04 23:15:05,432 - INFO - Round 9: ROC AUC = 0.7885
2024-12-04 23:15:05,432 - INFO - configure_evaluate: strategy sampled 2 clients (out of 2)
2024-12-04 23:15:05,496 - INFO - aggregate_evaluate: received 2 results and 0 failures
2024-12-04 23:15:05,496 - INFO - 
2024-12-04 23:15:05,497 - INFO - [ROUND 10]
2024-12-04 23:15:05,497 - INFO - configure_fit: strategy sampled 2 clients (out of 2)
2024-12-04 23:15:05,806 - INFO - aggregate_fit: received 2 results and 0 failures
2024-12-04 23:15:05,848 - INFO - Round 10: ROC AUC = 0.7887
2024-12-04 23:15:05,848 - INFO - configure_evaluate: strategy sampled 2 clients (out of 2)
2024-12-04 23:15:05,914 - INFO - aggregate_evaluate: received 2 results and 0 failures
2024-12-04 23:15:05,914 - INFO - 
2024-12-04 23:15:05,914 - INFO - [ROUND 11]
2024-12-04 23:15:05,914 - INFO - configure_fit: strategy sampled 2 clients (out of 2)
2024-12-04 23:15:06,230 - INFO - aggregate_fit: received 2 results and 0 failures
2024-12-04 23:15:06,276 - INFO - Round 11: ROC AUC = 0.7901
2024-12-04 23:15:06,276 - INFO - configure_evaluate: strategy sampled 2 clients (out of 2)
2024-12-04 23:15:06,348 - INFO - aggregate_evaluate: received 2 results and 0 failures
2024-12-04 23:15:06,348 - INFO - 
2024-12-04 23:15:06,348 - INFO - [ROUND 12]
2024-12-04 23:15:06,348 - INFO - configure_fit: strategy sampled 2 clients (out of 2)
2024-12-04 23:15:06,661 - INFO - aggregate_fit: received 2 results and 0 failures
2024-12-04 23:15:06,704 - INFO - No improvement in ROC AUC for 1 round(s).
2024-12-04 23:15:06,704 - INFO - Round 12: ROC AUC = 0.7877
2024-12-04 23:15:06,704 - INFO - configure_evaluate: strategy sampled 2 clients (out of 2)
2024-12-04 23:15:06,770 - INFO - aggregate_evaluate: received 2 results and 0 failures
2024-12-04 23:15:06,770 - INFO - 
2024-12-04 23:15:06,770 - INFO - [ROUND 13]
2024-12-04 23:15:06,770 - INFO - configure_fit: strategy sampled 2 clients (out of 2)
2024-12-04 23:15:07,096 - INFO - aggregate_fit: received 2 results and 0 failures
2024-12-04 23:15:07,137 - INFO - No improvement in ROC AUC for 2 round(s).
2024-12-04 23:15:07,137 - INFO - Round 13: ROC AUC = 0.7894
2024-12-04 23:15:07,137 - INFO - configure_evaluate: strategy sampled 2 clients (out of 2)
2024-12-04 23:15:07,206 - INFO - aggregate_evaluate: received 2 results and 0 failures
2024-12-04 23:15:07,206 - INFO - 
2024-12-04 23:15:07,206 - INFO - [ROUND 14]
2024-12-04 23:15:07,206 - INFO - configure_fit: strategy sampled 2 clients (out of 2)
2024-12-04 23:15:07,506 - INFO - aggregate_fit: received 2 results and 0 failures
2024-12-04 23:15:07,552 - INFO - No improvement in ROC AUC for 3 round(s).
2024-12-04 23:15:07,553 - WARNING - Early stopping triggered!
2024-12-04 23:15:07,553 - INFO - Round 14: ROC AUC = 0.7886
2024-12-04 23:15:07,553 - INFO - configure_evaluate: strategy sampled 2 clients (out of 2)
2024-12-04 23:15:07,617 - INFO - aggregate_evaluate: received 2 results and 0 failures
2024-12-04 23:15:07,617 - INFO - 
2024-12-04 23:15:07,617 - INFO - [ROUND 15]
2024-12-04 23:15:07,617 - INFO - configure_fit: strategy sampled 2 clients (out of 2)
2024-12-04 23:15:07,928 - INFO - aggregate_fit: received 2 results and 0 failures
2024-12-04 23:15:07,976 - INFO - Round 15: ROC AUC = 0.7912
2024-12-04 23:15:07,976 - INFO - configure_evaluate: strategy sampled 2 clients (out of 2)
2024-12-04 23:15:08,041 - INFO - aggregate_evaluate: received 2 results and 0 failures
2024-12-04 23:15:08,041 - INFO - 
2024-12-04 23:15:08,041 - INFO - [ROUND 16]
2024-12-04 23:15:08,041 - INFO - configure_fit: strategy sampled 2 clients (out of 2)
2024-12-04 23:15:08,346 - INFO - aggregate_fit: received 2 results and 0 failures
2024-12-04 23:15:08,391 - INFO - No improvement in ROC AUC for 1 round(s).
2024-12-04 23:15:08,391 - INFO - Round 16: ROC AUC = 0.7894
2024-12-04 23:15:08,391 - INFO - configure_evaluate: strategy sampled 2 clients (out of 2)
2024-12-04 23:15:08,456 - INFO - aggregate_evaluate: received 2 results and 0 failures
2024-12-04 23:15:08,456 - INFO - 
2024-12-04 23:15:08,456 - INFO - [ROUND 17]
2024-12-04 23:15:08,456 - INFO - configure_fit: strategy sampled 2 clients (out of 2)
2024-12-04 23:15:08,786 - INFO - aggregate_fit: received 2 results and 0 failures
2024-12-04 23:15:08,835 - INFO - No improvement in ROC AUC for 2 round(s).
2024-12-04 23:15:08,835 - INFO - Round 17: ROC AUC = 0.7902
2024-12-04 23:15:08,835 - INFO - configure_evaluate: strategy sampled 2 clients (out of 2)
2024-12-04 23:15:08,898 - INFO - aggregate_evaluate: received 2 results and 0 failures
2024-12-04 23:15:08,898 - INFO - 
2024-12-04 23:15:08,898 - INFO - [ROUND 18]
2024-12-04 23:15:08,898 - INFO - configure_fit: strategy sampled 2 clients (out of 2)
2024-12-04 23:15:09,219 - INFO - aggregate_fit: received 2 results and 0 failures
2024-12-04 23:15:09,263 - INFO - No improvement in ROC AUC for 3 round(s).
2024-12-04 23:15:09,263 - WARNING - Early stopping triggered!
2024-12-04 23:15:09,263 - INFO - Round 18: ROC AUC = 0.7903
2024-12-04 23:15:09,263 - INFO - configure_evaluate: strategy sampled 2 clients (out of 2)
2024-12-04 23:15:09,326 - INFO - aggregate_evaluate: received 2 results and 0 failures
2024-12-04 23:15:09,326 - INFO - 
2024-12-04 23:15:09,326 - INFO - [ROUND 19]
2024-12-04 23:15:09,326 - INFO - configure_fit: strategy sampled 2 clients (out of 2)
2024-12-04 23:15:09,735 - INFO - aggregate_fit: received 2 results and 0 failures
2024-12-04 23:15:09,786 - INFO - No improvement in ROC AUC for 4 round(s).
2024-12-04 23:15:09,786 - WARNING - Early stopping triggered!
2024-12-04 23:15:09,786 - INFO - Round 19: ROC AUC = 0.7890
2024-12-04 23:15:09,786 - INFO - configure_evaluate: strategy sampled 2 clients (out of 2)
2024-12-04 23:15:09,856 - INFO - aggregate_evaluate: received 2 results and 0 failures
2024-12-04 23:15:09,856 - INFO - 
2024-12-04 23:15:09,856 - INFO - [ROUND 20]
2024-12-04 23:15:09,856 - INFO - configure_fit: strategy sampled 2 clients (out of 2)
2024-12-04 23:15:10,186 - INFO - aggregate_fit: received 2 results and 0 failures
2024-12-04 23:15:10,234 - INFO - No improvement in ROC AUC for 5 round(s).
2024-12-04 23:15:10,234 - WARNING - Early stopping triggered!
2024-12-04 23:15:10,234 - INFO - Round 20: ROC AUC = 0.7907
2024-12-04 23:15:10,235 - INFO - configure_evaluate: strategy sampled 2 clients (out of 2)
2024-12-04 23:15:10,301 - INFO - aggregate_evaluate: received 2 results and 0 failures
2024-12-04 23:15:10,301 - INFO - 
2024-12-04 23:15:10,301 - INFO - [ROUND 21]
2024-12-04 23:15:10,301 - INFO - configure_fit: strategy sampled 2 clients (out of 2)
2024-12-04 23:15:10,631 - INFO - aggregate_fit: received 2 results and 0 failures
2024-12-04 23:15:10,686 - INFO - No improvement in ROC AUC for 6 round(s).
2024-12-04 23:15:10,686 - WARNING - Early stopping triggered!
2024-12-04 23:15:10,686 - INFO - Round 21: ROC AUC = 0.7902
2024-12-04 23:15:10,687 - INFO - configure_evaluate: strategy sampled 2 clients (out of 2)
2024-12-04 23:15:10,756 - INFO - aggregate_evaluate: received 2 results and 0 failures
2024-12-04 23:15:10,756 - INFO - 
2024-12-04 23:15:10,756 - INFO - [ROUND 22]
2024-12-04 23:15:10,756 - INFO - configure_fit: strategy sampled 2 clients (out of 2)
2024-12-04 23:15:11,080 - INFO - aggregate_fit: received 2 results and 0 failures
2024-12-04 23:15:11,126 - INFO - Round 22: ROC AUC = 0.7921
2024-12-04 23:15:11,126 - INFO - configure_evaluate: strategy sampled 2 clients (out of 2)
2024-12-04 23:15:11,198 - INFO - aggregate_evaluate: received 2 results and 0 failures
2024-12-04 23:15:11,198 - INFO - 
2024-12-04 23:15:11,198 - INFO - [ROUND 23]
2024-12-04 23:15:11,198 - INFO - configure_fit: strategy sampled 2 clients (out of 2)
2024-12-04 23:15:11,531 - INFO - aggregate_fit: received 2 results and 0 failures
2024-12-04 23:15:11,576 - INFO - No improvement in ROC AUC for 1 round(s).
2024-12-04 23:15:11,576 - INFO - Round 23: ROC AUC = 0.7909
2024-12-04 23:15:11,576 - INFO - configure_evaluate: strategy sampled 2 clients (out of 2)
2024-12-04 23:15:11,641 - INFO - aggregate_evaluate: received 2 results and 0 failures
2024-12-04 23:15:11,641 - INFO - 
2024-12-04 23:15:11,641 - INFO - [ROUND 24]
2024-12-04 23:15:11,641 - INFO - configure_fit: strategy sampled 2 clients (out of 2)
2024-12-04 23:15:11,976 - INFO - aggregate_fit: received 2 results and 0 failures
2024-12-04 23:15:12,018 - INFO - No improvement in ROC AUC for 2 round(s).
2024-12-04 23:15:12,018 - INFO - Round 24: ROC AUC = 0.7909
2024-12-04 23:15:12,018 - INFO - configure_evaluate: strategy sampled 2 clients (out of 2)
2024-12-04 23:15:12,086 - INFO - aggregate_evaluate: received 2 results and 0 failures
2024-12-04 23:15:12,086 - INFO - 
2024-12-04 23:15:12,086 - INFO - [ROUND 25]
2024-12-04 23:15:12,086 - INFO - configure_fit: strategy sampled 2 clients (out of 2)
2024-12-04 23:15:12,424 - INFO - aggregate_fit: received 2 results and 0 failures
2024-12-04 23:15:12,466 - INFO - No improvement in ROC AUC for 3 round(s).
2024-12-04 23:15:12,466 - WARNING - Early stopping triggered!
2024-12-04 23:15:12,466 - INFO - Round 25: ROC AUC = 0.7905
2024-12-04 23:15:12,466 - INFO - configure_evaluate: strategy sampled 2 clients (out of 2)
2024-12-04 23:15:12,536 - INFO - aggregate_evaluate: received 2 results and 0 failures
2024-12-04 23:15:12,536 - INFO - 
2024-12-04 23:15:12,536 - INFO - [ROUND 26]
2024-12-04 23:15:12,536 - INFO - configure_fit: strategy sampled 2 clients (out of 2)
2024-12-04 23:15:12,859 - INFO - aggregate_fit: received 2 results and 0 failures
2024-12-04 23:15:12,913 - INFO - No improvement in ROC AUC for 4 round(s).
2024-12-04 23:15:12,913 - WARNING - Early stopping triggered!
2024-12-04 23:15:12,913 - INFO - Round 26: ROC AUC = 0.7899
2024-12-04 23:15:12,913 - INFO - configure_evaluate: strategy sampled 2 clients (out of 2)
2024-12-04 23:15:12,979 - INFO - aggregate_evaluate: received 2 results and 0 failures
2024-12-04 23:15:12,979 - INFO - 
2024-12-04 23:15:12,979 - INFO - [ROUND 27]
2024-12-04 23:15:12,980 - INFO - configure_fit: strategy sampled 2 clients (out of 2)
2024-12-04 23:15:13,316 - INFO - aggregate_fit: received 2 results and 0 failures
2024-12-04 23:15:13,363 - INFO - No improvement in ROC AUC for 5 round(s).
2024-12-04 23:15:13,363 - WARNING - Early stopping triggered!
2024-12-04 23:15:13,363 - INFO - Round 27: ROC AUC = 0.7909
2024-12-04 23:15:13,363 - INFO - configure_evaluate: strategy sampled 2 clients (out of 2)
2024-12-04 23:15:13,430 - INFO - aggregate_evaluate: received 2 results and 0 failures
2024-12-04 23:15:13,430 - INFO - 
2024-12-04 23:15:13,430 - INFO - [ROUND 28]
2024-12-04 23:15:13,430 - INFO - configure_fit: strategy sampled 2 clients (out of 2)
2024-12-04 23:15:13,757 - INFO - aggregate_fit: received 2 results and 0 failures
2024-12-04 23:15:13,806 - INFO - No improvement in ROC AUC for 6 round(s).
2024-12-04 23:15:13,806 - WARNING - Early stopping triggered!
2024-12-04 23:15:13,806 - INFO - Round 28: ROC AUC = 0.7897
2024-12-04 23:15:13,806 - INFO - configure_evaluate: strategy sampled 2 clients (out of 2)
2024-12-04 23:15:13,871 - INFO - aggregate_evaluate: received 2 results and 0 failures
2024-12-04 23:15:13,871 - INFO - 
2024-12-04 23:15:13,871 - INFO - [ROUND 29]
2024-12-04 23:15:13,871 - INFO - configure_fit: strategy sampled 2 clients (out of 2)
2024-12-04 23:15:14,206 - INFO - aggregate_fit: received 2 results and 0 failures
2024-12-04 23:15:14,248 - INFO - No improvement in ROC AUC for 7 round(s).
2024-12-04 23:15:14,248 - WARNING - Early stopping triggered!
2024-12-04 23:15:14,248 - INFO - Round 29: ROC AUC = 0.7906
2024-12-04 23:15:14,248 - INFO - configure_evaluate: strategy sampled 2 clients (out of 2)
2024-12-04 23:15:14,320 - INFO - aggregate_evaluate: received 2 results and 0 failures
2024-12-04 23:15:14,320 - INFO - 
2024-12-04 23:15:14,321 - INFO - [ROUND 30]
2024-12-04 23:15:14,321 - INFO - configure_fit: strategy sampled 2 clients (out of 2)
2024-12-04 23:15:14,652 - INFO - aggregate_fit: received 2 results and 0 failures
2024-12-04 23:15:14,698 - INFO - No improvement in ROC AUC for 8 round(s).
2024-12-04 23:15:14,698 - WARNING - Early stopping triggered!
2024-12-04 23:15:14,698 - INFO - Round 30: ROC AUC = 0.7903
2024-12-04 23:15:14,698 - INFO - configure_evaluate: strategy sampled 2 clients (out of 2)
2024-12-04 23:15:14,766 - INFO - aggregate_evaluate: received 2 results and 0 failures
2024-12-04 23:15:14,766 - INFO - 
2024-12-04 23:15:14,766 - INFO - [ROUND 31]
2024-12-04 23:15:14,766 - INFO - configure_fit: strategy sampled 2 clients (out of 2)
2024-12-04 23:15:15,106 - INFO - aggregate_fit: received 2 results and 0 failures
2024-12-04 23:15:15,152 - INFO - No improvement in ROC AUC for 9 round(s).
2024-12-04 23:15:15,152 - WARNING - Early stopping triggered!
2024-12-04 23:15:15,152 - INFO - Round 31: ROC AUC = 0.7900
2024-12-04 23:15:15,152 - INFO - configure_evaluate: strategy sampled 2 clients (out of 2)
2024-12-04 23:15:15,221 - INFO - aggregate_evaluate: received 2 results and 0 failures
2024-12-04 23:15:15,221 - INFO - 
2024-12-04 23:15:15,222 - INFO - [ROUND 32]
2024-12-04 23:15:15,222 - INFO - configure_fit: strategy sampled 2 clients (out of 2)
2024-12-04 23:15:15,550 - INFO - aggregate_fit: received 2 results and 0 failures
2024-12-04 23:15:15,595 - INFO - No improvement in ROC AUC for 10 round(s).
2024-12-04 23:15:15,595 - WARNING - Early stopping triggered!
2024-12-04 23:15:15,595 - INFO - Round 32: ROC AUC = 0.7909
2024-12-04 23:15:15,595 - INFO - configure_evaluate: strategy sampled 2 clients (out of 2)
2024-12-04 23:15:15,667 - INFO - aggregate_evaluate: received 2 results and 0 failures
2024-12-04 23:15:15,668 - INFO - 
2024-12-04 23:15:15,668 - INFO - [ROUND 33]
2024-12-04 23:15:15,668 - INFO - configure_fit: strategy sampled 2 clients (out of 2)
2024-12-04 23:15:15,990 - INFO - aggregate_fit: received 2 results and 0 failures
2024-12-04 23:15:16,031 - INFO - No improvement in ROC AUC for 11 round(s).
2024-12-04 23:15:16,031 - WARNING - Early stopping triggered!
2024-12-04 23:15:16,036 - INFO - Round 33: ROC AUC = 0.7913
2024-12-04 23:15:16,036 - INFO - configure_evaluate: strategy sampled 2 clients (out of 2)
2024-12-04 23:15:16,102 - INFO - aggregate_evaluate: received 2 results and 0 failures
2024-12-04 23:15:16,102 - INFO - 
2024-12-04 23:15:16,102 - INFO - [ROUND 34]
2024-12-04 23:15:16,102 - INFO - configure_fit: strategy sampled 2 clients (out of 2)
2024-12-04 23:15:16,444 - INFO - aggregate_fit: received 2 results and 0 failures
2024-12-04 23:15:16,635 - INFO - No improvement in ROC AUC for 12 round(s).
2024-12-04 23:15:16,635 - WARNING - Early stopping triggered!
2024-12-04 23:15:16,635 - INFO - Round 34: ROC AUC = 0.7902
2024-12-04 23:15:16,635 - INFO - configure_evaluate: strategy sampled 2 clients (out of 2)
2024-12-04 23:15:16,707 - INFO - aggregate_evaluate: received 2 results and 0 failures
2024-12-04 23:15:16,707 - INFO - 
2024-12-04 23:15:16,707 - INFO - [ROUND 35]
2024-12-04 23:15:16,707 - INFO - configure_fit: strategy sampled 2 clients (out of 2)
2024-12-04 23:15:17,047 - INFO - aggregate_fit: received 2 results and 0 failures
2024-12-04 23:15:17,097 - INFO - No improvement in ROC AUC for 13 round(s).
2024-12-04 23:15:17,097 - WARNING - Early stopping triggered!
2024-12-04 23:15:17,097 - INFO - Round 35: ROC AUC = 0.7895
2024-12-04 23:15:17,097 - INFO - configure_evaluate: strategy sampled 2 clients (out of 2)
2024-12-04 23:15:17,166 - INFO - aggregate_evaluate: received 2 results and 0 failures
2024-12-04 23:15:17,166 - INFO - 
2024-12-04 23:15:17,166 - INFO - [ROUND 36]
2024-12-04 23:15:17,166 - INFO - configure_fit: strategy sampled 2 clients (out of 2)
2024-12-04 23:15:17,496 - INFO - aggregate_fit: received 2 results and 0 failures
2024-12-04 23:15:17,547 - INFO - No improvement in ROC AUC for 14 round(s).
2024-12-04 23:15:17,547 - WARNING - Early stopping triggered!
2024-12-04 23:15:17,547 - INFO - Round 36: ROC AUC = 0.7903
2024-12-04 23:15:17,547 - INFO - configure_evaluate: strategy sampled 2 clients (out of 2)
2024-12-04 23:15:17,615 - INFO - aggregate_evaluate: received 2 results and 0 failures
2024-12-04 23:15:17,615 - INFO - 
2024-12-04 23:15:17,615 - INFO - [ROUND 37]
2024-12-04 23:15:17,615 - INFO - configure_fit: strategy sampled 2 clients (out of 2)
2024-12-04 23:15:17,953 - INFO - aggregate_fit: received 2 results and 0 failures
2024-12-04 23:15:17,999 - INFO - No improvement in ROC AUC for 15 round(s).
2024-12-04 23:15:17,999 - WARNING - Early stopping triggered!
2024-12-04 23:15:17,999 - INFO - Round 37: ROC AUC = 0.7908
2024-12-04 23:15:17,999 - INFO - configure_evaluate: strategy sampled 2 clients (out of 2)
2024-12-04 23:15:18,071 - INFO - aggregate_evaluate: received 2 results and 0 failures
2024-12-04 23:15:18,071 - INFO - 
2024-12-04 23:15:18,071 - INFO - [ROUND 38]
2024-12-04 23:15:18,071 - INFO - configure_fit: strategy sampled 2 clients (out of 2)
2024-12-04 23:15:18,411 - INFO - aggregate_fit: received 2 results and 0 failures
2024-12-04 23:15:18,456 - INFO - No improvement in ROC AUC for 16 round(s).
2024-12-04 23:15:18,456 - WARNING - Early stopping triggered!
2024-12-04 23:15:18,456 - INFO - Round 38: ROC AUC = 0.7904
2024-12-04 23:15:18,456 - INFO - configure_evaluate: strategy sampled 2 clients (out of 2)
2024-12-04 23:15:18,522 - INFO - aggregate_evaluate: received 2 results and 0 failures
2024-12-04 23:15:18,522 - INFO - 
2024-12-04 23:15:18,522 - INFO - [ROUND 39]
2024-12-04 23:15:18,522 - INFO - configure_fit: strategy sampled 2 clients (out of 2)
2024-12-04 23:15:18,836 - INFO - aggregate_fit: received 2 results and 0 failures
2024-12-04 23:15:18,880 - INFO - No improvement in ROC AUC for 17 round(s).
2024-12-04 23:15:18,887 - WARNING - Early stopping triggered!
2024-12-04 23:15:18,887 - INFO - Round 39: ROC AUC = 0.7894
2024-12-04 23:15:18,887 - INFO - configure_evaluate: strategy sampled 2 clients (out of 2)
2024-12-04 23:15:18,951 - INFO - aggregate_evaluate: received 2 results and 0 failures
2024-12-04 23:15:18,951 - INFO - 
2024-12-04 23:15:18,951 - INFO - [ROUND 40]
2024-12-04 23:15:18,951 - INFO - configure_fit: strategy sampled 2 clients (out of 2)
2024-12-04 23:15:19,257 - INFO - aggregate_fit: received 2 results and 0 failures
2024-12-04 23:15:19,302 - INFO - No improvement in ROC AUC for 18 round(s).
2024-12-04 23:15:19,302 - WARNING - Early stopping triggered!
2024-12-04 23:15:19,302 - INFO - Round 40: ROC AUC = 0.7917
2024-12-04 23:15:19,302 - INFO - configure_evaluate: strategy sampled 2 clients (out of 2)
2024-12-04 23:15:19,371 - INFO - aggregate_evaluate: received 2 results and 0 failures
2024-12-04 23:15:19,371 - INFO - 
2024-12-04 23:15:19,371 - INFO - [ROUND 41]
2024-12-04 23:15:19,371 - INFO - configure_fit: strategy sampled 2 clients (out of 2)
2024-12-04 23:15:19,697 - INFO - aggregate_fit: received 2 results and 0 failures
2024-12-04 23:15:19,741 - INFO - No improvement in ROC AUC for 19 round(s).
2024-12-04 23:15:19,741 - WARNING - Early stopping triggered!
2024-12-04 23:15:19,741 - INFO - Round 41: ROC AUC = 0.7914
2024-12-04 23:15:19,741 - INFO - configure_evaluate: strategy sampled 2 clients (out of 2)
2024-12-04 23:15:19,806 - INFO - aggregate_evaluate: received 2 results and 0 failures
2024-12-04 23:15:19,806 - INFO - 
2024-12-04 23:15:19,806 - INFO - [ROUND 42]
2024-12-04 23:15:19,806 - INFO - configure_fit: strategy sampled 2 clients (out of 2)
2024-12-04 23:15:20,137 - INFO - aggregate_fit: received 2 results and 0 failures
2024-12-04 23:15:20,181 - INFO - No improvement in ROC AUC for 20 round(s).
2024-12-04 23:15:20,181 - WARNING - Early stopping triggered!
2024-12-04 23:15:20,181 - INFO - Round 42: ROC AUC = 0.7903
2024-12-04 23:15:20,181 - INFO - configure_evaluate: strategy sampled 2 clients (out of 2)
2024-12-04 23:15:20,246 - INFO - aggregate_evaluate: received 2 results and 0 failures
2024-12-04 23:15:20,252 - INFO - 
2024-12-04 23:15:20,252 - INFO - [ROUND 43]
2024-12-04 23:15:20,252 - INFO - configure_fit: strategy sampled 2 clients (out of 2)
2024-12-04 23:15:20,546 - INFO - aggregate_fit: received 2 results and 0 failures
2024-12-04 23:15:20,592 - INFO - No improvement in ROC AUC for 21 round(s).
2024-12-04 23:15:20,592 - WARNING - Early stopping triggered!
2024-12-04 23:15:20,592 - INFO - Round 43: ROC AUC = 0.7900
2024-12-04 23:15:20,592 - INFO - configure_evaluate: strategy sampled 2 clients (out of 2)
2024-12-04 23:15:20,657 - INFO - aggregate_evaluate: received 2 results and 0 failures
2024-12-04 23:15:20,657 - INFO - 
2024-12-04 23:15:20,657 - INFO - [ROUND 44]
2024-12-04 23:15:20,657 - INFO - configure_fit: strategy sampled 2 clients (out of 2)
2024-12-04 23:15:20,956 - INFO - aggregate_fit: received 2 results and 0 failures
2024-12-04 23:15:21,007 - INFO - No improvement in ROC AUC for 22 round(s).
2024-12-04 23:15:21,007 - WARNING - Early stopping triggered!
2024-12-04 23:15:21,007 - INFO - Round 44: ROC AUC = 0.7899
2024-12-04 23:15:21,007 - INFO - configure_evaluate: strategy sampled 2 clients (out of 2)
2024-12-04 23:15:21,067 - INFO - aggregate_evaluate: received 2 results and 0 failures
2024-12-04 23:15:21,067 - INFO - 
2024-12-04 23:15:21,067 - INFO - [ROUND 45]
2024-12-04 23:15:21,067 - INFO - configure_fit: strategy sampled 2 clients (out of 2)
2024-12-04 23:15:21,377 - INFO - aggregate_fit: received 2 results and 0 failures
2024-12-04 23:15:21,419 - INFO - No improvement in ROC AUC for 23 round(s).
2024-12-04 23:15:21,419 - WARNING - Early stopping triggered!
2024-12-04 23:15:21,419 - INFO - Round 45: ROC AUC = 0.7904
2024-12-04 23:15:21,419 - INFO - configure_evaluate: strategy sampled 2 clients (out of 2)
2024-12-04 23:15:21,487 - INFO - aggregate_evaluate: received 2 results and 0 failures
2024-12-04 23:15:21,487 - INFO - 
2024-12-04 23:15:21,487 - INFO - [ROUND 46]
2024-12-04 23:15:21,487 - INFO - configure_fit: strategy sampled 2 clients (out of 2)
2024-12-04 23:15:21,787 - INFO - aggregate_fit: received 2 results and 0 failures
2024-12-04 23:15:21,842 - INFO - No improvement in ROC AUC for 24 round(s).
2024-12-04 23:15:21,842 - WARNING - Early stopping triggered!
2024-12-04 23:15:21,842 - INFO - Round 46: ROC AUC = 0.7892
2024-12-04 23:15:21,842 - INFO - configure_evaluate: strategy sampled 2 clients (out of 2)
2024-12-04 23:15:21,906 - INFO - aggregate_evaluate: received 2 results and 0 failures
2024-12-04 23:15:21,906 - INFO - 
2024-12-04 23:15:21,906 - INFO - [ROUND 47]
2024-12-04 23:15:21,906 - INFO - configure_fit: strategy sampled 2 clients (out of 2)
2024-12-04 23:15:22,207 - INFO - aggregate_fit: received 2 results and 0 failures
2024-12-04 23:15:22,251 - INFO - No improvement in ROC AUC for 25 round(s).
2024-12-04 23:15:22,251 - WARNING - Early stopping triggered!
2024-12-04 23:15:22,251 - INFO - Round 47: ROC AUC = 0.7892
2024-12-04 23:15:22,251 - INFO - configure_evaluate: strategy sampled 2 clients (out of 2)
2024-12-04 23:15:22,317 - INFO - aggregate_evaluate: received 2 results and 0 failures
2024-12-04 23:15:22,317 - INFO - 
2024-12-04 23:15:22,317 - INFO - [ROUND 48]
2024-12-04 23:15:22,317 - INFO - configure_fit: strategy sampled 2 clients (out of 2)
2024-12-04 23:15:22,614 - INFO - aggregate_fit: received 2 results and 0 failures
2024-12-04 23:15:22,657 - INFO - No improvement in ROC AUC for 26 round(s).
2024-12-04 23:15:22,657 - WARNING - Early stopping triggered!
2024-12-04 23:15:22,657 - INFO - Round 48: ROC AUC = 0.7903
2024-12-04 23:15:22,657 - INFO - configure_evaluate: strategy sampled 2 clients (out of 2)
2024-12-04 23:15:22,728 - INFO - aggregate_evaluate: received 2 results and 0 failures
2024-12-04 23:15:22,728 - INFO - 
2024-12-04 23:15:22,728 - INFO - [ROUND 49]
2024-12-04 23:15:22,728 - INFO - configure_fit: strategy sampled 2 clients (out of 2)
2024-12-04 23:15:23,030 - INFO - aggregate_fit: received 2 results and 0 failures
2024-12-04 23:15:23,069 - INFO - No improvement in ROC AUC for 27 round(s).
2024-12-04 23:15:23,069 - WARNING - Early stopping triggered!
2024-12-04 23:15:23,069 - INFO - Round 49: ROC AUC = 0.7904
2024-12-04 23:15:23,077 - INFO - configure_evaluate: strategy sampled 2 clients (out of 2)
2024-12-04 23:15:23,137 - INFO - aggregate_evaluate: received 2 results and 0 failures
2024-12-04 23:15:23,137 - INFO - 
2024-12-04 23:15:23,137 - INFO - [ROUND 50]
2024-12-04 23:15:23,137 - INFO - configure_fit: strategy sampled 2 clients (out of 2)
2024-12-04 23:15:23,532 - INFO - aggregate_fit: received 2 results and 0 failures
2024-12-04 23:15:23,576 - INFO - No improvement in ROC AUC for 28 round(s).
2024-12-04 23:15:23,576 - WARNING - Early stopping triggered!
2024-12-04 23:15:23,577 - INFO - Round 50: ROC AUC = 0.7903
2024-12-04 23:15:23,577 - INFO - configure_evaluate: strategy sampled 2 clients (out of 2)
2024-12-04 23:15:23,637 - INFO - aggregate_evaluate: received 2 results and 0 failures
2024-12-04 23:15:23,637 - INFO - 
2024-12-04 23:15:23,642 - INFO - [SUMMARY]
2024-12-04 23:15:23,642 - INFO - Run finished 50 round(s) in 24.09s
2024-12-04 23:15:23,642 - INFO - 	History (loss, distributed):
2024-12-04 23:15:23,642 - INFO - 		round 1: 0.5499133765697479
2024-12-04 23:15:23,642 - INFO - 		round 2: 0.47966615855693817
2024-12-04 23:15:23,642 - INFO - 		round 3: 0.5021182596683502
2024-12-04 23:15:23,642 - INFO - 		round 4: 0.47520245611667633
2024-12-04 23:15:23,642 - INFO - 		round 5: 0.5447835326194763
2024-12-04 23:15:23,642 - INFO - 		round 6: 0.49778808653354645
2024-12-04 23:15:23,642 - INFO - 		round 7: 0.5006798803806305
2024-12-04 23:15:23,642 - INFO - 		round 8: 0.5123991668224335
2024-12-04 23:15:23,642 - INFO - 		round 9: 0.45537565648555756
2024-12-04 23:15:23,642 - INFO - 		round 10: 0.48320862650871277
2024-12-04 23:15:23,642 - INFO - 		round 11: 0.5064455568790436
2024-12-04 23:15:23,642 - INFO - 		round 12: 0.5577513873577118
2024-12-04 23:15:23,642 - INFO - 		round 13: 0.4638347625732422
2024-12-04 23:15:23,642 - INFO - 		round 14: 0.5351472496986389
2024-12-04 23:15:23,642 - INFO - 		round 15: 0.4494806230068207
2024-12-04 23:15:23,642 - INFO - 		round 16: 0.4800851494073868
2024-12-04 23:15:23,642 - INFO - 		round 17: 0.5007324814796448
2024-12-04 23:15:23,642 - INFO - 		round 18: 0.4972880035638809
2024-12-04 23:15:23,642 - INFO - 		round 19: 0.5172287225723267
2024-12-04 23:15:23,642 - INFO - 		round 20: 0.47612661123275757
2024-12-04 23:15:23,642 - INFO - 		round 21: 0.5222320854663849
2024-12-04 23:15:23,642 - INFO - 		round 22: 0.45710939168930054
2024-12-04 23:15:23,642 - INFO - 		round 23: 0.49184104800224304
2024-12-04 23:15:23,644 - INFO - 		round 24: 0.44856417179107666
2024-12-04 23:15:23,644 - INFO - 		round 25: 0.49853621423244476
2024-12-04 23:15:23,644 - INFO - 		round 26: 0.5483361482620239
2024-12-04 23:15:23,644 - INFO - 		round 27: 0.4889423996210098
2024-12-04 23:15:23,644 - INFO - 		round 28: 0.5046648383140564
2024-12-04 23:15:23,644 - INFO - 		round 29: 0.4804152548313141
2024-12-04 23:15:23,644 - INFO - 		round 30: 0.49078604578971863
2024-12-04 23:15:23,644 - INFO - 		round 31: 0.5236455500125885
2024-12-04 23:15:23,644 - INFO - 		round 32: 0.4913972467184067
2024-12-04 23:15:23,644 - INFO - 		round 33: 0.48119932413101196
2024-12-04 23:15:23,644 - INFO - 		round 34: 0.46306242048740387
2024-12-04 23:15:23,644 - INFO - 		round 35: 0.5037325918674469
2024-12-04 23:15:23,645 - INFO - 		round 36: 0.5126905739307404
2024-12-04 23:15:23,645 - INFO - 		round 37: 0.4822206199169159
2024-12-04 23:15:23,645 - INFO - 		round 38: 0.4769722521305084
2024-12-04 23:15:23,645 - INFO - 		round 39: 0.540405660867691
2024-12-04 23:15:23,645 - INFO - 		round 40: 0.477375790476799
2024-12-04 23:15:23,645 - INFO - 		round 41: 0.468131422996521
2024-12-04 23:15:23,645 - INFO - 		round 42: 0.5049590170383453
2024-12-04 23:15:23,646 - INFO - 		round 43: 0.4862174689769745
2024-12-04 23:15:23,646 - INFO - 		round 44: 0.46845585107803345
2024-12-04 23:15:23,646 - INFO - 		round 45: 0.44863198697566986
2024-12-04 23:15:23,646 - INFO - 		round 46: 0.4962354749441147
2024-12-04 23:15:23,646 - INFO - 		round 47: 0.44468750059604645
2024-12-04 23:15:23,646 - INFO - 		round 48: 0.4581585079431534
2024-12-04 23:15:23,646 - INFO - 		round 49: 0.44277165830135345
2024-12-04 23:15:23,646 - INFO - 		round 50: 0.4410165250301361
2024-12-04 23:15:23,646 - INFO - 
