2024-12-04 17:50:02,565 - INFO - Data successfully loaded from ./datas/IID_2.csv
2024-12-04 17:50:02,565 - INFO - Data successfully loaded from ./datas/IID_1.csv
2024-12-04 17:50:02,565 - INFO - Data successfully loaded from ./datas/TEST_SAMPLE.csv
2024-12-04 17:50:02,565 - INFO - Data successfully loaded from ./datas/TEST_SAMPLE.csv
2024-12-04 17:50:02,579 - INFO - Features scaled using MinMaxScaler.
2024-12-04 17:50:02,579 - INFO - Features scaled using MinMaxScaler.
2024-12-04 17:50:02,626 - INFO - Polynomial features of degree 2 generated.
2024-12-04 17:50:02,626 - INFO - Polynomial features of degree 2 generated.
2024-12-04 17:50:02,924 - INFO - SMOTE applied. Training sample size increased to 11562.
2024-12-04 17:50:02,924 - INFO - SMOTE applied. Training sample size increased to 11646.
2024-12-04 17:50:02,940 - INFO - DataLoaders for Train and Test sets created.
2024-12-04 17:50:02,940 - INFO - DataLoaders for Train and Test sets created.
2024-12-04 17:50:02,987 - DEBUG - Opened insecure gRPC connection (no certificates were passed)
2024-12-04 17:50:03,002 - DEBUG - ChannelConnectivity.IDLE
2024-12-04 17:50:03,002 - DEBUG - ChannelConnectivity.IDLE
2024-12-04 17:50:03,002 - DEBUG - ChannelConnectivity.CONNECTING
2024-12-04 17:50:03,002 - DEBUG - ChannelConnectivity.READY
2024-12-04 17:50:03,002 - DEBUG - ChannelConnectivity.CONNECTING
2024-12-04 17:50:03,002 - DEBUG - ChannelConnectivity.READY
2024-12-04 17:50:03,002 - INFO - 
2024-12-04 17:50:03,002 - INFO - Received: get_parameters message 2d184775-6a18-44a1-9c97-5bc94c08b06e
2024-12-04 17:50:03,002 - WARNING - Deprecation Warning: The `client_fn` function must return an instance of `Client`, but an instance of `NumpyClient` was returned. Please use `NumPyClient.to_client()` method to convert it to `Client`.
2024-12-04 17:50:03,002 - INFO - Sent reply
2024-12-04 17:50:03,002 - INFO - 
2024-12-04 17:50:03,002 - INFO - Received: train message 7227e3e5-98cf-4856-8dad-8529edfc2689
2024-12-04 17:50:03,002 - WARNING - Deprecation Warning: The `client_fn` function must return an instance of `Client`, but an instance of `NumpyClient` was returned. Please use `NumPyClient.to_client()` method to convert it to `Client`.
2024-12-04 17:50:03,002 - INFO - 
2024-12-04 17:50:03,002 - INFO - Received: train message 476517d3-d937-49f0-b199-e120a64223e9
2024-12-04 17:50:03,002 - WARNING - Deprecation Warning: The `client_fn` function must return an instance of `Client`, but an instance of `NumpyClient` was returned. Please use `NumPyClient.to_client()` method to convert it to `Client`.
2024-12-04 17:50:04,969 - INFO - Epoch 1/1: Loss = 101.2308
2024-12-04 17:50:04,969 - INFO - Sent reply
2024-12-04 17:50:04,969 - INFO - Epoch 1/1: Loss = 100.5702
2024-12-04 17:50:04,969 - INFO - Sent reply
2024-12-04 17:50:04,979 - INFO - 
2024-12-04 17:50:04,979 - INFO - Received: evaluate message 5cfbfdf8-281b-4fb9-a58a-19a16817b550
2024-12-04 17:50:04,979 - WARNING - Deprecation Warning: The `client_fn` function must return an instance of `Client`, but an instance of `NumpyClient` was returned. Please use `NumPyClient.to_client()` method to convert it to `Client`.
2024-12-04 17:50:04,979 - INFO - 
2024-12-04 17:50:04,980 - INFO - Received: evaluate message ee08c7d5-6566-454a-9b5a-f642debe7110
2024-12-04 17:50:04,980 - WARNING - Deprecation Warning: The `client_fn` function must return an instance of `Client`, but an instance of `NumpyClient` was returned. Please use `NumPyClient.to_client()` method to convert it to `Client`.
2024-12-04 17:50:05,039 - INFO - Test Metrics | Log-loss: 0.5204 | ROC AUC: 0.7811 | Accuracy: 0.6676 | F1 Score: 0.2311
2024-12-04 17:50:05,039 - INFO - Sent reply
2024-12-04 17:50:05,039 - INFO - 
2024-12-04 17:50:05,039 - INFO - Received: train message ff0ad996-e732-4c3e-a015-93ec0ccc7c78
2024-12-04 17:50:05,039 - WARNING - Deprecation Warning: The `client_fn` function must return an instance of `Client`, but an instance of `NumpyClient` was returned. Please use `NumPyClient.to_client()` method to convert it to `Client`.
2024-12-04 17:50:05,039 - INFO - 
2024-12-04 17:50:05,039 - INFO - Received: train message 237dddd9-68e3-4172-bba1-f4d1dba9f89c
2024-12-04 17:50:05,054 - WARNING - Deprecation Warning: The `client_fn` function must return an instance of `Client`, but an instance of `NumpyClient` was returned. Please use `NumPyClient.to_client()` method to convert it to `Client`.
2024-12-04 17:50:05,352 - INFO - Epoch 1/1: Loss = 89.9096
2024-12-04 17:50:05,352 - INFO - Sent reply
2024-12-04 17:50:05,352 - INFO - Epoch 1/1: Loss = 89.7392
2024-12-04 17:50:05,352 - INFO - Sent reply
2024-12-04 17:50:05,352 - INFO - 
2024-12-04 17:50:05,352 - INFO - Received: evaluate message 14775829-840e-4f9e-87cc-d8ecdc1b283f
2024-12-04 17:50:05,352 - WARNING - Deprecation Warning: The `client_fn` function must return an instance of `Client`, but an instance of `NumpyClient` was returned. Please use `NumPyClient.to_client()` method to convert it to `Client`.
2024-12-04 17:50:05,352 - INFO - 
2024-12-04 17:50:05,352 - INFO - Received: evaluate message 25009956-3a2e-4174-b11d-a0fe111f1f91
2024-12-04 17:50:05,352 - WARNING - Deprecation Warning: The `client_fn` function must return an instance of `Client`, but an instance of `NumpyClient` was returned. Please use `NumPyClient.to_client()` method to convert it to `Client`.
2024-12-04 17:50:05,406 - INFO - Test Metrics | Log-loss: 0.5524 | ROC AUC: 0.7829 | Accuracy: 0.6436 | F1 Score: 0.2244
2024-12-04 17:50:05,406 - INFO - Test Metrics | Log-loss: 0.5486 | ROC AUC: 0.7828 | Accuracy: 0.6466 | F1 Score: 0.2259
2024-12-04 17:50:05,406 - INFO - Sent reply
2024-12-04 17:50:05,406 - INFO - Sent reply
2024-12-04 17:50:05,406 - INFO - 
2024-12-04 17:50:05,406 - INFO - Received: train message 0286946f-e171-4679-9bb3-6fe3e80d6d23
2024-12-04 17:50:05,406 - WARNING - Deprecation Warning: The `client_fn` function must return an instance of `Client`, but an instance of `NumpyClient` was returned. Please use `NumPyClient.to_client()` method to convert it to `Client`.
2024-12-04 17:50:05,406 - INFO - 
2024-12-04 17:50:05,406 - INFO - Received: train message 533a3be6-0460-41d0-ab3d-d3adc4364615
2024-12-04 17:50:05,406 - WARNING - Deprecation Warning: The `client_fn` function must return an instance of `Client`, but an instance of `NumpyClient` was returned. Please use `NumPyClient.to_client()` method to convert it to `Client`.
2024-12-04 17:50:05,670 - INFO - Epoch 1/1: Loss = 87.5026
2024-12-04 17:50:05,670 - INFO - Sent reply
2024-12-04 17:50:05,670 - INFO - Epoch 1/1: Loss = 87.8788
2024-12-04 17:50:05,670 - INFO - Sent reply
2024-12-04 17:50:05,670 - INFO - 
2024-12-04 17:50:05,670 - INFO - Received: evaluate message 856d9626-7a64-44ce-aeff-8538e721c864
2024-12-04 17:50:05,670 - WARNING - Deprecation Warning: The `client_fn` function must return an instance of `Client`, but an instance of `NumpyClient` was returned. Please use `NumPyClient.to_client()` method to convert it to `Client`.
2024-12-04 17:50:05,670 - INFO - 
2024-12-04 17:50:05,670 - INFO - Received: evaluate message 790f67aa-1eea-40b0-9bfc-57bdc082ac60
2024-12-04 17:50:05,670 - WARNING - Deprecation Warning: The `client_fn` function must return an instance of `Client`, but an instance of `NumpyClient` was returned. Please use `NumPyClient.to_client()` method to convert it to `Client`.
2024-12-04 17:50:05,723 - INFO - Test Metrics | Log-loss: 0.4971 | ROC AUC: 0.7865 | Accuracy: 0.6618 | F1 Score: 0.2291
2024-12-04 17:50:05,723 - INFO - Sent reply
2024-12-04 17:50:05,723 - INFO - 
2024-12-04 17:50:05,723 - INFO - Received: train message 77bb1f2a-6e0c-4210-9902-d31548134133
2024-12-04 17:50:05,723 - WARNING - Deprecation Warning: The `client_fn` function must return an instance of `Client`, but an instance of `NumpyClient` was returned. Please use `NumPyClient.to_client()` method to convert it to `Client`.
2024-12-04 17:50:05,723 - INFO - 
2024-12-04 17:50:05,723 - INFO - Received: train message 56a04df6-ebbf-4dbb-822b-4846f3be48bc
2024-12-04 17:50:05,723 - WARNING - Deprecation Warning: The `client_fn` function must return an instance of `Client`, but an instance of `NumpyClient` was returned. Please use `NumPyClient.to_client()` method to convert it to `Client`.
2024-12-04 17:50:05,997 - INFO - Epoch 1/1: Loss = 85.7651
2024-12-04 17:50:05,997 - INFO - Sent reply
2024-12-04 17:50:05,997 - INFO - Epoch 1/1: Loss = 86.2551
2024-12-04 17:50:05,997 - INFO - Sent reply
2024-12-04 17:50:06,005 - INFO - 
2024-12-04 17:50:06,005 - INFO - Received: evaluate message af8b7427-d97a-4d78-aa99-e80aa1b6c735
2024-12-04 17:50:06,005 - WARNING - Deprecation Warning: The `client_fn` function must return an instance of `Client`, but an instance of `NumpyClient` was returned. Please use `NumPyClient.to_client()` method to convert it to `Client`.
2024-12-04 17:50:06,005 - INFO - 
2024-12-04 17:50:06,006 - INFO - Received: evaluate message a7270cbc-746d-4aa5-9d06-f5a0dd508e55
2024-12-04 17:50:06,007 - WARNING - Deprecation Warning: The `client_fn` function must return an instance of `Client`, but an instance of `NumpyClient` was returned. Please use `NumPyClient.to_client()` method to convert it to `Client`.
2024-12-04 17:50:06,055 - INFO - Test Metrics | Log-loss: 0.5079 | ROC AUC: 0.7879 | Accuracy: 0.6560 | F1 Score: 0.2295
2024-12-04 17:50:06,055 - INFO - Test Metrics | Log-loss: 0.5068 | ROC AUC: 0.7878 | Accuracy: 0.6586 | F1 Score: 0.2308
2024-12-04 17:50:06,055 - INFO - Sent reply
2024-12-04 17:50:06,055 - INFO - Sent reply
2024-12-04 17:50:06,057 - INFO - 
2024-12-04 17:50:06,057 - INFO - Received: train message 0ea44741-62ef-4271-8b3a-2f38ca157037
2024-12-04 17:50:06,057 - WARNING - Deprecation Warning: The `client_fn` function must return an instance of `Client`, but an instance of `NumpyClient` was returned. Please use `NumPyClient.to_client()` method to convert it to `Client`.
2024-12-04 17:50:06,057 - INFO - 
2024-12-04 17:50:06,057 - INFO - Received: train message 9dc2e539-ff1f-4f24-ba4c-1a026bbcf140
2024-12-04 17:50:06,057 - WARNING - Deprecation Warning: The `client_fn` function must return an instance of `Client`, but an instance of `NumpyClient` was returned. Please use `NumPyClient.to_client()` method to convert it to `Client`.
2024-12-04 17:50:06,344 - INFO - Epoch 1/1: Loss = 85.2359
2024-12-04 17:50:06,344 - INFO - Sent reply
2024-12-04 17:50:06,344 - INFO - Epoch 1/1: Loss = 84.7508
2024-12-04 17:50:06,344 - INFO - Sent reply
2024-12-04 17:50:06,359 - INFO - 
2024-12-04 17:50:06,359 - INFO - Received: evaluate message 4f0a0df5-9bc3-4961-b180-24f55a721fe3
2024-12-04 17:50:06,360 - WARNING - Deprecation Warning: The `client_fn` function must return an instance of `Client`, but an instance of `NumpyClient` was returned. Please use `NumPyClient.to_client()` method to convert it to `Client`.
2024-12-04 17:50:06,360 - INFO - 
2024-12-04 17:50:06,360 - INFO - Received: evaluate message 6128a7fa-5b9e-427b-b339-d3880c072eba
2024-12-04 17:50:06,361 - WARNING - Deprecation Warning: The `client_fn` function must return an instance of `Client`, but an instance of `NumpyClient` was returned. Please use `NumPyClient.to_client()` method to convert it to `Client`.
2024-12-04 17:50:06,407 - INFO - Test Metrics | Log-loss: 0.5040 | ROC AUC: 0.7901 | Accuracy: 0.6569 | F1 Score: 0.2311
2024-12-04 17:50:06,407 - INFO - Test Metrics | Log-loss: 0.5026 | ROC AUC: 0.7900 | Accuracy: 0.6586 | F1 Score: 0.2319
2024-12-04 17:50:06,407 - INFO - Sent reply
2024-12-04 17:50:06,447 - INFO - 
2024-12-04 17:50:06,447 - INFO - Received: train message 62e772d8-592e-453b-b170-4f9dab0fed59
2024-12-04 17:50:06,448 - WARNING - Deprecation Warning: The `client_fn` function must return an instance of `Client`, but an instance of `NumpyClient` was returned. Please use `NumPyClient.to_client()` method to convert it to `Client`.
2024-12-04 17:50:06,448 - INFO - 
2024-12-04 17:50:06,448 - INFO - Received: train message 514e53f0-fcd3-401c-bf72-e2c24098e3c7
2024-12-04 17:50:06,449 - WARNING - Deprecation Warning: The `client_fn` function must return an instance of `Client`, but an instance of `NumpyClient` was returned. Please use `NumPyClient.to_client()` method to convert it to `Client`.
2024-12-04 17:50:06,711 - INFO - Epoch 1/1: Loss = 83.7894
2024-12-04 17:50:06,711 - INFO - Sent reply
2024-12-04 17:50:06,711 - INFO - Epoch 1/1: Loss = 84.5845
2024-12-04 17:50:06,711 - INFO - Sent reply
2024-12-04 17:50:06,719 - INFO - 
2024-12-04 17:50:06,719 - INFO - Received: evaluate message 3d64fe44-f11a-47a6-94c6-52e3c7e7cdc4
2024-12-04 17:50:06,719 - WARNING - Deprecation Warning: The `client_fn` function must return an instance of `Client`, but an instance of `NumpyClient` was returned. Please use `NumPyClient.to_client()` method to convert it to `Client`.
2024-12-04 17:50:06,719 - INFO - 
2024-12-04 17:50:06,720 - INFO - Received: evaluate message 2361bf12-3fa3-4e55-accf-785a38357908
2024-12-04 17:50:06,720 - WARNING - Deprecation Warning: The `client_fn` function must return an instance of `Client`, but an instance of `NumpyClient` was returned. Please use `NumPyClient.to_client()` method to convert it to `Client`.
2024-12-04 17:50:06,780 - INFO - Test Metrics | Log-loss: 0.4905 | ROC AUC: 0.7911 | Accuracy: 0.6673 | F1 Score: 0.2366
2024-12-04 17:50:06,781 - INFO - Sent reply
2024-12-04 17:50:06,784 - INFO - 
2024-12-04 17:50:06,784 - INFO - Received: train message f61ac096-25ed-4df3-ab74-ea5e8979be04
2024-12-04 17:50:06,784 - WARNING - Deprecation Warning: The `client_fn` function must return an instance of `Client`, but an instance of `NumpyClient` was returned. Please use `NumPyClient.to_client()` method to convert it to `Client`.
2024-12-04 17:50:06,784 - INFO - 
2024-12-04 17:50:06,784 - INFO - Received: train message e0e857ba-3e36-4fbe-8efc-225166350018
2024-12-04 17:50:06,784 - WARNING - Deprecation Warning: The `client_fn` function must return an instance of `Client`, but an instance of `NumpyClient` was returned. Please use `NumPyClient.to_client()` method to convert it to `Client`.
2024-12-04 17:50:07,046 - INFO - Epoch 1/1: Loss = 83.0872
2024-12-04 17:50:07,046 - INFO - Sent reply
2024-12-04 17:50:07,046 - INFO - Epoch 1/1: Loss = 83.3853
2024-12-04 17:50:07,046 - INFO - Sent reply
2024-12-04 17:50:07,046 - INFO - 
2024-12-04 17:50:07,046 - INFO - Received: evaluate message 985bb27e-ddcc-492b-bf80-f95a5987fc87
2024-12-04 17:50:07,046 - INFO - 
2024-12-04 17:50:07,046 - WARNING - Deprecation Warning: The `client_fn` function must return an instance of `Client`, but an instance of `NumpyClient` was returned. Please use `NumPyClient.to_client()` method to convert it to `Client`.
2024-12-04 17:50:07,046 - INFO - Received: evaluate message c942db20-6e62-47e3-a6c1-7254a1607482
2024-12-04 17:50:07,046 - WARNING - Deprecation Warning: The `client_fn` function must return an instance of `Client`, but an instance of `NumpyClient` was returned. Please use `NumPyClient.to_client()` method to convert it to `Client`.
2024-12-04 17:50:07,106 - INFO - Test Metrics | Log-loss: 0.4571 | ROC AUC: 0.7934 | Accuracy: 0.6900 | F1 Score: 0.2376
2024-12-04 17:50:07,106 - INFO - Sent reply
2024-12-04 17:50:07,106 - INFO - Test Metrics | Log-loss: 0.4572 | ROC AUC: 0.7934 | Accuracy: 0.6881 | F1 Score: 0.2353
2024-12-04 17:50:07,106 - INFO - Sent reply
2024-12-04 17:50:07,106 - INFO - 
2024-12-04 17:50:07,106 - INFO - Received: train message 803ff48d-6dee-4253-bf90-ae69478cd81a
2024-12-04 17:50:07,106 - WARNING - Deprecation Warning: The `client_fn` function must return an instance of `Client`, but an instance of `NumpyClient` was returned. Please use `NumPyClient.to_client()` method to convert it to `Client`.
2024-12-04 17:50:07,106 - INFO - 
2024-12-04 17:50:07,106 - INFO - Received: train message 19098537-d9dd-48e0-a8eb-989637ab8833
2024-12-04 17:50:07,106 - WARNING - Deprecation Warning: The `client_fn` function must return an instance of `Client`, but an instance of `NumpyClient` was returned. Please use `NumPyClient.to_client()` method to convert it to `Client`.
2024-12-04 17:50:07,409 - INFO - Epoch 1/1: Loss = 82.9420
2024-12-04 17:50:07,409 - INFO - Sent reply
2024-12-04 17:50:07,411 - INFO - Epoch 1/1: Loss = 82.1636
2024-12-04 17:50:07,411 - INFO - Sent reply
2024-12-04 17:50:07,416 - INFO - 
2024-12-04 17:50:07,416 - INFO - Received: evaluate message fe87d713-63a7-4a12-b561-a0e49f3e4ee7
2024-12-04 17:50:07,416 - WARNING - Deprecation Warning: The `client_fn` function must return an instance of `Client`, but an instance of `NumpyClient` was returned. Please use `NumPyClient.to_client()` method to convert it to `Client`.
2024-12-04 17:50:07,416 - INFO - 
2024-12-04 17:50:07,416 - INFO - Received: evaluate message 7d592011-86b9-4f32-8f13-f4096269e2fc
2024-12-04 17:50:07,417 - WARNING - Deprecation Warning: The `client_fn` function must return an instance of `Client`, but an instance of `NumpyClient` was returned. Please use `NumPyClient.to_client()` method to convert it to `Client`.
2024-12-04 17:50:07,476 - INFO - Test Metrics | Log-loss: 0.5090 | ROC AUC: 0.7921 | Accuracy: 0.6586 | F1 Score: 0.2386
2024-12-04 17:50:07,477 - INFO - Sent reply
2024-12-04 17:50:07,477 - INFO - Sent reply
2024-12-04 17:50:07,480 - INFO - 
2024-12-04 17:50:07,480 - INFO - Received: train message 5d12d068-3877-487a-9746-4a5f973cd1dd
2024-12-04 17:50:07,480 - WARNING - Deprecation Warning: The `client_fn` function must return an instance of `Client`, but an instance of `NumpyClient` was returned. Please use `NumPyClient.to_client()` method to convert it to `Client`.
2024-12-04 17:50:07,480 - INFO - 
2024-12-04 17:50:07,480 - INFO - Received: train message a6060a0b-4499-4e2e-9cf8-9ed521718994
2024-12-04 17:50:07,481 - WARNING - Deprecation Warning: The `client_fn` function must return an instance of `Client`, but an instance of `NumpyClient` was returned. Please use `NumPyClient.to_client()` method to convert it to `Client`.
2024-12-04 17:50:07,757 - INFO - Epoch 1/1: Loss = 81.4321
2024-12-04 17:50:07,757 - INFO - Sent reply
2024-12-04 17:50:07,775 - INFO - Epoch 1/1: Loss = 82.3201
2024-12-04 17:50:07,775 - INFO - Sent reply
2024-12-04 17:50:07,781 - INFO - 
2024-12-04 17:50:07,782 - INFO - Received: evaluate message 7287cd20-4142-44a7-b041-0e263866a679
2024-12-04 17:50:07,782 - INFO - 
2024-12-04 17:50:07,782 - WARNING - Deprecation Warning: The `client_fn` function must return an instance of `Client`, but an instance of `NumpyClient` was returned. Please use `NumPyClient.to_client()` method to convert it to `Client`.
2024-12-04 17:50:07,782 - INFO - Received: evaluate message 1e71b399-62be-4e49-85d7-9f482c56cb9a
2024-12-04 17:50:07,782 - WARNING - Deprecation Warning: The `client_fn` function must return an instance of `Client`, but an instance of `NumpyClient` was returned. Please use `NumPyClient.to_client()` method to convert it to `Client`.
2024-12-04 17:50:07,839 - INFO - Test Metrics | Log-loss: 0.4800 | ROC AUC: 0.7949 | Accuracy: 0.6751 | F1 Score: 0.2409
2024-12-04 17:50:07,839 - INFO - Test Metrics | Log-loss: 0.4796 | ROC AUC: 0.7948 | Accuracy: 0.6741 | F1 Score: 0.2392
2024-12-04 17:50:07,839 - INFO - Sent reply
2024-12-04 17:50:07,839 - INFO - Sent reply
2024-12-04 17:50:07,839 - INFO - 
2024-12-04 17:50:07,839 - INFO - Received: train message faceeab3-25dc-4c6a-b979-cf11e7cc342f
2024-12-04 17:50:07,839 - WARNING - Deprecation Warning: The `client_fn` function must return an instance of `Client`, but an instance of `NumpyClient` was returned. Please use `NumPyClient.to_client()` method to convert it to `Client`.
2024-12-04 17:50:07,839 - INFO - 
2024-12-04 17:50:07,839 - INFO - Received: train message ab698941-bfde-4bcf-a7ce-3e580cbac6f3
2024-12-04 17:50:07,839 - WARNING - Deprecation Warning: The `client_fn` function must return an instance of `Client`, but an instance of `NumpyClient` was returned. Please use `NumPyClient.to_client()` method to convert it to `Client`.
2024-12-04 17:50:08,152 - INFO - Epoch 1/1: Loss = 81.1257
2024-12-04 17:50:08,152 - INFO - Sent reply
2024-12-04 17:50:08,156 - INFO - Epoch 1/1: Loss = 81.6438
2024-12-04 17:50:08,156 - INFO - Sent reply
2024-12-04 17:50:08,156 - INFO - 
2024-12-04 17:50:08,156 - INFO - Received: evaluate message 1c7c8596-df18-4cd6-bedc-a134a6d779bf
2024-12-04 17:50:08,165 - WARNING - Deprecation Warning: The `client_fn` function must return an instance of `Client`, but an instance of `NumpyClient` was returned. Please use `NumPyClient.to_client()` method to convert it to `Client`.
2024-12-04 17:50:08,165 - INFO - 
2024-12-04 17:50:08,165 - INFO - Received: evaluate message 6ba16366-192d-4eb8-84f6-c5c05a49a417
2024-12-04 17:50:08,166 - WARNING - Deprecation Warning: The `client_fn` function must return an instance of `Client`, but an instance of `NumpyClient` was returned. Please use `NumPyClient.to_client()` method to convert it to `Client`.
2024-12-04 17:50:08,205 - INFO - Test Metrics | Log-loss: 0.5485 | ROC AUC: 0.7915 | Accuracy: 0.6466 | F1 Score: 0.2378
2024-12-04 17:50:08,205 - INFO - Sent reply
2024-12-04 17:50:08,205 - INFO - Test Metrics | Log-loss: 0.5494 | ROC AUC: 0.7917 | Accuracy: 0.6459 | F1 Score: 0.2374
2024-12-04 17:50:08,205 - INFO - Sent reply
2024-12-04 17:50:08,220 - INFO - 
2024-12-04 17:50:08,221 - INFO - Received: train message 6ea45e9a-6eb6-46cf-b70f-f1804b1ce6a1
2024-12-04 17:50:08,221 - WARNING - Deprecation Warning: The `client_fn` function must return an instance of `Client`, but an instance of `NumpyClient` was returned. Please use `NumPyClient.to_client()` method to convert it to `Client`.
2024-12-04 17:50:08,221 - INFO - 
2024-12-04 17:50:08,222 - INFO - Received: train message 52386096-da4d-4a63-b1ef-1291a356c1f4
2024-12-04 17:50:08,222 - WARNING - Deprecation Warning: The `client_fn` function must return an instance of `Client`, but an instance of `NumpyClient` was returned. Please use `NumPyClient.to_client()` method to convert it to `Client`.
2024-12-04 17:50:08,555 - INFO - Epoch 1/1: Loss = 80.2116
2024-12-04 17:50:08,555 - INFO - Sent reply
2024-12-04 17:50:08,555 - INFO - Epoch 1/1: Loss = 81.0743
2024-12-04 17:50:08,555 - INFO - Sent reply
2024-12-04 17:50:08,568 - INFO - 
2024-12-04 17:50:08,568 - INFO - Received: evaluate message d50cb02a-ef96-48e8-b9c3-8e0f8ba1447b
2024-12-04 17:50:08,568 - WARNING - Deprecation Warning: The `client_fn` function must return an instance of `Client`, but an instance of `NumpyClient` was returned. Please use `NumPyClient.to_client()` method to convert it to `Client`.
2024-12-04 17:50:08,568 - INFO - 
2024-12-04 17:50:08,569 - INFO - Received: evaluate message 233f260f-248d-463d-9a8f-5c40a0f22f61
2024-12-04 17:50:08,569 - WARNING - Deprecation Warning: The `client_fn` function must return an instance of `Client`, but an instance of `NumpyClient` was returned. Please use `NumPyClient.to_client()` method to convert it to `Client`.
2024-12-04 17:50:08,622 - INFO - Test Metrics | Log-loss: 0.5460 | ROC AUC: 0.7942 | Accuracy: 0.6469 | F1 Score: 0.2379
2024-12-04 17:50:08,622 - INFO - Test Metrics | Log-loss: 0.5476 | ROC AUC: 0.7944 | Accuracy: 0.6459 | F1 Score: 0.2374
2024-12-04 17:50:08,622 - INFO - Sent reply
2024-12-04 17:50:08,647 - INFO - 
2024-12-04 17:50:08,647 - INFO - Received: train message 47c3d9b7-1c5c-4c50-b6b7-758f6d372e3b
2024-12-04 17:50:08,647 - WARNING - Deprecation Warning: The `client_fn` function must return an instance of `Client`, but an instance of `NumpyClient` was returned. Please use `NumPyClient.to_client()` method to convert it to `Client`.
2024-12-04 17:50:08,647 - INFO - 
2024-12-04 17:50:08,647 - INFO - Received: train message 223a8fa0-3892-481d-87c6-1e9421d7ce14
2024-12-04 17:50:08,647 - WARNING - Deprecation Warning: The `client_fn` function must return an instance of `Client`, but an instance of `NumpyClient` was returned. Please use `NumPyClient.to_client()` method to convert it to `Client`.
2024-12-04 17:50:08,955 - INFO - Epoch 1/1: Loss = 80.1353
2024-12-04 17:50:08,956 - INFO - Sent reply
2024-12-04 17:50:08,956 - INFO - Epoch 1/1: Loss = 80.5901
2024-12-04 17:50:08,971 - INFO - Sent reply
2024-12-04 17:50:08,975 - INFO - 
2024-12-04 17:50:08,976 - INFO - Received: evaluate message a4094aa8-6122-4a07-9fa8-ccda86dc8b18
2024-12-04 17:50:08,976 - INFO - 
 Deprecation Warning: The `client_fn` function must return an instance of `Client`, but an instance of `NumpyClient` was returned. Please use `NumPyClient.to_client()` method to convert it to `Client`.
2024-12-04 17:50:08,976 - INFO - Received: evaluate message 32880a46-f13a-4d49-b225-21d091d2f1ae
2024-12-04 17:50:08,977 - WARNING - Deprecation Warning: The `client_fn` function must return an instance of `Client`, but an instance of `NumpyClient` was returned. Please use `NumPyClient.to_client()` method to convert it to `Client`.
2024-12-04 17:50:09,024 - INFO - Test Metrics | Log-loss: 0.4706 | ROC AUC: 0.7958 | Accuracy: 0.6855 | F1 Score: 0.2422
2024-12-04 17:50:09,024 - INFO - Sent reply
2024-12-04 17:50:09,024 - INFO - Sent reply
2024-12-04 17:50:09,040 - INFO - 
2024-12-04 17:50:09,041 - INFO - Received: train message fae6ccf5-7c02-46a8-9dbb-918008ec7894
2024-12-04 17:50:09,041 - WARNING - Deprecation Warning: The `client_fn` function must return an instance of `Client`, but an instance of `NumpyClient` was returned. Please use `NumPyClient.to_client()` method to convert it to `Client`.
2024-12-04 17:50:09,041 - INFO - 
2024-12-04 17:50:09,041 - INFO - Received: train message ce125743-bf03-43f1-9a3f-50514094e06e
2024-12-04 17:50:09,041 - WARNING - Deprecation Warning: The `client_fn` function must return an instance of `Client`, but an instance of `NumpyClient` was returned. Please use `NumPyClient.to_client()` method to convert it to `Client`.
2024-12-04 17:50:09,340 - INFO - Epoch 1/1: Loss = 79.9723
2024-12-04 17:50:09,340 - INFO - Epoch 1/1: Loss = 79.4320
2024-12-04 17:50:09,340 - INFO - Sent reply
2024-12-04 17:50:09,340 - INFO - Sent reply
2024-12-04 17:50:09,340 - INFO - 
2024-12-04 17:50:09,340 - INFO - Received: evaluate message 2ce3cec6-ceb8-4628-8aaf-facd68a85750
2024-12-04 17:50:09,340 - WARNING - Deprecation Warning: The `client_fn` function must return an instance of `Client`, but an instance of `NumpyClient` was returned. Please use `NumPyClient.to_client()` method to convert it to `Client`.
2024-12-04 17:50:09,340 - INFO - 
2024-12-04 17:50:09,340 - INFO - Received: evaluate message c068cb2f-8bf7-4454-a100-e8755e1ddd1c
2024-12-04 17:50:09,340 - WARNING - Deprecation Warning: The `client_fn` function must return an instance of `Client`, but an instance of `NumpyClient` was returned. Please use `NumPyClient.to_client()` method to convert it to `Client`.
2024-12-04 17:50:09,406 - INFO - Test Metrics | Log-loss: 0.4675 | ROC AUC: 0.7978 | Accuracy: 0.6920 | F1 Score: 0.2436
2024-12-04 17:50:09,406 - INFO - Sent reply
2024-12-04 17:50:09,406 - INFO - Sent reply
2024-12-04 17:50:09,406 - INFO - 
2024-12-04 17:50:09,406 - INFO - Received: train message 2b547701-9f58-40a0-983f-eb755db53bf9
2024-12-04 17:50:09,406 - WARNING - Deprecation Warning: The `client_fn` function must return an instance of `Client`, but an instance of `NumpyClient` was returned. Please use `NumPyClient.to_client()` method to convert it to `Client`.
2024-12-04 17:50:09,406 - INFO - 
2024-12-04 17:50:09,406 - INFO - Received: train message 20462c15-bea8-4a52-a063-ca41afb78dc6
2024-12-04 17:50:09,406 - WARNING - Deprecation Warning: The `client_fn` function must return an instance of `Client`, but an instance of `NumpyClient` was returned. Please use `NumPyClient.to_client()` method to convert it to `Client`.
2024-12-04 17:50:09,674 - INFO - Epoch 1/1: Loss = 79.7709
2024-12-04 17:50:09,674 - INFO - Epoch 1/1: Loss = 79.3641
2024-12-04 17:50:09,674 - INFO - Sent reply
2024-12-04 17:50:09,674 - INFO - Sent reply
2024-12-04 17:50:09,674 - INFO - 
2024-12-04 17:50:09,674 - INFO - Received: evaluate message 304214f6-7c6a-4a42-b8c4-69b893e23962
2024-12-04 17:50:09,674 - WARNING - Deprecation Warning: The `client_fn` function must return an instance of `Client`, but an instance of `NumpyClient` was returned. Please use `NumPyClient.to_client()` method to convert it to `Client`.
2024-12-04 17:50:09,674 - INFO - 
2024-12-04 17:50:09,674 - INFO - Received: evaluate message 3ad3fd97-0498-4373-b3d1-44846d6e1f86
2024-12-04 17:50:09,674 - WARNING - Deprecation Warning: The `client_fn` function must return an instance of `Client`, but an instance of `NumpyClient` was returned. Please use `NumPyClient.to_client()` method to convert it to `Client`.
2024-12-04 17:50:09,739 - INFO - Test Metrics | Log-loss: 0.4552 | ROC AUC: 0.7987 | Accuracy: 0.7004 | F1 Score: 0.2451
2024-12-04 17:50:09,739 - INFO - Test Metrics | Log-loss: 0.4561 | ROC AUC: 0.7985 | Accuracy: 0.6991 | F1 Score: 0.2406
2024-12-04 17:50:09,739 - INFO - Sent reply
2024-12-04 17:50:09,739 - INFO - 
2024-12-04 17:50:09,739 - INFO - Received: train message 78c32292-c27f-4a55-973a-f54851a6506a
2024-12-04 17:50:09,739 - INFO - 
2024-12-04 17:50:09,739 - WARNING - Deprecation Warning: The `client_fn` function must return an instance of `Client`, but an instance of `NumpyClient` was returned. Please use `NumPyClient.to_client()` method to convert it to `Client`.
2024-12-04 17:50:09,739 - INFO - Received: train message 5822f175-9497-4630-93f1-935ad5f47995
2024-12-04 17:50:09,739 - WARNING - Deprecation Warning: The `client_fn` function must return an instance of `Client`, but an instance of `NumpyClient` was returned. Please use `NumPyClient.to_client()` method to convert it to `Client`.
2024-12-04 17:50:10,062 - INFO - Epoch 1/1: Loss = 78.4805
2024-12-04 17:50:10,062 - INFO - Sent reply
2024-12-04 17:50:10,064 - INFO - Epoch 1/1: Loss = 79.3267
2024-12-04 17:50:10,065 - INFO - Sent reply
2024-12-04 17:50:10,070 - INFO - 
2024-12-04 17:50:10,070 - INFO - Received: evaluate message 18b17d58-ff99-496c-9669-9b46b9d89d18
2024-12-04 17:50:10,071 - WARNING - Deprecation Warning: The `client_fn` function must return an instance of `Client`, but an instance of `NumpyClient` was returned. Please use `NumPyClient.to_client()` method to convert it to `Client`.
2024-12-04 17:50:10,071 - INFO - 
2024-12-04 17:50:10,071 - INFO - Received: evaluate message cd1c91c6-30f6-40a5-aedf-cbdbffffa68d
2024-12-04 17:50:10,071 - WARNING - Deprecation Warning: The `client_fn` function must return an instance of `Client`, but an instance of `NumpyClient` was returned. Please use `NumPyClient.to_client()` method to convert it to `Client`.
2024-12-04 17:50:10,123 - INFO - Test Metrics | Log-loss: 0.4890 | ROC AUC: 0.7971 | Accuracy: 0.6835 | F1 Score: 0.2434
2024-12-04 17:50:10,123 - INFO - Test Metrics | Log-loss: 0.4893 | ROC AUC: 0.7972 | Accuracy: 0.6829 | F1 Score: 0.2465
2024-12-04 17:50:10,123 - INFO - Sent reply
2024-12-04 17:50:10,123 - INFO - Sent reply
2024-12-04 17:50:10,123 - INFO - 
2024-12-04 17:50:10,123 - INFO - Received: train message 80c00ab3-c5ae-4e23-a8b7-913537f588fa
2024-12-04 17:50:10,123 - WARNING - Deprecation Warning: The `client_fn` function must return an instance of `Client`, but an instance of `NumpyClient` was returned. Please use `NumPyClient.to_client()` method to convert it to `Client`.
2024-12-04 17:50:10,123 - INFO - 
2024-12-04 17:50:10,123 - INFO - Received: train message 3420ee80-f7ef-40aa-990a-b785fda7e719
2024-12-04 17:50:10,123 - WARNING - Deprecation Warning: The `client_fn` function must return an instance of `Client`, but an instance of `NumpyClient` was returned. Please use `NumPyClient.to_client()` method to convert it to `Client`.
2024-12-04 17:50:10,400 - INFO - Epoch 1/1: Loss = 78.3509
2024-12-04 17:50:10,400 - INFO - Sent reply
2024-12-04 17:50:10,416 - INFO - Epoch 1/1: Loss = 79.0287
2024-12-04 17:50:10,416 - INFO - Sent reply
2024-12-04 17:50:10,420 - INFO - 
2024-12-04 17:50:10,420 - INFO - Received: evaluate message 5958c143-7dae-4b99-831e-8844d4d847d5
2024-12-04 17:50:10,420 - WARNING - Deprecation Warning: The `client_fn` function must return an instance of `Client`, but an instance of `NumpyClient` was returned. Please use `NumPyClient.to_client()` method to convert it to `Client`.
2024-12-04 17:50:10,420 - INFO - 
2024-12-04 17:50:10,422 - INFO - Received: evaluate message c5335ffb-e2bd-4f2e-99a8-cf30e1252d1d
2024-12-04 17:50:10,422 - WARNING - Deprecation Warning: The `client_fn` function must return an instance of `Client`, but an instance of `NumpyClient` was returned. Please use `NumPyClient.to_client()` method to convert it to `Client`.
2024-12-04 17:50:10,474 - INFO - Test Metrics | Log-loss: 0.4549 | ROC AUC: 0.7972 | Accuracy: 0.7010 | F1 Score: 0.2368
2024-12-04 17:50:10,474 - INFO - Test Metrics | Log-loss: 0.4535 | ROC AUC: 0.7974 | Accuracy: 0.6997 | F1 Score: 0.2372
2024-12-04 17:50:10,474 - INFO - Sent reply
2024-12-04 17:50:10,474 - INFO - Sent reply
2024-12-04 17:50:10,474 - INFO - 
2024-12-04 17:50:10,474 - INFO - Received: train message 147ed05f-dfcc-41ba-b2d6-4e9b7def8fb3
2024-12-04 17:50:10,474 - WARNING - Deprecation Warning: The `client_fn` function must return an instance of `Client`, but an instance of `NumpyClient` was returned. Please use `NumPyClient.to_client()` method to convert it to `Client`.
2024-12-04 17:50:10,474 - INFO - 
2024-12-04 17:50:10,474 - INFO - Received: train message b16fb95e-9107-48bf-895c-beba91c9a698
2024-12-04 17:50:10,474 - WARNING - Deprecation Warning: The `client_fn` function must return an instance of `Client`, but an instance of `NumpyClient` was returned. Please use `NumPyClient.to_client()` method to convert it to `Client`.
2024-12-04 17:50:10,762 - INFO - Epoch 1/1: Loss = 78.0922
2024-12-04 17:50:10,763 - INFO - Sent reply
2024-12-04 17:50:10,767 - INFO - Epoch 1/1: Loss = 78.5805
2024-12-04 17:50:10,768 - INFO - Sent reply
2024-12-04 17:50:10,773 - INFO - 
2024-12-04 17:50:10,773 - INFO - Received: evaluate message d7b517de-1a73-4852-83a1-ee5a583d9039
2024-12-04 17:50:10,773 - WARNING - Deprecation Warning: The `client_fn` function must return an instance of `Client`, but an instance of `NumpyClient` was returned. Please use `NumPyClient.to_client()` method to convert it to `Client`.
2024-12-04 17:50:10,773 - INFO - 
2024-12-04 17:50:10,774 - INFO - Received: evaluate message 7f446206-edea-4429-bfce-54990d23000a
2024-12-04 17:50:10,774 - WARNING - Deprecation Warning: The `client_fn` function must return an instance of `Client`, but an instance of `NumpyClient` was returned. Please use `NumPyClient.to_client()` method to convert it to `Client`.
2024-12-04 17:50:10,823 - INFO - Test Metrics | Log-loss: 0.4614 | ROC AUC: 0.7984 | Accuracy: 0.6994 | F1 Score: 0.2358
2024-12-04 17:50:10,823 - INFO - Sent reply
2024-12-04 17:50:10,839 - INFO - 
2024-12-04 17:50:10,839 - INFO - Received: train message 65df34fa-1941-4031-a88b-057b6576611d
2024-12-04 17:50:10,840 - WARNING - Deprecation Warning: The `client_fn` function must return an instance of `Client`, but an instance of `NumpyClient` was returned. Please use `NumPyClient.to_client()` method to convert it to `Client`.
2024-12-04 17:50:10,840 - INFO - 
2024-12-04 17:50:10,840 - INFO - Received: train message 10539190-5449-4ab5-8506-260af9b36c7b
2024-12-04 17:50:10,840 - WARNING - Deprecation Warning: The `client_fn` function must return an instance of `Client`, but an instance of `NumpyClient` was returned. Please use `NumPyClient.to_client()` method to convert it to `Client`.
2024-12-04 17:50:11,139 - INFO - Epoch 1/1: Loss = 77.7489
2024-12-04 17:50:11,139 - INFO - Sent reply
2024-12-04 17:50:11,139 - INFO - Epoch 1/1: Loss = 78.3923
2024-12-04 17:50:11,139 - INFO - Sent reply
2024-12-04 17:50:11,149 - INFO - 
2024-12-04 17:50:11,149 - INFO - Received: evaluate message 125f880c-e370-465a-999c-41810e3d543a
2024-12-04 17:50:11,149 - WARNING - Deprecation Warning: The `client_fn` function must return an instance of `Client`, but an instance of `NumpyClient` was returned. Please use `NumPyClient.to_client()` method to convert it to `Client`.
2024-12-04 17:50:11,149 - INFO - 
2024-12-04 17:50:11,150 - INFO - Received: evaluate message 721e4317-16c8-4a47-85e3-cf6e6ddbe9ec
2024-12-04 17:50:11,150 - WARNING - Deprecation Warning: The `client_fn` function must return an instance of `Client`, but an instance of `NumpyClient` was returned. Please use `NumPyClient.to_client()` method to convert it to `Client`.
2024-12-04 17:50:11,206 - INFO - Test Metrics | Log-loss: 0.5005 | ROC AUC: 0.7971 | Accuracy: 0.6790 | F1 Score: 0.2408
2024-12-04 17:50:11,206 - INFO - Sent reply
2024-12-04 17:50:11,206 - INFO - 
2024-12-04 17:50:11,206 - INFO - Received: train message ed156873-4b1a-4b98-b770-c4ddbb9deb66
2024-12-04 17:50:11,206 - WARNING - Deprecation Warning: The `client_fn` function must return an instance of `Client`, but an instance of `NumpyClient` was returned. Please use `NumPyClient.to_client()` method to convert it to `Client`.
2024-12-04 17:50:11,206 - INFO - 
2024-12-04 17:50:11,206 - INFO - Received: train message bb9d26e2-c280-4f57-b53e-c5648f290917
2024-12-04 17:50:11,206 - WARNING - Deprecation Warning: The `client_fn` function must return an instance of `Client`, but an instance of `NumpyClient` was returned. Please use `NumPyClient.to_client()` method to convert it to `Client`.
2024-12-04 17:50:11,506 - INFO - Epoch 1/1: Loss = 77.6304
2024-12-04 17:50:11,506 - INFO - Sent reply
2024-12-04 17:50:11,506 - INFO - Epoch 1/1: Loss = 77.9993
2024-12-04 17:50:11,506 - INFO - Sent reply
2024-12-04 17:50:11,517 - INFO - 
2024-12-04 17:50:11,517 - INFO - Received: evaluate message 3be26fb8-0b1b-41dc-8fbb-29e0e3a0ba2f
2024-12-04 17:50:11,517 - WARNING - Deprecation Warning: The `client_fn` function must return an instance of `Client`, but an instance of `NumpyClient` was returned. Please use `NumPyClient.to_client()` method to convert it to `Client`.
2024-12-04 17:50:11,517 - INFO - 
2024-12-04 17:50:11,518 - INFO - Received: evaluate message 36109a65-305b-4e6d-8a4b-7c1f6dd987f0
2024-12-04 17:50:11,518 - WARNING - Deprecation Warning: The `client_fn` function must return an instance of `Client`, but an instance of `NumpyClient` was returned. Please use `NumPyClient.to_client()` method to convert it to `Client`.
2024-12-04 17:50:11,575 - INFO - Test Metrics | Log-loss: 0.4778 | ROC AUC: 0.7996 | Accuracy: 0.6907 | F1 Score: 0.2417
2024-12-04 17:50:11,575 - INFO - Sent reply
2024-12-04 17:50:11,575 - INFO - Sent reply
2024-12-04 17:50:11,575 - INFO - 
2024-12-04 17:50:11,575 - INFO - Received: train message ad4306aa-6e9f-4b76-bf2f-a21b8c1c496e
2024-12-04 17:50:11,575 - WARNING - Deprecation Warning: The `client_fn` function must return an instance of `Client`, but an instance of `NumpyClient` was returned. Please use `NumPyClient.to_client()` method to convert it to `Client`.
2024-12-04 17:50:11,575 - INFO - 
2024-12-04 17:50:11,575 - INFO - Received: train message f6577af8-0ee2-46bc-abbf-d5e6d37448ba
2024-12-04 17:50:11,575 - WARNING - Deprecation Warning: The `client_fn` function must return an instance of `Client`, but an instance of `NumpyClient` was returned. Please use `NumPyClient.to_client()` method to convert it to `Client`.
2024-12-04 17:50:11,888 - INFO - Epoch 1/1: Loss = 77.0113
2024-12-04 17:50:11,888 - INFO - Sent reply
2024-12-04 17:50:11,888 - INFO - Sent reply
2024-12-04 17:50:11,888 - INFO - 
2024-12-04 17:50:11,888 - INFO - Received: evaluate message d6d18276-fd15-4a6a-9ac8-0649baf77e4f
2024-12-04 17:50:11,888 - INFO - 
2024-12-04 17:50:11,888 - WARNING - Deprecation Warning: The `client_fn` function must return an instance of `Client`, but an instance of `NumpyClient` was returned. Please use `NumPyClient.to_client()` method to convert it to `Client`.
2024-12-04 17:50:11,888 - WARNING - Deprecation Warning: The `client_fn` function must return an instance of `Client`, but an instance of `NumpyClient` was returned. Please use `NumPyClient.to_client()` method to convert it to `Client`.
2024-12-04 17:50:11,943 - INFO - Test Metrics | Log-loss: 0.4274 | ROC AUC: 0.8009 | Accuracy: 0.7228 | F1 Score: 0.2413
2024-12-04 17:50:11,954 - INFO - Sent reply
2024-12-04 17:50:11,954 - INFO - Sent reply
2024-12-04 17:50:11,956 - INFO - 
2024-12-04 17:50:11,956 - INFO - Received: train message f017fe28-7877-4989-8255-0fd07f6bd745
2024-12-04 17:50:11,956 - WARNING - Deprecation Warning: The `client_fn` function must return an instance of `Client`, but an instance of `NumpyClient` was returned. Please use `NumPyClient.to_client()` method to convert it to `Client`.
2024-12-04 17:50:11,956 - INFO - 
2024-12-04 17:50:11,956 - INFO - Received: train message 84f19865-6038-468a-8cc9-6e298f332c28
2024-12-04 17:50:11,956 - WARNING - Deprecation Warning: The `client_fn` function must return an instance of `Client`, but an instance of `NumpyClient` was returned. Please use `NumPyClient.to_client()` method to convert it to `Client`.
2024-12-04 17:50:12,229 - INFO - Epoch 1/1: Loss = 77.0491
2024-12-04 17:50:12,229 - INFO - Sent reply
2024-12-04 17:50:12,231 - INFO - Epoch 1/1: Loss = 77.3669
2024-12-04 17:50:12,231 - INFO - Sent reply
2024-12-04 17:50:12,235 - INFO - 
2024-12-04 17:50:12,236 - INFO - Received: evaluate message e92d1953-06c1-4af8-b5c1-f9050459d6ab
2024-12-04 17:50:12,236 - WARNING - Deprecation Warning: The `client_fn` function must return an instance of `Client`, but an instance of `NumpyClient` was returned. Please use `NumPyClient.to_client()` method to convert it to `Client`.
2024-12-04 17:50:12,236 - INFO - 
2024-12-04 17:50:12,236 - INFO - Received: evaluate message 3ae89d4f-ed3a-493f-a10c-8f2fd2901cd2
2024-12-04 17:50:12,237 - WARNING - Deprecation Warning: The `client_fn` function must return an instance of `Client`, but an instance of `NumpyClient` was returned. Please use `NumPyClient.to_client()` method to convert it to `Client`.
2024-12-04 17:50:12,292 - INFO - Test Metrics | Log-loss: 0.4692 | ROC AUC: 0.7992 | Accuracy: 0.6981 | F1 Score: 0.2375
2024-12-04 17:50:12,292 - INFO - Sent reply
2024-12-04 17:50:12,292 - INFO - Sent reply
2024-12-04 17:50:12,292 - INFO - 
2024-12-04 17:50:12,292 - INFO - Received: train message 76bbe820-b2cf-42e3-b457-578fc0af3a4f
2024-12-04 17:50:12,292 - WARNING - Deprecation Warning: The `client_fn` function must return an instance of `Client`, but an instance of `NumpyClient` was returned. Please use `NumPyClient.to_client()` method to convert it to `Client`.
2024-12-04 17:50:12,292 - INFO - 
2024-12-04 17:50:12,292 - INFO - Received: train message d26ca116-e67a-413d-a44e-4a3ce9eabfc4
2024-12-04 17:50:12,292 - WARNING - Deprecation Warning: The `client_fn` function must return an instance of `Client`, but an instance of `NumpyClient` was returned. Please use `NumPyClient.to_client()` method to convert it to `Client`.
2024-12-04 17:50:12,564 - INFO - Epoch 1/1: Loss = 77.0543
2024-12-04 17:50:12,564 - INFO - Sent reply
2024-12-04 17:50:12,564 - INFO - Epoch 1/1: Loss = 76.6772
2024-12-04 17:50:12,564 - INFO - Sent reply
2024-12-04 17:50:12,564 - INFO - 
2024-12-04 17:50:12,564 - INFO - Received: evaluate message 2a9451d7-7171-40a0-9515-57f68d7d037a
2024-12-04 17:50:12,564 - WARNING - Deprecation Warning: The `client_fn` function must return an instance of `Client`, but an instance of `NumpyClient` was returned. Please use `NumPyClient.to_client()` method to convert it to `Client`.
2024-12-04 17:50:12,564 - INFO - 
2024-12-04 17:50:12,564 - INFO - Received: evaluate message 1791fb46-c03f-4c55-ad7f-53d060275788
2024-12-04 17:50:12,564 - WARNING - Deprecation Warning: The `client_fn` function must return an instance of `Client`, but an instance of `NumpyClient` was returned. Please use `NumPyClient.to_client()` method to convert it to `Client`.
2024-12-04 17:50:12,621 - INFO - Test Metrics | Log-loss: 0.4595 | ROC AUC: 0.8003 | Accuracy: 0.7056 | F1 Score: 0.2395
2024-12-04 17:50:12,621 - INFO - Sent reply
2024-12-04 17:50:12,621 - INFO - Sent reply
2024-12-04 17:50:12,621 - INFO - 
2024-12-04 17:50:12,621 - INFO - Received: train message a37c8dab-4055-4e3f-b389-2444667723aa
2024-12-04 17:50:12,621 - WARNING - Deprecation Warning: The `client_fn` function must return an instance of `Client`, but an instance of `NumpyClient` was returned. Please use `NumPyClient.to_client()` method to convert it to `Client`.
2024-12-04 17:50:12,621 - INFO - 
2024-12-04 17:50:12,621 - INFO - Received: train message 59c5c954-896c-49ed-87c2-4e1498b11fe9
2024-12-04 17:50:12,621 - WARNING - Deprecation Warning: The `client_fn` function must return an instance of `Client`, but an instance of `NumpyClient` was returned. Please use `NumPyClient.to_client()` method to convert it to `Client`.
2024-12-04 17:50:12,932 - INFO - Epoch 1/1: Loss = 76.2321
2024-12-04 17:50:12,932 - INFO - Sent reply
2024-12-04 17:50:12,936 - INFO - Epoch 1/1: Loss = 76.8249
2024-12-04 17:50:12,936 - INFO - Sent reply
2024-12-04 17:50:12,941 - INFO - 
2024-12-04 17:50:12,942 - INFO - Received: evaluate message 0f3d5fb2-9408-41d2-92d9-ed641645fe87
2024-12-04 17:50:12,942 - WARNING - Deprecation Warning: The `client_fn` function must return an instance of `Client`, but an instance of `NumpyClient` was returned. Please use `NumPyClient.to_client()` method to convert it to `Client`.
2024-12-04 17:50:12,942 - INFO - 
2024-12-04 17:50:12,942 - INFO - Received: evaluate message b98ba50e-eb16-45da-b6df-440baad73704
2024-12-04 17:50:12,943 - WARNING - Deprecation Warning: The `client_fn` function must return an instance of `Client`, but an instance of `NumpyClient` was returned. Please use `NumPyClient.to_client()` method to convert it to `Client`.
2024-12-04 17:50:12,989 - INFO - Test Metrics | Log-loss: 0.4831 | ROC AUC: 0.7986 | Accuracy: 0.6939 | F1 Score: 0.2387
2024-12-04 17:50:12,989 - INFO - Sent reply
 | Log-loss: 0.4822 | ROC AUC: 0.7989 | Accuracy: 0.6936 | F1 Score: 0.2410
2024-12-04 17:50:13,003 - INFO - Sent reply
2024-12-04 17:50:13,005 - INFO - 
2024-12-04 17:50:13,005 - INFO - Received: train message 3b2b020c-81af-4667-8b2c-c5ebe5ab52a9
2024-12-04 17:50:13,005 - WARNING - Deprecation Warning: The `client_fn` function must return an instance of `Client`, but an instance of `NumpyClient` was returned. Please use `NumPyClient.to_client()` method to convert it to `Client`.
2024-12-04 17:50:13,005 - INFO - 
2024-12-04 17:50:13,005 - INFO - Received: train message cfae8fc5-ae6e-4883-b9ce-b5839b36d5dc
2024-12-04 17:50:13,005 - WARNING - Deprecation Warning: The `client_fn` function must return an instance of `Client`, but an instance of `NumpyClient` was returned. Please use `NumPyClient.to_client()` method to convert it to `Client`.
2024-12-04 17:50:13,291 - INFO - Epoch 1/1: Loss = 76.1976
2024-12-04 17:50:13,292 - INFO - Sent reply
2024-12-04 17:50:13,293 - INFO - Epoch 1/1: Loss = 76.8128
2024-12-04 17:50:13,294 - INFO - Sent reply
2024-12-04 17:50:13,298 - INFO - 
2024-12-04 17:50:13,298 - INFO - Received: evaluate message 0f3ce491-5698-48a5-9f80-86c728188dc7
2024-12-04 17:50:13,299 - WARNING - Deprecation Warning: The `client_fn` function must return an instance of `Client`, but an instance of `NumpyClient` was returned. Please use `NumPyClient.to_client()` method to convert it to `Client`.
2024-12-04 17:50:13,299 - INFO - 
2024-12-04 17:50:13,299 - INFO - Received: evaluate message fa2f270d-06da-418b-9e32-0a1c41e03096
2024-12-04 17:50:13,299 - WARNING - Deprecation Warning: The `client_fn` function must return an instance of `Client`, but an instance of `NumpyClient` was returned. Please use `NumPyClient.to_client()` method to convert it to `Client`.
2024-12-04 17:50:13,345 - INFO - Test Metrics | Log-loss: 0.4964 | ROC AUC: 0.7989 | Accuracy: 0.6881 | F1 Score: 0.2401
2024-12-04 17:50:13,345 - INFO - Test Metrics | Log-loss: 0.4956 | ROC AUC: 0.7993 | Accuracy: 0.6894 | F1 Score: 0.2409
2024-12-04 17:50:13,345 - INFO - Sent reply
2024-12-04 17:50:13,345 - INFO - Sent reply
2024-12-04 17:50:13,353 - INFO - 
2024-12-04 17:50:13,354 - INFO - Received: train message d1a7da1b-f8a1-4510-ab64-82c2a5131e53
2024-12-04 17:50:13,354 - WARNING - Deprecation Warning: The `client_fn` function must return an instance of `Client`, but an instance of `NumpyClient` was returned. Please use `NumPyClient.to_client()` method to convert it to `Client`.
2024-12-04 17:50:13,354 - INFO - 
2024-12-04 17:50:13,354 - INFO - Received: train message 5a928640-9191-47ac-8f41-9cdb35be7c05
2024-12-04 17:50:13,354 - WARNING - Deprecation Warning: The `client_fn` function must return an instance of `Client`, but an instance of `NumpyClient` was returned. Please use `NumPyClient.to_client()` method to convert it to `Client`.
2024-12-04 17:50:13,630 - INFO - Epoch 1/1: Loss = 76.0157
2024-12-04 17:50:13,630 - INFO - Sent reply
2024-12-04 17:50:13,630 - INFO - Epoch 1/1: Loss = 76.3882
2024-12-04 17:50:13,630 - INFO - Sent reply
2024-12-04 17:50:13,642 - INFO - 
2024-12-04 17:50:13,642 - INFO - Received: evaluate message 60332119-539b-4b3e-a67e-e2e581b6e482
2024-12-04 17:50:13,642 - WARNING - Deprecation Warning: The `client_fn` function must return an instance of `Client`, but an instance of `NumpyClient` was returned. Please use `NumPyClient.to_client()` method to convert it to `Client`.
2024-12-04 17:50:13,642 - INFO - 
2024-12-04 17:50:13,642 - INFO - Received: evaluate message 6b60ec06-997d-4814-afa6-d13afab61fe9
2024-12-04 17:50:13,643 - WARNING - Deprecation Warning: The `client_fn` function must return an instance of `Client`, but an instance of `NumpyClient` was returned. Please use `NumPyClient.to_client()` method to convert it to `Client`.
2024-12-04 17:50:13,689 - INFO - Test Metrics | Log-loss: 0.4715 | ROC AUC: 0.8016 | Accuracy: 0.6981 | F1 Score: 0.2388
2024-12-04 17:50:13,689 - INFO - Sent reply
2024-12-04 17:50:13,689 - INFO - Test Metrics | Log-loss: 0.4731 | ROC AUC: 0.8013 | Accuracy: 0.6988 | F1 Score: 0.2366
2024-12-04 17:50:13,689 - INFO - Sent reply
2024-12-04 17:50:13,700 - INFO - 
2024-12-04 17:50:13,700 - INFO - Received: train message 786d37c5-3baf-494a-befa-8c6350366230
2024-12-04 17:50:13,701 - WARNING - Deprecation Warning: The `client_fn` function must return an instance of `Client`, but an instance of `NumpyClient` was returned. Please use `NumPyClient.to_client()` method to convert it to `Client`.
2024-12-04 17:50:13,701 - INFO - 
2024-12-04 17:50:13,701 - INFO - Received: train message 48dd4f31-f250-42ae-b1c6-5d30fc27159b
2024-12-04 17:50:13,702 - WARNING - Deprecation Warning: The `client_fn` function must return an instance of `Client`, but an instance of `NumpyClient` was returned. Please use `NumPyClient.to_client()` method to convert it to `Client`.
2024-12-04 17:50:13,953 - INFO - Epoch 1/1: Loss = 75.7395
2024-12-04 17:50:13,969 - INFO - Sent reply
2024-12-04 17:50:13,969 - INFO - Epoch 1/1: Loss = 76.1327
2024-12-04 17:50:13,969 - INFO - Sent reply
2024-12-04 17:50:13,976 - INFO - 
2024-12-04 17:50:13,976 - INFO - Received: evaluate message 0b507e5f-c438-4baf-bad7-85ca087bdc30
2024-12-04 17:50:13,976 - WARNING - Deprecation Warning: The `client_fn` function must return an instance of `Client`, but an instance of `NumpyClient` was returned. Please use `NumPyClient.to_client()` method to convert it to `Client`.
2024-12-04 17:50:13,977 - INFO - 
2024-12-04 17:50:13,977 - INFO - Received: evaluate message 9484cbd5-f3ba-4225-b9a5-aed7ad12f0a4
2024-12-04 17:50:13,978 - WARNING - Deprecation Warning: The `client_fn` function must return an instance of `Client`, but an instance of `NumpyClient` was returned. Please use `NumPyClient.to_client()` method to convert it to `Client`.
2024-12-04 17:50:14,022 - INFO - Test Metrics | Log-loss: 0.4523 | ROC AUC: 0.8007 | Accuracy: 0.7140 | F1 Score: 0.2383
2024-12-04 17:50:14,037 - INFO - Sent reply
2024-12-04 17:50:14,038 - INFO - 
2024-12-04 17:50:14,038 - INFO - Received: train message 99470d3e-1012-436a-bce8-fa0a7de7652e
2024-12-04 17:50:14,038 - WARNING - Deprecation Warning: The `client_fn` function must return an instance of `Client`, but an instance of `NumpyClient` was returned. Please use `NumPyClient.to_client()` method to convert it to `Client`.
2024-12-04 17:50:14,038 - INFO - 
2024-12-04 17:50:14,038 - INFO - Received: train message 67597281-60d2-492f-ada0-b242393463b6
2024-12-04 17:50:14,038 - WARNING - Deprecation Warning: The `client_fn` function must return an instance of `Client`, but an instance of `NumpyClient` was returned. Please use `NumPyClient.to_client()` method to convert it to `Client`.
2024-12-04 17:50:14,335 - INFO - Epoch 1/1: Loss = 75.7157
2024-12-04 17:50:14,335 - INFO - Sent reply
2024-12-04 17:50:14,335 - INFO - Epoch 1/1: Loss = 76.1753
2024-12-04 17:50:14,335 - INFO - Sent reply
2024-12-04 17:50:14,352 - INFO - 
2024-12-04 17:50:14,352 - INFO - Received: evaluate message fac4f314-33b8-4cb8-b7fe-7bfcdd664069
2024-12-04 17:50:14,352 - WARNING - Deprecation Warning: The `client_fn` function must return an instance of `Client`, but an instance of `NumpyClient` was returned. Please use `NumPyClient.to_client()` method to convert it to `Client`.
2024-12-04 17:50:14,352 - INFO - 
2024-12-04 17:50:14,352 - INFO - Received: evaluate message d0dba5ad-5069-46ba-ad6e-19f5bcf0f628
2024-12-04 17:50:14,353 - WARNING - Deprecation Warning: The `client_fn` function must return an instance of `Client`, but an instance of `NumpyClient` was returned. Please use `NumPyClient.to_client()` method to convert it to `Client`.
2024-12-04 17:50:14,403 - INFO - Test Metrics | Log-loss: 0.4759 | ROC AUC: 0.8012 | Accuracy: 0.6984 | F1 Score: 0.2377
2024-12-04 17:50:14,403 - INFO - Test Metrics | Log-loss: 0.4777 | ROC AUC: 0.8008 | Accuracy: 0.6981 | F1 Score: 0.2350
2024-12-04 17:50:14,403 - INFO - Sent reply
2024-12-04 17:50:14,404 - INFO - Sent reply
2024-12-04 17:50:14,405 - INFO - 
2024-12-04 17:50:14,405 - INFO - Received: train message 5d2f4442-7d31-4dba-b1b1-e5974d789c9d
2024-12-04 17:50:14,405 - WARNING - Deprecation Warning: The `client_fn` function must return an instance of `Client`, but an instance of `NumpyClient` was returned. Please use `NumPyClient.to_client()` method to convert it to `Client`.
2024-12-04 17:50:14,405 - INFO - 
2024-12-04 17:50:14,405 - INFO - Received: train message 92396184-c80a-4926-a178-4aa28046fc30
2024-12-04 17:50:14,405 - WARNING - Deprecation Warning: The `client_fn` function must return an instance of `Client`, but an instance of `NumpyClient` was returned. Please use `NumPyClient.to_client()` method to convert it to `Client`.
2024-12-04 17:50:14,632 - INFO - Epoch 1/1: Loss = 76.2372
2024-12-04 17:50:14,632 - INFO - Sent reply
2024-12-04 17:50:14,648 - INFO - Epoch 1/1: Loss = 75.5351
2024-12-04 17:50:14,648 - INFO - Sent reply
2024-12-04 17:50:14,659 - INFO - 
2024-12-04 17:50:14,659 - INFO - Received: evaluate message 90b2db6f-8824-472f-ac08-29095ed52277
2024-12-04 17:50:14,659 - WARNING - Deprecation Warning: The `client_fn` function must return an instance of `Client`, but an instance of `NumpyClient` was returned. Please use `NumPyClient.to_client()` method to convert it to `Client`.
2024-12-04 17:50:14,659 - INFO - 
2024-12-04 17:50:14,660 - INFO - Received: evaluate message 5c61e6fb-01f7-42ca-97d8-bae359a544da
2024-12-04 17:50:14,661 - WARNING - Deprecation Warning: The `client_fn` function must return an instance of `Client`, but an instance of `NumpyClient` was returned. Please use `NumPyClient.to_client()` method to convert it to `Client`.
2024-12-04 17:50:14,707 - INFO - Test Metrics | Log-loss: 0.5137 | ROC AUC: 0.7997 | Accuracy: 0.6819 | F1 Score: 0.2378
2024-12-04 17:50:14,707 - INFO - Sent reply
2024-12-04 17:50:14,721 - INFO - Test Metrics | Log-loss: 0.5131 | ROC AUC: 0.8000 | Accuracy: 0.6822 | F1 Score: 0.2403
2024-12-04 17:50:14,721 - INFO - Sent reply
2024-12-04 17:50:14,725 - INFO - 
2024-12-04 17:50:14,725 - INFO - Received: train message f8e4da0b-fc90-4605-b39e-2f7c92991bf0
2024-12-04 17:50:14,725 - WARNING - Deprecation Warning: The `client_fn` function must return an instance of `Client`, but an instance of `NumpyClient` was returned. Please use `NumPyClient.to_client()` method to convert it to `Client`.
2024-12-04 17:50:14,726 - INFO - 
2024-12-04 17:50:14,726 - INFO - Received: train message a32d3396-96cf-4b0c-a37c-0b0e6ef5ed3f
2024-12-04 17:50:14,726 - WARNING - Deprecation Warning: The `client_fn` function must return an instance of `Client`, but an instance of `NumpyClient` was returned. Please use `NumPyClient.to_client()` method to convert it to `Client`.
2024-12-04 17:50:14,997 - INFO - Epoch 1/1: Loss = 75.1410
2024-12-04 17:50:14,997 - INFO - Sent reply
2024-12-04 17:50:14,997 - INFO - Epoch 1/1: Loss = 75.7274
2024-12-04 17:50:14,997 - INFO - Sent reply
2024-12-04 17:50:15,008 - INFO - 
2024-12-04 17:50:15,008 - INFO - Received: evaluate message eebc1e41-bc6c-441e-acdf-cc5f6dde2f9f
2024-12-04 17:50:15,008 - WARNING - Deprecation Warning: The `client_fn` function must return an instance of `Client`, but an instance of `NumpyClient` was returned. Please use `NumPyClient.to_client()` method to convert it to `Client`.
2024-12-04 17:50:15,009 - INFO - 
2024-12-04 17:50:15,009 - INFO - Received: evaluate message f334d001-ea03-454e-9d3b-864c0c85ce58
2024-12-04 17:50:15,009 - WARNING - Deprecation Warning: The `client_fn` function must return an instance of `Client`, but an instance of `NumpyClient` was returned. Please use `NumPyClient.to_client()` method to convert it to `Client`.
2024-12-04 17:50:15,055 - INFO - Test Metrics | Log-loss: 0.4342 | ROC AUC: 0.8022 | Accuracy: 0.7289 | F1 Score: 0.2482
2024-12-04 17:50:15,055 - INFO - Test Metrics | Log-loss: 0.4353 | ROC AUC: 0.8018 | Accuracy: 0.7305 | F1 Score: 0.2480
2024-12-04 17:50:15,065 - INFO - Sent reply
2024-12-04 17:50:15,065 - INFO - Sent reply
2024-12-04 17:50:15,068 - INFO - 
2024-12-04 17:50:15,068 - INFO - Received: train message 530e2129-ee97-44aa-b43b-2e14895f1d4b
2024-12-04 17:50:15,068 - INFO - 
 Deprecation Warning: The `client_fn` function must return an instance of `Client`, but an instance of `NumpyClient` was returned. Please use `NumPyClient.to_client()` method to convert it to `Client`.
2024-12-04 17:50:15,068 - INFO - Received: train message 2b319138-3a3a-4cb4-813f-119c78e507d4
2024-12-04 17:50:15,069 - WARNING - Deprecation Warning: The `client_fn` function must return an instance of `Client`, but an instance of `NumpyClient` was returned. Please use `NumPyClient.to_client()` method to convert it to `Client`.
2024-12-04 17:50:15,351 - INFO - Epoch 1/1: Loss = 74.9420
2024-12-04 17:50:15,351 - INFO - Sent reply
2024-12-04 17:50:15,351 - INFO - Epoch 1/1: Loss = 75.7205
2024-12-04 17:50:15,351 - INFO - Sent reply
2024-12-04 17:50:15,363 - INFO - 
2024-12-04 17:50:15,363 - INFO - Received: evaluate message b0b90f14-c561-4230-9a85-8c556e12c0e7
2024-12-04 17:50:15,364 - WARNING - Deprecation Warning: The `client_fn` function must return an instance of `Client`, but an instance of `NumpyClient` was returned. Please use `NumPyClient.to_client()` method to convert it to `Client`.
2024-12-04 17:50:15,363 - INFO - 
2024-12-04 17:50:15,364 - INFO - Received: evaluate message 8d1ba2f7-f247-4445-ad5c-ec231de15cb7
2024-12-04 17:50:15,364 - WARNING - Deprecation Warning: The `client_fn` function must return an instance of `Client`, but an instance of `NumpyClient` was returned. Please use `NumPyClient.to_client()` method to convert it to `Client`.
2024-12-04 17:50:15,421 - INFO - Test Metrics | Log-loss: 0.4887 | ROC AUC: 0.8010 | Accuracy: 0.6936 | F1 Score: 0.2373
2024-12-04 17:50:15,421 - INFO - Sent reply
2024-12-04 17:50:15,421 - INFO - Sent reply
2024-12-04 17:50:15,421 - INFO - 
2024-12-04 17:50:15,421 - INFO - Received: train message db08d76b-6ab7-4ece-a31e-8a5f646548a9
2024-12-04 17:50:15,421 - INFO - 
2024-12-04 17:50:15,421 - INFO - Received: train message 066a84fc-fd6e-465f-8475-ae5c80a35311
2024-12-04 17:50:15,421 - WARNING - Deprecation Warning: The `client_fn` function must return an instance of `Client`, but an instance of `NumpyClient` was returned. Please use `NumPyClient.to_client()` method to convert it to `Client`.
2024-12-04 17:50:15,421 - WARNING - Deprecation Warning: The `client_fn` function must return an instance of `Client`, but an instance of `NumpyClient` was returned. Please use `NumPyClient.to_client()` method to convert it to `Client`.
2024-12-04 17:50:15,729 - INFO - Epoch 1/1: Loss = 74.8987
2024-12-04 17:50:15,729 - INFO - Sent reply
2024-12-04 17:50:15,729 - INFO - Epoch 1/1: Loss = 75.7678
2024-12-04 17:50:15,729 - INFO - Sent reply
2024-12-04 17:50:15,729 - INFO - 
2024-12-04 17:50:15,729 - INFO - Received: evaluate message b8632e3d-eee8-4021-a480-863fef14ed52
2024-12-04 17:50:15,729 - WARNING - Deprecation Warning: The `client_fn` function must return an instance of `Client`, but an instance of `NumpyClient` was returned. Please use `NumPyClient.to_client()` method to convert it to `Client`.
2024-12-04 17:50:15,729 - INFO - 
2024-12-04 17:50:15,729 - INFO - Received: evaluate message 7271d1d7-17c7-4fdf-b33a-ba5aa9702197
2024-12-04 17:50:15,729 - WARNING - Deprecation Warning: The `client_fn` function must return an instance of `Client`, but an instance of `NumpyClient` was returned. Please use `NumPyClient.to_client()` method to convert it to `Client`.
2024-12-04 17:50:15,788 - INFO - Test Metrics | Log-loss: 0.4941 | ROC AUC: 0.8011 | Accuracy: 0.6942 | F1 Score: 0.2389
2024-12-04 17:50:15,788 - INFO - Sent reply
2024-12-04 17:50:15,788 - INFO - Sent reply
2024-12-04 17:50:15,788 - INFO - 
2024-12-04 17:50:15,788 - INFO - Received: train message b6e1b805-979b-4ec4-b581-848efca6ce57
2024-12-04 17:50:15,788 - WARNING - Deprecation Warning: The `client_fn` function must return an instance of `Client`, but an instance of `NumpyClient` was returned. Please use `NumPyClient.to_client()` method to convert it to `Client`.
2024-12-04 17:50:15,788 - INFO - 
2024-12-04 17:50:15,788 - INFO - Received: train message f42b8c0d-cb10-4a21-af43-3ea294fd57ff
2024-12-04 17:50:15,788 - WARNING - Deprecation Warning: The `client_fn` function must return an instance of `Client`, but an instance of `NumpyClient` was returned. Please use `NumPyClient.to_client()` method to convert it to `Client`.
2024-12-04 17:50:16,094 - INFO - Epoch 1/1: Loss = 74.9073
2024-12-04 17:50:16,094 - INFO - Sent reply
2024-12-04 17:50:16,094 - INFO - Epoch 1/1: Loss = 75.5320
2024-12-04 17:50:16,094 - INFO - Sent reply
2024-12-04 17:50:16,094 - INFO - 
2024-12-04 17:50:16,094 - INFO - Received: evaluate message f002ff8c-8091-45d2-9baa-ad275aea422d
2024-12-04 17:50:16,094 - INFO - 
2024-12-04 17:50:16,094 - INFO - Received: evaluate message 4172e5bc-86ce-4a6c-bcb8-947e10545ecc
2024-12-04 17:50:16,094 - WARNING - Deprecation Warning: The `client_fn` function must return an instance of `Client`, but an instance of `NumpyClient` was returned. Please use `NumPyClient.to_client()` method to convert it to `Client`.
2024-12-04 17:50:16,094 - WARNING - Deprecation Warning: The `client_fn` function must return an instance of `Client`, but an instance of `NumpyClient` was returned. Please use `NumPyClient.to_client()` method to convert it to `Client`.
2024-12-04 17:50:16,154 - INFO - Test Metrics | Log-loss: 0.4816 | ROC AUC: 0.8024 | Accuracy: 0.7017 | F1 Score: 0.2409
2024-12-04 17:50:16,154 - INFO - Test Metrics | Log-loss: 0.4830 | ROC AUC: 0.8019 | Accuracy: 0.7020 | F1 Score: 0.2386
2024-12-04 17:50:16,154 - INFO - Sent reply
2024-12-04 17:50:16,154 - INFO - Sent reply
2024-12-04 17:50:16,154 - INFO - 
2024-12-04 17:50:16,154 - INFO - Received: train message 0f664da8-0432-4a94-b991-e3f1d94bbf2e
2024-12-04 17:50:16,154 - WARNING - Deprecation Warning: The `client_fn` function must return an instance of `Client`, but an instance of `NumpyClient` was returned. Please use `NumPyClient.to_client()` method to convert it to `Client`.
2024-12-04 17:50:16,154 - INFO - 
2024-12-04 17:50:16,154 - INFO - Received: train message c53b1272-5b1b-414b-9070-3fd128c3f2d7
2024-12-04 17:50:16,154 - WARNING - Deprecation Warning: The `client_fn` function must return an instance of `Client`, but an instance of `NumpyClient` was returned. Please use `NumPyClient.to_client()` method to convert it to `Client`.
2024-12-04 17:50:16,468 - INFO - Epoch 1/1: Loss = 74.7178
2024-12-04 17:50:16,478 - INFO - Sent reply
2024-12-04 17:50:16,478 - INFO - Epoch 1/1: Loss = 75.0910
2024-12-04 17:50:16,478 - INFO - Sent reply
2024-12-04 17:50:16,478 - INFO - 
2024-12-04 17:50:16,484 - INFO - Received: evaluate message eb187690-ca8e-44cf-8e6d-a778d5ee0c07
2024-12-04 17:50:16,484 - WARNING - Deprecation Warning: The `client_fn` function must return an instance of `Client`, but an instance of `NumpyClient` was returned. Please use `NumPyClient.to_client()` method to convert it to `Client`.
2024-12-04 17:50:16,484 - INFO - 
2024-12-04 17:50:16,484 - INFO - Received: evaluate message d08a5c54-60bd-43a9-8921-aa89cc910fa6
2024-12-04 17:50:16,484 - WARNING - Deprecation Warning: The `client_fn` function must return an instance of `Client`, but an instance of `NumpyClient` was returned. Please use `NumPyClient.to_client()` method to convert it to `Client`.
2024-12-04 17:50:16,537 - INFO - Test Metrics | Log-loss: 0.4909 | ROC AUC: 0.8014 | Accuracy: 0.6971 | F1 Score: 0.2443
2024-12-04 17:50:16,537 - INFO - Sent reply
2024-12-04 17:50:16,537 - INFO - Sent reply
2024-12-04 17:50:16,537 - INFO - 
2024-12-04 17:50:16,537 - INFO - Received: train message 63b5e154-7d4c-40d3-a441-d289541ec745
2024-12-04 17:50:16,537 - WARNING - Deprecation Warning: The `client_fn` function must return an instance of `Client`, but an instance of `NumpyClient` was returned. Please use `NumPyClient.to_client()` method to convert it to `Client`.
2024-12-04 17:50:16,537 - INFO - 
2024-12-04 17:50:16,537 - INFO - Received: train message ae67d31a-4eef-4720-b5b0-5e5d4e4a2296
2024-12-04 17:50:16,537 - WARNING - Deprecation Warning: The `client_fn` function must return an instance of `Client`, but an instance of `NumpyClient` was returned. Please use `NumPyClient.to_client()` method to convert it to `Client`.
2024-12-04 17:50:16,834 - INFO - Epoch 1/1: Loss = 74.6770
2024-12-04 17:50:16,834 - INFO - Sent reply
2024-12-04 17:50:16,834 - INFO - Sent reply
2024-12-04 17:50:16,834 - INFO - 
2024-12-04 17:50:16,834 - INFO - Received: evaluate message c90abb84-726a-433e-ba95-d30c94ff8971
2024-12-04 17:50:16,834 - WARNING - Deprecation Warning: The `client_fn` function must return an instance of `Client`, but an instance of `NumpyClient` was returned. Please use `NumPyClient.to_client()` method to convert it to `Client`.
2024-12-04 17:50:16,834 - INFO - 
2024-12-04 17:50:16,834 - INFO - Received: evaluate message 62d1b475-a8c0-41c4-aed5-2cbfc06eceb4
2024-12-04 17:50:16,834 - WARNING - Deprecation Warning: The `client_fn` function must return an instance of `Client`, but an instance of `NumpyClient` was returned. Please use `NumPyClient.to_client()` method to convert it to `Client`.
2024-12-04 17:50:16,888 - INFO - Test Metrics | Log-loss: 0.4796 | ROC AUC: 0.8010 | Accuracy: 0.7001 | F1 Score: 0.2374
2024-12-04 17:50:16,888 - INFO - Sent reply
2024-12-04 17:50:16,888 - INFO - 
2024-12-04 17:50:16,888 - INFO - Received: train message f6fcfd90-908f-4cd7-b632-be55e155b0fa
2024-12-04 17:50:16,888 - WARNING - Deprecation Warning: The `client_fn` function must return an instance of `Client`, but an instance of `NumpyClient` was returned. Please use `NumPyClient.to_client()` method to convert it to `Client`.
2024-12-04 17:50:16,888 - INFO - 
2024-12-04 17:50:16,888 - INFO - Received: train message 19abf00e-d49e-4284-a539-981477bea5fb
2024-12-04 17:50:16,888 - WARNING - Deprecation Warning: The `client_fn` function must return an instance of `Client`, but an instance of `NumpyClient` was returned. Please use `NumPyClient.to_client()` method to convert it to `Client`.
2024-12-04 17:50:17,192 - INFO - Epoch 1/1: Loss = 74.5210
2024-12-04 17:50:17,192 - INFO - Sent reply
2024-12-04 17:50:17,192 - INFO - Epoch 1/1: Loss = 74.8804
2024-12-04 17:50:17,192 - INFO - Sent reply
2024-12-04 17:50:17,200 - INFO - 
2024-12-04 17:50:17,200 - INFO - Received: evaluate message 1875ca77-e455-4e6a-9ea5-b7fc2f545d84
2024-12-04 17:50:17,200 - WARNING - Deprecation Warning: The `client_fn` function must return an instance of `Client`, but an instance of `NumpyClient` was returned. Please use `NumPyClient.to_client()` method to convert it to `Client`.
2024-12-04 17:50:17,200 - INFO - 
2024-12-04 17:50:17,202 - INFO - Received: evaluate message f1b88c3b-8a11-4f91-a4ef-f705c8c83fd0
2024-12-04 17:50:17,202 - WARNING - Deprecation Warning: The `client_fn` function must return an instance of `Client`, but an instance of `NumpyClient` was returned. Please use `NumPyClient.to_client()` method to convert it to `Client`.
2024-12-04 17:50:17,257 - INFO - Test Metrics | Log-loss: 0.4456 | ROC AUC: 0.8036 | Accuracy: 0.7257 | F1 Score: 0.2487
2024-12-04 17:50:17,258 - INFO - Test Metrics | Log-loss: 0.4473 | ROC AUC: 0.8031 | Accuracy: 0.7250 | F1 Score: 0.2442
2024-12-04 17:50:17,258 - INFO - Sent reply
2024-12-04 17:50:17,258 - INFO - Sent reply
2024-12-04 17:50:17,262 - INFO - 
2024-12-04 17:50:17,262 - INFO - Received: train message 75c1ee6d-ee81-43b8-b0c9-604e0ba49e9d
2024-12-04 17:50:17,262 - WARNING - Deprecation Warning: The `client_fn` function must return an instance of `Client`, but an instance of `NumpyClient` was returned. Please use `NumPyClient.to_client()` method to convert it to `Client`.
2024-12-04 17:50:17,262 - INFO - 
2024-12-04 17:50:17,262 - INFO - Received: train message 123d701e-2fd4-4ee2-99bc-f62a8685ac8b
2024-12-04 17:50:17,263 - WARNING - Deprecation Warning: The `client_fn` function must return an instance of `Client`, but an instance of `NumpyClient` was returned. Please use `NumPyClient.to_client()` method to convert it to `Client`.
2024-12-04 17:50:17,547 - INFO - Epoch 1/1: Loss = 74.4295
2024-12-04 17:50:17,547 - INFO - Sent reply
2024-12-04 17:50:17,547 - INFO - Epoch 1/1: Loss = 74.7138
2024-12-04 17:50:17,547 - INFO - Sent reply
2024-12-04 17:50:17,566 - INFO - 
2024-12-04 17:50:17,566 - INFO - Received: evaluate message a5ad705c-1b95-4f82-9546-c0ada9c454dd
2024-12-04 17:50:17,566 - WARNING - Deprecation Warning: The `client_fn` function must return an instance of `Client`, but an instance of `NumpyClient` was returned. Please use `NumPyClient.to_client()` method to convert it to `Client`.
2024-12-04 17:50:17,566 - INFO - 
2024-12-04 17:50:17,566 - INFO - Received: evaluate message c77b2f7e-9c52-4ff4-bddf-166451edba8f
2024-12-04 17:50:17,567 - WARNING - Deprecation Warning: The `client_fn` function must return an instance of `Client`, but an instance of `NumpyClient` was returned. Please use `NumPyClient.to_client()` method to convert it to `Client`.
2024-12-04 17:50:17,626 - INFO - Test Metrics | Log-loss: 0.4438 | ROC AUC: 0.8023 | Accuracy: 0.7250 | F1 Score: 0.2429
2024-12-04 17:50:17,627 - INFO - Sent reply
2024-12-04 17:50:17,630 - INFO - 
2024-12-04 17:50:17,630 - INFO - Received: train message 26723bcd-9851-47fd-b4fc-c25f400b64dd
2024-12-04 17:50:17,630 - WARNING - Deprecation Warning: The `client_fn` function must return an instance of `Client`, but an instance of `NumpyClient` was returned. Please use `NumPyClient.to_client()` method to convert it to `Client`.
2024-12-04 17:50:17,630 - INFO - 
2024-12-04 17:50:17,631 - INFO - Received: train message 7dbc5f40-c02c-473c-a70a-fdb7b9be5602
2024-12-04 17:50:17,631 - WARNING - Deprecation Warning: The `client_fn` function must return an instance of `Client`, but an instance of `NumpyClient` was returned. Please use `NumPyClient.to_client()` method to convert it to `Client`.
2024-12-04 17:50:17,939 - INFO - Epoch 1/1: Loss = 74.1129
2024-12-04 17:50:17,939 - INFO - Sent reply
2024-12-04 17:50:17,941 - INFO - Epoch 1/1: Loss = 74.6356
2024-12-04 17:50:17,941 - INFO - Sent reply
2024-12-04 17:50:17,946 - INFO - 
2024-12-04 17:50:17,947 - INFO - Received: evaluate message 3094dfb5-b497-4431-b85d-c6effb48e2d9
2024-12-04 17:50:17,947 - WARNING - Deprecation Warning: The `client_fn` function must return an instance of `Client`, but an instance of `NumpyClient` was returned. Please use `NumPyClient.to_client()` method to convert it to `Client`.
2024-12-04 17:50:17,947 - INFO - 
2024-12-04 17:50:17,947 - INFO - Received: evaluate message 50464f57-8703-410f-881d-022c8b6c33b4
2024-12-04 17:50:17,948 - WARNING - Deprecation Warning: The `client_fn` function must return an instance of `Client`, but an instance of `NumpyClient` was returned. Please use `NumPyClient.to_client()` method to convert it to `Client`.
2024-12-04 17:50:18,004 - INFO - Test Metrics | Log-loss: 0.4920 | ROC AUC: 0.8012 | Accuracy: 0.6958 | F1 Score: 0.2399
2024-12-04 17:50:18,004 - INFO - Sent reply
2024-12-04 17:50:18,005 - INFO - Test Metrics | Log-loss: 0.4930 | ROC AUC: 0.8009 | Accuracy: 0.6984 | F1 Score: 0.2402
2024-12-04 17:50:18,005 - INFO - Sent reply
2024-12-04 17:50:18,005 - INFO - 
2024-12-04 17:50:18,005 - INFO - Received: train message 21c49fb5-550d-4847-b99e-6e699c5bee0d
2024-12-04 17:50:18,005 - INFO - 
2024-12-04 17:50:18,005 - WARNING - Deprecation Warning: The `client_fn` function must return an instance of `Client`, but an instance of `NumpyClient` was returned. Please use `NumPyClient.to_client()` method to convert it to `Client`.
2024-12-04 17:50:18,005 - INFO - Received: train message 87869b10-5ff9-42f5-84aa-d14bbbe1be7c
2024-12-04 17:50:18,005 - WARNING - Deprecation Warning: The `client_fn` function must return an instance of `Client`, but an instance of `NumpyClient` was returned. Please use `NumPyClient.to_client()` method to convert it to `Client`.
2024-12-04 17:50:18,351 - INFO - Epoch 1/1: Loss = 73.9436
2024-12-04 17:50:18,351 - INFO - Sent reply
2024-12-04 17:50:18,351 - INFO - Epoch 1/1: Loss = 74.5398
2024-12-04 17:50:18,351 - INFO - Sent reply
2024-12-04 17:50:18,351 - INFO - 
2024-12-04 17:50:18,351 - INFO - Received: evaluate message 0dd05949-bbcb-405d-b957-fdfc5c50037c
2024-12-04 17:50:18,351 - WARNING - Deprecation Warning: The `client_fn` function must return an instance of `Client`, but an instance of `NumpyClient` was returned. Please use `NumPyClient.to_client()` method to convert it to `Client`.
2024-12-04 17:50:18,351 - INFO - 
2024-12-04 17:50:18,351 - INFO - Received: evaluate message 799f5a6a-fe39-4bd9-9ecd-eaee917af4c9
2024-12-04 17:50:18,351 - WARNING - Deprecation Warning: The `client_fn` function must return an instance of `Client`, but an instance of `NumpyClient` was returned. Please use `NumPyClient.to_client()` method to convert it to `Client`.
2024-12-04 17:50:18,420 - INFO - Test Metrics | Log-loss: 0.4827 | ROC AUC: 0.8024 | Accuracy: 0.7053 | F1 Score: 0.2406
2024-12-04 17:50:18,421 - INFO - Sent reply
2024-12-04 17:50:18,421 - INFO - Sent reply
2024-12-04 17:50:18,424 - INFO - 
2024-12-04 17:50:18,424 - INFO - Received: train message 52303812-2a48-4045-b9e6-7ac02dfcb0f4
2024-12-04 17:50:18,424 - WARNING - Deprecation Warning: The `client_fn` function must return an instance of `Client`, but an instance of `NumpyClient` was returned. Please use `NumPyClient.to_client()` method to convert it to `Client`.
2024-12-04 17:50:18,424 - INFO - 
2024-12-04 17:50:18,425 - INFO - Received: train message 19b551d8-1be3-482a-935e-ade510ea18b5
2024-12-04 17:50:18,425 - WARNING - Deprecation Warning: The `client_fn` function must return an instance of `Client`, but an instance of `NumpyClient` was returned. Please use `NumPyClient.to_client()` method to convert it to `Client`.
2024-12-04 17:50:18,780 - INFO - Epoch 1/1: Loss = 74.4873
2024-12-04 17:50:18,780 - INFO - Sent reply
2024-12-04 17:50:18,780 - INFO - Epoch 1/1: Loss = 73.6196
2024-12-04 17:50:18,786 - INFO - Sent reply
2024-12-04 17:50:18,790 - INFO - 
2024-12-04 17:50:18,790 - INFO - Received: evaluate message 6c49d8c4-6fb8-4de0-8b96-d38301dbda4c
2024-12-04 17:50:18,791 - WARNING - Deprecation Warning: The `client_fn` function must return an instance of `Client`, but an instance of `NumpyClient` was returned. Please use `NumPyClient.to_client()` method to convert it to `Client`.
2024-12-04 17:50:18,791 - INFO - 
2024-12-04 17:50:18,791 - INFO - Received: evaluate message 4569663f-eedb-45a7-b29d-270f7cb6e1eb
2024-12-04 17:50:18,791 - WARNING - Deprecation Warning: The `client_fn` function must return an instance of `Client`, but an instance of `NumpyClient` was returned. Please use `NumPyClient.to_client()` method to convert it to `Client`.
2024-12-04 17:50:18,838 - INFO - Test Metrics | Log-loss: 0.5442 | ROC AUC: 0.8006 | Accuracy: 0.6757 | F1 Score: 0.2378
2024-12-04 17:50:18,838 - INFO - Sent reply
2024-12-04 17:50:18,838 - INFO - Test Metrics | Log-loss: 0.5453 | ROC AUC: 0.8002 | Accuracy: 0.6774 | F1 Score: 0.2399
2024-12-04 17:50:18,838 - INFO - Sent reply
2024-12-04 17:50:18,838 - INFO - 
2024-12-04 17:50:18,838 - INFO - Received: train message f622e21a-0511-48d5-bc51-6ec5b3250733
2024-12-04 17:50:18,838 - WARNING - Deprecation Warning: The `client_fn` function must return an instance of `Client`, but an instance of `NumpyClient` was returned. Please use `NumPyClient.to_client()` method to convert it to `Client`.
2024-12-04 17:50:18,838 - INFO - 
2024-12-04 17:50:18,838 - INFO - Received: train message dc033385-7878-4326-a3bb-8fd08d5f42a1
2024-12-04 17:50:18,838 - WARNING - Deprecation Warning: The `client_fn` function must return an instance of `Client`, but an instance of `NumpyClient` was returned. Please use `NumPyClient.to_client()` method to convert it to `Client`.
2024-12-04 17:50:19,188 - INFO - Epoch 1/1: Loss = 74.5279
2024-12-04 17:50:19,188 - INFO - Sent reply
2024-12-04 17:50:19,188 - INFO - Epoch 1/1: Loss = 73.7628
2024-12-04 17:50:19,188 - INFO - Sent reply
2024-12-04 17:50:19,201 - INFO - 
2024-12-04 17:50:19,201 - INFO - Received: evaluate message e9908ca3-54a5-466f-98b2-d481e13e4373
2024-12-04 17:50:19,201 - INFO - 
2024-12-04 17:50:19,201 - WARNING - Deprecation Warning: The `client_fn` function must return an instance of `Client`, but an instance of `NumpyClient` was returned. Please use `NumPyClient.to_client()` method to convert it to `Client`.
2024-12-04 17:50:19,201 - INFO - Received: evaluate message 3c926809-3915-4b2c-a676-42ac5f9703c0
2024-12-04 17:50:19,201 - WARNING - Deprecation Warning: The `client_fn` function must return an instance of `Client`, but an instance of `NumpyClient` was returned. Please use `NumPyClient.to_client()` method to convert it to `Client`.
2024-12-04 17:50:19,280 - INFO - Test Metrics | Log-loss: 0.4913 | ROC AUC: 0.8018 | Accuracy: 0.7014 | F1 Score: 0.2445
2024-12-04 17:50:19,280 - INFO - Sent reply
2024-12-04 17:50:19,280 - INFO - Sent reply
2024-12-04 17:50:19,286 - INFO - 
2024-12-04 17:50:19,286 - INFO - Received: train message e6fcdf13-c931-41cd-a7b3-6b233d895b20
2024-12-04 17:50:19,286 - WARNING - Deprecation Warning: The `client_fn` function must return an instance of `Client`, but an instance of `NumpyClient` was returned. Please use `NumPyClient.to_client()` method to convert it to `Client`.
2024-12-04 17:50:19,287 - INFO - 
2024-12-04 17:50:19,287 - INFO - Received: train message 9413e884-f22e-414c-ab82-0a1b4b35eaf0
2024-12-04 17:50:19,287 - WARNING - Deprecation Warning: The `client_fn` function must return an instance of `Client`, but an instance of `NumpyClient` was returned. Please use `NumPyClient.to_client()` method to convert it to `Client`.
2024-12-04 17:50:19,593 - INFO - Epoch 1/1: Loss = 74.2380
2024-12-04 17:50:19,593 - INFO - Sent reply
2024-12-04 17:50:19,593 - INFO - Epoch 1/1: Loss = 73.7267
2024-12-04 17:50:19,593 - INFO - Sent reply
2024-12-04 17:50:19,611 - INFO - 
2024-12-04 17:50:19,611 - INFO - Received: evaluate message b2561305-3137-4119-bf20-852359806f11
2024-12-04 17:50:19,612 - WARNING - Deprecation Warning: The `client_fn` function must return an instance of `Client`, but an instance of `NumpyClient` was returned. Please use `NumPyClient.to_client()` method to convert it to `Client`.
2024-12-04 17:50:19,612 - INFO - 
2024-12-04 17:50:19,612 - INFO - Received: evaluate message 53bff335-914d-403c-9de3-74d5fc8710aa
2024-12-04 17:50:19,612 - WARNING - Deprecation Warning: The `client_fn` function must return an instance of `Client`, but an instance of `NumpyClient` was returned. Please use `NumPyClient.to_client()` method to convert it to `Client`.
2024-12-04 17:50:19,654 - INFO - Test Metrics | Log-loss: 0.4777 | ROC AUC: 0.8023 | Accuracy: 0.7098 | F1 Score: 0.2422
2024-12-04 17:50:19,654 - INFO - Sent reply
2024-12-04 17:50:19,654 - INFO - Sent reply
2024-12-04 17:50:19,669 - INFO - 
2024-12-04 17:50:19,670 - INFO - Received: train message 154c5b0b-3dd5-416c-9df2-32e533be0fe8
2024-12-04 17:50:19,670 - WARNING - Deprecation Warning: The `client_fn` function must return an instance of `Client`, but an instance of `NumpyClient` was returned. Please use `NumPyClient.to_client()` method to convert it to `Client`.
2024-12-04 17:50:19,670 - INFO - 
2024-12-04 17:50:19,670 - INFO - Received: train message 42dbd0a5-3998-4116-b1ea-fa9bdc389b21
2024-12-04 17:50:19,670 - WARNING - Deprecation Warning: The `client_fn` function must return an instance of `Client`, but an instance of `NumpyClient` was returned. Please use `NumPyClient.to_client()` method to convert it to `Client`.
2024-12-04 17:50:19,968 - INFO - Epoch 1/1: Loss = 73.6121
2024-12-04 17:50:19,968 - INFO - Sent reply
2024-12-04 17:50:19,968 - INFO - Epoch 1/1: Loss = 74.0277
2024-12-04 17:50:19,968 - INFO - Sent reply
2024-12-04 17:50:19,981 - INFO - 
2024-12-04 17:50:19,981 - INFO - Received: evaluate message c3517eee-d568-4629-967d-a3724b62969a
2024-12-04 17:50:19,982 - WARNING - Deprecation Warning: The `client_fn` function must return an instance of `Client`, but an instance of `NumpyClient` was returned. Please use `NumPyClient.to_client()` method to convert it to `Client`.
2024-12-04 17:50:19,982 - INFO - 
2024-12-04 17:50:19,982 - INFO - Received: evaluate message 8cdff0b2-3cb4-4caf-925e-51e32b81aba1
2024-12-04 17:50:19,982 - WARNING - Deprecation Warning: The `client_fn` function must return an instance of `Client`, but an instance of `NumpyClient` was returned. Please use `NumPyClient.to_client()` method to convert it to `Client`.
2024-12-04 17:50:20,020 - INFO - Test Metrics | Log-loss: 0.4744 | ROC AUC: 0.8023 | Accuracy: 0.7143 | F1 Score: 0.2438
2024-12-04 17:50:20,020 - INFO - Sent reply
2024-12-04 17:50:20,020 - INFO - Sent reply
2024-12-04 17:50:20,038 - INFO - 
2024-12-04 17:50:20,038 - INFO - Received: train message 1bf6b4ff-e9cc-4e91-9fae-016f1945b669
2024-12-04 17:50:20,038 - WARNING - Deprecation Warning: The `client_fn` function must return an instance of `Client`, but an instance of `NumpyClient` was returned. Please use `NumPyClient.to_client()` method to convert it to `Client`.
2024-12-04 17:50:20,038 - INFO - 
2024-12-04 17:50:20,039 - INFO - Received: train message efc519bd-9a3e-4f2d-b80e-d5892e329975
2024-12-04 17:50:20,039 - WARNING - Deprecation Warning: The `client_fn` function must return an instance of `Client`, but an instance of `NumpyClient` was returned. Please use `NumPyClient.to_client()` method to convert it to `Client`.
2024-12-04 17:50:20,350 - INFO - Epoch 1/1: Loss = 73.3241
2024-12-04 17:50:20,350 - INFO - Sent reply
2024-12-04 17:50:20,350 - INFO - Epoch 1/1: Loss = 74.0142
2024-12-04 17:50:20,350 - INFO - Sent reply
2024-12-04 17:50:20,368 - INFO - 
2024-12-04 17:50:20,368 - INFO - Received: evaluate message 28d5e896-55ce-40c2-ac01-d12d371acf6a
2024-12-04 17:50:20,369 - WARNING - Deprecation Warning: The `client_fn` function must return an instance of `Client`, but an instance of `NumpyClient` was returned. Please use `NumPyClient.to_client()` method to convert it to `Client`.
2024-12-04 17:50:20,369 - INFO - 
2024-12-04 17:50:20,369 - INFO - Received: evaluate message a865e0e7-0137-45f8-b248-9f201eff1d5d
2024-12-04 17:50:20,369 - WARNING - Deprecation Warning: The `client_fn` function must return an instance of `Client`, but an instance of `NumpyClient` was returned. Please use `NumPyClient.to_client()` method to convert it to `Client`.
2024-12-04 17:50:20,420 - INFO - Test Metrics | Log-loss: 0.5059 | ROC AUC: 0.8021 | Accuracy: 0.6936 | F1 Score: 0.2385
2024-12-04 17:50:20,420 - INFO - Sent reply
2024-12-04 17:50:20,420 - INFO - Sent reply
2024-12-04 17:50:20,420 - INFO - 
2024-12-04 17:50:20,420 - INFO - Received: train message 796b54de-a422-4244-a88a-39ab553ee393
2024-12-04 17:50:20,420 - WARNING - Deprecation Warning: The `client_fn` function must return an instance of `Client`, but an instance of `NumpyClient` was returned. Please use `NumPyClient.to_client()` method to convert it to `Client`.
2024-12-04 17:50:20,420 - INFO - 
2024-12-04 17:50:20,420 - INFO - Received: train message 3504ce64-8588-4a20-9487-97328b553b1d
2024-12-04 17:50:20,420 - WARNING - Deprecation Warning: The `client_fn` function must return an instance of `Client`, but an instance of `NumpyClient` was returned. Please use `NumPyClient.to_client()` method to convert it to `Client`.
2024-12-04 17:50:20,725 - INFO - Epoch 1/1: Loss = 73.3336
2024-12-04 17:50:20,725 - INFO - Sent reply
2024-12-04 17:50:20,725 - INFO - Epoch 1/1: Loss = 74.0289
2024-12-04 17:50:20,725 - INFO - Sent reply
2024-12-04 17:50:20,741 - INFO - 
2024-12-04 17:50:20,744 - INFO - Received: evaluate message c75c58c5-df1f-40ed-9235-be0b834d5f26
2024-12-04 17:50:20,744 - WARNING - Deprecation Warning: The `client_fn` function must return an instance of `Client`, but an instance of `NumpyClient` was returned. Please use `NumPyClient.to_client()` method to convert it to `Client`.
2024-12-04 17:50:20,744 - INFO - 
2024-12-04 17:50:20,744 - INFO - Received: evaluate message 4f6e762b-ffc2-46e7-b1ff-9a97b53b10b5
2024-12-04 17:50:20,744 - WARNING - Deprecation Warning: The `client_fn` function must return an instance of `Client`, but an instance of `NumpyClient` was returned. Please use `NumPyClient.to_client()` method to convert it to `Client`.
2024-12-04 17:50:20,808 - INFO - Test Metrics | Log-loss: 0.5122 | ROC AUC: 0.8034 | Accuracy: 0.6946 | F1 Score: 0.2391
2024-12-04 17:50:20,808 - INFO - Sent reply
2024-12-04 17:50:20,811 - INFO - 
2024-12-04 17:50:20,811 - INFO - Received: train message 8741f480-fd05-4063-bf14-7a19b6b25dac
2024-12-04 17:50:20,811 - WARNING - Deprecation Warning: The `client_fn` function must return an instance of `Client`, but an instance of `NumpyClient` was returned. Please use `NumPyClient.to_client()` method to convert it to `Client`.
2024-12-04 17:50:20,812 - INFO - 
2024-12-04 17:50:20,812 - INFO - Received: train message ae9b52ea-fa0b-46e1-876a-a5d0f505fb29
2024-12-04 17:50:20,812 - WARNING - Deprecation Warning: The `client_fn` function must return an instance of `Client`, but an instance of `NumpyClient` was returned. Please use `NumPyClient.to_client()` method to convert it to `Client`.
2024-12-04 17:50:21,094 - INFO - Epoch 1/1: Loss = 73.6028
2024-12-04 17:50:21,110 - INFO - Sent reply
2024-12-04 17:50:21,110 - INFO - Epoch 1/1: Loss = 73.7405
2024-12-04 17:50:21,110 - INFO - Sent reply
2024-12-04 17:50:21,110 - INFO - 
2024-12-04 17:50:21,110 - INFO - Received: evaluate message 81e3e582-bbd3-43ba-ba5e-17a8d648e87f
2024-12-04 17:50:21,110 - WARNING - Deprecation Warning: The `client_fn` function must return an instance of `Client`, but an instance of `NumpyClient` was returned. Please use `NumPyClient.to_client()` method to convert it to `Client`.
2024-12-04 17:50:21,110 - INFO - 
2024-12-04 17:50:21,110 - INFO - Received: evaluate message c58d323f-269a-46ed-8ffa-5b523c0e4b68
2024-12-04 17:50:21,110 - WARNING - Deprecation Warning: The `client_fn` function must return an instance of `Client`, but an instance of `NumpyClient` was returned. Please use `NumPyClient.to_client()` method to convert it to `Client`.
2024-12-04 17:50:21,170 - INFO - Test Metrics | Log-loss: 0.5183 | ROC AUC: 0.8025 | Accuracy: 0.6903 | F1 Score: 0.2378
2024-12-04 17:50:21,170 - INFO - Sent reply
2024-12-04 17:50:21,182 - INFO - Test Metrics | Log-loss: 0.5170 | ROC AUC: 0.8029 | Accuracy: 0.6913 | F1 Score: 0.2444
2024-12-04 17:50:21,182 - INFO - Sent reply
2024-12-04 17:50:21,185 - INFO - 
2024-12-04 17:50:21,186 - INFO - Received: train message d312501d-0627-4e87-97af-d66618dda625
2024-12-04 17:50:21,186 - WARNING - Deprecation Warning: The `client_fn` function must return an instance of `Client`, but an instance of `NumpyClient` was returned. Please use `NumPyClient.to_client()` method to convert it to `Client`.
2024-12-04 17:50:21,186 - INFO - 
2024-12-04 17:50:21,186 - INFO - Received: train message eed97d06-c4c9-4e3f-97da-76bd1978d5e5
2024-12-04 17:50:21,186 - WARNING - Deprecation Warning: The `client_fn` function must return an instance of `Client`, but an instance of `NumpyClient` was returned. Please use `NumPyClient.to_client()` method to convert it to `Client`.
2024-12-04 17:50:21,483 - INFO - Epoch 1/1: Loss = 73.0948
2024-12-04 17:50:21,483 - INFO - Epoch 1/1: Loss = 73.7552
2024-12-04 17:50:21,483 - INFO - Sent reply
2024-12-04 17:50:21,483 - INFO - 
2024-12-04 17:50:21,483 - INFO - Received: evaluate message 3a0ee21c-cfe6-40ef-b5bc-dbeff2fe303f
2024-12-04 17:50:21,483 - WARNING - Deprecation Warning: The `client_fn` function must return an instance of `Client`, but an instance of `NumpyClient` was returned. Please use `NumPyClient.to_client()` method to convert it to `Client`.
2024-12-04 17:50:21,483 - INFO - 
2024-12-04 17:50:21,483 - INFO - Received: evaluate message 8a1cc71b-0baa-41dd-9ace-a0b8af5365ab
2024-12-04 17:50:21,490 - WARNING - Deprecation Warning: The `client_fn` function must return an instance of `Client`, but an instance of `NumpyClient` was returned. Please use `NumPyClient.to_client()` method to convert it to `Client`.
2024-12-04 17:50:21,553 - INFO - Test Metrics | Log-loss: 0.4887 | ROC AUC: 0.8029 | Accuracy: 0.7075 | F1 Score: 0.2446
2024-12-04 17:50:21,553 - INFO - Sent reply
2024-12-04 17:50:21,554 - INFO - Test Metrics | Log-loss: 0.4912 | ROC AUC: 0.8025 | Accuracy: 0.7075 | F1 Score: 0.2446
2024-12-04 17:50:21,554 - INFO - Sent reply
2024-12-04 17:50:21,557 - INFO - 
2024-12-04 17:50:21,557 - INFO - Received: train message fe2ca192-334d-4f64-ac9a-1ae3a0463cec
2024-12-04 17:50:21,557 - WARNING - Deprecation Warning: The `client_fn` function must return an instance of `Client`, but an instance of `NumpyClient` was returned. Please use `NumPyClient.to_client()` method to convert it to `Client`.
2024-12-04 17:50:21,557 - INFO - 
2024-12-04 17:50:21,557 - INFO - Received: train message 1ba28f77-d1f6-4d4d-b5f7-2982101e64d8
2024-12-04 17:50:21,558 - WARNING - Deprecation Warning: The `client_fn` function must return an instance of `Client`, but an instance of `NumpyClient` was returned. Please use `NumPyClient.to_client()` method to convert it to `Client`.
2024-12-04 17:50:21,834 - INFO - Epoch 1/1: Loss = 73.2533
2024-12-04 17:50:21,834 - INFO - Sent reply
2024-12-04 17:50:21,850 - INFO - Epoch 1/1: Loss = 73.7095
2024-12-04 17:50:21,850 - INFO - Sent reply
2024-12-04 17:50:21,856 - INFO - 
2024-12-04 17:50:21,856 - INFO - Received: evaluate message 4d672c81-bd6d-478c-84c5-2d97dcf04927
2024-12-04 17:50:21,857 - WARNING - Deprecation Warning: The `client_fn` function must return an instance of `Client`, but an instance of `NumpyClient` was returned. Please use `NumPyClient.to_client()` method to convert it to `Client`.
2024-12-04 17:50:21,857 - INFO - 
2024-12-04 17:50:21,857 - INFO - Received: evaluate message 68997dd3-b313-4189-8cec-505652decff9
2024-12-04 17:50:21,857 - WARNING - Deprecation Warning: The `client_fn` function must return an instance of `Client`, but an instance of `NumpyClient` was returned. Please use `NumPyClient.to_client()` method to convert it to `Client`.
2024-12-04 17:50:21,903 - INFO - Test Metrics | Log-loss: 0.4557 | ROC AUC: 0.8035 | Accuracy: 0.7280 | F1 Score: 0.2475
2024-12-04 17:50:21,903 - INFO - Sent reply
2024-12-04 17:50:21,903 - INFO - Test Metrics | Log-loss: 0.4584 | ROC AUC: 0.8028 | Accuracy: 0.7283 | F1 Score: 0.2450
2024-12-04 17:50:21,903 - INFO - Sent reply
2024-12-04 17:50:21,903 - INFO - 
2024-12-04 17:50:21,903 - INFO - Received: train message f298a0d6-e352-4984-ab1d-3e0f79677141
2024-12-04 17:50:21,903 - WARNING - Deprecation Warning: The `client_fn` function must return an instance of `Client`, but an instance of `NumpyClient` was returned. Please use `NumPyClient.to_client()` method to convert it to `Client`.
2024-12-04 17:50:21,903 - INFO - 
2024-12-04 17:50:21,903 - INFO - Received: train message 5f0428bf-437e-48ff-bc9c-20e98bd74c53
2024-12-04 17:50:21,903 - WARNING - Deprecation Warning: The `client_fn` function must return an instance of `Client`, but an instance of `NumpyClient` was returned. Please use `NumPyClient.to_client()` method to convert it to `Client`.
2024-12-04 17:50:22,205 - INFO - Epoch 1/1: Loss = 73.1632
2024-12-04 17:50:22,205 - INFO - Epoch 1/1: Loss = 73.6471
2024-12-04 17:50:22,205 - INFO - Sent reply
2024-12-04 17:50:22,205 - INFO - 
2024-12-04 17:50:22,205 - INFO - Received: evaluate message 28588c32-d34d-4faa-9016-2c312806babb
2024-12-04 17:50:22,205 - WARNING - Deprecation Warning: The `client_fn` function must return an instance of `Client`, but an instance of `NumpyClient` was returned. Please use `NumPyClient.to_client()` method to convert it to `Client`.
2024-12-04 17:50:22,205 - INFO - 
2024-12-04 17:50:22,205 - INFO - Received: evaluate message a37b30c9-391a-46d0-a309-40caee35facb
2024-12-04 17:50:22,205 - WARNING - Deprecation Warning: The `client_fn` function must return an instance of `Client`, but an instance of `NumpyClient` was returned. Please use `NumPyClient.to_client()` method to convert it to `Client`.
2024-12-04 17:50:22,273 - INFO - Test Metrics | Log-loss: 0.4567 | ROC AUC: 0.8027 | Accuracy: 0.7289 | F1 Score: 0.2496
2024-12-04 17:50:22,273 - INFO - Sent reply
2024-12-04 17:50:22,273 - INFO - Sent reply
2024-12-04 17:50:22,273 - INFO - 
2024-12-04 17:50:22,273 - INFO - Received: train message bfc7b4f7-e9a3-4b92-ab7a-7fa9217bf898
2024-12-04 17:50:22,273 - WARNING - Deprecation Warning: The `client_fn` function must return an instance of `Client`, but an instance of `NumpyClient` was returned. Please use `NumPyClient.to_client()` method to convert it to `Client`.
2024-12-04 17:50:22,273 - INFO - 
2024-12-04 17:50:22,273 - INFO - Received: train message 917cb123-0afe-4e70-83c3-bc48db571576
2024-12-04 17:50:22,273 - WARNING - Deprecation Warning: The `client_fn` function must return an instance of `Client`, but an instance of `NumpyClient` was returned. Please use `NumPyClient.to_client()` method to convert it to `Client`.
2024-12-04 17:50:22,584 - INFO - Epoch 1/1: Loss = 73.0293
2024-12-04 17:50:22,584 - INFO - Sent reply
2024-12-04 17:50:22,584 - INFO - Epoch 1/1: Loss = 73.6025
2024-12-04 17:50:22,584 - INFO - Sent reply
2024-12-04 17:50:22,596 - INFO - 
2024-12-04 17:50:22,596 - INFO - Received: evaluate message 9cd87ccc-eae5-4f38-bf53-be14a2bcca8f
2024-12-04 17:50:22,597 - WARNING - Deprecation Warning: The `client_fn` function must return an instance of `Client`, but an instance of `NumpyClient` was returned. Please use `NumPyClient.to_client()` method to convert it to `Client`.
2024-12-04 17:50:22,597 - INFO - 
2024-12-04 17:50:22,597 - INFO - Received: evaluate message 04800c66-c8f8-46c1-addc-aa260dde7855
2024-12-04 17:50:22,597 - WARNING - Deprecation Warning: The `client_fn` function must return an instance of `Client`, but an instance of `NumpyClient` was returned. Please use `NumPyClient.to_client()` method to convert it to `Client`.
2024-12-04 17:50:22,654 - INFO - Test Metrics | Log-loss: 0.4712 | ROC AUC: 0.8026 | Accuracy: 0.7221 | F1 Score: 0.2476
2024-12-04 17:50:22,655 - INFO - Sent reply
2024-12-04 17:50:22,658 - INFO - 
2024-12-04 17:50:22,658 - INFO - Received: train message 6669072e-9e91-42a3-9687-751ed8e8206a
2024-12-04 17:50:22,658 - WARNING - Deprecation Warning: The `client_fn` function must return an instance of `Client`, but an instance of `NumpyClient` was returned. Please use `NumPyClient.to_client()` method to convert it to `Client`.
2024-12-04 17:50:22,658 - INFO - 
2024-12-04 17:50:22,658 - INFO - Received: train message f1dcb18e-af7b-42c4-b3a3-a246f949db5e
2024-12-04 17:50:22,659 - WARNING - Deprecation Warning: The `client_fn` function must return an instance of `Client`, but an instance of `NumpyClient` was returned. Please use `NumPyClient.to_client()` method to convert it to `Client`.
2024-12-04 17:50:22,967 - INFO - Epoch 1/1: Loss = 72.7996
2024-12-04 17:50:22,967 - INFO - Sent reply
2024-12-04 17:50:22,967 - INFO - Epoch 1/1: Loss = 73.2764
2024-12-04 17:50:22,967 - INFO - Sent reply
2024-12-04 17:50:22,967 - INFO - 
2024-12-04 17:50:22,967 - INFO - Received: evaluate message 95907c8b-0a72-455b-ba20-aa34ce8a9124
2024-12-04 17:50:22,967 - WARNING - Deprecation Warning: The `client_fn` function must return an instance of `Client`, but an instance of `NumpyClient` was returned. Please use `NumPyClient.to_client()` method to convert it to `Client`.
2024-12-04 17:50:22,967 - INFO - 
2024-12-04 17:50:22,967 - INFO - Received: evaluate message bb31d896-7a83-4e9f-97e9-b6ccfe83c0a6
2024-12-04 17:50:22,967 - WARNING - Deprecation Warning: The `client_fn` function must return an instance of `Client`, but an instance of `NumpyClient` was returned. Please use `NumPyClient.to_client()` method to convert it to `Client`.
2024-12-04 17:50:23,035 - INFO - Test Metrics | Log-loss: 0.4501 | ROC AUC: 0.8021 | Accuracy: 0.7318 | F1 Score: 0.2461
2024-12-04 17:50:23,036 - INFO - Sent reply
2024-12-04 17:50:23,036 - INFO - Sent reply
2024-12-04 17:50:23,040 - INFO - 
2024-12-04 17:50:23,041 - INFO - Received: reconnect message b0b7ab39-3c4e-41da-a071-261dd6881850
2024-12-04 17:50:23,041 - INFO - 
2024-12-04 17:50:23,041 - INFO - Received: reconnect message f8004167-7c3c-497b-accf-7f6e49fe108b
2024-12-04 17:50:23,066 - DEBUG - gRPC channel closed
2024-12-04 17:50:23,066 - DEBUG - gRPC channel closed
2024-12-04 17:50:23,066 - INFO - Disconnect and shut down
2024-12-04 17:50:23,066 - INFO - Disconnect and shut down
