2024-11-21 23:16:09,957 - INFO - Data successfully loaded from ./datas/NON_IID_FL_2.csv
2024-11-21 23:16:09,967 - INFO - Data successfully loaded from ./datas/NON_IID_FL_1.csv
2024-11-21 23:16:10,218 - INFO - Data successfully prepared (scaling, SMOTE, polynomial features).
2024-11-21 23:16:10,228 - DEBUG - Opened insecure gRPC connection (no certificates were passed)
2024-11-21 23:16:10,242 - DEBUG - ChannelConnectivity.IDLE
2024-11-21 23:16:10,247 - DEBUG - ChannelConnectivity.CONNECTING
2024-11-21 23:16:10,247 - DEBUG - ChannelConnectivity.READY
2024-11-21 23:16:10,249 - INFO - 
2024-11-21 23:16:10,249 - INFO - Received: get_parameters message c0c746f6-1a63-442e-99d2-e767df26cd05
2024-11-21 23:16:10,249 - WARNING - Deprecation Warning: The `client_fn` function must return an instance of `Client`, but an instance of `NumpyClient` was returned. Please use `NumPyClient.to_client()` method to convert it to `Client`.
2024-11-21 23:16:10,249 - INFO - Sent reply
2024-11-21 23:16:10,257 - INFO - Data successfully prepared (scaling, SMOTE, polynomial features).
2024-11-21 23:16:10,273 - DEBUG - Opened insecure gRPC connection (no certificates were passed)
2024-11-21 23:16:10,288 - DEBUG - ChannelConnectivity.IDLE
2024-11-21 23:16:10,288 - DEBUG - ChannelConnectivity.CONNECTING
2024-11-21 23:16:10,288 - DEBUG - ChannelConnectivity.READY
2024-11-21 23:16:10,288 - INFO - 
2024-11-21 23:16:10,288 - INFO - 
2024-11-21 23:16:10,288 - INFO - Received: train message fb1c2d48-b637-44fe-9c7f-8681d3954e0a
2024-11-21 23:16:10,288 - INFO - Received: train message 7c3aab9b-50f3-436c-af57-9afbf1d80cf2
2024-11-21 23:16:10,288 - WARNING - Deprecation Warning: The `client_fn` function must return an instance of `Client`, but an instance of `NumpyClient` was returned. Please use `NumPyClient.to_client()` method to convert it to `Client`.
2024-11-21 23:16:10,288 - WARNING - Deprecation Warning: The `client_fn` function must return an instance of `Client`, but an instance of `NumpyClient` was returned. Please use `NumPyClient.to_client()` method to convert it to `Client`.
2024-11-21 23:16:10,393 - INFO - Sent reply
2024-11-21 23:16:10,415 - INFO - Sent reply
2024-11-21 23:16:10,458 - INFO - 
2024-11-21 23:16:10,458 - INFO - Received: evaluate message add15d03-0e58-45c7-a387-4a98e181c429
2024-11-21 23:16:10,458 - WARNING - Deprecation Warning: The `client_fn` function must return an instance of `Client`, but an instance of `NumpyClient` was returned. Please use `NumPyClient.to_client()` method to convert it to `Client`.
2024-11-21 23:16:10,458 - INFO - 
2024-11-21 23:16:10,458 - INFO - Received: evaluate message 1a5d0610-b68d-4424-a712-3b8fffbe46a9
2024-11-21 23:16:10,461 - WARNING - Deprecation Warning: The `client_fn` function must return an instance of `Client`, but an instance of `NumpyClient` was returned. Please use `NumPyClient.to_client()` method to convert it to `Client`.
2024-11-21 23:16:10,477 - INFO - Sent reply
2024-11-21 23:16:10,480 - INFO - Sent reply
2024-11-21 23:16:10,482 - INFO - 
2024-11-21 23:16:10,482 - INFO - Received: train message 9148a734-4ea5-4dd5-9c02-2344e649e827
2024-11-21 23:16:10,482 - WARNING - Deprecation Warning: The `client_fn` function must return an instance of `Client`, but an instance of `NumpyClient` was returned. Please use `NumPyClient.to_client()` method to convert it to `Client`.
2024-11-21 23:16:10,482 - INFO - 
2024-11-21 23:16:10,482 - INFO - Received: train message 6bbc9a33-8aec-4d42-ba7f-26d289131b72
2024-11-21 23:16:10,482 - WARNING - Deprecation Warning: The `client_fn` function must return an instance of `Client`, but an instance of `NumpyClient` was returned. Please use `NumPyClient.to_client()` method to convert it to `Client`.
2024-11-21 23:16:10,588 - INFO - Sent reply
2024-11-21 23:16:10,612 - INFO - Sent reply
2024-11-21 23:16:10,654 - INFO - 
2024-11-21 23:16:10,654 - INFO - Received: evaluate message 34930d91-b1a6-489f-aba5-eee25d42ed81
2024-11-21 23:16:10,654 - WARNING - Deprecation Warning: The `client_fn` function must return an instance of `Client`, but an instance of `NumpyClient` was returned. Please use `NumPyClient.to_client()` method to convert it to `Client`.
2024-11-21 23:16:10,656 - INFO - 
2024-11-21 23:16:10,656 - INFO - Received: evaluate message 9bf2f32e-33b0-4ac8-9bd3-2b7dc7736f5b
2024-11-21 23:16:10,656 - WARNING - Deprecation Warning: The `client_fn` function must return an instance of `Client`, but an instance of `NumpyClient` was returned. Please use `NumPyClient.to_client()` method to convert it to `Client`.
2024-11-21 23:16:10,675 - INFO - Sent reply
2024-11-21 23:16:10,675 - INFO - Sent reply
2024-11-21 23:16:10,678 - INFO - 
2024-11-21 23:16:10,678 - INFO - Received: train message a8c9d303-c838-4f8e-9704-050375c2a116
2024-11-21 23:16:10,678 - WARNING - Deprecation Warning: The `client_fn` function must return an instance of `Client`, but an instance of `NumpyClient` was returned. Please use `NumPyClient.to_client()` method to convert it to `Client`.
2024-11-21 23:16:10,678 - INFO - 
2024-11-21 23:16:10,678 - INFO - Received: train message c206ec9e-7f7a-4538-b6d9-6fc80bd3faca
2024-11-21 23:16:10,678 - WARNING - Deprecation Warning: The `client_fn` function must return an instance of `Client`, but an instance of `NumpyClient` was returned. Please use `NumPyClient.to_client()` method to convert it to `Client`.
2024-11-21 23:16:10,787 - INFO - Sent reply
2024-11-21 23:16:10,807 - INFO - Sent reply
2024-11-21 23:16:10,848 - INFO - 
2024-11-21 23:16:10,849 - INFO - Received: evaluate message f5de8830-6b7a-496e-b719-dee95cab057b
2024-11-21 23:16:10,849 - WARNING - Deprecation Warning: The `client_fn` function must return an instance of `Client`, but an instance of `NumpyClient` was returned. Please use `NumPyClient.to_client()` method to convert it to `Client`.
2024-11-21 23:16:10,849 - INFO - 
2024-11-21 23:16:10,849 - INFO - Received: evaluate message 47020270-f2c4-4958-b6dd-885e7fb6b9ee
2024-11-21 23:16:10,850 - WARNING - Deprecation Warning: The `client_fn` function must return an instance of `Client`, but an instance of `NumpyClient` was returned. Please use `NumPyClient.to_client()` method to convert it to `Client`.
2024-11-21 23:16:10,867 - INFO - Sent reply
2024-11-21 23:16:10,867 - INFO - Sent reply
2024-11-21 23:16:10,871 - INFO - 
2024-11-21 23:16:10,872 - INFO - Received: train message 84c63f28-a699-4d28-8b2e-2e85ef72d828
2024-11-21 23:16:10,872 - WARNING - Deprecation Warning: The `client_fn` function must return an instance of `Client`, but an instance of `NumpyClient` was returned. Please use `NumPyClient.to_client()` method to convert it to `Client`.
2024-11-21 23:16:10,872 - INFO - 
2024-11-21 23:16:10,872 - INFO - Received: train message 8a092536-3c38-4c4f-99ff-ea548895d9ee
2024-11-21 23:16:10,872 - WARNING - Deprecation Warning: The `client_fn` function must return an instance of `Client`, but an instance of `NumpyClient` was returned. Please use `NumPyClient.to_client()` method to convert it to `Client`.
2024-11-21 23:16:10,957 - INFO - Sent reply
2024-11-21 23:16:10,987 - INFO - Sent reply
2024-11-21 23:16:11,033 - INFO - 
2024-11-21 23:16:11,033 - INFO - Received: evaluate message 81cde389-5fe5-47ff-b6c4-a782a0b13a73
2024-11-21 23:16:11,033 - WARNING - Deprecation Warning: The `client_fn` function must return an instance of `Client`, but an instance of `NumpyClient` was returned. Please use `NumPyClient.to_client()` method to convert it to `Client`.
2024-11-21 23:16:11,034 - INFO - 
2024-11-21 23:16:11,034 - INFO - Received: evaluate message 8281cfb8-c7a3-4b5d-a431-080d9727c1c2
2024-11-21 23:16:11,035 - WARNING - Deprecation Warning: The `client_fn` function must return an instance of `Client`, but an instance of `NumpyClient` was returned. Please use `NumPyClient.to_client()` method to convert it to `Client`.
2024-11-21 23:16:11,060 - INFO - Sent reply
2024-11-21 23:16:11,060 - INFO - Sent reply
2024-11-21 23:16:11,062 - INFO - 
2024-11-21 23:16:11,062 - INFO - Received: train message 426752f1-6e5c-462e-b821-0f88ca546d5f
2024-11-21 23:16:11,062 - WARNING - Deprecation Warning: The `client_fn` function must return an instance of `Client`, but an instance of `NumpyClient` was returned. Please use `NumPyClient.to_client()` method to convert it to `Client`.
2024-11-21 23:16:11,062 - INFO - 
2024-11-21 23:16:11,063 - INFO - Received: train message 5161f78c-8a38-4999-8b87-afacc880b081
2024-11-21 23:16:11,063 - WARNING - Deprecation Warning: The `client_fn` function must return an instance of `Client`, but an instance of `NumpyClient` was returned. Please use `NumPyClient.to_client()` method to convert it to `Client`.
2024-11-21 23:16:11,142 - INFO - Sent reply
2024-11-21 23:16:11,161 - INFO - Sent reply
2024-11-21 23:16:11,194 - INFO - 
2024-11-21 23:16:11,194 - INFO - Received: evaluate message 38d012f5-46c3-4879-a3b8-ea6abbf10133
2024-11-21 23:16:11,195 - WARNING - Deprecation Warning: The `client_fn` function must return an instance of `Client`, but an instance of `NumpyClient` was returned. Please use `NumPyClient.to_client()` method to convert it to `Client`.
2024-11-21 23:16:11,195 - INFO - 
2024-11-21 23:16:11,195 - INFO - Received: evaluate message 2910cd39-f6da-43db-98e7-5eada50cae57
2024-11-21 23:16:11,195 - WARNING - Deprecation Warning: The `client_fn` function must return an instance of `Client`, but an instance of `NumpyClient` was returned. Please use `NumPyClient.to_client()` method to convert it to `Client`.
2024-11-21 23:16:11,212 - INFO - Sent reply
2024-11-21 23:16:11,212 - INFO - Sent reply
2024-11-21 23:16:11,215 - INFO - 
2024-11-21 23:16:11,215 - INFO - Received: train message 2cacaac6-c453-44b8-8784-39cf7dfeb8f9
2024-11-21 23:16:11,215 - WARNING - Deprecation Warning: The `client_fn` function must return an instance of `Client`, but an instance of `NumpyClient` was returned. Please use `NumPyClient.to_client()` method to convert it to `Client`.
2024-11-21 23:16:11,215 - INFO - 
2024-11-21 23:16:11,216 - INFO - Received: train message 7bcb058d-9cab-4994-816f-4711aff73910
2024-11-21 23:16:11,216 - WARNING - Deprecation Warning: The `client_fn` function must return an instance of `Client`, but an instance of `NumpyClient` was returned. Please use `NumPyClient.to_client()` method to convert it to `Client`.
2024-11-21 23:16:11,294 - INFO - Sent reply
2024-11-21 23:16:11,315 - INFO - Sent reply
2024-11-21 23:16:11,349 - INFO - 
2024-11-21 23:16:11,349 - INFO - Received: evaluate message e3c55eb4-e534-465d-aca0-b49928c89db8
2024-11-21 23:16:11,349 - WARNING - Deprecation Warning: The `client_fn` function must return an instance of `Client`, but an instance of `NumpyClient` was returned. Please use `NumPyClient.to_client()` method to convert it to `Client`.
2024-11-21 23:16:11,350 - INFO - 
2024-11-21 23:16:11,350 - INFO - Received: evaluate message 102ea788-650f-43f2-993e-3e0974d1fced
2024-11-21 23:16:11,350 - WARNING - Deprecation Warning: The `client_fn` function must return an instance of `Client`, but an instance of `NumpyClient` was returned. Please use `NumPyClient.to_client()` method to convert it to `Client`.
2024-11-21 23:16:11,366 - INFO - Sent reply
2024-11-21 23:16:11,367 - INFO - Sent reply
2024-11-21 23:16:11,370 - INFO - 
2024-11-21 23:16:11,370 - INFO - Received: train message cf5c94b5-490f-4607-9049-b225afd0eba9
2024-11-21 23:16:11,370 - WARNING - Deprecation Warning: The `client_fn` function must return an instance of `Client`, but an instance of `NumpyClient` was returned. Please use `NumPyClient.to_client()` method to convert it to `Client`.
2024-11-21 23:16:11,370 - INFO - 
2024-11-21 23:16:11,370 - INFO - Received: train message 95b22d94-abab-4655-9018-16e94d199786
2024-11-21 23:16:11,370 - WARNING - Deprecation Warning: The `client_fn` function must return an instance of `Client`, but an instance of `NumpyClient` was returned. Please use `NumPyClient.to_client()` method to convert it to `Client`.
2024-11-21 23:16:11,447 - INFO - Sent reply
2024-11-21 23:16:11,467 - INFO - Sent reply
2024-11-21 23:16:11,506 - INFO - 
2024-11-21 23:16:11,506 - INFO - Received: evaluate message 21c44219-cadc-4644-b7d3-624b59a91cc4
2024-11-21 23:16:11,506 - WARNING - Deprecation Warning: The `client_fn` function must return an instance of `Client`, but an instance of `NumpyClient` was returned. Please use `NumPyClient.to_client()` method to convert it to `Client`.
2024-11-21 23:16:11,506 - INFO - 
2024-11-21 23:16:11,506 - INFO - Received: evaluate message 0abf66bf-ef37-41a3-bff0-48ef4579db21
2024-11-21 23:16:11,506 - WARNING - Deprecation Warning: The `client_fn` function must return an instance of `Client`, but an instance of `NumpyClient` was returned. Please use `NumPyClient.to_client()` method to convert it to `Client`.
2024-11-21 23:16:11,524 - INFO - Sent reply
2024-11-21 23:16:11,527 - INFO - 
2024-11-21 23:16:11,527 - INFO - Received: train message 3c03fd88-5644-4207-b73a-9f45aca8d22d
2024-11-21 23:16:11,527 - WARNING - Deprecation Warning: The `client_fn` function must return an instance of `Client`, but an instance of `NumpyClient` was returned. Please use `NumPyClient.to_client()` method to convert it to `Client`.
2024-11-21 23:16:11,527 - INFO - 
2024-11-21 23:16:11,527 - INFO - Received: train message 0cd37582-5ca6-4298-b335-393aaf5ebb9a
2024-11-21 23:16:11,527 - WARNING - Deprecation Warning: The `client_fn` function must return an instance of `Client`, but an instance of `NumpyClient` was returned. Please use `NumPyClient.to_client()` method to convert it to `Client`.
2024-11-21 23:16:11,609 - INFO - Sent reply
2024-11-21 23:16:11,627 - INFO - Sent reply
2024-11-21 23:16:11,667 - INFO - 
2024-11-21 23:16:11,667 - INFO - Received: evaluate message f8b24cbf-39f3-4d5f-8b19-bedd638cafc1
2024-11-21 23:16:11,667 - WARNING - Deprecation Warning: The `client_fn` function must return an instance of `Client`, but an instance of `NumpyClient` was returned. Please use `NumPyClient.to_client()` method to convert it to `Client`.
2024-11-21 23:16:11,667 - INFO - 
2024-11-21 23:16:11,667 - INFO - Received: evaluate message 836847db-d3c7-4475-851f-8182ca742780
2024-11-21 23:16:11,667 - WARNING - Deprecation Warning: The `client_fn` function must return an instance of `Client`, but an instance of `NumpyClient` was returned. Please use `NumPyClient.to_client()` method to convert it to `Client`.
2024-11-21 23:16:11,683 - INFO - Sent reply
2024-11-21 23:16:11,683 - INFO - Sent reply
2024-11-21 23:16:11,689 - INFO - 
2024-11-21 23:16:11,690 - INFO - Received: train message 8cdba9b0-f914-4191-8ad5-e6fc6c39bc8e
2024-11-21 23:16:11,690 - WARNING - Deprecation Warning: The `client_fn` function must return an instance of `Client`, but an instance of `NumpyClient` was returned. Please use `NumPyClient.to_client()` method to convert it to `Client`.
2024-11-21 23:16:11,690 - INFO - 
2024-11-21 23:16:11,690 - INFO - Received: train message f25765d1-b932-4f9e-a663-969bb88dadc0
2024-11-21 23:16:11,690 - WARNING - Deprecation Warning: The `client_fn` function must return an instance of `Client`, but an instance of `NumpyClient` was returned. Please use `NumPyClient.to_client()` method to convert it to `Client`.
2024-11-21 23:16:11,766 - INFO - Sent reply
2024-11-21 23:16:11,785 - INFO - Sent reply
2024-11-21 23:16:11,817 - INFO - 
2024-11-21 23:16:11,817 - INFO - Received: evaluate message d5fc3b1e-fd89-4fcd-acf5-06cf1c7bd048
2024-11-21 23:16:11,817 - WARNING - Deprecation Warning: The `client_fn` function must return an instance of `Client`, but an instance of `NumpyClient` was returned. Please use `NumPyClient.to_client()` method to convert it to `Client`.
2024-11-21 23:16:11,817 - INFO - 
2024-11-21 23:16:11,817 - INFO - Received: evaluate message 468e39fa-1f12-4b4f-948e-d69492178a11
2024-11-21 23:16:11,817 - WARNING - Deprecation Warning: The `client_fn` function must return an instance of `Client`, but an instance of `NumpyClient` was returned. Please use `NumPyClient.to_client()` method to convert it to `Client`.
2024-11-21 23:16:11,835 - INFO - Sent reply
2024-11-21 23:16:11,835 - INFO - Sent reply
2024-11-21 23:16:11,837 - INFO - 
2024-11-21 23:16:11,837 - INFO - Received: train message 08f604c3-982f-4a32-9ac0-b87e18982e04
2024-11-21 23:16:11,837 - WARNING - Deprecation Warning: The `client_fn` function must return an instance of `Client`, but an instance of `NumpyClient` was returned. Please use `NumPyClient.to_client()` method to convert it to `Client`.
2024-11-21 23:16:11,837 - INFO - 
2024-11-21 23:16:11,837 - INFO - Received: train message 5d524e05-b2ee-4474-8b1e-a43541f1b568
2024-11-21 23:16:11,837 - WARNING - Deprecation Warning: The `client_fn` function must return an instance of `Client`, but an instance of `NumpyClient` was returned. Please use `NumPyClient.to_client()` method to convert it to `Client`.
2024-11-21 23:16:11,912 - INFO - Sent reply
2024-11-21 23:16:11,938 - INFO - Sent reply
2024-11-21 23:16:11,972 - INFO - 
2024-11-21 23:16:11,972 - INFO - Received: evaluate message 667103d1-f477-4ba8-b7e3-ba34a376211b
2024-11-21 23:16:11,973 - WARNING - Deprecation Warning: The `client_fn` function must return an instance of `Client`, but an instance of `NumpyClient` was returned. Please use `NumPyClient.to_client()` method to convert it to `Client`.
2024-11-21 23:16:11,973 - INFO - 
2024-11-21 23:16:11,973 - INFO - Received: evaluate message c9df0f1b-a48e-4d0b-bb56-3900288d9dfe
2024-11-21 23:16:11,973 - WARNING - Deprecation Warning: The `client_fn` function must return an instance of `Client`, but an instance of `NumpyClient` was returned. Please use `NumPyClient.to_client()` method to convert it to `Client`.
2024-11-21 23:16:11,992 - INFO - Sent reply
2024-11-21 23:16:11,995 - INFO - 
2024-11-21 23:16:11,995 - INFO - Received: train message 320260bc-60be-4e65-97e3-7024bcae1ae7
2024-11-21 23:16:11,995 - WARNING - Deprecation Warning: The `client_fn` function must return an instance of `Client`, but an instance of `NumpyClient` was returned. Please use `NumPyClient.to_client()` method to convert it to `Client`.
2024-11-21 23:16:11,995 - INFO - 
2024-11-21 23:16:11,995 - INFO - Received: train message 754acb42-8979-4637-91b3-8a3fc612e002
2024-11-21 23:16:11,995 - WARNING - Deprecation Warning: The `client_fn` function must return an instance of `Client`, but an instance of `NumpyClient` was returned. Please use `NumPyClient.to_client()` method to convert it to `Client`.
2024-11-21 23:16:12,073 - INFO - Sent reply
2024-11-21 23:16:12,098 - INFO - Sent reply
2024-11-21 23:16:12,136 - INFO - 
2024-11-21 23:16:12,136 - INFO - Received: evaluate message c114746d-dfd7-48ff-8cf7-24e21ee80948
2024-11-21 23:16:12,136 - WARNING - Deprecation Warning: The `client_fn` function must return an instance of `Client`, but an instance of `NumpyClient` was returned. Please use `NumPyClient.to_client()` method to convert it to `Client`.
2024-11-21 23:16:12,136 - INFO - 
2024-11-21 23:16:12,137 - INFO - Received: evaluate message c222d89a-dc52-4588-834a-03e57439bdac
2024-11-21 23:16:12,137 - WARNING - Deprecation Warning: The `client_fn` function must return an instance of `Client`, but an instance of `NumpyClient` was returned. Please use `NumPyClient.to_client()` method to convert it to `Client`.
2024-11-21 23:16:12,157 - INFO - Sent reply
2024-11-21 23:16:12,158 - INFO - Sent reply
2024-11-21 23:16:12,161 - INFO - 
2024-11-21 23:16:12,161 - INFO - Received: train message 2b516ce2-aa38-4da7-9c63-a783cfbf4a43
2024-11-21 23:16:12,161 - WARNING - Deprecation Warning: The `client_fn` function must return an instance of `Client`, but an instance of `NumpyClient` was returned. Please use `NumPyClient.to_client()` method to convert it to `Client`.
2024-11-21 23:16:12,161 - INFO - 
2024-11-21 23:16:12,161 - INFO - Received: train message 2b3434ec-8edd-4dc9-a655-3be98a569421
2024-11-21 23:16:12,161 - WARNING - Deprecation Warning: The `client_fn` function must return an instance of `Client`, but an instance of `NumpyClient` was returned. Please use `NumPyClient.to_client()` method to convert it to `Client`.
2024-11-21 23:16:12,254 - INFO - Sent reply
2024-11-21 23:16:12,268 - INFO - Sent reply
2024-11-21 23:16:12,310 - INFO - 
2024-11-21 23:16:12,311 - INFO - Received: evaluate message bc45e34b-e565-4d61-a0bd-8526792bb477
2024-11-21 23:16:12,311 - WARNING - Deprecation Warning: The `client_fn` function must return an instance of `Client`, but an instance of `NumpyClient` was returned. Please use `NumPyClient.to_client()` method to convert it to `Client`.
2024-11-21 23:16:12,311 - INFO - 
2024-11-21 23:16:12,311 - INFO - Received: evaluate message e9d0f055-c2e1-46ca-b489-b07e4fba18ea
2024-11-21 23:16:12,311 - WARNING - Deprecation Warning: The `client_fn` function must return an instance of `Client`, but an instance of `NumpyClient` was returned. Please use `NumPyClient.to_client()` method to convert it to `Client`.
2024-11-21 23:16:12,329 - INFO - Sent reply
2024-11-21 23:16:12,329 - INFO - Sent reply
2024-11-21 23:16:12,333 - INFO - 
2024-11-21 23:16:12,334 - INFO - Received: train message 5e536e23-72c7-4aea-859d-d3d170a57b62
2024-11-21 23:16:12,334 - WARNING - Deprecation Warning: The `client_fn` function must return an instance of `Client`, but an instance of `NumpyClient` was returned. Please use `NumPyClient.to_client()` method to convert it to `Client`.
2024-11-21 23:16:12,334 - INFO - 
2024-11-21 23:16:12,334 - INFO - Received: train message c48a2a33-17a0-43a4-b688-c520979ee72e
2024-11-21 23:16:12,334 - WARNING - Deprecation Warning: The `client_fn` function must return an instance of `Client`, but an instance of `NumpyClient` was returned. Please use `NumPyClient.to_client()` method to convert it to `Client`.
2024-11-21 23:16:12,423 - INFO - Sent reply
2024-11-21 23:16:12,441 - INFO - Sent reply
2024-11-21 23:16:12,478 - INFO - 
2024-11-21 23:16:12,478 - INFO - Received: evaluate message c5507bad-3bc8-48dc-a0be-5acf8a2ad11e
2024-11-21 23:16:12,479 - WARNING - Deprecation Warning: The `client_fn` function must return an instance of `Client`, but an instance of `NumpyClient` was returned. Please use `NumPyClient.to_client()` method to convert it to `Client`.
2024-11-21 23:16:12,479 - INFO - 
2024-11-21 23:16:12,479 - INFO - Received: evaluate message e0ce02f0-77d2-4950-8af1-fd0741475292
2024-11-21 23:16:12,479 - WARNING - Deprecation Warning: The `client_fn` function must return an instance of `Client`, but an instance of `NumpyClient` was returned. Please use `NumPyClient.to_client()` method to convert it to `Client`.
2024-11-21 23:16:12,498 - INFO - Sent reply
2024-11-21 23:16:12,498 - INFO - Sent reply
2024-11-21 23:16:12,502 - INFO - 
2024-11-21 23:16:12,502 - INFO - Received: train message 83b18bc0-9a55-4257-a5d9-33b256f70d84
2024-11-21 23:16:12,502 - WARNING - Deprecation Warning: The `client_fn` function must return an instance of `Client`, but an instance of `NumpyClient` was returned. Please use `NumPyClient.to_client()` method to convert it to `Client`.
2024-11-21 23:16:12,502 - INFO - 
2024-11-21 23:16:12,502 - INFO - Received: train message 59aaeea3-8a04-44ef-9c3b-0bde97235c2b
2024-11-21 23:16:12,502 - WARNING - Deprecation Warning: The `client_fn` function must return an instance of `Client`, but an instance of `NumpyClient` was returned. Please use `NumPyClient.to_client()` method to convert it to `Client`.
2024-11-21 23:16:12,638 - INFO - Sent reply
2024-11-21 23:16:12,651 - INFO - Sent reply
2024-11-21 23:16:12,697 - INFO - 
2024-11-21 23:16:12,697 - INFO - Received: evaluate message ad08344f-335b-4ef3-9b4f-53e84fc94e44
2024-11-21 23:16:12,697 - WARNING - Deprecation Warning: The `client_fn` function must return an instance of `Client`, but an instance of `NumpyClient` was returned. Please use `NumPyClient.to_client()` method to convert it to `Client`.
2024-11-21 23:16:12,697 - INFO - 
2024-11-21 23:16:12,697 - INFO - Received: evaluate message 7a49bac1-147f-4912-9de5-f598b762ac8d
2024-11-21 23:16:12,697 - WARNING - Deprecation Warning: The `client_fn` function must return an instance of `Client`, but an instance of `NumpyClient` was returned. Please use `NumPyClient.to_client()` method to convert it to `Client`.
2024-11-21 23:16:12,714 - INFO - Sent reply
2024-11-21 23:16:12,714 - INFO - Sent reply
2024-11-21 23:16:12,720 - INFO - 
2024-11-21 23:16:12,720 - INFO - Received: train message 1f097b46-c179-41c5-9ff1-bf3af02e7057
2024-11-21 23:16:12,721 - WARNING - Deprecation Warning: The `client_fn` function must return an instance of `Client`, but an instance of `NumpyClient` was returned. Please use `NumPyClient.to_client()` method to convert it to `Client`.
2024-11-21 23:16:12,721 - INFO - 
2024-11-21 23:16:12,721 - INFO - Received: train message 784c250a-693f-4a8c-873b-6d7a32718a77
2024-11-21 23:16:12,721 - WARNING - Deprecation Warning: The `client_fn` function must return an instance of `Client`, but an instance of `NumpyClient` was returned. Please use `NumPyClient.to_client()` method to convert it to `Client`.
2024-11-21 23:16:12,798 - INFO - Sent reply
2024-11-21 23:16:12,821 - INFO - Sent reply
2024-11-21 23:16:12,858 - INFO - 
2024-11-21 23:16:12,858 - INFO - Received: evaluate message 1071efa4-55fe-4672-89e0-58aa56234441
2024-11-21 23:16:12,858 - WARNING - Deprecation Warning: The `client_fn` function must return an instance of `Client`, but an instance of `NumpyClient` was returned. Please use `NumPyClient.to_client()` method to convert it to `Client`.
2024-11-21 23:16:12,862 - INFO - 
2024-11-21 23:16:12,863 - INFO - Received: evaluate message c334294e-cd68-492b-9a84-55db6cb6ea8d
2024-11-21 23:16:12,863 - WARNING - Deprecation Warning: The `client_fn` function must return an instance of `Client`, but an instance of `NumpyClient` was returned. Please use `NumPyClient.to_client()` method to convert it to `Client`.
2024-11-21 23:16:12,879 - INFO - Sent reply
2024-11-21 23:16:12,881 - INFO - Sent reply
2024-11-21 23:16:12,884 - INFO - 
2024-11-21 23:16:12,884 - INFO - Received: train message 528981c8-ecbe-4bf2-910d-5b4acd13113a
2024-11-21 23:16:12,885 - WARNING - Deprecation Warning: The `client_fn` function must return an instance of `Client`, but an instance of `NumpyClient` was returned. Please use `NumPyClient.to_client()` method to convert it to `Client`.
2024-11-21 23:16:12,885 - INFO - 
2024-11-21 23:16:12,885 - INFO - Received: train message 541bcb6b-bce7-46f7-9fa1-c66832a9d0bb
2024-11-21 23:16:12,886 - WARNING - Deprecation Warning: The `client_fn` function must return an instance of `Client`, but an instance of `NumpyClient` was returned. Please use `NumPyClient.to_client()` method to convert it to `Client`.
2024-11-21 23:16:12,970 - INFO - Sent reply
2024-11-21 23:16:12,987 - INFO - Sent reply
2024-11-21 23:16:13,017 - INFO - 
2024-11-21 23:16:13,017 - INFO - Received: evaluate message a88d8eac-791b-41e7-8a1f-aae8b2e6e528
2024-11-21 23:16:13,017 - WARNING - Deprecation Warning: The `client_fn` function must return an instance of `Client`, but an instance of `NumpyClient` was returned. Please use `NumPyClient.to_client()` method to convert it to `Client`.
2024-11-21 23:16:13,017 - INFO - 
2024-11-21 23:16:13,017 - INFO - Received: evaluate message 42512ad3-fe8f-4aab-905e-94557fb6f49c
2024-11-21 23:16:13,017 - WARNING - Deprecation Warning: The `client_fn` function must return an instance of `Client`, but an instance of `NumpyClient` was returned. Please use `NumPyClient.to_client()` method to convert it to `Client`.
2024-11-21 23:16:13,040 - INFO - Sent reply
2024-11-21 23:16:13,040 - INFO - Sent reply
2024-11-21 23:16:13,041 - INFO - 
2024-11-21 23:16:13,041 - INFO - Received: train message 22c1367a-a135-4d34-b96a-d6f856db2ab7
2024-11-21 23:16:13,041 - WARNING - Deprecation Warning: The `client_fn` function must return an instance of `Client`, but an instance of `NumpyClient` was returned. Please use `NumPyClient.to_client()` method to convert it to `Client`.
2024-11-21 23:16:13,043 - INFO - 
2024-11-21 23:16:13,043 - INFO - Received: train message c292a0f1-ed1b-47d5-a9d3-24e70bd65704
2024-11-21 23:16:13,043 - WARNING - Deprecation Warning: The `client_fn` function must return an instance of `Client`, but an instance of `NumpyClient` was returned. Please use `NumPyClient.to_client()` method to convert it to `Client`.
2024-11-21 23:16:13,123 - INFO - Sent reply
2024-11-21 23:16:13,139 - INFO - Sent reply
2024-11-21 23:16:13,176 - INFO - 
2024-11-21 23:16:13,176 - INFO - Received: evaluate message 425c1852-c153-4e85-bb7e-4cbfab2da010
2024-11-21 23:16:13,176 - WARNING - Deprecation Warning: The `client_fn` function must return an instance of `Client`, but an instance of `NumpyClient` was returned. Please use `NumPyClient.to_client()` method to convert it to `Client`.
2024-11-21 23:16:13,176 - INFO - 
2024-11-21 23:16:13,178 - INFO - Received: evaluate message d889af16-d2f8-489f-94f6-ab871857f567
2024-11-21 23:16:13,178 - WARNING - Deprecation Warning: The `client_fn` function must return an instance of `Client`, but an instance of `NumpyClient` was returned. Please use `NumPyClient.to_client()` method to convert it to `Client`.
2024-11-21 23:16:13,190 - INFO - Sent reply
2024-11-21 23:16:13,198 - INFO - 
2024-11-21 23:16:13,198 - INFO - Received: train message 929ef0fd-939c-446e-935b-2646b8be68b0
2024-11-21 23:16:13,198 - WARNING - Deprecation Warning: The `client_fn` function must return an instance of `Client`, but an instance of `NumpyClient` was returned. Please use `NumPyClient.to_client()` method to convert it to `Client`.
2024-11-21 23:16:13,199 - INFO - 
2024-11-21 23:16:13,199 - INFO - Received: train message 9cd0995e-4d0f-4471-ba75-99b6127cc4d1
2024-11-21 23:16:13,200 - WARNING - Deprecation Warning: The `client_fn` function must return an instance of `Client`, but an instance of `NumpyClient` was returned. Please use `NumPyClient.to_client()` method to convert it to `Client`.
2024-11-21 23:16:13,288 - INFO - Sent reply
2024-11-21 23:16:13,305 - INFO - Sent reply
2024-11-21 23:16:13,340 - INFO - 
2024-11-21 23:16:13,341 - INFO - Received: evaluate message de655bab-8138-43f7-bab5-23d37b8977a7
2024-11-21 23:16:13,341 - WARNING - Deprecation Warning: The `client_fn` function must return an instance of `Client`, but an instance of `NumpyClient` was returned. Please use `NumPyClient.to_client()` method to convert it to `Client`.
2024-11-21 23:16:13,341 - INFO - 
2024-11-21 23:16:13,341 - INFO - Received: evaluate message cefe0e92-ff7b-47dc-a735-63c49ca3a7f4
2024-11-21 23:16:13,342 - WARNING - Deprecation Warning: The `client_fn` function must return an instance of `Client`, but an instance of `NumpyClient` was returned. Please use `NumPyClient.to_client()` method to convert it to `Client`.
2024-11-21 23:16:13,360 - INFO - Sent reply
2024-11-21 23:16:13,360 - INFO - Sent reply
2024-11-21 23:16:13,362 - INFO - 
2024-11-21 23:16:13,362 - INFO - Received: train message 8225f4e0-1bec-4bb7-9248-93cca5968d3e
2024-11-21 23:16:13,362 - WARNING - Deprecation Warning: The `client_fn` function must return an instance of `Client`, but an instance of `NumpyClient` was returned. Please use `NumPyClient.to_client()` method to convert it to `Client`.
2024-11-21 23:16:13,364 - INFO - 
2024-11-21 23:16:13,365 - INFO - Received: train message 9056a33d-4857-4a50-8bd9-54a5596f5ef6
2024-11-21 23:16:13,365 - WARNING - Deprecation Warning: The `client_fn` function must return an instance of `Client`, but an instance of `NumpyClient` was returned. Please use `NumPyClient.to_client()` method to convert it to `Client`.
2024-11-21 23:16:13,452 - INFO - Sent reply
2024-11-21 23:16:13,470 - INFO - Sent reply
2024-11-21 23:16:13,498 - INFO - 
2024-11-21 23:16:13,499 - INFO - Received: evaluate message 08ddda79-4714-4f14-9f89-8aa62db40cf9
2024-11-21 23:16:13,499 - WARNING - Deprecation Warning: The `client_fn` function must return an instance of `Client`, but an instance of `NumpyClient` was returned. Please use `NumPyClient.to_client()` method to convert it to `Client`.
2024-11-21 23:16:13,499 - INFO - 
2024-11-21 23:16:13,499 - INFO - Received: evaluate message 3d21cdd2-05c1-4ae6-93ff-fa8ecc225187
2024-11-21 23:16:13,499 - WARNING - Deprecation Warning: The `client_fn` function must return an instance of `Client`, but an instance of `NumpyClient` was returned. Please use `NumPyClient.to_client()` method to convert it to `Client`.
2024-11-21 23:16:13,516 - INFO - Sent reply
2024-11-21 23:16:13,518 - INFO - Sent reply
2024-11-21 23:16:13,522 - INFO - 
2024-11-21 23:16:13,522 - INFO - Received: train message 83493c78-5b0e-45b5-9e92-2dd62da7a80d
2024-11-21 23:16:13,522 - WARNING - Deprecation Warning: The `client_fn` function must return an instance of `Client`, but an instance of `NumpyClient` was returned. Please use `NumPyClient.to_client()` method to convert it to `Client`.
2024-11-21 23:16:13,522 - INFO - 
2024-11-21 23:16:13,522 - INFO - Received: train message f1513d69-8b43-4677-8e0a-40bfa7fb455e
2024-11-21 23:16:13,522 - WARNING - Deprecation Warning: The `client_fn` function must return an instance of `Client`, but an instance of `NumpyClient` was returned. Please use `NumPyClient.to_client()` method to convert it to `Client`.
2024-11-21 23:16:13,615 - INFO - Sent reply
2024-11-21 23:16:13,628 - INFO - Sent reply
2024-11-21 23:16:13,659 - INFO - 
2024-11-21 23:16:13,659 - INFO - Received: evaluate message 273163bc-ccd8-4b9b-8488-95e4c7df14a5
2024-11-21 23:16:13,659 - WARNING - Deprecation Warning: The `client_fn` function must return an instance of `Client`, but an instance of `NumpyClient` was returned. Please use `NumPyClient.to_client()` method to convert it to `Client`.
2024-11-21 23:16:13,659 - INFO - 
2024-11-21 23:16:13,659 - INFO - Received: evaluate message 201efdf1-6062-40ae-bfc3-8d4ef93b2709
2024-11-21 23:16:13,659 - WARNING - Deprecation Warning: The `client_fn` function must return an instance of `Client`, but an instance of `NumpyClient` was returned. Please use `NumPyClient.to_client()` method to convert it to `Client`.
2024-11-21 23:16:13,679 - INFO - Sent reply
2024-11-21 23:16:13,683 - INFO - 
2024-11-21 23:16:13,683 - INFO - Received: train message 66077467-9959-448b-93fe-c82cf86327e7
2024-11-21 23:16:13,683 - WARNING - Deprecation Warning: The `client_fn` function must return an instance of `Client`, but an instance of `NumpyClient` was returned. Please use `NumPyClient.to_client()` method to convert it to `Client`.
2024-11-21 23:16:13,683 - INFO - 
2024-11-21 23:16:13,683 - INFO - Received: train message af427f9a-a374-4a1c-a705-825b068f0c08
2024-11-21 23:16:13,683 - WARNING - Deprecation Warning: The `client_fn` function must return an instance of `Client`, but an instance of `NumpyClient` was returned. Please use `NumPyClient.to_client()` method to convert it to `Client`.
2024-11-21 23:16:13,763 - INFO - Sent reply
2024-11-21 23:16:13,782 - INFO - Sent reply
2024-11-21 23:16:13,814 - INFO - 
2024-11-21 23:16:13,814 - INFO - Received: evaluate message 0ecedb19-3de6-4ef1-975a-17701911edb4
2024-11-21 23:16:13,814 - WARNING - Deprecation Warning: The `client_fn` function must return an instance of `Client`, but an instance of `NumpyClient` was returned. Please use `NumPyClient.to_client()` method to convert it to `Client`.
2024-11-21 23:16:13,815 - INFO - 
2024-11-21 23:16:13,815 - INFO - Received: evaluate message 39e25de8-7f20-4cd2-be0d-5e1ebad212a4
2024-11-21 23:16:13,815 - WARNING - Deprecation Warning: The `client_fn` function must return an instance of `Client`, but an instance of `NumpyClient` was returned. Please use `NumPyClient.to_client()` method to convert it to `Client`.
2024-11-21 23:16:13,831 - INFO - Sent reply
2024-11-21 23:16:13,832 - INFO - Sent reply
2024-11-21 23:16:13,835 - INFO - 
2024-11-21 23:16:13,835 - INFO - Received: train message 6dc0e30a-3bf2-4be9-bc48-c7b9030e6e26
2024-11-21 23:16:13,835 - WARNING - Deprecation Warning: The `client_fn` function must return an instance of `Client`, but an instance of `NumpyClient` was returned. Please use `NumPyClient.to_client()` method to convert it to `Client`.
2024-11-21 23:16:13,835 - INFO - 
2024-11-21 23:16:13,836 - INFO - Received: train message 8c68972a-6b96-4861-b2ac-061307b3a65e
2024-11-21 23:16:13,836 - WARNING - Deprecation Warning: The `client_fn` function must return an instance of `Client`, but an instance of `NumpyClient` was returned. Please use `NumPyClient.to_client()` method to convert it to `Client`.
2024-11-21 23:16:13,916 - INFO - Sent reply
2024-11-21 23:16:13,932 - INFO - Sent reply
2024-11-21 23:16:13,968 - INFO - 
2024-11-21 23:16:13,968 - INFO - Received: evaluate message c92b1fbb-c9e1-401b-a3aa-5d4a30b1905a
2024-11-21 23:16:13,968 - WARNING - Deprecation Warning: The `client_fn` function must return an instance of `Client`, but an instance of `NumpyClient` was returned. Please use `NumPyClient.to_client()` method to convert it to `Client`.
2024-11-21 23:16:13,969 - INFO - 
2024-11-21 23:16:13,969 - INFO - Received: evaluate message 62923159-20f5-4955-ab73-7ea392dc1563
2024-11-21 23:16:13,969 - WARNING - Deprecation Warning: The `client_fn` function must return an instance of `Client`, but an instance of `NumpyClient` was returned. Please use `NumPyClient.to_client()` method to convert it to `Client`.
2024-11-21 23:16:13,985 - INFO - Sent reply
2024-11-21 23:16:13,987 - INFO - 
2024-11-21 23:16:13,987 - INFO - Received: train message 839e6830-c409-49fb-a934-8e2de66105b2
2024-11-21 23:16:13,987 - WARNING - Deprecation Warning: The `client_fn` function must return an instance of `Client`, but an instance of `NumpyClient` was returned. Please use `NumPyClient.to_client()` method to convert it to `Client`.
2024-11-21 23:16:13,987 - INFO - 
2024-11-21 23:16:13,987 - INFO - Received: train message 405bb349-649e-40fd-8a49-f2082db02a88
2024-11-21 23:16:13,987 - WARNING - Deprecation Warning: The `client_fn` function must return an instance of `Client`, but an instance of `NumpyClient` was returned. Please use `NumPyClient.to_client()` method to convert it to `Client`.
2024-11-21 23:16:14,076 - INFO - Sent reply
2024-11-21 23:16:14,092 - INFO - Sent reply
2024-11-21 23:16:14,126 - INFO - 
2024-11-21 23:16:14,126 - INFO - Received: evaluate message dc9aff74-0866-4699-9e8c-b6b6b77a9343
2024-11-21 23:16:14,126 - WARNING - Deprecation Warning: The `client_fn` function must return an instance of `Client`, but an instance of `NumpyClient` was returned. Please use `NumPyClient.to_client()` method to convert it to `Client`.
2024-11-21 23:16:14,126 - INFO - 
2024-11-21 23:16:14,128 - INFO - Received: evaluate message b8a41045-4e56-4ecd-a29a-c62cbf1e90f9
2024-11-21 23:16:14,128 - WARNING - Deprecation Warning: The `client_fn` function must return an instance of `Client`, but an instance of `NumpyClient` was returned. Please use `NumPyClient.to_client()` method to convert it to `Client`.
2024-11-21 23:16:14,141 - INFO - Sent reply
2024-11-21 23:16:14,141 - INFO - Sent reply
2024-11-21 23:16:14,147 - INFO - 
2024-11-21 23:16:14,147 - INFO - Received: train message 03dffc28-8a50-4ff9-a169-9b1f074eb896
2024-11-21 23:16:14,147 - WARNING - Deprecation Warning: The `client_fn` function must return an instance of `Client`, but an instance of `NumpyClient` was returned. Please use `NumPyClient.to_client()` method to convert it to `Client`.
2024-11-21 23:16:14,147 - INFO - 
2024-11-21 23:16:14,148 - INFO - Received: train message 78e6ed57-cb08-42e3-a449-3665868313de
2024-11-21 23:16:14,148 - WARNING - Deprecation Warning: The `client_fn` function must return an instance of `Client`, but an instance of `NumpyClient` was returned. Please use `NumPyClient.to_client()` method to convert it to `Client`.
2024-11-21 23:16:14,219 - INFO - Sent reply
2024-11-21 23:16:14,244 - INFO - Sent reply
2024-11-21 23:16:14,278 - INFO - 
2024-11-21 23:16:14,278 - INFO - Received: evaluate message 4bb6f13d-3a63-4605-8ece-158a81af3ffc
2024-11-21 23:16:14,278 - WARNING - Deprecation Warning: The `client_fn` function must return an instance of `Client`, but an instance of `NumpyClient` was returned. Please use `NumPyClient.to_client()` method to convert it to `Client`.
2024-11-21 23:16:14,278 - INFO - 
2024-11-21 23:16:14,279 - INFO - Received: evaluate message 8b4cad24-5854-41bf-97ee-ce1ba633905d
2024-11-21 23:16:14,279 - WARNING - Deprecation Warning: The `client_fn` function must return an instance of `Client`, but an instance of `NumpyClient` was returned. Please use `NumPyClient.to_client()` method to convert it to `Client`.
2024-11-21 23:16:14,291 - INFO - Sent reply
2024-11-21 23:16:14,291 - INFO - Sent reply
2024-11-21 23:16:14,299 - INFO - 
2024-11-21 23:16:14,300 - INFO - Received: train message 2e52494f-39a9-4207-8627-e930637b7e3a
2024-11-21 23:16:14,301 - WARNING - Deprecation Warning: The `client_fn` function must return an instance of `Client`, but an instance of `NumpyClient` was returned. Please use `NumPyClient.to_client()` method to convert it to `Client`.
2024-11-21 23:16:14,301 - INFO - 
2024-11-21 23:16:14,301 - INFO - Received: train message 9aec2ac6-7e46-4792-97cf-74095c414a58
2024-11-21 23:16:14,301 - WARNING - Deprecation Warning: The `client_fn` function must return an instance of `Client`, but an instance of `NumpyClient` was returned. Please use `NumPyClient.to_client()` method to convert it to `Client`.
2024-11-21 23:16:14,388 - INFO - Sent reply
2024-11-21 23:16:14,411 - INFO - Sent reply
2024-11-21 23:16:14,444 - INFO - 
2024-11-21 23:16:14,445 - INFO - Received: evaluate message dd8d9e6a-7297-4bf3-96e9-54e5ef19982c
2024-11-21 23:16:14,445 - WARNING - Deprecation Warning: The `client_fn` function must return an instance of `Client`, but an instance of `NumpyClient` was returned. Please use `NumPyClient.to_client()` method to convert it to `Client`.
2024-11-21 23:16:14,445 - INFO - 
2024-11-21 23:16:14,445 - INFO - Received: evaluate message 387d831e-4a6d-4e53-a5f7-de8359628116
2024-11-21 23:16:14,446 - WARNING - Deprecation Warning: The `client_fn` function must return an instance of `Client`, but an instance of `NumpyClient` was returned. Please use `NumPyClient.to_client()` method to convert it to `Client`.
2024-11-21 23:16:14,463 - INFO - Sent reply
2024-11-21 23:16:14,464 - INFO - Sent reply
2024-11-21 23:16:14,466 - INFO - 
2024-11-21 23:16:14,466 - INFO - Received: train message 9dca8b27-4062-4956-abd0-bf46a809712b
2024-11-21 23:16:14,466 - WARNING - Deprecation Warning: The `client_fn` function must return an instance of `Client`, but an instance of `NumpyClient` was returned. Please use `NumPyClient.to_client()` method to convert it to `Client`.
2024-11-21 23:16:14,466 - INFO - 
2024-11-21 23:16:14,466 - INFO - Received: train message b7dde858-c540-4cd8-b05e-dfa43eb4c9bc
2024-11-21 23:16:14,468 - WARNING - Deprecation Warning: The `client_fn` function must return an instance of `Client`, but an instance of `NumpyClient` was returned. Please use `NumPyClient.to_client()` method to convert it to `Client`.
2024-11-21 23:16:14,550 - INFO - Sent reply
2024-11-21 23:16:14,572 - INFO - Sent reply
2024-11-21 23:16:14,605 - INFO - 
2024-11-21 23:16:14,605 - INFO - Received: evaluate message dc6c0bb2-0446-473a-8bdf-f5a843a1da75
2024-11-21 23:16:14,606 - WARNING - Deprecation Warning: The `client_fn` function must return an instance of `Client`, but an instance of `NumpyClient` was returned. Please use `NumPyClient.to_client()` method to convert it to `Client`.
2024-11-21 23:16:14,606 - INFO - 
2024-11-21 23:16:14,606 - INFO - Received: evaluate message d0bd8f94-6f73-4d1a-a732-7a615991d318
2024-11-21 23:16:14,606 - WARNING - Deprecation Warning: The `client_fn` function must return an instance of `Client`, but an instance of `NumpyClient` was returned. Please use `NumPyClient.to_client()` method to convert it to `Client`.
2024-11-21 23:16:14,619 - INFO - Sent reply
2024-11-21 23:16:14,619 - INFO - Sent reply
2024-11-21 23:16:14,626 - INFO - 
2024-11-21 23:16:14,626 - INFO - Received: train message 500f9cab-a848-4dc3-ae14-1d6223ee36fa
2024-11-21 23:16:14,626 - WARNING - Deprecation Warning: The `client_fn` function must return an instance of `Client`, but an instance of `NumpyClient` was returned. Please use `NumPyClient.to_client()` method to convert it to `Client`.
2024-11-21 23:16:14,626 - INFO - 
2024-11-21 23:16:14,626 - INFO - Received: train message 8d38328c-6006-40e1-81cf-14e2667cea1c
2024-11-21 23:16:14,626 - WARNING - Deprecation Warning: The `client_fn` function must return an instance of `Client`, but an instance of `NumpyClient` was returned. Please use `NumPyClient.to_client()` method to convert it to `Client`.
2024-11-21 23:16:14,710 - INFO - Sent reply
2024-11-21 23:16:14,730 - INFO - Sent reply
2024-11-21 23:16:14,764 - INFO - 
2024-11-21 23:16:14,764 - INFO - Received: evaluate message f149949e-8337-441a-9451-37b55c851a99
2024-11-21 23:16:14,764 - WARNING - Deprecation Warning: The `client_fn` function must return an instance of `Client`, but an instance of `NumpyClient` was returned. Please use `NumPyClient.to_client()` method to convert it to `Client`.
2024-11-21 23:16:14,764 - INFO - 
2024-11-21 23:16:14,764 - INFO - Received: evaluate message c14bfcc4-0d1a-41f6-9341-936542696b29
2024-11-21 23:16:14,765 - WARNING - Deprecation Warning: The `client_fn` function must return an instance of `Client`, but an instance of `NumpyClient` was returned. Please use `NumPyClient.to_client()` method to convert it to `Client`.
2024-11-21 23:16:14,782 - INFO - Sent reply
2024-11-21 23:16:14,783 - INFO - Sent reply
2024-11-21 23:16:14,786 - INFO - 
2024-11-21 23:16:14,786 - INFO - Received: train message a42ebef1-9764-44cb-801c-ec30eff5be4c
2024-11-21 23:16:14,786 - WARNING - Deprecation Warning: The `client_fn` function must return an instance of `Client`, but an instance of `NumpyClient` was returned. Please use `NumPyClient.to_client()` method to convert it to `Client`.
2024-11-21 23:16:14,786 - INFO - 
2024-11-21 23:16:14,786 - INFO - Received: train message 3cf0d2d8-7978-4186-b802-a636afb07060
2024-11-21 23:16:14,788 - WARNING - Deprecation Warning: The `client_fn` function must return an instance of `Client`, but an instance of `NumpyClient` was returned. Please use `NumPyClient.to_client()` method to convert it to `Client`.
2024-11-21 23:16:14,865 - INFO - Sent reply
2024-11-21 23:16:14,896 - INFO - Sent reply
2024-11-21 23:16:14,940 - INFO - 
2024-11-21 23:16:14,941 - INFO - Received: evaluate message 88b020c5-8f17-4bbc-89f6-e2943a7b8e22
2024-11-21 23:16:14,941 - WARNING - Deprecation Warning: The `client_fn` function must return an instance of `Client`, but an instance of `NumpyClient` was returned. Please use `NumPyClient.to_client()` method to convert it to `Client`.
2024-11-21 23:16:14,941 - INFO - 
2024-11-21 23:16:14,941 - INFO - Received: evaluate message 1f6100bd-2629-4ff3-bb66-771b60f0caa9
2024-11-21 23:16:14,941 - WARNING - Deprecation Warning: The `client_fn` function must return an instance of `Client`, but an instance of `NumpyClient` was returned. Please use `NumPyClient.to_client()` method to convert it to `Client`.
2024-11-21 23:16:14,971 - INFO - Sent reply
2024-11-21 23:16:14,971 - INFO - Sent reply
2024-11-21 23:16:14,990 - INFO - 
2024-11-21 23:16:14,990 - INFO - Received: train message f6922003-e0cc-471e-ae03-d5cd0aa02b1c
2024-11-21 23:16:14,990 - WARNING - Deprecation Warning: The `client_fn` function must return an instance of `Client`, but an instance of `NumpyClient` was returned. Please use `NumPyClient.to_client()` method to convert it to `Client`.
2024-11-21 23:16:14,995 - INFO - 
2024-11-21 23:16:14,995 - INFO - Received: train message cca0d16f-c953-454e-a603-a6c5bcd4c25c
2024-11-21 23:16:14,995 - WARNING - Deprecation Warning: The `client_fn` function must return an instance of `Client`, but an instance of `NumpyClient` was returned. Please use `NumPyClient.to_client()` method to convert it to `Client`.
2024-11-21 23:16:15,122 - INFO - Sent reply
2024-11-21 23:16:15,138 - INFO - Sent reply
2024-11-21 23:16:15,188 - INFO - 
2024-11-21 23:16:15,189 - INFO - Received: evaluate message 419ecd09-eb36-4ab5-9895-df0998858642
2024-11-21 23:16:15,189 - WARNING - Deprecation Warning: The `client_fn` function must return an instance of `Client`, but an instance of `NumpyClient` was returned. Please use `NumPyClient.to_client()` method to convert it to `Client`.
2024-11-21 23:16:15,190 - INFO - 
2024-11-21 23:16:15,190 - INFO - Received: evaluate message 2d9780b1-e9a2-453b-98cc-e308dd277db5
2024-11-21 23:16:15,190 - WARNING - Deprecation Warning: The `client_fn` function must return an instance of `Client`, but an instance of `NumpyClient` was returned. Please use `NumPyClient.to_client()` method to convert it to `Client`.
2024-11-21 23:16:15,215 - INFO - Sent reply
2024-11-21 23:16:15,220 - INFO - 
2024-11-21 23:16:15,220 - INFO - Received: train message 126bc786-a5ea-4170-88a3-40cbfe8fe688
2024-11-21 23:16:15,220 - WARNING - Deprecation Warning: The `client_fn` function must return an instance of `Client`, but an instance of `NumpyClient` was returned. Please use `NumPyClient.to_client()` method to convert it to `Client`.
2024-11-21 23:16:15,221 - INFO - 
2024-11-21 23:16:15,221 - INFO - Received: train message d474123e-e238-41d2-bcb0-e5e07cda0d8c
2024-11-21 23:16:15,222 - WARNING - Deprecation Warning: The `client_fn` function must return an instance of `Client`, but an instance of `NumpyClient` was returned. Please use `NumPyClient.to_client()` method to convert it to `Client`.
2024-11-21 23:16:15,308 - INFO - Sent reply
2024-11-21 23:16:15,333 - INFO - Sent reply
2024-11-21 23:16:15,377 - INFO - 
2024-11-21 23:16:15,377 - INFO - Received: evaluate message 36319f19-242b-4097-83be-185b1d1d09f5
2024-11-21 23:16:15,377 - WARNING - Deprecation Warning: The `client_fn` function must return an instance of `Client`, but an instance of `NumpyClient` was returned. Please use `NumPyClient.to_client()` method to convert it to `Client`.
2024-11-21 23:16:15,377 - INFO - 
2024-11-21 23:16:15,377 - INFO - Received: evaluate message 2fb545a4-362e-4878-a84d-f393e7cf9ada
2024-11-21 23:16:15,378 - WARNING - Deprecation Warning: The `client_fn` function must return an instance of `Client`, but an instance of `NumpyClient` was returned. Please use `NumPyClient.to_client()` method to convert it to `Client`.
2024-11-21 23:16:15,402 - INFO - Sent reply
2024-11-21 23:16:15,406 - INFO - 
2024-11-21 23:16:15,406 - INFO - Received: train message 0f6c1bec-8b49-4a02-acf7-dbce64058343
2024-11-21 23:16:15,406 - WARNING - Deprecation Warning: The `client_fn` function must return an instance of `Client`, but an instance of `NumpyClient` was returned. Please use `NumPyClient.to_client()` method to convert it to `Client`.
2024-11-21 23:16:15,406 - INFO - 
2024-11-21 23:16:15,406 - INFO - Received: train message 3a9dc33d-38da-4b6e-92f4-16fb2da0bacb
2024-11-21 23:16:15,406 - WARNING - Deprecation Warning: The `client_fn` function must return an instance of `Client`, but an instance of `NumpyClient` was returned. Please use `NumPyClient.to_client()` method to convert it to `Client`.
2024-11-21 23:16:15,492 - INFO - Sent reply
2024-11-21 23:16:15,516 - INFO - Sent reply
2024-11-21 23:16:15,551 - INFO - 
2024-11-21 23:16:15,552 - INFO - Received: evaluate message 5de18cf9-df98-49a3-849b-c4daa14bd21e
2024-11-21 23:16:15,552 - WARNING - Deprecation Warning: The `client_fn` function must return an instance of `Client`, but an instance of `NumpyClient` was returned. Please use `NumPyClient.to_client()` method to convert it to `Client`.
2024-11-21 23:16:15,553 - INFO - 
2024-11-21 23:16:15,553 - INFO - Received: evaluate message ec75e62f-8832-4ef2-a00f-f498f858c43f
2024-11-21 23:16:15,554 - WARNING - Deprecation Warning: The `client_fn` function must return an instance of `Client`, but an instance of `NumpyClient` was returned. Please use `NumPyClient.to_client()` method to convert it to `Client`.
2024-11-21 23:16:15,571 - INFO - Sent reply
2024-11-21 23:16:15,571 - INFO - Sent reply
2024-11-21 23:16:15,572 - INFO - 
2024-11-21 23:16:15,572 - INFO - Received: train message 572957b3-bba7-4c6f-acf0-2acf79037d14
2024-11-21 23:16:15,572 - WARNING - Deprecation Warning: The `client_fn` function must return an instance of `Client`, but an instance of `NumpyClient` was returned. Please use `NumPyClient.to_client()` method to convert it to `Client`.
2024-11-21 23:16:15,572 - INFO - 
2024-11-21 23:16:15,572 - INFO - Received: train message 49e053c4-beeb-45ff-950f-3d1db6ea0fd8
2024-11-21 23:16:15,572 - WARNING - Deprecation Warning: The `client_fn` function must return an instance of `Client`, but an instance of `NumpyClient` was returned. Please use `NumPyClient.to_client()` method to convert it to `Client`.
2024-11-21 23:16:15,652 - INFO - Sent reply
2024-11-21 23:16:15,672 - INFO - Sent reply
2024-11-21 23:16:15,719 - INFO - 
2024-11-21 23:16:15,719 - INFO - Received: evaluate message 4ce7212e-ef2c-4c11-a60c-9e5bb86707cd
2024-11-21 23:16:15,719 - WARNING - Deprecation Warning: The `client_fn` function must return an instance of `Client`, but an instance of `NumpyClient` was returned. Please use `NumPyClient.to_client()` method to convert it to `Client`.
2024-11-21 23:16:15,720 - INFO - 
2024-11-21 23:16:15,720 - INFO - Received: evaluate message f0da0093-b012-4f6f-b0f8-8ad3c3c448cf
2024-11-21 23:16:15,721 - WARNING - Deprecation Warning: The `client_fn` function must return an instance of `Client`, but an instance of `NumpyClient` was returned. Please use `NumPyClient.to_client()` method to convert it to `Client`.
2024-11-21 23:16:15,739 - INFO - Sent reply
2024-11-21 23:16:15,741 - INFO - Sent reply
2024-11-21 23:16:15,745 - INFO - 
2024-11-21 23:16:15,745 - INFO - Received: train message 364bccfa-ad37-4091-9300-078803e6d731
2024-11-21 23:16:15,745 - WARNING - Deprecation Warning: The `client_fn` function must return an instance of `Client`, but an instance of `NumpyClient` was returned. Please use `NumPyClient.to_client()` method to convert it to `Client`.
2024-11-21 23:16:15,745 - INFO - 
2024-11-21 23:16:15,745 - INFO - Received: train message 80e8acad-6a48-44ae-b3ad-f8743a42140a
2024-11-21 23:16:15,746 - WARNING - Deprecation Warning: The `client_fn` function must return an instance of `Client`, but an instance of `NumpyClient` was returned. Please use `NumPyClient.to_client()` method to convert it to `Client`.
2024-11-21 23:16:15,849 - INFO - Sent reply
2024-11-21 23:16:15,865 - INFO - Sent reply
2024-11-21 23:16:15,900 - INFO - 
2024-11-21 23:16:15,901 - INFO - Received: evaluate message 2ba7f78a-aa73-423c-bc9a-36c14df8185b
2024-11-21 23:16:15,901 - WARNING - Deprecation Warning: The `client_fn` function must return an instance of `Client`, but an instance of `NumpyClient` was returned. Please use `NumPyClient.to_client()` method to convert it to `Client`.
2024-11-21 23:16:15,901 - INFO - 
2024-11-21 23:16:15,902 - INFO - Received: evaluate message e6c90247-85a6-4733-86dd-9959ca67fbc9
2024-11-21 23:16:15,903 - WARNING - Deprecation Warning: The `client_fn` function must return an instance of `Client`, but an instance of `NumpyClient` was returned. Please use `NumPyClient.to_client()` method to convert it to `Client`.
2024-11-21 23:16:15,922 - INFO - Sent reply
2024-11-21 23:16:15,922 - INFO - Sent reply
2024-11-21 23:16:15,924 - INFO - 
2024-11-21 23:16:15,924 - INFO - Received: train message 99628576-e8b8-42f3-95b1-69d546b20a8b
2024-11-21 23:16:15,924 - WARNING - Deprecation Warning: The `client_fn` function must return an instance of `Client`, but an instance of `NumpyClient` was returned. Please use `NumPyClient.to_client()` method to convert it to `Client`.
2024-11-21 23:16:15,924 - INFO - 
2024-11-21 23:16:15,924 - INFO - Received: train message 25540c5b-1efb-47eb-854c-dce2944af75d
2024-11-21 23:16:15,928 - WARNING - Deprecation Warning: The `client_fn` function must return an instance of `Client`, but an instance of `NumpyClient` was returned. Please use `NumPyClient.to_client()` method to convert it to `Client`.
2024-11-21 23:16:16,013 - INFO - Sent reply
2024-11-21 23:16:16,036 - INFO - Sent reply
2024-11-21 23:16:16,074 - INFO - 
2024-11-21 23:16:16,075 - INFO - Received: evaluate message 820326ea-171c-4036-8c9b-ac65c6ab5003
2024-11-21 23:16:16,075 - WARNING - Deprecation Warning: The `client_fn` function must return an instance of `Client`, but an instance of `NumpyClient` was returned. Please use `NumPyClient.to_client()` method to convert it to `Client`.
2024-11-21 23:16:16,075 - INFO - 
2024-11-21 23:16:16,075 - INFO - Received: evaluate message 7ffa7c4c-eed2-4724-9039-fe465feed742
2024-11-21 23:16:16,075 - WARNING - Deprecation Warning: The `client_fn` function must return an instance of `Client`, but an instance of `NumpyClient` was returned. Please use `NumPyClient.to_client()` method to convert it to `Client`.
2024-11-21 23:16:16,093 - INFO - Sent reply
2024-11-21 23:16:16,094 - INFO - Sent reply
2024-11-21 23:16:16,097 - INFO - 
2024-11-21 23:16:16,097 - INFO - Received: train message 97eebca7-6367-4715-b9a4-24d42d6788ed
2024-11-21 23:16:16,097 - WARNING - Deprecation Warning: The `client_fn` function must return an instance of `Client`, but an instance of `NumpyClient` was returned. Please use `NumPyClient.to_client()` method to convert it to `Client`.
2024-11-21 23:16:16,097 - INFO - 
2024-11-21 23:16:16,097 - INFO - Received: train message be6a7c9a-8100-4cc4-a342-830cca95b84b
2024-11-21 23:16:16,097 - WARNING - Deprecation Warning: The `client_fn` function must return an instance of `Client`, but an instance of `NumpyClient` was returned. Please use `NumPyClient.to_client()` method to convert it to `Client`.
2024-11-21 23:16:16,185 - INFO - Sent reply
2024-11-21 23:16:16,202 - INFO - Sent reply
2024-11-21 23:16:16,235 - INFO - 
2024-11-21 23:16:16,240 - INFO - Received: evaluate message 5027d2d0-99c8-4963-9568-73f5bf40ee21
2024-11-21 23:16:16,240 - WARNING - Deprecation Warning: The `client_fn` function must return an instance of `Client`, but an instance of `NumpyClient` was returned. Please use `NumPyClient.to_client()` method to convert it to `Client`.
2024-11-21 23:16:16,240 - INFO - 
2024-11-21 23:16:16,240 - INFO - Received: evaluate message 89372fb5-50f9-4c90-b9e0-72e162037b2b
2024-11-21 23:16:16,240 - WARNING - Deprecation Warning: The `client_fn` function must return an instance of `Client`, but an instance of `NumpyClient` was returned. Please use `NumPyClient.to_client()` method to convert it to `Client`.
2024-11-21 23:16:16,255 - INFO - Sent reply
2024-11-21 23:16:16,261 - INFO - 
2024-11-21 23:16:16,261 - INFO - Received: train message 135a67dc-8070-4c13-b936-978a8eef372a
2024-11-21 23:16:16,261 - WARNING - Deprecation Warning: The `client_fn` function must return an instance of `Client`, but an instance of `NumpyClient` was returned. Please use `NumPyClient.to_client()` method to convert it to `Client`.
2024-11-21 23:16:16,261 - INFO - 
2024-11-21 23:16:16,261 - INFO - Received: train message b146f6df-8d41-487c-abba-b2e247360184
2024-11-21 23:16:16,261 - WARNING - Deprecation Warning: The `client_fn` function must return an instance of `Client`, but an instance of `NumpyClient` was returned. Please use `NumPyClient.to_client()` method to convert it to `Client`.
2024-11-21 23:16:16,344 - INFO - Sent reply
2024-11-21 23:16:16,367 - INFO - Sent reply
2024-11-21 23:16:16,396 - INFO - 
2024-11-21 23:16:16,397 - INFO - Received: evaluate message bd45bd38-f104-4272-9657-0a940c36ce0d
2024-11-21 23:16:16,397 - WARNING - Deprecation Warning: The `client_fn` function must return an instance of `Client`, but an instance of `NumpyClient` was returned. Please use `NumPyClient.to_client()` method to convert it to `Client`.
2024-11-21 23:16:16,397 - INFO - 
2024-11-21 23:16:16,397 - INFO - Received: evaluate message 2f43142d-3794-4c9a-b375-7791f0746d78
2024-11-21 23:16:16,397 - WARNING - Deprecation Warning: The `client_fn` function must return an instance of `Client`, but an instance of `NumpyClient` was returned. Please use `NumPyClient.to_client()` method to convert it to `Client`.
2024-11-21 23:16:16,414 - INFO - Sent reply
2024-11-21 23:16:16,415 - INFO - Sent reply
2024-11-21 23:16:16,418 - INFO - 
2024-11-21 23:16:16,418 - INFO - Received: train message 6639a385-9c96-43d5-bb05-b217b768c515
2024-11-21 23:16:16,418 - WARNING - Deprecation Warning: The `client_fn` function must return an instance of `Client`, but an instance of `NumpyClient` was returned. Please use `NumPyClient.to_client()` method to convert it to `Client`.
2024-11-21 23:16:16,419 - INFO - 
2024-11-21 23:16:16,419 - INFO - Received: train message e62e40a4-9658-462b-926b-46480984b2f1
2024-11-21 23:16:16,419 - WARNING - Deprecation Warning: The `client_fn` function must return an instance of `Client`, but an instance of `NumpyClient` was returned. Please use `NumPyClient.to_client()` method to convert it to `Client`.
2024-11-21 23:16:16,501 - INFO - Sent reply
2024-11-21 23:16:16,520 - INFO - Sent reply
2024-11-21 23:16:16,551 - INFO - 
2024-11-21 23:16:16,552 - INFO - Received: evaluate message 8a64b589-cfba-4962-ba3b-3147926ce2f4
2024-11-21 23:16:16,552 - WARNING - Deprecation Warning: The `client_fn` function must return an instance of `Client`, but an instance of `NumpyClient` was returned. Please use `NumPyClient.to_client()` method to convert it to `Client`.
2024-11-21 23:16:16,552 - INFO - 
2024-11-21 23:16:16,552 - INFO - Received: evaluate message 988eb2b0-4473-40da-9e5f-38b218c93251
2024-11-21 23:16:16,552 - WARNING - Deprecation Warning: The `client_fn` function must return an instance of `Client`, but an instance of `NumpyClient` was returned. Please use `NumPyClient.to_client()` method to convert it to `Client`.
2024-11-21 23:16:16,570 - INFO - Sent reply
2024-11-21 23:16:16,572 - INFO - Sent reply
2024-11-21 23:16:16,575 - INFO - 
2024-11-21 23:16:16,576 - INFO - Received: train message 9f29b682-4849-4133-83c3-f9aca0d612a7
2024-11-21 23:16:16,576 - WARNING - Deprecation Warning: The `client_fn` function must return an instance of `Client`, but an instance of `NumpyClient` was returned. Please use `NumPyClient.to_client()` method to convert it to `Client`.
2024-11-21 23:16:16,576 - INFO - 
2024-11-21 23:16:16,576 - INFO - Received: train message 40368d5f-1009-4b0c-a81b-551172339107
2024-11-21 23:16:16,577 - WARNING - Deprecation Warning: The `client_fn` function must return an instance of `Client`, but an instance of `NumpyClient` was returned. Please use `NumPyClient.to_client()` method to convert it to `Client`.
2024-11-21 23:16:16,659 - INFO - Sent reply
2024-11-21 23:16:16,681 - INFO - Sent reply
2024-11-21 23:16:16,711 - INFO - 
2024-11-21 23:16:16,711 - INFO - Received: evaluate message 5c35a925-12b9-4aa2-b9cd-b692dc90c24a
2024-11-21 23:16:16,711 - WARNING - Deprecation Warning: The `client_fn` function must return an instance of `Client`, but an instance of `NumpyClient` was returned. Please use `NumPyClient.to_client()` method to convert it to `Client`.
2024-11-21 23:16:16,711 - INFO - 
2024-11-21 23:16:16,711 - INFO - Received: evaluate message 98272c93-3a09-44e3-a9ac-d4db503fd0de
2024-11-21 23:16:16,712 - WARNING - Deprecation Warning: The `client_fn` function must return an instance of `Client`, but an instance of `NumpyClient` was returned. Please use `NumPyClient.to_client()` method to convert it to `Client`.
2024-11-21 23:16:16,729 - INFO - Sent reply
2024-11-21 23:16:16,729 - INFO - Sent reply
2024-11-21 23:16:16,733 - INFO - 
2024-11-21 23:16:16,733 - INFO - Received: train message 7a64124e-bd12-43f6-b9b5-4f0a83457765
2024-11-21 23:16:16,733 - WARNING - Deprecation Warning: The `client_fn` function must return an instance of `Client`, but an instance of `NumpyClient` was returned. Please use `NumPyClient.to_client()` method to convert it to `Client`.
2024-11-21 23:16:16,733 - INFO - 
2024-11-21 23:16:16,733 - INFO - Received: train message 3aaf80ad-847d-4caa-a330-26e7ac719449
2024-11-21 23:16:16,733 - WARNING - Deprecation Warning: The `client_fn` function must return an instance of `Client`, but an instance of `NumpyClient` was returned. Please use `NumPyClient.to_client()` method to convert it to `Client`.
2024-11-21 23:16:16,823 - INFO - Sent reply
2024-11-21 23:16:16,836 - INFO - Sent reply
2024-11-21 23:16:16,861 - INFO - 
2024-11-21 23:16:16,864 - INFO - Received: evaluate message 35909796-7607-4231-b4c3-2b5cf88d2df4
2024-11-21 23:16:16,864 - WARNING - Deprecation Warning: The `client_fn` function must return an instance of `Client`, but an instance of `NumpyClient` was returned. Please use `NumPyClient.to_client()` method to convert it to `Client`.
2024-11-21 23:16:16,864 - INFO - 
2024-11-21 23:16:16,864 - INFO - Received: evaluate message d50039b2-1216-4e1a-9796-500b58c27d2a
2024-11-21 23:16:16,865 - WARNING - Deprecation Warning: The `client_fn` function must return an instance of `Client`, but an instance of `NumpyClient` was returned. Please use `NumPyClient.to_client()` method to convert it to `Client`.
2024-11-21 23:16:16,881 - INFO - Sent reply
2024-11-21 23:16:16,882 - INFO - Sent reply
2024-11-21 23:16:16,885 - INFO - 
2024-11-21 23:16:16,885 - INFO - Received: train message b15a31e9-67c2-4170-ab87-0d0f5b878914
2024-11-21 23:16:16,886 - WARNING - Deprecation Warning: The `client_fn` function must return an instance of `Client`, but an instance of `NumpyClient` was returned. Please use `NumPyClient.to_client()` method to convert it to `Client`.
2024-11-21 23:16:16,886 - INFO - 
2024-11-21 23:16:16,886 - INFO - Received: train message ea7cbe83-a69e-44cb-88d2-16bfa681f10a
2024-11-21 23:16:16,886 - WARNING - Deprecation Warning: The `client_fn` function must return an instance of `Client`, but an instance of `NumpyClient` was returned. Please use `NumPyClient.to_client()` method to convert it to `Client`.
2024-11-21 23:16:16,965 - INFO - Sent reply
2024-11-21 23:16:16,989 - INFO - Sent reply
2024-11-21 23:16:17,025 - INFO - 
2024-11-21 23:16:17,025 - INFO - Received: evaluate message 78c1b930-d801-4d5c-a9d0-30b681120138
2024-11-21 23:16:17,025 - WARNING - Deprecation Warning: The `client_fn` function must return an instance of `Client`, but an instance of `NumpyClient` was returned. Please use `NumPyClient.to_client()` method to convert it to `Client`.
2024-11-21 23:16:17,025 - INFO - 
2024-11-21 23:16:17,025 - INFO - Received: evaluate message 27b93aef-923c-4a5d-9a25-d26507dcc935
2024-11-21 23:16:17,026 - WARNING - Deprecation Warning: The `client_fn` function must return an instance of `Client`, but an instance of `NumpyClient` was returned. Please use `NumPyClient.to_client()` method to convert it to `Client`.
2024-11-21 23:16:17,043 - INFO - Sent reply
2024-11-21 23:16:17,043 - INFO - Sent reply
2024-11-21 23:16:17,047 - INFO - 
2024-11-21 23:16:17,047 - INFO - Received: train message abb3ee14-e30e-4c58-b1b6-8bc8ec25f989
2024-11-21 23:16:17,047 - INFO - 
2024-11-21 23:16:17,047 - INFO - Received: train message a73dce3f-f6d1-433a-a09b-35ce2f14494b
2024-11-21 23:16:17,047 - WARNING - Deprecation Warning: The `client_fn` function must return an instance of `Client`, but an instance of `NumpyClient` was returned. Please use `NumPyClient.to_client()` method to convert it to `Client`.
2024-11-21 23:16:17,047 - WARNING - Deprecation Warning: The `client_fn` function must return an instance of `Client`, but an instance of `NumpyClient` was returned. Please use `NumPyClient.to_client()` method to convert it to `Client`.
2024-11-21 23:16:17,129 - INFO - Sent reply
2024-11-21 23:16:17,151 - INFO - Sent reply
2024-11-21 23:16:17,189 - INFO - 
2024-11-21 23:16:17,189 - INFO - Received: evaluate message 6e81f07f-8c8a-4270-a448-910270444843
2024-11-21 23:16:17,189 - WARNING - Deprecation Warning: The `client_fn` function must return an instance of `Client`, but an instance of `NumpyClient` was returned. Please use `NumPyClient.to_client()` method to convert it to `Client`.
2024-11-21 23:16:17,189 - INFO - 
2024-11-21 23:16:17,189 - INFO - Received: evaluate message 780462ef-8964-450f-8250-241578a92cfd
2024-11-21 23:16:17,189 - WARNING - Deprecation Warning: The `client_fn` function must return an instance of `Client`, but an instance of `NumpyClient` was returned. Please use `NumPyClient.to_client()` method to convert it to `Client`.
2024-11-21 23:16:17,208 - INFO - Sent reply
2024-11-21 23:16:17,208 - INFO - Sent reply
2024-11-21 23:16:17,211 - INFO - 
2024-11-21 23:16:17,212 - INFO - Received: train message 795ddadf-a3f8-429e-9894-4ce504bb09d7
2024-11-21 23:16:17,212 - WARNING - Deprecation Warning: The `client_fn` function must return an instance of `Client`, but an instance of `NumpyClient` was returned. Please use `NumPyClient.to_client()` method to convert it to `Client`.
2024-11-21 23:16:17,212 - INFO - 
2024-11-21 23:16:17,212 - INFO - Received: train message 02555d3e-0015-4a88-8c4f-d81920207012
2024-11-21 23:16:17,212 - WARNING - Deprecation Warning: The `client_fn` function must return an instance of `Client`, but an instance of `NumpyClient` was returned. Please use `NumPyClient.to_client()` method to convert it to `Client`.
2024-11-21 23:16:17,317 - INFO - Sent reply
2024-11-21 23:16:17,335 - INFO - Sent reply
2024-11-21 23:16:17,386 - INFO - 
2024-11-21 23:16:17,386 - INFO - Received: evaluate message 54ff76d3-748a-43f4-82db-ce8a2942d104
2024-11-21 23:16:17,386 - WARNING - Deprecation Warning: The `client_fn` function must return an instance of `Client`, but an instance of `NumpyClient` was returned. Please use `NumPyClient.to_client()` method to convert it to `Client`.
2024-11-21 23:16:17,387 - INFO - 
2024-11-21 23:16:17,387 - INFO - Received: evaluate message 17fb477b-cb2f-4d9d-bfc2-fbd2971e1c78
2024-11-21 23:16:17,387 - WARNING - Deprecation Warning: The `client_fn` function must return an instance of `Client`, but an instance of `NumpyClient` was returned. Please use `NumPyClient.to_client()` method to convert it to `Client`.
2024-11-21 23:16:17,403 - INFO - Sent reply
2024-11-21 23:16:17,403 - INFO - Sent reply
2024-11-21 23:16:17,405 - INFO - 
2024-11-21 23:16:17,405 - INFO - Received: train message 9befa355-4878-4257-ab05-d81177cf0d75
2024-11-21 23:16:17,405 - WARNING - Deprecation Warning: The `client_fn` function must return an instance of `Client`, but an instance of `NumpyClient` was returned. Please use `NumPyClient.to_client()` method to convert it to `Client`.
2024-11-21 23:16:17,405 - INFO - 
2024-11-21 23:16:17,405 - INFO - Received: train message 3f382d1c-09a6-4531-9c76-fdc3960013d0
2024-11-21 23:16:17,405 - WARNING - Deprecation Warning: The `client_fn` function must return an instance of `Client`, but an instance of `NumpyClient` was returned. Please use `NumPyClient.to_client()` method to convert it to `Client`.
2024-11-21 23:16:17,486 - INFO - Sent reply
2024-11-21 23:16:17,504 - INFO - Sent reply
2024-11-21 23:16:17,543 - INFO - 
2024-11-21 23:16:17,543 - INFO - Received: evaluate message e7b5b5e4-fb69-4795-b22a-4e1336abcbab
2024-11-21 23:16:17,543 - WARNING - Deprecation Warning: The `client_fn` function must return an instance of `Client`, but an instance of `NumpyClient` was returned. Please use `NumPyClient.to_client()` method to convert it to `Client`.
2024-11-21 23:16:17,543 - INFO - 
2024-11-21 23:16:17,543 - INFO - Received: evaluate message e3ec3837-0efd-4868-96b8-27e0426abc3f
2024-11-21 23:16:17,543 - WARNING - Deprecation Warning: The `client_fn` function must return an instance of `Client`, but an instance of `NumpyClient` was returned. Please use `NumPyClient.to_client()` method to convert it to `Client`.
2024-11-21 23:16:17,560 - INFO - Sent reply
2024-11-21 23:16:17,561 - INFO - Sent reply
2024-11-21 23:16:17,563 - INFO - 
2024-11-21 23:16:17,563 - INFO - Received: train message a4f76e49-0055-4812-af30-ce92bf053ac6
2024-11-21 23:16:17,563 - WARNING - Deprecation Warning: The `client_fn` function must return an instance of `Client`, but an instance of `NumpyClient` was returned. Please use `NumPyClient.to_client()` method to convert it to `Client`.
2024-11-21 23:16:17,564 - INFO - 
2024-11-21 23:16:17,564 - INFO - Received: train message 45c4c01c-3241-4c97-9702-fba6b4e8721e
2024-11-21 23:16:17,564 - WARNING - Deprecation Warning: The `client_fn` function must return an instance of `Client`, but an instance of `NumpyClient` was returned. Please use `NumPyClient.to_client()` method to convert it to `Client`.
2024-11-21 23:16:17,647 - INFO - Sent reply
2024-11-21 23:16:17,661 - INFO - Sent reply
2024-11-21 23:16:17,704 - INFO - 
2024-11-21 23:16:17,704 - INFO - Received: evaluate message f14221ee-1a22-4445-a166-14b789bc5d94
2024-11-21 23:16:17,704 - WARNING - Deprecation Warning: The `client_fn` function must return an instance of `Client`, but an instance of `NumpyClient` was returned. Please use `NumPyClient.to_client()` method to convert it to `Client`.
2024-11-21 23:16:17,705 - INFO - 
2024-11-21 23:16:17,705 - INFO - Received: evaluate message 33d6b9d9-c85e-4c61-9d06-bf4911b2a200
2024-11-21 23:16:17,705 - WARNING - Deprecation Warning: The `client_fn` function must return an instance of `Client`, but an instance of `NumpyClient` was returned. Please use `NumPyClient.to_client()` method to convert it to `Client`.
2024-11-21 23:16:17,722 - INFO - Sent reply
2024-11-21 23:16:17,722 - INFO - Sent reply
2024-11-21 23:16:17,722 - INFO - 
2024-11-21 23:16:17,722 - INFO - Received: train message 78e1561e-1ca6-4665-9ce4-59b434888eaa
2024-11-21 23:16:17,725 - WARNING - Deprecation Warning: The `client_fn` function must return an instance of `Client`, but an instance of `NumpyClient` was returned. Please use `NumPyClient.to_client()` method to convert it to `Client`.
2024-11-21 23:16:17,725 - INFO - 
2024-11-21 23:16:17,725 - INFO - Received: train message 5dd19e98-27c7-4284-bdd0-34f410aa0284
2024-11-21 23:16:17,725 - WARNING - Deprecation Warning: The `client_fn` function must return an instance of `Client`, but an instance of `NumpyClient` was returned. Please use `NumPyClient.to_client()` method to convert it to `Client`.
2024-11-21 23:16:17,804 - INFO - Sent reply
2024-11-21 23:16:17,826 - INFO - Sent reply
2024-11-21 23:16:17,865 - INFO - 
2024-11-21 23:16:17,865 - INFO - Received: evaluate message 3a2f1148-edfe-444f-adb7-fe19cb8e0950
2024-11-21 23:16:17,865 - WARNING - Deprecation Warning: The `client_fn` function must return an instance of `Client`, but an instance of `NumpyClient` was returned. Please use `NumPyClient.to_client()` method to convert it to `Client`.
2024-11-21 23:16:17,865 - INFO - 
2024-11-21 23:16:17,865 - INFO - Received: evaluate message e67668a7-638b-483c-83af-a0579daa9c4d
2024-11-21 23:16:17,865 - WARNING - Deprecation Warning: The `client_fn` function must return an instance of `Client`, but an instance of `NumpyClient` was returned. Please use `NumPyClient.to_client()` method to convert it to `Client`.
2024-11-21 23:16:17,881 - INFO - Sent reply
2024-11-21 23:16:17,884 - INFO - Sent reply
2024-11-21 23:16:17,887 - INFO - 
2024-11-21 23:16:17,887 - INFO - Received: train message e834a1bd-d561-42d9-9cdf-5f753a9c3d83
2024-11-21 23:16:17,888 - WARNING - Deprecation Warning: The `client_fn` function must return an instance of `Client`, but an instance of `NumpyClient` was returned. Please use `NumPyClient.to_client()` method to convert it to `Client`.
2024-11-21 23:16:17,888 - INFO - 
2024-11-21 23:16:17,888 - INFO - Received: train message 4a97845f-6729-44d3-86c3-af37412d5fa6
2024-11-21 23:16:17,888 - WARNING - Deprecation Warning: The `client_fn` function must return an instance of `Client`, but an instance of `NumpyClient` was returned. Please use `NumPyClient.to_client()` method to convert it to `Client`.
2024-11-21 23:16:17,966 - INFO - Sent reply
2024-11-21 23:16:17,989 - INFO - Sent reply
2024-11-21 23:16:18,028 - INFO - 
2024-11-21 23:16:18,029 - INFO - Received: evaluate message e6abbfe4-cc33-46ca-bc0b-26e02a826b8b
2024-11-21 23:16:18,029 - WARNING - Deprecation Warning: The `client_fn` function must return an instance of `Client`, but an instance of `NumpyClient` was returned. Please use `NumPyClient.to_client()` method to convert it to `Client`.
2024-11-21 23:16:18,029 - INFO - 
2024-11-21 23:16:18,029 - INFO - Received: evaluate message 8c92f7ba-830a-4dc6-a1c8-d0279e064705
2024-11-21 23:16:18,029 - WARNING - Deprecation Warning: The `client_fn` function must return an instance of `Client`, but an instance of `NumpyClient` was returned. Please use `NumPyClient.to_client()` method to convert it to `Client`.
2024-11-21 23:16:18,046 - INFO - Sent reply
2024-11-21 23:16:18,046 - INFO - Sent reply
2024-11-21 23:16:18,049 - INFO - 
2024-11-21 23:16:18,049 - INFO - Received: train message 6d140465-d9d2-428f-ba17-478ce0f51d54
2024-11-21 23:16:18,049 - WARNING - Deprecation Warning: The `client_fn` function must return an instance of `Client`, but an instance of `NumpyClient` was returned. Please use `NumPyClient.to_client()` method to convert it to `Client`.
2024-11-21 23:16:18,051 - INFO - 
2024-11-21 23:16:18,051 - INFO - Received: train message 80aa9417-711d-4229-9461-fbf0872b06b1
2024-11-21 23:16:18,051 - WARNING - Deprecation Warning: The `client_fn` function must return an instance of `Client`, but an instance of `NumpyClient` was returned. Please use `NumPyClient.to_client()` method to convert it to `Client`.
2024-11-21 23:16:18,125 - INFO - Sent reply
2024-11-21 23:16:18,152 - INFO - Sent reply
2024-11-21 23:16:18,192 - INFO - 
2024-11-21 23:16:18,192 - INFO - Received: evaluate message 74e9352c-2fff-4984-92cf-54395c08140a
2024-11-21 23:16:18,192 - WARNING - Deprecation Warning: The `client_fn` function must return an instance of `Client`, but an instance of `NumpyClient` was returned. Please use `NumPyClient.to_client()` method to convert it to `Client`.
2024-11-21 23:16:18,192 - INFO - 
2024-11-21 23:16:18,192 - INFO - Received: evaluate message bc0b5c17-513b-413b-94c3-ad003e28953f
2024-11-21 23:16:18,192 - WARNING - Deprecation Warning: The `client_fn` function must return an instance of `Client`, but an instance of `NumpyClient` was returned. Please use `NumPyClient.to_client()` method to convert it to `Client`.
2024-11-21 23:16:18,209 - INFO - Sent reply
2024-11-21 23:16:18,209 - INFO - Sent reply
2024-11-21 23:16:18,212 - INFO - 
2024-11-21 23:16:18,212 - INFO - Received: train message 68b0939e-512a-4b04-ae20-3253b734602e
2024-11-21 23:16:18,212 - WARNING - Deprecation Warning: The `client_fn` function must return an instance of `Client`, but an instance of `NumpyClient` was returned. Please use `NumPyClient.to_client()` method to convert it to `Client`.
2024-11-21 23:16:18,212 - INFO - 
2024-11-21 23:16:18,213 - INFO - Received: train message 84853b86-94dd-4c91-8fb5-22faa21e0fa1
2024-11-21 23:16:18,213 - WARNING - Deprecation Warning: The `client_fn` function must return an instance of `Client`, but an instance of `NumpyClient` was returned. Please use `NumPyClient.to_client()` method to convert it to `Client`.
2024-11-21 23:16:18,299 - INFO - Sent reply
2024-11-21 23:16:18,312 - INFO - Sent reply
2024-11-21 23:16:18,342 - INFO - 
2024-11-21 23:16:18,345 - INFO - Received: evaluate message 2a60aa0d-129c-4d8f-a3e0-3dcf6ee42488
2024-11-21 23:16:18,345 - WARNING - Deprecation Warning: The `client_fn` function must return an instance of `Client`, but an instance of `NumpyClient` was returned. Please use `NumPyClient.to_client()` method to convert it to `Client`.
2024-11-21 23:16:18,345 - INFO - 
2024-11-21 23:16:18,345 - INFO - Received: evaluate message 88dbc650-1bc5-400f-bc4c-2b57753d4abb
2024-11-21 23:16:18,345 - WARNING - Deprecation Warning: The `client_fn` function must return an instance of `Client`, but an instance of `NumpyClient` was returned. Please use `NumPyClient.to_client()` method to convert it to `Client`.
2024-11-21 23:16:18,362 - INFO - Sent reply
2024-11-21 23:16:18,363 - INFO - Sent reply
2024-11-21 23:16:18,366 - INFO - 
2024-11-21 23:16:18,366 - INFO - Received: train message 12c8abba-5f5a-402b-8df4-efa789ed0538
2024-11-21 23:16:18,366 - WARNING - Deprecation Warning: The `client_fn` function must return an instance of `Client`, but an instance of `NumpyClient` was returned. Please use `NumPyClient.to_client()` method to convert it to `Client`.
2024-11-21 23:16:18,366 - INFO - 
2024-11-21 23:16:18,366 - INFO - Received: train message 2de09775-c117-4dfa-a018-1cface8b39f4
2024-11-21 23:16:18,366 - WARNING - Deprecation Warning: The `client_fn` function must return an instance of `Client`, but an instance of `NumpyClient` was returned. Please use `NumPyClient.to_client()` method to convert it to `Client`.
2024-11-21 23:16:18,441 - INFO - Sent reply
2024-11-21 23:16:18,467 - INFO - Sent reply
2024-11-21 23:16:18,506 - INFO - 
2024-11-21 23:16:18,507 - INFO - Received: evaluate message ad231ef4-c8b7-4c04-9b97-952e273a1d57
2024-11-21 23:16:18,507 - WARNING - Deprecation Warning: The `client_fn` function must return an instance of `Client`, but an instance of `NumpyClient` was returned. Please use `NumPyClient.to_client()` method to convert it to `Client`.
2024-11-21 23:16:18,507 - INFO - 
2024-11-21 23:16:18,507 - INFO - Received: evaluate message 963b1609-8781-43e4-92d2-23b19954201b
2024-11-21 23:16:18,507 - WARNING - Deprecation Warning: The `client_fn` function must return an instance of `Client`, but an instance of `NumpyClient` was returned. Please use `NumPyClient.to_client()` method to convert it to `Client`.
2024-11-21 23:16:18,524 - INFO - Sent reply
2024-11-21 23:16:18,524 - INFO - Sent reply
2024-11-21 23:16:18,527 - INFO - 
2024-11-21 23:16:18,527 - INFO - Received: train message bf1e1997-5496-4759-955a-855dd86dca40
2024-11-21 23:16:18,527 - WARNING - Deprecation Warning: The `client_fn` function must return an instance of `Client`, but an instance of `NumpyClient` was returned. Please use `NumPyClient.to_client()` method to convert it to `Client`.
2024-11-21 23:16:18,528 - INFO - 
2024-11-21 23:16:18,528 - INFO - Received: train message 2385d9a1-59e2-4c68-983b-a16d26331bac
2024-11-21 23:16:18,528 - WARNING - Deprecation Warning: The `client_fn` function must return an instance of `Client`, but an instance of `NumpyClient` was returned. Please use `NumPyClient.to_client()` method to convert it to `Client`.
2024-11-21 23:16:18,608 - INFO - Sent reply
2024-11-21 23:16:18,626 - INFO - Sent reply
2024-11-21 23:16:18,659 - INFO - 
2024-11-21 23:16:18,659 - INFO - Received: evaluate message 8c56b5f1-0a6b-490f-8c88-98db5fd99b04
2024-11-21 23:16:18,659 - WARNING - Deprecation Warning: The `client_fn` function must return an instance of `Client`, but an instance of `NumpyClient` was returned. Please use `NumPyClient.to_client()` method to convert it to `Client`.
2024-11-21 23:16:18,660 - INFO - 
2024-11-21 23:16:18,660 - INFO - Received: evaluate message 0e9ce875-2f34-44d4-b57b-a3392bfd74d9
2024-11-21 23:16:18,660 - WARNING - Deprecation Warning: The `client_fn` function must return an instance of `Client`, but an instance of `NumpyClient` was returned. Please use `NumPyClient.to_client()` method to convert it to `Client`.
2024-11-21 23:16:18,678 - INFO - Sent reply
2024-11-21 23:16:18,678 - INFO - Sent reply
2024-11-21 23:16:18,683 - INFO - 
2024-11-21 23:16:18,683 - INFO - Received: reconnect message 85d50707-6b7b-406d-a480-547e1dff217e
2024-11-21 23:16:18,684 - INFO - 
2024-11-21 23:16:18,684 - INFO - Received: reconnect message 68f297cd-d740-46dd-af20-b19bc3019904
2024-11-21 23:16:18,695 - DEBUG - gRPC channel closed
2024-11-21 23:16:18,695 - INFO - Disconnect and shut down
