2024-11-21 21:48:03,601 - INFO - Data successfully loaded from ./datas/TEST_SAMPLE.csv
2024-11-21 21:48:03,618 - INFO - Data successfully loaded from ./datas/IID.csv
2024-11-21 21:48:03,956 - INFO - Data successfully prepared (scaling, SMOTE, polynomial features).
2024-11-21 21:48:19,177 - INFO - Model successfully trained and predictions made.
2024-11-21 21:48:19,177 - WARNING - File ./results/iid_res.json is empty or invalid. Starting fresh.
2024-11-21 21:48:19,177 - INFO - Metrics for 'global_iid' successfully saved to ./results/iid_res.json
2024-11-21 21:48:19,207 - INFO - Data successfully loaded from ./datas/NON_IID.csv
2024-11-21 21:48:19,247 - INFO - Gaussian noise added to columns: Index(['Unnamed: 0', 'Month', 'WeekOfMonth', 'DayOfWeek', 'Make',
       'AccidentArea', 'DayOfWeekClaimed', 'MonthClaimed',
       'WeekOfMonthClaimed', 'Sex', 'MaritalStatus', 'Age', 'Fault',
       'PolicyType', 'VehicleCategory', 'VehiclePrice', 'PolicyNumber',
       'RepNumber', 'Deductible', 'DriverRating', 'Days_Policy_Accident',
       'Days_Policy_Claim', 'PastNumberOfClaims', 'AgeOfVehicle',
       'PoliceReportFiled', 'WitnessPresent', 'AgentType',
       'NumberOfSuppliments', 'AddressChange_Claim', 'NumberOfCars', 'Year',
       'BasePolicy', 'AgeGroup', 'VehiclePrice_Cat'],
      dtype='object') with noise level: 1.6
2024-11-21 21:48:19,481 - INFO - Data successfully prepared (scaling, SMOTE, polynomial features).
2024-11-21 21:48:33,378 - INFO - Model successfully trained and predictions made.
2024-11-21 21:48:33,378 - WARNING - File ./results/non_iid_res.json is empty or invalid. Starting fresh.
2024-11-21 21:48:33,378 - INFO - Metrics for 'global_noniid' successfully saved to ./results/non_iid_res.json
2024-11-21 21:48:33,387 - INFO - Data successfully loaded from ./datas/IID_1.csv
2024-11-21 21:48:33,537 - INFO - Data successfully prepared (scaling, SMOTE, polynomial features).
2024-11-21 21:48:39,707 - INFO - Model successfully trained and predictions made.
2024-11-21 21:48:39,707 - INFO - Metrics for 'local_1_iid' successfully saved to ./results/iid_res.json
2024-11-21 21:48:39,722 - INFO - Data successfully loaded from ./datas/IID_2.csv
2024-11-21 21:48:39,843 - INFO - Data successfully prepared (scaling, SMOTE, polynomial features).
2024-11-21 21:48:46,077 - INFO - Model successfully trained and predictions made.
2024-11-21 21:48:46,077 - INFO - Metrics for 'local_2_iid' successfully saved to ./results/iid_res.json
2024-11-21 21:48:46,088 - INFO - Data successfully loaded from ./datas/NON_IID_1.csv
2024-11-21 21:48:46,098 - INFO - Gaussian noise added to columns: Index(['Month', 'WeekOfMonth', 'DayOfWeek', 'Make', 'AccidentArea',
       'DayOfWeekClaimed', 'MonthClaimed', 'WeekOfMonthClaimed', 'Sex',
       'MaritalStatus', 'Age', 'Fault', 'PolicyType', 'VehicleCategory',
       'VehiclePrice', 'PolicyNumber', 'RepNumber', 'Deductible',
       'DriverRating', 'Days_Policy_Accident', 'Days_Policy_Claim',
       'PastNumberOfClaims', 'AgeOfVehicle', 'PoliceReportFiled',
       'WitnessPresent', 'AgentType', 'NumberOfSuppliments',
       'AddressChange_Claim', 'NumberOfCars', 'Year', 'BasePolicy', 'AgeGroup',
       'VehiclePrice_Cat'],
      dtype='object') with noise level: 1.8
2024-11-21 21:48:46,194 - INFO - Data successfully prepared (scaling, SMOTE, polynomial features).
2024-11-21 21:48:49,326 - INFO - Model successfully trained and predictions made.
2024-11-21 21:48:49,327 - INFO - Metrics for 'local_1_noniid' successfully saved to ./results/non_iid_res.json
2024-11-21 21:48:49,341 - INFO - Data successfully loaded from ./datas/NON_IID_2.csv
2024-11-21 21:48:49,348 - INFO - Gaussian noise added to columns: Index(['Month', 'WeekOfMonth', 'DayOfWeek', 'Make', 'AccidentArea',
       'DayOfWeekClaimed', 'MonthClaimed', 'WeekOfMonthClaimed', 'Sex',
       'MaritalStatus', 'Age', 'Fault', 'PolicyType', 'VehicleCategory',
       'VehiclePrice', 'PolicyNumber', 'RepNumber', 'Deductible',
       'DriverRating', 'Days_Policy_Accident', 'Days_Policy_Claim',
       'PastNumberOfClaims', 'AgeOfVehicle', 'PoliceReportFiled',
       'WitnessPresent', 'AgentType', 'NumberOfSuppliments',
       'AddressChange_Claim', 'NumberOfCars', 'Year', 'BasePolicy', 'AgeGroup',
       'VehiclePrice_Cat'],
      dtype='object') with noise level: 1.5
2024-11-21 21:48:49,531 - INFO - Data successfully prepared (scaling, SMOTE, polynomial features).
2024-11-21 21:48:53,978 - INFO - Model successfully trained and predictions made.
2024-11-21 21:48:53,978 - INFO - Metrics for 'local_2_noniid' successfully saved to ./results/non_iid_res.json
