2024-12-21 17:07:37,073 - INFO - Data successfully loaded from ./datas/TEST_SAMPLE.csv
2024-12-21 17:07:37,100 - INFO - Data successfully loaded from ./datas/IID.csv
2024-12-21 17:07:37,118 - INFO - Data split into Train (9868) and Val (2468) samples.
2024-12-21 17:07:37,132 - INFO - Features scaled using MinMaxScaler.
2024-12-21 17:07:37,211 - INFO - Polynomial features of degree 2 generated.
2024-12-21 17:07:37,574 - INFO - SMOTE applied. Training sample size increased to 18564.
2024-12-21 17:07:37,591 - INFO - DataLoaders for Train, Val, and Test sets created.
2024-12-21 17:07:37,687 - INFO - Data successfully loaded from ./datas/NON_IID.csv
2024-12-21 17:07:37,716 - INFO - Gaussian noise added to columns: Index(['Unnamed: 0', 'Month', 'WeekOfMonth', 'DayOfWeek', 'Make',
       'AccidentArea', 'DayOfWeekClaimed', 'MonthClaimed',
       'WeekOfMonthClaimed', 'Sex', 'MaritalStatus', 'Age', 'Fault',
       'PolicyType', 'VehicleCategory', 'VehiclePrice', 'PolicyNumber',
       'RepNumber', 'Deductible', 'DriverRating', 'Days_Policy_Accident',
       'Days_Policy_Claim', 'PastNumberOfClaims', 'AgeOfVehicle',
       'PoliceReportFiled', 'WitnessPresent', 'AgentType',
       'NumberOfSuppliments', 'AddressChange_Claim', 'NumberOfCars', 'Year',
       'BasePolicy', 'AgeGroup', 'VehiclePrice_Cat'],
      dtype='object') with noise level: 1.5
2024-12-21 17:07:37,723 - INFO - Data split into Train (9868) and Val (2468) samples.
2024-12-21 17:07:37,737 - INFO - Features scaled using MinMaxScaler.
2024-12-21 17:07:37,805 - INFO - Polynomial features of degree 2 generated.
2024-12-21 17:07:37,997 - INFO - SMOTE applied. Training sample size increased to 18564.
2024-12-21 17:07:38,013 - INFO - DataLoaders for Train, Val, and Test sets created.
2024-12-21 17:07:38,068 - INFO - Data successfully loaded from ./datas/IID_1.csv
2024-12-21 17:07:38,081 - INFO - Data split into Train (4934) and Val (1234) samples.
2024-12-21 17:07:38,097 - INFO - Features scaled using MinMaxScaler.
2024-12-21 17:07:38,156 - INFO - Polynomial features of degree 2 generated.
2024-12-21 17:07:38,233 - INFO - SMOTE applied. Training sample size increased to 9248.
2024-12-21 17:07:38,235 - INFO - DataLoaders for Train, Val, and Test sets created.
2024-12-21 17:07:38,268 - INFO - Data successfully loaded from ./datas/IID_2.csv
2024-12-21 17:07:38,268 - INFO - Data split into Train (4934) and Val (1234) samples.
2024-12-21 17:07:38,277 - INFO - Features scaled using MinMaxScaler.
2024-12-21 17:07:38,317 - INFO - Polynomial features of degree 2 generated.
2024-12-21 17:07:38,385 - INFO - SMOTE applied. Training sample size increased to 9316.
2024-12-21 17:07:38,385 - INFO - DataLoaders for Train, Val, and Test sets created.
2024-12-21 17:07:38,412 - INFO - Data successfully loaded from ./datas/NON_IID_1.csv
2024-12-21 17:07:38,418 - INFO - Gaussian noise added to columns: Index(['Month', 'WeekOfMonth', 'DayOfWeek', 'Make', 'AccidentArea',
       'DayOfWeekClaimed', 'MonthClaimed', 'WeekOfMonthClaimed', 'Sex',
       'MaritalStatus', 'Age', 'Fault', 'PolicyType', 'VehicleCategory',
       'VehiclePrice', 'PolicyNumber', 'RepNumber', 'Deductible',
       'DriverRating', 'Days_Policy_Accident', 'Days_Policy_Claim',
       'PastNumberOfClaims', 'AgeOfVehicle', 'PoliceReportFiled',
       'WitnessPresent', 'AgentType', 'NumberOfSuppliments',
       'AddressChange_Claim', 'NumberOfCars', 'Year', 'BasePolicy', 'AgeGroup',
       'VehiclePrice_Cat'],
      dtype='object') with noise level: 1.5
2024-12-21 17:07:38,429 - INFO - Data split into Train (4064) and Val (1016) samples.
2024-12-21 17:07:38,440 - INFO - Features scaled using MinMaxScaler.
2024-12-21 17:07:38,475 - INFO - Polynomial features of degree 2 generated.
2024-12-21 17:07:38,530 - INFO - SMOTE applied. Training sample size increased to 7426.
2024-12-21 17:07:38,534 - INFO - DataLoaders for Train, Val, and Test sets created.
2024-12-21 17:07:38,561 - INFO - Data successfully loaded from ./datas/NON_IID_2.csv
2024-12-21 17:07:38,576 - INFO - Gaussian noise added to columns: Index(['Month', 'WeekOfMonth', 'DayOfWeek', 'Make', 'AccidentArea',
       'DayOfWeekClaimed', 'MonthClaimed', 'WeekOfMonthClaimed', 'Sex',
       'MaritalStatus', 'Age', 'Fault', 'PolicyType', 'VehicleCategory',
       'VehiclePrice', 'PolicyNumber', 'RepNumber', 'Deductible',
       'DriverRating', 'Days_Policy_Accident', 'Days_Policy_Claim',
       'PastNumberOfClaims', 'AgeOfVehicle', 'PoliceReportFiled',
       'WitnessPresent', 'AgentType', 'NumberOfSuppliments',
       'AddressChange_Claim', 'NumberOfCars', 'Year', 'BasePolicy', 'AgeGroup',
       'VehiclePrice_Cat'],
      dtype='object') with noise level: 1.5
2024-12-21 17:07:38,578 - INFO - Data split into Train (5804) and Val (1452) samples.
2024-12-21 17:07:38,590 - INFO - Features scaled using MinMaxScaler.
2024-12-21 17:07:38,634 - INFO - Polynomial features of degree 2 generated.
2024-12-21 17:07:38,701 - INFO - SMOTE applied. Training sample size increased to 11140.
2024-12-21 17:07:38,717 - INFO - DataLoaders for Train, Val, and Test sets created.
