2024-11-29 17:25:13,850 - INFO - Data successfully loaded from ./datas/TEST_SAMPLE.csv
2024-11-29 17:25:13,896 - INFO - Data successfully loaded from ./datas/IID.csv
2024-11-29 17:25:13,912 - INFO - Data split into Train (9868) and Val (2468) samples.
2024-11-29 17:25:13,927 - INFO - Features scaled using MinMaxScaler.
2024-11-29 17:25:14,026 - INFO - Polynomial features of degree 2 generated.
2024-11-29 17:25:14,979 - INFO - SMOTE applied. Training sample size increased to 18564.
2024-11-29 17:25:15,027 - INFO - DataLoaders for Train, Val, and Test sets created.
2024-11-29 17:25:17,313 - INFO - Epoch [1/50] | Train Loss: 0.5366 | Val Loss: 0.5507 | Val ROC AUC: 0.7828 | Val Accuracy: 0.6467 | Val F1 Score: 0.2186
2024-11-29 17:25:17,313 - INFO - ROC AUC improved to 0.7828. Saving model.
2024-11-29 17:25:17,916 - INFO - Epoch [2/50] | Train Loss: 0.4915 | Val Loss: 0.4728 | Val ROC AUC: 0.7871 | Val Accuracy: 0.6880 | Val F1 Score: 0.2269
2024-11-29 17:25:17,916 - INFO - ROC AUC improved to 0.7871. Saving model.
2024-11-29 17:25:18,383 - INFO - Epoch [3/50] | Train Loss: 0.4774 | Val Loss: 0.4959 | Val ROC AUC: 0.7861 | Val Accuracy: 0.6544 | Val F1 Score: 0.2138
2024-11-29 17:25:18,383 - INFO - ROC AUC did not improve. 1/5 epochs without improvement.
2024-11-29 17:25:18,883 - INFO - Epoch [4/50] | Train Loss: 0.4674 | Val Loss: 0.5405 | Val ROC AUC: 0.7874 | Val Accuracy: 0.6398 | Val F1 Score: 0.2209
2024-11-29 17:25:18,883 - INFO - ROC AUC improved to 0.7874. Saving model.
2024-11-29 17:25:19,327 - INFO - Epoch [5/50] | Train Loss: 0.4606 | Val Loss: 0.4882 | Val ROC AUC: 0.7894 | Val Accuracy: 0.6754 | Val F1 Score: 0.2155
2024-11-29 17:25:19,327 - INFO - ROC AUC improved to 0.7894. Saving model.
2024-11-29 17:25:19,823 - INFO - Epoch [6/50] | Train Loss: 0.4536 | Val Loss: 0.5319 | Val ROC AUC: 0.7853 | Val Accuracy: 0.6434 | Val F1 Score: 0.2254
2024-11-29 17:25:19,823 - INFO - ROC AUC did not improve. 1/5 epochs without improvement.
2024-11-29 17:25:20,303 - INFO - Epoch [7/50] | Train Loss: 0.4464 | Val Loss: 0.4931 | Val ROC AUC: 0.7911 | Val Accuracy: 0.6726 | Val F1 Score: 0.2275
2024-11-29 17:25:20,308 - INFO - ROC AUC improved to 0.7911. Saving model.
2024-11-29 17:25:20,775 - INFO - Epoch [8/50] | Train Loss: 0.4408 | Val Loss: 0.5220 | Val ROC AUC: 0.7912 | Val Accuracy: 0.6596 | Val F1 Score: 0.2237
2024-11-29 17:25:20,776 - INFO - ROC AUC improved to 0.7912. Saving model.
2024-11-29 17:25:21,217 - INFO - Epoch [9/50] | Train Loss: 0.4349 | Val Loss: 0.5439 | Val ROC AUC: 0.7910 | Val Accuracy: 0.6483 | Val F1 Score: 0.2180
2024-11-29 17:25:21,217 - INFO - ROC AUC did not improve. 1/5 epochs without improvement.
2024-11-29 17:25:21,696 - INFO - Epoch [10/50] | Train Loss: 0.4317 | Val Loss: 0.4989 | Val ROC AUC: 0.7919 | Val Accuracy: 0.6763 | Val F1 Score: 0.2250
2024-11-29 17:25:21,696 - INFO - ROC AUC improved to 0.7919. Saving model.
2024-11-29 17:25:22,181 - INFO - Epoch [11/50] | Train Loss: 0.4279 | Val Loss: 0.5644 | Val ROC AUC: 0.7933 | Val Accuracy: 0.6463 | Val F1 Score: 0.2170
2024-11-29 17:25:22,182 - INFO - ROC AUC improved to 0.7933. Saving model.
2024-11-29 17:25:22,663 - INFO - Epoch [12/50] | Train Loss: 0.4265 | Val Loss: 0.5601 | Val ROC AUC: 0.7945 | Val Accuracy: 0.6515 | Val F1 Score: 0.2182
2024-11-29 17:25:22,663 - INFO - ROC AUC improved to 0.7945. Saving model.
2024-11-29 17:25:23,176 - INFO - Epoch [13/50] | Train Loss: 0.4232 | Val Loss: 0.4513 | Val ROC AUC: 0.7927 | Val Accuracy: 0.7156 | Val F1 Score: 0.2303
2024-11-29 17:25:23,176 - INFO - ROC AUC did not improve. 1/5 epochs without improvement.
2024-11-29 17:25:23,615 - INFO - Epoch [14/50] | Train Loss: 0.4195 | Val Loss: 0.4161 | Val ROC AUC: 0.7965 | Val Accuracy: 0.7382 | Val F1 Score: 0.2328
2024-11-29 17:25:23,623 - INFO - ROC AUC improved to 0.7965. Saving model.
2024-11-29 17:25:24,113 - INFO - Epoch [15/50] | Train Loss: 0.4184 | Val Loss: 0.4774 | Val ROC AUC: 0.7950 | Val Accuracy: 0.7022 | Val F1 Score: 0.2336
2024-11-29 17:25:24,113 - INFO - ROC AUC did not improve. 1/5 epochs without improvement.
2024-11-29 17:25:24,612 - INFO - Epoch [16/50] | Train Loss: 0.4152 | Val Loss: 0.5693 | Val ROC AUC: 0.7911 | Val Accuracy: 0.6483 | Val F1 Score: 0.2138
2024-11-29 17:25:24,612 - INFO - ROC AUC did not improve. 2/5 epochs without improvement.
2024-11-29 17:25:25,083 - INFO - Epoch [17/50] | Train Loss: 0.4130 | Val Loss: 0.4723 | Val ROC AUC: 0.7962 | Val Accuracy: 0.7091 | Val F1 Score: 0.2362
2024-11-29 17:25:25,083 - INFO - ROC AUC did not improve. 3/5 epochs without improvement.
2024-11-29 17:25:25,580 - INFO - Epoch [18/50] | Train Loss: 0.4113 | Val Loss: 0.5106 | Val ROC AUC: 0.7972 | Val Accuracy: 0.6852 | Val F1 Score: 0.2269
2024-11-29 17:25:25,580 - INFO - ROC AUC improved to 0.7972. Saving model.
2024-11-29 17:25:26,078 - INFO - Epoch [19/50] | Train Loss: 0.4082 | Val Loss: 0.5066 | Val ROC AUC: 0.7943 | Val Accuracy: 0.6908 | Val F1 Score: 0.2301
2024-11-29 17:25:26,078 - INFO - ROC AUC did not improve. 1/5 epochs without improvement.
2024-11-29 17:25:26,703 - INFO - Epoch [20/50] | Train Loss: 0.4074 | Val Loss: 0.4078 | Val ROC AUC: 0.7960 | Val Accuracy: 0.7528 | Val F1 Score: 0.2375
2024-11-29 17:25:26,703 - INFO - ROC AUC did not improve. 2/5 epochs without improvement.
2024-11-29 17:25:27,183 - INFO - Epoch [21/50] | Train Loss: 0.4067 | Val Loss: 0.4526 | Val ROC AUC: 0.7966 | Val Accuracy: 0.7261 | Val F1 Score: 0.2404
2024-11-29 17:25:27,183 - INFO - ROC AUC did not improve. 3/5 epochs without improvement.
2024-11-29 17:25:27,665 - INFO - Epoch [22/50] | Train Loss: 0.4032 | Val Loss: 0.5171 | Val ROC AUC: 0.7937 | Val Accuracy: 0.6868 | Val F1 Score: 0.2293
2024-11-29 17:25:27,665 - INFO - ROC AUC did not improve. 4/5 epochs without improvement.
2024-11-29 17:25:28,205 - INFO - Epoch [23/50] | Train Loss: 0.4027 | Val Loss: 0.4876 | Val ROC AUC: 0.7950 | Val Accuracy: 0.7026 | Val F1 Score: 0.2290
2024-11-29 17:25:28,205 - INFO - ROC AUC did not improve. 5/5 epochs without improvement.
2024-11-29 17:25:28,205 - INFO - Early stopping triggered at epoch 23.
2024-11-29 17:25:28,207 - INFO - Best model state loaded based on validation ROC AUC.
2024-11-29 17:25:28,284 - INFO - Test Metrics | Log-loss: 0.4781 | ROC AUC: 0.8013 | Accuracy: 0.7169 | F1 Score: 0.2442
2024-11-29 17:25:28,284 - INFO - Model training and evaluation completed successfully.
2024-11-29 17:25:28,285 - INFO - Metrics for 'global_iid' successfully saved to ./local_env/results/iid_res.json
2024-11-29 17:25:28,319 - INFO - Data successfully loaded from ./datas/NON_IID.csv
2024-11-29 17:25:28,348 - INFO - Gaussian noise added to columns: Index(['Unnamed: 0', 'Month', 'WeekOfMonth', 'DayOfWeek', 'Make',
       'AccidentArea', 'DayOfWeekClaimed', 'MonthClaimed',
       'WeekOfMonthClaimed', 'Sex', 'MaritalStatus', 'Age', 'Fault',
       'PolicyType', 'VehicleCategory', 'VehiclePrice', 'PolicyNumber',
       'RepNumber', 'Deductible', 'DriverRating', 'Days_Policy_Accident',
       'Days_Policy_Claim', 'PastNumberOfClaims', 'AgeOfVehicle',
       'PoliceReportFiled', 'WitnessPresent', 'AgentType',
       'NumberOfSuppliments', 'AddressChange_Claim', 'NumberOfCars', 'Year',
       'BasePolicy', 'AgeGroup', 'VehiclePrice_Cat'],
      dtype='object') with noise level: 1.5
2024-11-29 17:25:28,365 - INFO - Data split into Train (9868) and Val (2468) samples.
2024-11-29 17:25:28,390 - INFO - Features scaled using MinMaxScaler.
2024-11-29 17:25:28,483 - INFO - Polynomial features of degree 2 generated.
2024-11-29 17:25:28,874 - INFO - SMOTE applied. Training sample size increased to 18564.
2024-11-29 17:25:28,903 - INFO - DataLoaders for Train, Val, and Test sets created.
2024-11-29 17:25:29,463 - INFO - Epoch [1/50] | Train Loss: 0.6769 | Val Loss: 0.5037 | Val ROC AUC: 0.5783 | Val Accuracy: 0.8635 | Val F1 Score: 0.1013
2024-11-29 17:25:29,463 - INFO - ROC AUC improved to 0.5783. Saving model.
2024-11-29 17:25:29,960 - INFO - Epoch [2/50] | Train Loss: 0.6647 | Val Loss: 0.6561 | Val ROC AUC: 0.5755 | Val Accuracy: 0.6005 | Val F1 Score: 0.1351
2024-11-29 17:25:29,960 - INFO - ROC AUC did not improve. 1/5 epochs without improvement.
2024-11-29 17:25:30,485 - INFO - Epoch [3/50] | Train Loss: 0.6589 | Val Loss: 0.4585 | Val ROC AUC: 0.5726 | Val Accuracy: 0.8683 | Val F1 Score: 0.1047
2024-11-29 17:25:30,485 - INFO - ROC AUC did not improve. 2/5 epochs without improvement.
2024-11-29 17:25:31,114 - INFO - Epoch [4/50] | Train Loss: 0.6576 | Val Loss: 0.5806 | Val ROC AUC: 0.5738 | Val Accuracy: 0.7131 | Val F1 Score: 0.1216
2024-11-29 17:25:31,119 - INFO - ROC AUC did not improve. 3/5 epochs without improvement.
2024-11-29 17:25:31,593 - INFO - Epoch [5/50] | Train Loss: 0.6553 | Val Loss: 0.5007 | Val ROC AUC: 0.5745 | Val Accuracy: 0.8108 | Val F1 Score: 0.0967
2024-11-29 17:25:31,593 - INFO - ROC AUC did not improve. 4/5 epochs without improvement.
2024-11-29 17:25:32,102 - INFO - Epoch [6/50] | Train Loss: 0.6547 | Val Loss: 0.7347 | Val ROC AUC: 0.5758 | Val Accuracy: 0.4826 | Val F1 Score: 0.1283
2024-11-29 17:25:32,102 - INFO - ROC AUC did not improve. 5/5 epochs without improvement.
2024-11-29 17:25:32,102 - INFO - Early stopping triggered at epoch 6.
2024-11-29 17:25:32,103 - INFO - Best model state loaded based on validation ROC AUC.
2024-11-29 17:25:32,148 - INFO - Test Metrics | Log-loss: 0.7152 | ROC AUC: 0.6652 | Accuracy: 0.4815 | F1 Score: 0.1499
2024-11-29 17:25:32,148 - INFO - Model training and evaluation completed successfully.
2024-11-29 17:25:32,153 - INFO - Metrics for 'global_noniid' successfully saved to ./local_env/results/non_iid_res.json
2024-11-29 17:25:32,168 - INFO - Data successfully loaded from ./datas/IID_1.csv
2024-11-29 17:25:32,177 - INFO - Data split into Train (4934) and Val (1234) samples.
2024-11-29 17:25:32,184 - INFO - Features scaled using MinMaxScaler.
2024-11-29 17:25:32,233 - INFO - Polynomial features of degree 2 generated.
2024-11-29 17:25:32,325 - INFO - SMOTE applied. Training sample size increased to 9248.
2024-11-29 17:25:32,334 - INFO - DataLoaders for Train, Val, and Test sets created.
2024-11-29 17:25:32,618 - INFO - Epoch [1/50] | Train Loss: 0.5638 | Val Loss: 0.5790 | Val ROC AUC: 0.7857 | Val Accuracy: 0.6321 | Val F1 Score: 0.2226
2024-11-29 17:25:32,618 - INFO - ROC AUC improved to 0.7857. Saving model.
2024-11-29 17:25:32,924 - INFO - Epoch [2/50] | Train Loss: 0.5014 | Val Loss: 0.5955 | Val ROC AUC: 0.7941 | Val Accuracy: 0.6272 | Val F1 Score: 0.2308
2024-11-29 17:25:32,924 - INFO - ROC AUC improved to 0.7941. Saving model.
2024-11-29 17:25:33,274 - INFO - Epoch [3/50] | Train Loss: 0.4859 | Val Loss: 0.4864 | Val ROC AUC: 0.7931 | Val Accuracy: 0.6734 | Val F1 Score: 0.2205
2024-11-29 17:25:33,279 - INFO - ROC AUC did not improve. 1/5 epochs without improvement.
2024-11-29 17:25:33,550 - INFO - Epoch [4/50] | Train Loss: 0.4734 | Val Loss: 0.5429 | Val ROC AUC: 0.7975 | Val Accuracy: 0.6459 | Val F1 Score: 0.2293
2024-11-29 17:25:33,551 - INFO - ROC AUC improved to 0.7975. Saving model.
2024-11-29 17:25:33,825 - INFO - Epoch [5/50] | Train Loss: 0.4652 | Val Loss: 0.5413 | Val ROC AUC: 0.7985 | Val Accuracy: 0.6434 | Val F1 Score: 0.2308
2024-11-29 17:25:33,825 - INFO - ROC AUC improved to 0.7985. Saving model.
2024-11-29 17:25:34,076 - INFO - Epoch [6/50] | Train Loss: 0.4568 | Val Loss: 0.4767 | Val ROC AUC: 0.8050 | Val Accuracy: 0.6702 | Val F1 Score: 0.2277
2024-11-29 17:25:34,076 - INFO - ROC AUC improved to 0.8050. Saving model.
2024-11-29 17:25:34,309 - INFO - Epoch [7/50] | Train Loss: 0.4519 | Val Loss: 0.5146 | Val ROC AUC: 0.8058 | Val Accuracy: 0.6507 | Val F1 Score: 0.2345
2024-11-29 17:25:34,309 - INFO - ROC AUC improved to 0.8058. Saving model.
2024-11-29 17:25:34,534 - INFO - Epoch [8/50] | Train Loss: 0.4457 | Val Loss: 0.4874 | Val ROC AUC: 0.8038 | Val Accuracy: 0.6710 | Val F1 Score: 0.2368
2024-11-29 17:25:34,534 - INFO - ROC AUC did not improve. 1/5 epochs without improvement.
2024-11-29 17:25:34,755 - INFO - Epoch [9/50] | Train Loss: 0.4391 | Val Loss: 0.4323 | Val ROC AUC: 0.8093 | Val Accuracy: 0.7091 | Val F1 Score: 0.2345
2024-11-29 17:25:34,755 - INFO - ROC AUC improved to 0.8093. Saving model.
2024-11-29 17:25:34,991 - INFO - Epoch [10/50] | Train Loss: 0.4359 | Val Loss: 0.4174 | Val ROC AUC: 0.8070 | Val Accuracy: 0.7269 | Val F1 Score: 0.2393
2024-11-29 17:25:34,991 - INFO - ROC AUC did not improve. 1/5 epochs without improvement.
2024-11-29 17:25:35,219 - INFO - Epoch [11/50] | Train Loss: 0.4325 | Val Loss: 0.5347 | Val ROC AUC: 0.8069 | Val Accuracy: 0.6532 | Val F1 Score: 0.2411
2024-11-29 17:25:35,219 - INFO - ROC AUC did not improve. 2/5 epochs without improvement.
2024-11-29 17:25:35,445 - INFO - Epoch [12/50] | Train Loss: 0.4262 | Val Loss: 0.4428 | Val ROC AUC: 0.8112 | Val Accuracy: 0.7066 | Val F1 Score: 0.2427
2024-11-29 17:25:35,445 - INFO - ROC AUC improved to 0.8112. Saving model.
2024-11-29 17:25:35,689 - INFO - Epoch [13/50] | Train Loss: 0.4233 | Val Loss: 0.4606 | Val ROC AUC: 0.8096 | Val Accuracy: 0.6904 | Val F1 Score: 0.2451
2024-11-29 17:25:35,690 - INFO - ROC AUC did not improve. 1/5 epochs without improvement.
2024-11-29 17:25:35,913 - INFO - Epoch [14/50] | Train Loss: 0.4202 | Val Loss: 0.5020 | Val ROC AUC: 0.8083 | Val Accuracy: 0.6734 | Val F1 Score: 0.2439
2024-11-29 17:25:35,913 - INFO - ROC AUC did not improve. 2/5 epochs without improvement.
2024-11-29 17:25:36,179 - INFO - Epoch [15/50] | Train Loss: 0.4174 | Val Loss: 0.5897 | Val ROC AUC: 0.8097 | Val Accuracy: 0.6361 | Val F1 Score: 0.2377
2024-11-29 17:25:36,179 - INFO - ROC AUC did not improve. 3/5 epochs without improvement.
2024-11-29 17:25:36,419 - INFO - Epoch [16/50] | Train Loss: 0.4144 | Val Loss: 0.4749 | Val ROC AUC: 0.8091 | Val Accuracy: 0.6888 | Val F1 Score: 0.2471
2024-11-29 17:25:36,419 - INFO - ROC AUC did not improve. 4/5 epochs without improvement.
2024-11-29 17:25:36,660 - INFO - Epoch [17/50] | Train Loss: 0.4125 | Val Loss: 0.5015 | Val ROC AUC: 0.8140 | Val Accuracy: 0.6767 | Val F1 Score: 0.2457
2024-11-29 17:25:36,660 - INFO - ROC AUC improved to 0.8140. Saving model.
2024-11-29 17:25:36,893 - INFO - Epoch [18/50] | Train Loss: 0.4079 | Val Loss: 0.5199 | Val ROC AUC: 0.8080 | Val Accuracy: 0.6686 | Val F1 Score: 0.2412
2024-11-29 17:25:36,893 - INFO - ROC AUC did not improve. 1/5 epochs without improvement.
2024-11-29 17:25:37,174 - INFO - Epoch [19/50] | Train Loss: 0.4069 | Val Loss: 0.5389 | Val ROC AUC: 0.8090 | Val Accuracy: 0.6637 | Val F1 Score: 0.2441
2024-11-29 17:25:37,174 - INFO - ROC AUC did not improve. 2/5 epochs without improvement.
2024-11-29 17:25:37,424 - INFO - Epoch [20/50] | Train Loss: 0.4039 | Val Loss: 0.5354 | Val ROC AUC: 0.8062 | Val Accuracy: 0.6621 | Val F1 Score: 0.2432
2024-11-29 17:25:37,424 - INFO - ROC AUC did not improve. 3/5 epochs without improvement.
2024-11-29 17:25:37,644 - INFO - Epoch [21/50] | Train Loss: 0.4027 | Val Loss: 0.4192 | Val ROC AUC: 0.8113 | Val Accuracy: 0.7318 | Val F1 Score: 0.2460
2024-11-29 17:25:37,644 - INFO - ROC AUC did not improve. 4/5 epochs without improvement.
2024-11-29 17:25:37,877 - INFO - Epoch [22/50] | Train Loss: 0.4001 | Val Loss: 0.4940 | Val ROC AUC: 0.8135 | Val Accuracy: 0.6872 | Val F1 Score: 0.2519
2024-11-29 17:25:37,877 - INFO - ROC AUC did not improve. 5/5 epochs without improvement.
2024-11-29 17:25:37,877 - INFO - Early stopping triggered at epoch 22.
2024-11-29 17:25:37,877 - INFO - Best model state loaded based on validation ROC AUC.
2024-11-29 17:25:37,926 - INFO - Test Metrics | Log-loss: 0.4892 | ROC AUC: 0.7885 | Accuracy: 0.6988 | F1 Score: 0.2379
2024-11-29 17:25:37,926 - INFO - Model training and evaluation completed successfully.
2024-11-29 17:25:37,926 - INFO - Metrics for 'local_1_iid' successfully saved to ./local_env/results/iid_res.json
2024-11-29 17:25:37,945 - INFO - Data successfully loaded from ./datas/IID_2.csv
2024-11-29 17:25:37,954 - INFO - Data split into Train (4934) and Val (1234) samples.
2024-11-29 17:25:37,962 - INFO - Features scaled using MinMaxScaler.
2024-11-29 17:25:38,006 - INFO - Polynomial features of degree 2 generated.
2024-11-29 17:25:38,091 - INFO - SMOTE applied. Training sample size increased to 9316.
2024-11-29 17:25:38,105 - INFO - DataLoaders for Train, Val, and Test sets created.
2024-11-29 17:25:38,398 - INFO - Epoch [1/50] | Train Loss: 0.5564 | Val Loss: 0.5232 | Val ROC AUC: 0.7984 | Val Accuracy: 0.6742 | Val F1 Score: 0.2148
2024-11-29 17:25:38,398 - INFO - ROC AUC improved to 0.7984. Saving model.
2024-11-29 17:25:38,637 - INFO - Epoch [2/50] | Train Loss: 0.4968 | Val Loss: 0.4784 | Val ROC AUC: 0.8057 | Val Accuracy: 0.6945 | Val F1 Score: 0.2195
2024-11-29 17:25:38,637 - INFO - ROC AUC improved to 0.8057. Saving model.
2024-11-29 17:25:38,884 - INFO - Epoch [3/50] | Train Loss: 0.4828 | Val Loss: 0.5169 | Val ROC AUC: 0.8057 | Val Accuracy: 0.6710 | Val F1 Score: 0.2132
2024-11-29 17:25:38,884 - INFO - ROC AUC improved to 0.8057. Saving model.
2024-11-29 17:25:39,302 - INFO - Epoch [4/50] | Train Loss: 0.4712 | Val Loss: 0.5333 | Val ROC AUC: 0.8035 | Val Accuracy: 0.6661 | Val F1 Score: 0.2137
2024-11-29 17:25:39,302 - INFO - ROC AUC did not improve. 1/5 epochs without improvement.
2024-11-29 17:25:39,556 - INFO - Epoch [5/50] | Train Loss: 0.4629 | Val Loss: 0.5002 | Val ROC AUC: 0.8056 | Val Accuracy: 0.6791 | Val F1 Score: 0.2205
2024-11-29 17:25:39,556 - INFO - ROC AUC did not improve. 2/5 epochs without improvement.
2024-11-29 17:25:39,795 - INFO - Epoch [6/50] | Train Loss: 0.4541 | Val Loss: 0.5086 | Val ROC AUC: 0.8061 | Val Accuracy: 0.6742 | Val F1 Score: 0.2209
2024-11-29 17:25:39,802 - INFO - ROC AUC improved to 0.8061. Saving model.
2024-11-29 17:25:40,025 - INFO - Epoch [7/50] | Train Loss: 0.4475 | Val Loss: 0.5462 | Val ROC AUC: 0.8097 | Val Accuracy: 0.6596 | Val F1 Score: 0.2164
2024-11-29 17:25:40,025 - INFO - ROC AUC improved to 0.8097. Saving model.
2024-11-29 17:25:40,277 - INFO - Epoch [8/50] | Train Loss: 0.4429 | Val Loss: 0.5162 | Val ROC AUC: 0.8063 | Val Accuracy: 0.6750 | Val F1 Score: 0.2244
2024-11-29 17:25:40,278 - INFO - ROC AUC did not improve. 1/5 epochs without improvement.
2024-11-29 17:25:40,554 - INFO - Epoch [9/50] | Train Loss: 0.4375 | Val Loss: 0.5037 | Val ROC AUC: 0.8079 | Val Accuracy: 0.6742 | Val F1 Score: 0.2209
2024-11-29 17:25:40,555 - INFO - ROC AUC did not improve. 2/5 epochs without improvement.
2024-11-29 17:25:40,793 - INFO - Epoch [10/50] | Train Loss: 0.4315 | Val Loss: 0.5305 | Val ROC AUC: 0.8058 | Val Accuracy: 0.6645 | Val F1 Score: 0.2189
2024-11-29 17:25:40,793 - INFO - ROC AUC did not improve. 3/5 epochs without improvement.
2024-11-29 17:25:41,020 - INFO - Epoch [11/50] | Train Loss: 0.4284 | Val Loss: 0.5075 | Val ROC AUC: 0.8048 | Val Accuracy: 0.6791 | Val F1 Score: 0.2235
2024-11-29 17:25:41,020 - INFO - ROC AUC did not improve. 4/5 epochs without improvement.
2024-11-29 17:25:41,275 - INFO - Epoch [12/50] | Train Loss: 0.4233 | Val Loss: 0.4976 | Val ROC AUC: 0.8013 | Val Accuracy: 0.6823 | Val F1 Score: 0.2191
2024-11-29 17:25:41,275 - INFO - ROC AUC did not improve. 5/5 epochs without improvement.
2024-11-29 17:25:41,275 - INFO - Early stopping triggered at epoch 12.
2024-11-29 17:25:41,275 - INFO - Best model state loaded based on validation ROC AUC.
2024-11-29 17:25:41,340 - INFO - Test Metrics | Log-loss: 0.4950 | ROC AUC: 0.7892 | Accuracy: 0.6868 | F1 Score: 0.2284
2024-11-29 17:25:41,340 - INFO - Model training and evaluation completed successfully.
2024-11-29 17:25:41,341 - INFO - Metrics for 'local_2_iid' successfully saved to ./local_env/results/iid_res.json
2024-11-29 17:25:41,360 - INFO - Data successfully loaded from ./datas/NON_IID_1.csv
2024-11-29 17:25:41,378 - INFO - Gaussian noise added to columns: Index(['Month', 'WeekOfMonth', 'DayOfWeek', 'Make', 'AccidentArea',
       'DayOfWeekClaimed', 'MonthClaimed', 'WeekOfMonthClaimed', 'Sex',
       'MaritalStatus', 'Age', 'Fault', 'PolicyType', 'VehicleCategory',
       'VehiclePrice', 'PolicyNumber', 'RepNumber', 'Deductible',
       'DriverRating', 'Days_Policy_Accident', 'Days_Policy_Claim',
       'PastNumberOfClaims', 'AgeOfVehicle', 'PoliceReportFiled',
       'WitnessPresent', 'AgentType', 'NumberOfSuppliments',
       'AddressChange_Claim', 'NumberOfCars', 'Year', 'BasePolicy', 'AgeGroup',
       'VehiclePrice_Cat'],
      dtype='object') with noise level: 1.5
2024-11-29 17:25:41,385 - INFO - Data split into Train (4064) and Val (1016) samples.
2024-11-29 17:25:41,408 - INFO - Features scaled using MinMaxScaler.
2024-11-29 17:25:41,459 - INFO - Polynomial features of degree 2 generated.
2024-11-29 17:25:41,527 - INFO - SMOTE applied. Training sample size increased to 7426.
2024-11-29 17:25:41,538 - INFO - DataLoaders for Train, Val, and Test sets created.
2024-11-29 17:25:41,754 - INFO - Epoch [1/50] | Train Loss: 0.6815 | Val Loss: 0.7190 | Val ROC AUC: 0.6149 | Val Accuracy: 0.4528 | Val F1 Score: 0.1942
2024-11-29 17:25:41,754 - INFO - ROC AUC improved to 0.6149. Saving model.
2024-11-29 17:25:41,944 - INFO - Epoch [2/50] | Train Loss: 0.6668 | Val Loss: 0.8585 | Val ROC AUC: 0.6081 | Val Accuracy: 0.2579 | Val F1 Score: 0.1751
2024-11-29 17:25:41,944 - INFO - ROC AUC did not improve. 1/5 epochs without improvement.
2024-11-29 17:25:42,127 - INFO - Epoch [3/50] | Train Loss: 0.6580 | Val Loss: 0.5712 | Val ROC AUC: 0.6213 | Val Accuracy: 0.7392 | Val F1 Score: 0.1745
2024-11-29 17:25:42,127 - INFO - ROC AUC improved to 0.6213. Saving model.
2024-11-29 17:25:42,310 - INFO - Epoch [4/50] | Train Loss: 0.6545 | Val Loss: 0.5914 | Val ROC AUC: 0.6201 | Val Accuracy: 0.7008 | Val F1 Score: 0.1958
2024-11-29 17:25:42,310 - INFO - ROC AUC did not improve. 1/5 epochs without improvement.
2024-11-29 17:25:42,504 - INFO - Epoch [5/50] | Train Loss: 0.6489 | Val Loss: 0.6683 | Val ROC AUC: 0.6163 | Val Accuracy: 0.5974 | Val F1 Score: 0.2027
2024-11-29 17:25:42,504 - INFO - ROC AUC did not improve. 2/5 epochs without improvement.
2024-11-29 17:25:42,734 - INFO - Epoch [6/50] | Train Loss: 0.6473 | Val Loss: 0.7552 | Val ROC AUC: 0.6121 | Val Accuracy: 0.4882 | Val F1 Score: 0.1925
2024-11-29 17:25:42,734 - INFO - ROC AUC did not improve. 3/5 epochs without improvement.
2024-11-29 17:25:42,929 - INFO - Epoch [7/50] | Train Loss: 0.6448 | Val Loss: 0.5364 | Val ROC AUC: 0.6181 | Val Accuracy: 0.7657 | Val F1 Score: 0.2067
2024-11-29 17:25:42,929 - INFO - ROC AUC did not improve. 4/5 epochs without improvement.
2024-11-29 17:25:43,128 - INFO - Epoch [8/50] | Train Loss: 0.6416 | Val Loss: 0.7104 | Val ROC AUC: 0.6131 | Val Accuracy: 0.5591 | Val F1 Score: 0.2085
2024-11-29 17:25:43,128 - INFO - ROC AUC did not improve. 5/5 epochs without improvement.
2024-11-29 17:25:43,128 - INFO - Early stopping triggered at epoch 8.
2024-11-29 17:25:43,128 - INFO - Best model state loaded based on validation ROC AUC.
2024-11-29 17:25:43,174 - INFO - Test Metrics | Log-loss: 0.6936 | ROC AUC: 0.6373 | Accuracy: 0.5363 | F1 Score: 0.1508
2024-11-29 17:25:43,174 - INFO - Model training and evaluation completed successfully.
2024-11-29 17:25:43,184 - INFO - Metrics for 'local_1_noniid' successfully saved to ./local_env/results/non_iid_res.json
2024-11-29 17:25:43,196 - INFO - Data successfully loaded from ./datas/NON_IID_2.csv
2024-11-29 17:25:43,222 - INFO - Gaussian noise added to columns: Index(['Month', 'WeekOfMonth', 'DayOfWeek', 'Make', 'AccidentArea',
       'DayOfWeekClaimed', 'MonthClaimed', 'WeekOfMonthClaimed', 'Sex',
       'MaritalStatus', 'Age', 'Fault', 'PolicyType', 'VehicleCategory',
       'VehiclePrice', 'PolicyNumber', 'RepNumber', 'Deductible',
       'DriverRating', 'Days_Policy_Accident', 'Days_Policy_Claim',
       'PastNumberOfClaims', 'AgeOfVehicle', 'PoliceReportFiled',
       'WitnessPresent', 'AgentType', 'NumberOfSuppliments',
       'AddressChange_Claim', 'NumberOfCars', 'Year', 'BasePolicy', 'AgeGroup',
       'VehiclePrice_Cat'],
      dtype='object') with noise level: 1.5
2024-11-29 17:25:43,229 - INFO - Data split into Train (5804) and Val (1452) samples.
2024-11-29 17:25:43,245 - INFO - Features scaled using MinMaxScaler.
2024-11-29 17:25:43,326 - INFO - Polynomial features of degree 2 generated.
2024-11-29 17:25:43,444 - INFO - SMOTE applied. Training sample size increased to 11140.
2024-11-29 17:25:43,462 - INFO - DataLoaders for Train, Val, and Test sets created.
2024-11-29 17:25:43,850 - INFO - Epoch [1/50] | Train Loss: 0.6729 | Val Loss: 0.6153 | Val ROC AUC: 0.5655 | Val Accuracy: 0.6935 | Val F1 Score: 0.1010
2024-11-29 17:25:43,850 - INFO - ROC AUC improved to 0.5655. Saving model.
2024-11-29 17:25:44,145 - INFO - Epoch [2/50] | Train Loss: 0.6511 | Val Loss: 0.6334 | Val ROC AUC: 0.5700 | Val Accuracy: 0.6336 | Val F1 Score: 0.0983
2024-11-29 17:25:44,145 - INFO - ROC AUC improved to 0.5700. Saving model.
2024-11-29 17:25:44,530 - INFO - Epoch [3/50] | Train Loss: 0.6408 | Val Loss: 0.6701 | Val ROC AUC: 0.5754 | Val Accuracy: 0.5785 | Val F1 Score: 0.0920
2024-11-29 17:25:44,530 - INFO - ROC AUC improved to 0.5754. Saving model.
2024-11-29 17:25:44,844 - INFO - Epoch [4/50] | Train Loss: 0.6397 | Val Loss: 0.4990 | Val ROC AUC: 0.5777 | Val Accuracy: 0.8127 | Val F1 Score: 0.1338
2024-11-29 17:25:44,844 - INFO - ROC AUC improved to 0.5777. Saving model.
2024-11-29 17:25:45,105 - INFO - Epoch [5/50] | Train Loss: 0.6376 | Val Loss: 0.5616 | Val ROC AUC: 0.5795 | Val Accuracy: 0.7252 | Val F1 Score: 0.1074
2024-11-29 17:25:45,105 - INFO - ROC AUC improved to 0.5795. Saving model.
2024-11-29 17:25:45,376 - INFO - Epoch [6/50] | Train Loss: 0.6329 | Val Loss: 0.6045 | Val ROC AUC: 0.5812 | Val Accuracy: 0.6674 | Val F1 Score: 0.0972
2024-11-29 17:25:45,376 - INFO - ROC AUC improved to 0.5812. Saving model.
2024-11-29 17:25:45,662 - INFO - Epoch [7/50] | Train Loss: 0.6280 | Val Loss: 0.5454 | Val ROC AUC: 0.5830 | Val Accuracy: 0.7466 | Val F1 Score: 0.1196
2024-11-29 17:25:45,662 - INFO - ROC AUC improved to 0.5830. Saving model.
2024-11-29 17:25:45,985 - INFO - Epoch [8/50] | Train Loss: 0.6254 | Val Loss: 0.5663 | Val ROC AUC: 0.5855 | Val Accuracy: 0.7156 | Val F1 Score: 0.1041
2024-11-29 17:25:45,985 - INFO - ROC AUC improved to 0.5855. Saving model.
2024-11-29 17:25:46,294 - INFO - Epoch [9/50] | Train Loss: 0.6259 | Val Loss: 0.6208 | Val ROC AUC: 0.5861 | Val Accuracy: 0.6453 | Val F1 Score: 0.1012
2024-11-29 17:25:46,294 - INFO - ROC AUC improved to 0.5861. Saving model.
2024-11-29 17:25:46,615 - INFO - Epoch [10/50] | Train Loss: 0.6223 | Val Loss: 0.5986 | Val ROC AUC: 0.5846 | Val Accuracy: 0.6694 | Val F1 Score: 0.1011
2024-11-29 17:25:46,615 - INFO - ROC AUC did not improve. 1/5 epochs without improvement.
2024-11-29 17:25:46,916 - INFO - Epoch [11/50] | Train Loss: 0.6225 | Val Loss: 0.5517 | Val ROC AUC: 0.5856 | Val Accuracy: 0.7287 | Val F1 Score: 0.1045
2024-11-29 17:25:46,916 - INFO - ROC AUC did not improve. 2/5 epochs without improvement.
2024-11-29 17:25:47,257 - INFO - Epoch [12/50] | Train Loss: 0.6230 | Val Loss: 0.6599 | Val ROC AUC: 0.5863 | Val Accuracy: 0.5992 | Val F1 Score: 0.0991
2024-11-29 17:25:47,257 - INFO - ROC AUC improved to 0.5863. Saving model.
2024-11-29 17:25:47,571 - INFO - Epoch [13/50] | Train Loss: 0.6171 | Val Loss: 0.6530 | Val ROC AUC: 0.5846 | Val Accuracy: 0.6109 | Val F1 Score: 0.1017
2024-11-29 17:25:47,571 - INFO - ROC AUC did not improve. 1/5 epochs without improvement.
2024-11-29 17:25:47,836 - INFO - Epoch [14/50] | Train Loss: 0.6156 | Val Loss: 0.7032 | Val ROC AUC: 0.5860 | Val Accuracy: 0.5455 | Val F1 Score: 0.0934
2024-11-29 17:25:47,836 - INFO - ROC AUC did not improve. 2/5 epochs without improvement.
2024-11-29 17:25:48,133 - INFO - Epoch [15/50] | Train Loss: 0.6123 | Val Loss: 0.7432 | Val ROC AUC: 0.5881 | Val Accuracy: 0.4945 | Val F1 Score: 0.0871
2024-11-29 17:25:48,133 - INFO - ROC AUC improved to 0.5881. Saving model.
2024-11-29 17:25:48,400 - INFO - Epoch [16/50] | Train Loss: 0.6114 | Val Loss: 0.5497 | Val ROC AUC: 0.5873 | Val Accuracy: 0.7335 | Val F1 Score: 0.1103
2024-11-29 17:25:48,400 - INFO - ROC AUC did not improve. 1/5 epochs without improvement.
2024-11-29 17:25:48,697 - INFO - Epoch [17/50] | Train Loss: 0.6098 | Val Loss: 0.6944 | Val ROC AUC: 0.5884 | Val Accuracy: 0.5482 | Val F1 Score: 0.0939
2024-11-29 17:25:48,697 - INFO - ROC AUC improved to 0.5884. Saving model.
2024-11-29 17:25:48,991 - INFO - Epoch [18/50] | Train Loss: 0.6094 | Val Loss: 0.5284 | Val ROC AUC: 0.5890 | Val Accuracy: 0.7562 | Val F1 Score: 0.1150
2024-11-29 17:25:48,991 - INFO - ROC AUC improved to 0.5890. Saving model.
2024-11-29 17:25:49,296 - INFO - Epoch [19/50] | Train Loss: 0.6113 | Val Loss: 0.5078 | Val ROC AUC: 0.5871 | Val Accuracy: 0.7727 | Val F1 Score: 0.1176
2024-11-29 17:25:49,296 - INFO - ROC AUC did not improve. 1/5 epochs without improvement.
2024-11-29 17:25:49,556 - INFO - Epoch [20/50] | Train Loss: 0.6084 | Val Loss: 0.5997 | Val ROC AUC: 0.5879 | Val Accuracy: 0.6736 | Val F1 Score: 0.1090
2024-11-29 17:25:49,556 - INFO - ROC AUC did not improve. 2/5 epochs without improvement.
2024-11-29 17:25:49,874 - INFO - Epoch [21/50] | Train Loss: 0.6029 | Val Loss: 0.6300 | Val ROC AUC: 0.5888 | Val Accuracy: 0.6260 | Val F1 Score: 0.0995
2024-11-29 17:25:49,874 - INFO - ROC AUC did not improve. 3/5 epochs without improvement.
2024-11-29 17:25:50,206 - INFO - Epoch [22/50] | Train Loss: 0.6042 | Val Loss: 0.5694 | Val ROC AUC: 0.5900 | Val Accuracy: 0.7073 | Val F1 Score: 0.1127
2024-11-29 17:25:50,206 - INFO - ROC AUC improved to 0.5900. Saving model.
2024-11-29 17:25:50,504 - INFO - Epoch [23/50] | Train Loss: 0.6006 | Val Loss: 0.5504 | Val ROC AUC: 0.5889 | Val Accuracy: 0.7287 | Val F1 Score: 0.1166
2024-11-29 17:25:50,504 - INFO - ROC AUC did not improve. 1/5 epochs without improvement.
2024-11-29 17:25:50,795 - INFO - Epoch [24/50] | Train Loss: 0.6013 | Val Loss: 0.5436 | Val ROC AUC: 0.5877 | Val Accuracy: 0.7390 | Val F1 Score: 0.1247
2024-11-29 17:25:50,795 - INFO - ROC AUC did not improve. 2/5 epochs without improvement.
2024-11-29 17:25:51,055 - INFO - Epoch [25/50] | Train Loss: 0.6002 | Val Loss: 0.6198 | Val ROC AUC: 0.5881 | Val Accuracy: 0.6453 | Val F1 Score: 0.1043
2024-11-29 17:25:51,055 - INFO - ROC AUC did not improve. 3/5 epochs without improvement.
2024-11-29 17:25:51,338 - INFO - Epoch [26/50] | Train Loss: 0.5975 | Val Loss: 0.5598 | Val ROC AUC: 0.5879 | Val Accuracy: 0.7169 | Val F1 Score: 0.1161
2024-11-29 17:25:51,338 - INFO - ROC AUC did not improve. 4/5 epochs without improvement.
2024-11-29 17:25:51,615 - INFO - Epoch [27/50] | Train Loss: 0.5950 | Val Loss: 0.6034 | Val ROC AUC: 0.5867 | Val Accuracy: 0.6646 | Val F1 Score: 0.1031
2024-11-29 17:25:51,615 - INFO - ROC AUC did not improve. 5/5 epochs without improvement.
2024-11-29 17:25:51,615 - INFO - Early stopping triggered at epoch 27.
2024-11-29 17:25:51,615 - INFO - Best model state loaded based on validation ROC AUC.
2024-11-29 17:25:51,664 - INFO - Test Metrics | Log-loss: 0.5885 | ROC AUC: 0.6702 | Accuracy: 0.7104 | F1 Score: 0.1770
2024-11-29 17:25:51,664 - INFO - Model training and evaluation completed successfully.
2024-11-29 17:25:51,664 - INFO - Metrics for 'local_2_noniid' successfully saved to ./local_env/results/non_iid_res.json
