2024-11-22 11:06:08,884 - INFO - Data successfully loaded from ./datas/TEST_SAMPLE.csv
2024-11-22 11:06:08,906 - INFO - Data successfully loaded from ./datas/IID.csv
2024-11-22 11:06:09,233 - INFO - Data successfully prepared (scaling, SMOTE, polynomial features).
2024-11-22 11:06:24,146 - INFO - Model successfully trained and predictions made.
2024-11-22 11:06:24,146 - INFO - Metrics for 'global_iid' successfully saved to ./local_env/results/iid_res.json
2024-11-22 11:06:24,163 - INFO - Data successfully loaded from ./datas/NON_IID.csv
2024-11-22 11:06:24,203 - INFO - Gaussian noise added to columns: Index(['Unnamed: 0', 'Month', 'WeekOfMonth', 'DayOfWeek', 'Make',
       'AccidentArea', 'DayOfWeekClaimed', 'MonthClaimed',
       'WeekOfMonthClaimed', 'Sex', 'MaritalStatus', 'Age', 'Fault',
       'PolicyType', 'VehicleCategory', 'VehiclePrice', 'PolicyNumber',
       'RepNumber', 'Deductible', 'DriverRating', 'Days_Policy_Accident',
       'Days_Policy_Claim', 'PastNumberOfClaims', 'AgeOfVehicle',
       'PoliceReportFiled', 'WitnessPresent', 'AgentType',
       'NumberOfSuppliments', 'AddressChange_Claim', 'NumberOfCars', 'Year',
       'BasePolicy', 'AgeGroup', 'VehiclePrice_Cat'],
      dtype='object') with noise level: 1.5
2024-11-22 11:06:24,424 - INFO - Data successfully prepared (scaling, SMOTE, polynomial features).
2024-11-22 11:06:38,549 - INFO - Model successfully trained and predictions made.
2024-11-22 11:06:38,549 - INFO - Metrics for 'global_noniid' successfully saved to ./local_env/results/non_iid_res.json
2024-11-22 11:06:38,564 - INFO - Data successfully loaded from ./datas/IID_1.csv
2024-11-22 11:06:38,689 - INFO - Data successfully prepared (scaling, SMOTE, polynomial features).
2024-11-22 11:06:44,897 - INFO - Model successfully trained and predictions made.
2024-11-22 11:06:44,897 - INFO - Metrics for 'local_1_iid' successfully saved to ./local_env/results/iid_res.json
2024-11-22 11:06:44,912 - INFO - Data successfully loaded from ./datas/IID_2.csv
2024-11-22 11:06:45,037 - INFO - Data successfully prepared (scaling, SMOTE, polynomial features).
2024-11-22 11:06:51,018 - INFO - Model successfully trained and predictions made.
2024-11-22 11:06:51,018 - INFO - Metrics for 'local_2_iid' successfully saved to ./local_env/results/iid_res.json
2024-11-22 11:06:51,026 - INFO - Data successfully loaded from ./datas/NON_IID_1.csv
2024-11-22 11:06:51,042 - INFO - Gaussian noise added to columns: Index(['Month', 'WeekOfMonth', 'DayOfWeek', 'Make', 'AccidentArea',
       'DayOfWeekClaimed', 'MonthClaimed', 'WeekOfMonthClaimed', 'Sex',
       'MaritalStatus', 'Age', 'Fault', 'PolicyType', 'VehicleCategory',
       'VehiclePrice', 'PolicyNumber', 'RepNumber', 'Deductible',
       'DriverRating', 'Days_Policy_Accident', 'Days_Policy_Claim',
       'PastNumberOfClaims', 'AgeOfVehicle', 'PoliceReportFiled',
       'WitnessPresent', 'AgentType', 'NumberOfSuppliments',
       'AddressChange_Claim', 'NumberOfCars', 'Year', 'BasePolicy', 'AgeGroup',
       'VehiclePrice_Cat'],
      dtype='object') with noise level: 1.5
2024-11-22 11:06:51,203 - INFO - Data successfully prepared (scaling, SMOTE, polynomial features).
2024-11-22 11:06:56,741 - INFO - Model successfully trained and predictions made.
2024-11-22 11:06:56,741 - INFO - Metrics for 'local_1_noniid' successfully saved to ./local_env/results/non_iid_res.json
2024-11-22 11:06:56,757 - INFO - Data successfully loaded from ./datas/NON_IID_2.csv
2024-11-22 11:06:56,774 - INFO - Gaussian noise added to columns: Index(['Month', 'WeekOfMonth', 'DayOfWeek', 'Make', 'AccidentArea',
       'DayOfWeekClaimed', 'MonthClaimed', 'WeekOfMonthClaimed', 'Sex',
       'MaritalStatus', 'Age', 'Fault', 'PolicyType', 'VehicleCategory',
       'VehiclePrice', 'PolicyNumber', 'RepNumber', 'Deductible',
       'DriverRating', 'Days_Policy_Accident', 'Days_Policy_Claim',
       'PastNumberOfClaims', 'AgeOfVehicle', 'PoliceReportFiled',
       'WitnessPresent', 'AgentType', 'NumberOfSuppliments',
       'AddressChange_Claim', 'NumberOfCars', 'Year', 'BasePolicy', 'AgeGroup',
       'VehiclePrice_Cat'],
      dtype='object') with noise level: 1.5
2024-11-22 11:06:56,926 - INFO - Data successfully prepared (scaling, SMOTE, polynomial features).
2024-11-22 11:07:02,889 - INFO - Model successfully trained and predictions made.
2024-11-22 11:07:02,889 - INFO - Metrics for 'local_2_noniid' successfully saved to ./local_env/results/non_iid_res.json
