2024-11-26 23:18:12,453 - INFO - Data successfully loaded from ./datas/TEST_SAMPLE.csv
2024-11-26 23:18:12,482 - INFO - Data successfully loaded from ./datas/IID.csv
2024-11-26 23:18:12,488 - INFO - Data split into Train (9868) and Val (2468) samples.
2024-11-26 23:18:12,500 - INFO - Features scaled using MinMaxScaler.
2024-11-26 23:18:12,568 - INFO - Polynomial features of degree 2 generated.
2024-11-26 23:18:12,827 - INFO - SMOTE applied. Training sample size increased to 18564.
2024-11-26 23:18:12,847 - INFO - DataLoaders for Train, Val, and Test sets created.
2024-11-26 23:18:14,235 - INFO - Epoch [1/50] | Train Loss: 0.5314 | Val Loss: 0.5739 | Val ROC AUC: 0.7849 | Val Accuracy: 0.6361 | Val F1 Score: 0.2191
2024-11-26 23:18:14,235 - INFO - ROC AUC improved to 0.7849. Saving model.
2024-11-26 23:18:14,722 - INFO - Epoch [2/50] | Train Loss: 0.4897 | Val Loss: 0.5619 | Val ROC AUC: 0.7867 | Val Accuracy: 0.6353 | Val F1 Score: 0.2201
2024-11-26 23:18:14,722 - INFO - ROC AUC improved to 0.7867. Saving model.
2024-11-26 23:18:15,135 - INFO - Epoch [3/50] | Train Loss: 0.4759 | Val Loss: 0.5027 | Val ROC AUC: 0.7873 | Val Accuracy: 0.6580 | Val F1 Score: 0.2271
2024-11-26 23:18:15,135 - INFO - ROC AUC improved to 0.7873. Saving model.
2024-11-26 23:18:15,535 - INFO - Epoch [4/50] | Train Loss: 0.4657 | Val Loss: 0.4747 | Val ROC AUC: 0.7886 | Val Accuracy: 0.6779 | Val F1 Score: 0.2214
2024-11-26 23:18:15,535 - INFO - ROC AUC improved to 0.7886. Saving model.
2024-11-26 23:18:15,933 - INFO - Epoch [5/50] | Train Loss: 0.4566 | Val Loss: 0.5139 | Val ROC AUC: 0.7868 | Val Accuracy: 0.6536 | Val F1 Score: 0.2134
2024-11-26 23:18:15,933 - INFO - ROC AUC did not improve. 1/5 epochs without improvement.
2024-11-26 23:18:16,337 - INFO - Epoch [6/50] | Train Loss: 0.4503 | Val Loss: 0.5159 | Val ROC AUC: 0.7912 | Val Accuracy: 0.6580 | Val F1 Score: 0.2285
2024-11-26 23:18:16,337 - INFO - ROC AUC improved to 0.7912. Saving model.
2024-11-26 23:18:16,751 - INFO - Epoch [7/50] | Train Loss: 0.4436 | Val Loss: 0.5100 | Val ROC AUC: 0.7906 | Val Accuracy: 0.6629 | Val F1 Score: 0.2253
2024-11-26 23:18:16,751 - INFO - ROC AUC did not improve. 1/5 epochs without improvement.
2024-11-26 23:18:17,136 - INFO - Epoch [8/50] | Train Loss: 0.4392 | Val Loss: 0.5290 | Val ROC AUC: 0.7898 | Val Accuracy: 0.6540 | Val F1 Score: 0.2236
2024-11-26 23:18:17,136 - INFO - ROC AUC did not improve. 2/5 epochs without improvement.
2024-11-26 23:18:17,528 - INFO - Epoch [9/50] | Train Loss: 0.4350 | Val Loss: 0.5320 | Val ROC AUC: 0.7927 | Val Accuracy: 0.6580 | Val F1 Score: 0.2257
2024-11-26 23:18:17,528 - INFO - ROC AUC improved to 0.7927. Saving model.
2024-11-26 23:18:17,946 - INFO - Epoch [10/50] | Train Loss: 0.4301 | Val Loss: 0.4895 | Val ROC AUC: 0.7967 | Val Accuracy: 0.6904 | Val F1 Score: 0.2314
2024-11-26 23:18:17,946 - INFO - ROC AUC improved to 0.7967. Saving model.
2024-11-26 23:18:18,342 - INFO - Epoch [11/50] | Train Loss: 0.4275 | Val Loss: 0.4419 | Val ROC AUC: 0.7920 | Val Accuracy: 0.7107 | Val F1 Score: 0.2256
2024-11-26 23:18:18,342 - INFO - ROC AUC did not improve. 1/5 epochs without improvement.
2024-11-26 23:18:18,740 - INFO - Epoch [12/50] | Train Loss: 0.4232 | Val Loss: 0.4768 | Val ROC AUC: 0.7964 | Val Accuracy: 0.6969 | Val F1 Score: 0.2336
2024-11-26 23:18:18,740 - INFO - ROC AUC did not improve. 2/5 epochs without improvement.
2024-11-26 23:18:19,118 - INFO - Epoch [13/50] | Train Loss: 0.4214 | Val Loss: 0.5283 | Val ROC AUC: 0.7925 | Val Accuracy: 0.6677 | Val F1 Score: 0.2220
2024-11-26 23:18:19,118 - INFO - ROC AUC did not improve. 3/5 epochs without improvement.
2024-11-26 23:18:19,502 - INFO - Epoch [14/50] | Train Loss: 0.4201 | Val Loss: 0.4843 | Val ROC AUC: 0.7966 | Val Accuracy: 0.6989 | Val F1 Score: 0.2332
2024-11-26 23:18:19,502 - INFO - ROC AUC did not improve. 4/5 epochs without improvement.
2024-11-26 23:18:19,889 - INFO - Epoch [15/50] | Train Loss: 0.4176 | Val Loss: 0.5172 | Val ROC AUC: 0.7954 | Val Accuracy: 0.6775 | Val F1 Score: 0.2242
2024-11-26 23:18:19,889 - INFO - ROC AUC did not improve. 5/5 epochs without improvement.
2024-11-26 23:18:19,889 - INFO - Early stopping triggered at epoch 15.
2024-11-26 23:18:19,890 - INFO - Best model state loaded based on validation ROC AUC.
2024-11-26 23:18:19,930 - INFO - Test Metrics | Log-loss: 0.5055 | ROC AUC: 0.8005 | Accuracy: 0.6903 | F1 Score: 0.2342
2024-11-26 23:18:19,930 - INFO - Model training and evaluation completed successfully.
2024-11-26 23:18:19,930 - INFO - Metrics for 'global_iid' successfully saved to ./local_env/results/iid_res.json
2024-11-26 23:18:19,960 - INFO - Data successfully loaded from ./datas/NON_IID.csv
2024-11-26 23:18:19,981 - INFO - Gaussian noise added to columns: Index(['Unnamed: 0', 'Month', 'WeekOfMonth', 'DayOfWeek', 'Make',
       'AccidentArea', 'DayOfWeekClaimed', 'MonthClaimed',
       'WeekOfMonthClaimed', 'Sex', 'MaritalStatus', 'Age', 'Fault',
       'PolicyType', 'VehicleCategory', 'VehiclePrice', 'PolicyNumber',
       'RepNumber', 'Deductible', 'DriverRating', 'Days_Policy_Accident',
       'Days_Policy_Claim', 'PastNumberOfClaims', 'AgeOfVehicle',
       'PoliceReportFiled', 'WitnessPresent', 'AgentType',
       'NumberOfSuppliments', 'AddressChange_Claim', 'NumberOfCars', 'Year',
       'BasePolicy', 'AgeGroup', 'VehiclePrice_Cat'],
      dtype='object') with noise level: 1.5
2024-11-26 23:18:20,000 - INFO - Data split into Train (9868) and Val (2468) samples.
2024-11-26 23:18:20,002 - INFO - Features scaled using MinMaxScaler.
2024-11-26 23:18:20,083 - INFO - Polynomial features of degree 2 generated.
2024-11-26 23:18:20,236 - INFO - SMOTE applied. Training sample size increased to 18564.
2024-11-26 23:18:20,246 - INFO - DataLoaders for Train, Val, and Test sets created.
2024-11-26 23:18:20,696 - INFO - Epoch [1/50] | Train Loss: 0.6777 | Val Loss: 0.5991 | Val ROC AUC: 0.5799 | Val Accuracy: 0.7273 | Val F1 Score: 0.1294
2024-11-26 23:18:20,696 - INFO - ROC AUC improved to 0.5799. Saving model.
2024-11-26 23:18:21,100 - INFO - Epoch [2/50] | Train Loss: 0.6584 | Val Loss: 0.5994 | Val ROC AUC: 0.5808 | Val Accuracy: 0.6908 | Val F1 Score: 0.1240
2024-11-26 23:18:21,100 - INFO - ROC AUC improved to 0.5808. Saving model.
2024-11-26 23:18:21,476 - INFO - Epoch [3/50] | Train Loss: 0.6558 | Val Loss: 0.6144 | Val ROC AUC: 0.5811 | Val Accuracy: 0.6596 | Val F1 Score: 0.1250
2024-11-26 23:18:21,476 - INFO - ROC AUC improved to 0.5811. Saving model.
2024-11-26 23:18:21,854 - INFO - Epoch [4/50] | Train Loss: 0.6523 | Val Loss: 0.5312 | Val ROC AUC: 0.5840 | Val Accuracy: 0.7735 | Val F1 Score: 0.1333
2024-11-26 23:18:21,854 - INFO - ROC AUC improved to 0.5840. Saving model.
2024-11-26 23:18:22,249 - INFO - Epoch [5/50] | Train Loss: 0.6486 | Val Loss: 0.6196 | Val ROC AUC: 0.5832 | Val Accuracy: 0.6499 | Val F1 Score: 0.1290
2024-11-26 23:18:22,249 - INFO - ROC AUC did not improve. 1/5 epochs without improvement.
2024-11-26 23:18:22,620 - INFO - Epoch [6/50] | Train Loss: 0.6448 | Val Loss: 0.6626 | Val ROC AUC: 0.5837 | Val Accuracy: 0.5871 | Val F1 Score: 0.1193
2024-11-26 23:18:22,620 - INFO - ROC AUC did not improve. 2/5 epochs without improvement.
2024-11-26 23:18:23,030 - INFO - Epoch [7/50] | Train Loss: 0.6434 | Val Loss: 0.7294 | Val ROC AUC: 0.5831 | Val Accuracy: 0.4959 | Val F1 Score: 0.1215
2024-11-26 23:18:23,030 - INFO - ROC AUC did not improve. 3/5 epochs without improvement.
2024-11-26 23:18:23,407 - INFO - Epoch [8/50] | Train Loss: 0.6409 | Val Loss: 0.6792 | Val ROC AUC: 0.5837 | Val Accuracy: 0.5681 | Val F1 Score: 0.1248
2024-11-26 23:18:23,407 - INFO - ROC AUC did not improve. 4/5 epochs without improvement.
2024-11-26 23:18:23,770 - INFO - Epoch [9/50] | Train Loss: 0.6398 | Val Loss: 0.5875 | Val ROC AUC: 0.5826 | Val Accuracy: 0.6888 | Val F1 Score: 0.1273
2024-11-26 23:18:23,770 - INFO - ROC AUC did not improve. 5/5 epochs without improvement.
2024-11-26 23:18:23,770 - INFO - Early stopping triggered at epoch 9.
2024-11-26 23:18:23,770 - INFO - Best model state loaded based on validation ROC AUC.
2024-11-26 23:18:23,813 - INFO - Test Metrics | Log-loss: 0.5637 | ROC AUC: 0.6782 | Accuracy: 0.7617 | F1 Score: 0.1788
2024-11-26 23:18:23,813 - INFO - Model training and evaluation completed successfully.
2024-11-26 23:18:23,813 - INFO - Metrics for 'global_noniid' successfully saved to ./local_env/results/non_iid_res.json
2024-11-26 23:18:23,831 - INFO - Data successfully loaded from ./datas/IID_1.csv
2024-11-26 23:18:23,838 - INFO - Data split into Train (4934) and Val (1234) samples.
2024-11-26 23:18:23,843 - INFO - Features scaled using MinMaxScaler.
2024-11-26 23:18:23,914 - INFO - Polynomial features of degree 2 generated.
2024-11-26 23:18:23,987 - INFO - SMOTE applied. Training sample size increased to 9248.
2024-11-26 23:18:23,995 - INFO - DataLoaders for Train, Val, and Test sets created.
2024-11-26 23:18:24,191 - INFO - Epoch [1/50] | Train Loss: 0.5579 | Val Loss: 0.5479 | Val ROC AUC: 0.7816 | Val Accuracy: 0.6402 | Val F1 Score: 0.2238
2024-11-26 23:18:24,191 - INFO - ROC AUC improved to 0.7816. Saving model.
2024-11-26 23:18:24,377 - INFO - Epoch [2/50] | Train Loss: 0.5014 | Val Loss: 0.5278 | Val ROC AUC: 0.7903 | Val Accuracy: 0.6475 | Val F1 Score: 0.2328
2024-11-26 23:18:24,377 - INFO - ROC AUC improved to 0.7903. Saving model.
2024-11-26 23:18:24,563 - INFO - Epoch [3/50] | Train Loss: 0.4861 | Val Loss: 0.6186 | Val ROC AUC: 0.8011 | Val Accuracy: 0.6191 | Val F1 Score: 0.2295
2024-11-26 23:18:24,563 - INFO - ROC AUC improved to 0.8011. Saving model.
2024-11-26 23:18:24,795 - INFO - Epoch [4/50] | Train Loss: 0.4732 | Val Loss: 0.5004 | Val ROC AUC: 0.7977 | Val Accuracy: 0.6605 | Val F1 Score: 0.2312
2024-11-26 23:18:24,795 - INFO - ROC AUC did not improve. 1/5 epochs without improvement.
2024-11-26 23:18:24,987 - INFO - Epoch [5/50] | Train Loss: 0.4653 | Val Loss: 0.5233 | Val ROC AUC: 0.8034 | Val Accuracy: 0.6467 | Val F1 Score: 0.2297
2024-11-26 23:18:24,987 - INFO - ROC AUC improved to 0.8034. Saving model.
2024-11-26 23:18:25,183 - INFO - Epoch [6/50] | Train Loss: 0.4561 | Val Loss: 0.5142 | Val ROC AUC: 0.8067 | Val Accuracy: 0.6572 | Val F1 Score: 0.2351
2024-11-26 23:18:25,184 - INFO - ROC AUC improved to 0.8067. Saving model.
2024-11-26 23:18:25,377 - INFO - Epoch [7/50] | Train Loss: 0.4510 | Val Loss: 0.4908 | Val ROC AUC: 0.8053 | Val Accuracy: 0.6669 | Val F1 Score: 0.2375
2024-11-26 23:18:25,377 - INFO - ROC AUC did not improve. 1/5 epochs without improvement.
2024-11-26 23:18:25,565 - INFO - Epoch [8/50] | Train Loss: 0.4435 | Val Loss: 0.5069 | Val ROC AUC: 0.8137 | Val Accuracy: 0.6588 | Val F1 Score: 0.2469
2024-11-26 23:18:25,566 - INFO - ROC AUC improved to 0.8137. Saving model.
2024-11-26 23:18:25,764 - INFO - Epoch [9/50] | Train Loss: 0.4403 | Val Loss: 0.4996 | Val ROC AUC: 0.8073 | Val Accuracy: 0.6629 | Val F1 Score: 0.2409
2024-11-26 23:18:25,764 - INFO - ROC AUC did not improve. 1/5 epochs without improvement.
2024-11-26 23:18:25,971 - INFO - Epoch [10/50] | Train Loss: 0.4349 | Val Loss: 0.5119 | Val ROC AUC: 0.8075 | Val Accuracy: 0.6605 | Val F1 Score: 0.2450
2024-11-26 23:18:25,971 - INFO - ROC AUC did not improve. 2/5 epochs without improvement.
2024-11-26 23:18:26,166 - INFO - Epoch [11/50] | Train Loss: 0.4309 | Val Loss: 0.5308 | Val ROC AUC: 0.8071 | Val Accuracy: 0.6564 | Val F1 Score: 0.2429
2024-11-26 23:18:26,166 - INFO - ROC AUC did not improve. 3/5 epochs without improvement.
2024-11-26 23:18:26,367 - INFO - Epoch [12/50] | Train Loss: 0.4266 | Val Loss: 0.4490 | Val ROC AUC: 0.8101 | Val Accuracy: 0.6945 | Val F1 Score: 0.2384
2024-11-26 23:18:26,367 - INFO - ROC AUC did not improve. 4/5 epochs without improvement.
2024-11-26 23:18:26,559 - INFO - Epoch [13/50] | Train Loss: 0.4230 | Val Loss: 0.5249 | Val ROC AUC: 0.8084 | Val Accuracy: 0.6629 | Val F1 Score: 0.2436
2024-11-26 23:18:26,559 - INFO - ROC AUC did not improve. 5/5 epochs without improvement.
2024-11-26 23:18:26,559 - INFO - Early stopping triggered at epoch 13.
2024-11-26 23:18:26,560 - INFO - Best model state loaded based on validation ROC AUC.
2024-11-26 23:18:26,601 - INFO - Test Metrics | Log-loss: 0.5175 | ROC AUC: 0.7848 | Accuracy: 0.6693 | F1 Score: 0.2308
2024-11-26 23:18:26,601 - INFO - Model training and evaluation completed successfully.
2024-11-26 23:18:26,601 - INFO - Metrics for 'local_1_iid' successfully saved to ./local_env/results/iid_res.json
2024-11-26 23:18:26,615 - INFO - Data successfully loaded from ./datas/IID_2.csv
2024-11-26 23:18:26,618 - INFO - Data split into Train (4934) and Val (1234) samples.
2024-11-26 23:18:26,630 - INFO - Features scaled using MinMaxScaler.
2024-11-26 23:18:26,664 - INFO - Polynomial features of degree 2 generated.
2024-11-26 23:18:26,731 - INFO - SMOTE applied. Training sample size increased to 9316.
2024-11-26 23:18:26,748 - INFO - DataLoaders for Train, Val, and Test sets created.
2024-11-26 23:18:26,963 - INFO - Epoch [1/50] | Train Loss: 0.5484 | Val Loss: 0.5699 | Val ROC AUC: 0.8010 | Val Accuracy: 0.6515 | Val F1 Score: 0.2125
2024-11-26 23:18:26,963 - INFO - ROC AUC improved to 0.8010. Saving model.
2024-11-26 23:18:27,164 - INFO - Epoch [2/50] | Train Loss: 0.4939 | Val Loss: 0.5290 | Val ROC AUC: 0.8017 | Val Accuracy: 0.6669 | Val F1 Score: 0.2141
2024-11-26 23:18:27,164 - INFO - ROC AUC improved to 0.8017. Saving model.
2024-11-26 23:18:27,378 - INFO - Epoch [3/50] | Train Loss: 0.4797 | Val Loss: 0.5045 | Val ROC AUC: 0.8039 | Val Accuracy: 0.6799 | Val F1 Score: 0.2178
2024-11-26 23:18:27,378 - INFO - ROC AUC improved to 0.8039. Saving model.
2024-11-26 23:18:27,611 - INFO - Epoch [4/50] | Train Loss: 0.4684 | Val Loss: 0.5197 | Val ROC AUC: 0.8088 | Val Accuracy: 0.6686 | Val F1 Score: 0.2180
2024-11-26 23:18:27,611 - INFO - ROC AUC improved to 0.8088. Saving model.
2024-11-26 23:18:27,813 - INFO - Epoch [5/50] | Train Loss: 0.4608 | Val Loss: 0.4678 | Val ROC AUC: 0.8082 | Val Accuracy: 0.6961 | Val F1 Score: 0.2236
2024-11-26 23:18:27,813 - INFO - ROC AUC did not improve. 1/5 epochs without improvement.
2024-11-26 23:18:28,021 - INFO - Epoch [6/50] | Train Loss: 0.4544 | Val Loss: 0.4075 | Val ROC AUC: 0.8061 | Val Accuracy: 0.7342 | Val F1 Score: 0.2190
2024-11-26 23:18:28,022 - INFO - ROC AUC did not improve. 2/5 epochs without improvement.
2024-11-26 23:18:28,213 - INFO - Epoch [7/50] | Train Loss: 0.4472 | Val Loss: 0.4853 | Val ROC AUC: 0.8075 | Val Accuracy: 0.6848 | Val F1 Score: 0.2236
2024-11-26 23:18:28,213 - INFO - ROC AUC did not improve. 3/5 epochs without improvement.
2024-11-26 23:18:28,411 - INFO - Epoch [8/50] | Train Loss: 0.4416 | Val Loss: 0.5072 | Val ROC AUC: 0.8069 | Val Accuracy: 0.6726 | Val F1 Score: 0.2201
2024-11-26 23:18:28,411 - INFO - ROC AUC did not improve. 4/5 epochs without improvement.
2024-11-26 23:18:28,609 - INFO - Epoch [9/50] | Train Loss: 0.4379 | Val Loss: 0.5897 | Val ROC AUC: 0.8100 | Val Accuracy: 0.6410 | Val F1 Score: 0.2131
2024-11-26 23:18:28,609 - INFO - ROC AUC improved to 0.8100. Saving model.
2024-11-26 23:18:28,825 - INFO - Epoch [10/50] | Train Loss: 0.4314 | Val Loss: 0.4635 | Val ROC AUC: 0.8052 | Val Accuracy: 0.6953 | Val F1 Score: 0.2199
2024-11-26 23:18:28,825 - INFO - ROC AUC did not improve. 1/5 epochs without improvement.
2024-11-26 23:18:29,013 - INFO - Epoch [11/50] | Train Loss: 0.4299 | Val Loss: 0.4572 | Val ROC AUC: 0.8061 | Val Accuracy: 0.6985 | Val F1 Score: 0.2185
2024-11-26 23:18:29,013 - INFO - ROC AUC did not improve. 2/5 epochs without improvement.
2024-11-26 23:18:29,244 - INFO - Epoch [12/50] | Train Loss: 0.4225 | Val Loss: 0.4614 | Val ROC AUC: 0.8028 | Val Accuracy: 0.6994 | Val F1 Score: 0.2222
2024-11-26 23:18:29,244 - INFO - ROC AUC did not improve. 3/5 epochs without improvement.
2024-11-26 23:18:29,454 - INFO - Epoch [13/50] | Train Loss: 0.4194 | Val Loss: 0.4440 | Val ROC AUC: 0.8015 | Val Accuracy: 0.7034 | Val F1 Score: 0.2112
2024-11-26 23:18:29,454 - INFO - ROC AUC did not improve. 4/5 epochs without improvement.
2024-11-26 23:18:29,695 - INFO - Epoch [14/50] | Train Loss: 0.4154 | Val Loss: 0.4266 | Val ROC AUC: 0.8058 | Val Accuracy: 0.7164 | Val F1 Score: 0.2152
2024-11-26 23:18:29,695 - INFO - ROC AUC did not improve. 5/5 epochs without improvement.
2024-11-26 23:18:29,695 - INFO - Early stopping triggered at epoch 14.
2024-11-26 23:18:29,695 - INFO - Best model state loaded based on validation ROC AUC.
2024-11-26 23:18:29,748 - INFO - Test Metrics | Log-loss: 0.4281 | ROC AUC: 0.7946 | Accuracy: 0.7299 | F1 Score: 0.2379
2024-11-26 23:18:29,748 - INFO - Model training and evaluation completed successfully.
2024-11-26 23:18:29,748 - INFO - Metrics for 'local_2_iid' successfully saved to ./local_env/results/iid_res.json
2024-11-26 23:18:29,768 - INFO - Data successfully loaded from ./datas/NON_IID_1.csv
2024-11-26 23:18:29,783 - INFO - Gaussian noise added to columns: Index(['Month', 'WeekOfMonth', 'DayOfWeek', 'Make', 'AccidentArea',
       'DayOfWeekClaimed', 'MonthClaimed', 'WeekOfMonthClaimed', 'Sex',
       'MaritalStatus', 'Age', 'Fault', 'PolicyType', 'VehicleCategory',
       'VehiclePrice', 'PolicyNumber', 'RepNumber', 'Deductible',
       'DriverRating', 'Days_Policy_Accident', 'Days_Policy_Claim',
       'PastNumberOfClaims', 'AgeOfVehicle', 'PoliceReportFiled',
       'WitnessPresent', 'AgentType', 'NumberOfSuppliments',
       'AddressChange_Claim', 'NumberOfCars', 'Year', 'BasePolicy', 'AgeGroup',
       'VehiclePrice_Cat'],
      dtype='object') with noise level: 1.5
2024-11-26 23:18:29,789 - INFO - Data split into Train (4064) and Val (1016) samples.
2024-11-26 23:18:29,800 - INFO - Features scaled using MinMaxScaler.
2024-11-26 23:18:29,830 - INFO - Polynomial features of degree 2 generated.
2024-11-26 23:18:29,879 - INFO - SMOTE applied. Training sample size increased to 7426.
2024-11-26 23:18:29,895 - INFO - DataLoaders for Train, Val, and Test sets created.
2024-11-26 23:18:30,082 - INFO - Epoch [1/50] | Train Loss: 0.6832 | Val Loss: 0.7358 | Val ROC AUC: 0.6047 | Val Accuracy: 0.4016 | Val F1 Score: 0.1872
2024-11-26 23:18:30,082 - INFO - ROC AUC improved to 0.6047. Saving model.
2024-11-26 23:18:30,249 - INFO - Epoch [2/50] | Train Loss: 0.6658 | Val Loss: 0.5953 | Val ROC AUC: 0.6094 | Val Accuracy: 0.7323 | Val F1 Score: 0.1758
2024-11-26 23:18:30,249 - INFO - ROC AUC improved to 0.6094. Saving model.
2024-11-26 23:18:30,416 - INFO - Epoch [3/50] | Train Loss: 0.6635 | Val Loss: 0.4788 | Val ROC AUC: 0.6088 | Val Accuracy: 0.8533 | Val F1 Score: 0.0970
2024-11-26 23:18:30,416 - INFO - ROC AUC did not improve. 1/5 epochs without improvement.
2024-11-26 23:18:30,582 - INFO - Epoch [4/50] | Train Loss: 0.6641 | Val Loss: 0.6359 | Val ROC AUC: 0.6066 | Val Accuracy: 0.6348 | Val F1 Score: 0.1737
2024-11-26 23:18:30,582 - INFO - ROC AUC did not improve. 2/5 epochs without improvement.
2024-11-26 23:18:30,747 - INFO - Epoch [5/50] | Train Loss: 0.6525 | Val Loss: 0.6736 | Val ROC AUC: 0.6023 | Val Accuracy: 0.5768 | Val F1 Score: 0.1825
2024-11-26 23:18:30,747 - INFO - ROC AUC did not improve. 3/5 epochs without improvement.
2024-11-26 23:18:30,931 - INFO - Epoch [6/50] | Train Loss: 0.6530 | Val Loss: 0.8082 | Val ROC AUC: 0.5989 | Val Accuracy: 0.4075 | Val F1 Score: 0.1930
2024-11-26 23:18:30,931 - INFO - ROC AUC did not improve. 4/5 epochs without improvement.
2024-11-26 23:18:31,080 - INFO - Epoch [7/50] | Train Loss: 0.6504 | Val Loss: 0.6059 | Val ROC AUC: 0.6069 | Val Accuracy: 0.6752 | Val F1 Score: 0.1951
2024-11-26 23:18:31,080 - INFO - ROC AUC did not improve. 5/5 epochs without improvement.
2024-11-26 23:18:31,080 - INFO - Early stopping triggered at epoch 7.
2024-11-26 23:18:31,080 - INFO - Best model state loaded based on validation ROC AUC.
2024-11-26 23:18:31,132 - INFO - Test Metrics | Log-loss: 0.5794 | ROC AUC: 0.6519 | Accuracy: 0.7604 | F1 Score: 0.1761
2024-11-26 23:18:31,132 - INFO - Model training and evaluation completed successfully.
2024-11-26 23:18:31,132 - INFO - Metrics for 'local_1_noniid' successfully saved to ./local_env/results/non_iid_res.json
2024-11-26 23:18:31,149 - INFO - Data successfully loaded from ./datas/NON_IID_2.csv
2024-11-26 23:18:31,172 - INFO - Gaussian noise added to columns: Index(['Month', 'WeekOfMonth', 'DayOfWeek', 'Make', 'AccidentArea',
       'DayOfWeekClaimed', 'MonthClaimed', 'WeekOfMonthClaimed', 'Sex',
       'MaritalStatus', 'Age', 'Fault', 'PolicyType', 'VehicleCategory',
       'VehiclePrice', 'PolicyNumber', 'RepNumber', 'Deductible',
       'DriverRating', 'Days_Policy_Accident', 'Days_Policy_Claim',
       'PastNumberOfClaims', 'AgeOfVehicle', 'PoliceReportFiled',
       'WitnessPresent', 'AgentType', 'NumberOfSuppliments',
       'AddressChange_Claim', 'NumberOfCars', 'Year', 'BasePolicy', 'AgeGroup',
       'VehiclePrice_Cat'],
      dtype='object') with noise level: 1.5
2024-11-26 23:18:31,184 - INFO - Data split into Train (5804) and Val (1452) samples.
2024-11-26 23:18:31,195 - INFO - Features scaled using MinMaxScaler.
2024-11-26 23:18:31,246 - INFO - Polynomial features of degree 2 generated.
2024-11-26 23:18:31,329 - INFO - SMOTE applied. Training sample size increased to 11140.
2024-11-26 23:18:31,340 - INFO - DataLoaders for Train, Val, and Test sets created.
2024-11-26 23:18:31,598 - INFO - Epoch [1/50] | Train Loss: 0.6754 | Val Loss: 0.7996 | Val ROC AUC: 0.5827 | Val Accuracy: 0.3079 | Val F1 Score: 0.0872
2024-11-26 23:18:31,599 - INFO - ROC AUC improved to 0.5827. Saving model.
2024-11-26 23:18:31,828 - INFO - Epoch [2/50] | Train Loss: 0.6524 | Val Loss: 0.6946 | Val ROC AUC: 0.5917 | Val Accuracy: 0.5503 | Val F1 Score: 0.0943
2024-11-26 23:18:31,828 - INFO - ROC AUC improved to 0.5917. Saving model.
2024-11-26 23:18:32,061 - INFO - Epoch [3/50] | Train Loss: 0.6429 | Val Loss: 0.7208 | Val ROC AUC: 0.5926 | Val Accuracy: 0.5289 | Val F1 Score: 0.0928
2024-11-26 23:18:32,061 - INFO - ROC AUC improved to 0.5926. Saving model.
2024-11-26 23:18:32,317 - INFO - Epoch [4/50] | Train Loss: 0.6398 | Val Loss: 0.5619 | Val ROC AUC: 0.5994 | Val Accuracy: 0.7369 | Val F1 Score: 0.1075
2024-11-26 23:18:32,317 - INFO - ROC AUC improved to 0.5994. Saving model.
2024-11-26 23:18:32,545 - INFO - Epoch [5/50] | Train Loss: 0.6381 | Val Loss: 0.6581 | Val ROC AUC: 0.6003 | Val Accuracy: 0.6067 | Val F1 Score: 0.0951
2024-11-26 23:18:32,545 - INFO - ROC AUC improved to 0.6003. Saving model.
2024-11-26 23:18:32,795 - INFO - Epoch [6/50] | Train Loss: 0.6348 | Val Loss: 0.7001 | Val ROC AUC: 0.6001 | Val Accuracy: 0.5613 | Val F1 Score: 0.0965
2024-11-26 23:18:32,795 - INFO - ROC AUC did not improve. 1/5 epochs without improvement.
2024-11-26 23:18:33,025 - INFO - Epoch [7/50] | Train Loss: 0.6317 | Val Loss: 0.7122 | Val ROC AUC: 0.6002 | Val Accuracy: 0.5537 | Val F1 Score: 0.1000
2024-11-26 23:18:33,025 - INFO - ROC AUC did not improve. 2/5 epochs without improvement.
2024-11-26 23:18:33,277 - INFO - Epoch [8/50] | Train Loss: 0.6317 | Val Loss: 0.6820 | Val ROC AUC: 0.6044 | Val Accuracy: 0.5813 | Val F1 Score: 0.0979
2024-11-26 23:18:33,277 - INFO - ROC AUC improved to 0.6044. Saving model.
2024-11-26 23:18:33,534 - INFO - Epoch [9/50] | Train Loss: 0.6280 | Val Loss: 0.6622 | Val ROC AUC: 0.6078 | Val Accuracy: 0.6033 | Val F1 Score: 0.1000
2024-11-26 23:18:33,534 - INFO - ROC AUC improved to 0.6078. Saving model.
2024-11-26 23:18:33,778 - INFO - Epoch [10/50] | Train Loss: 0.6243 | Val Loss: 0.7282 | Val ROC AUC: 0.6073 | Val Accuracy: 0.5344 | Val F1 Score: 0.1011
2024-11-26 23:18:33,778 - INFO - ROC AUC did not improve. 1/5 epochs without improvement.
2024-11-26 23:18:34,019 - INFO - Epoch [11/50] | Train Loss: 0.6260 | Val Loss: 0.7345 | Val ROC AUC: 0.6059 | Val Accuracy: 0.5282 | Val F1 Score: 0.0999
2024-11-26 23:18:34,019 - INFO - ROC AUC did not improve. 2/5 epochs without improvement.
2024-11-26 23:18:34,261 - INFO - Epoch [12/50] | Train Loss: 0.6248 | Val Loss: 0.6776 | Val ROC AUC: 0.6095 | Val Accuracy: 0.5833 | Val F1 Score: 0.0984
2024-11-26 23:18:34,261 - INFO - ROC AUC improved to 0.6095. Saving model.
2024-11-26 23:18:34,498 - INFO - Epoch [13/50] | Train Loss: 0.6188 | Val Loss: 0.7272 | Val ROC AUC: 0.6091 | Val Accuracy: 0.5324 | Val F1 Score: 0.1007
2024-11-26 23:18:34,498 - INFO - ROC AUC did not improve. 1/5 epochs without improvement.
2024-11-26 23:18:34,745 - INFO - Epoch [14/50] | Train Loss: 0.6222 | Val Loss: 0.5903 | Val ROC AUC: 0.6156 | Val Accuracy: 0.6880 | Val F1 Score: 0.1030
2024-11-26 23:18:34,745 - INFO - ROC AUC improved to 0.6156. Saving model.
2024-11-26 23:18:34,995 - INFO - Epoch [15/50] | Train Loss: 0.6174 | Val Loss: 0.7689 | Val ROC AUC: 0.6121 | Val Accuracy: 0.4821 | Val F1 Score: 0.0940
2024-11-26 23:18:34,995 - INFO - ROC AUC did not improve. 1/5 epochs without improvement.
2024-11-26 23:18:35,252 - INFO - Epoch [16/50] | Train Loss: 0.6190 | Val Loss: 0.7490 | Val ROC AUC: 0.6140 | Val Accuracy: 0.5055 | Val F1 Score: 0.0957
2024-11-26 23:18:35,252 - INFO - ROC AUC did not improve. 2/5 epochs without improvement.
2024-11-26 23:18:35,544 - INFO - Epoch [17/50] | Train Loss: 0.6139 | Val Loss: 0.5809 | Val ROC AUC: 0.6184 | Val Accuracy: 0.6983 | Val F1 Score: 0.1025
2024-11-26 23:18:35,544 - INFO - ROC AUC improved to 0.6184. Saving model.
2024-11-26 23:18:35,795 - INFO - Epoch [18/50] | Train Loss: 0.6136 | Val Loss: 0.7094 | Val ROC AUC: 0.6169 | Val Accuracy: 0.5468 | Val F1 Score: 0.1011
2024-11-26 23:18:35,795 - INFO - ROC AUC did not improve. 1/5 epochs without improvement.
2024-11-26 23:18:36,067 - INFO - Epoch [19/50] | Train Loss: 0.6118 | Val Loss: 0.6909 | Val ROC AUC: 0.6172 | Val Accuracy: 0.5675 | Val F1 Score: 0.1003
2024-11-26 23:18:36,067 - INFO - ROC AUC did not improve. 2/5 epochs without improvement.
2024-11-26 23:18:36,329 - INFO - Epoch [20/50] | Train Loss: 0.6097 | Val Loss: 0.6983 | Val ROC AUC: 0.6184 | Val Accuracy: 0.5606 | Val F1 Score: 0.0989
2024-11-26 23:18:36,329 - INFO - ROC AUC improved to 0.6184. Saving model.
2024-11-26 23:18:36,589 - INFO - Epoch [21/50] | Train Loss: 0.6072 | Val Loss: 0.6730 | Val ROC AUC: 0.6189 | Val Accuracy: 0.5868 | Val F1 Score: 0.0991
2024-11-26 23:18:36,589 - INFO - ROC AUC improved to 0.6189. Saving model.
2024-11-26 23:18:36,847 - INFO - Epoch [22/50] | Train Loss: 0.6039 | Val Loss: 0.6730 | Val ROC AUC: 0.6209 | Val Accuracy: 0.5861 | Val F1 Score: 0.0990
2024-11-26 23:18:36,847 - INFO - ROC AUC improved to 0.6209. Saving model.
2024-11-26 23:18:37,101 - INFO - Epoch [23/50] | Train Loss: 0.6039 | Val Loss: 0.6334 | Val ROC AUC: 0.6216 | Val Accuracy: 0.6253 | Val F1 Score: 0.0963
2024-11-26 23:18:37,101 - INFO - ROC AUC improved to 0.6216. Saving model.
2024-11-26 23:18:37,354 - INFO - Epoch [24/50] | Train Loss: 0.6030 | Val Loss: 0.6223 | Val ROC AUC: 0.6236 | Val Accuracy: 0.6426 | Val F1 Score: 0.0974
2024-11-26 23:18:37,354 - INFO - ROC AUC improved to 0.6236. Saving model.
2024-11-26 23:18:37,615 - INFO - Epoch [25/50] | Train Loss: 0.6022 | Val Loss: 0.6481 | Val ROC AUC: 0.6246 | Val Accuracy: 0.6116 | Val F1 Score: 0.0990
2024-11-26 23:18:37,615 - INFO - ROC AUC improved to 0.6246. Saving model.
2024-11-26 23:18:37,881 - INFO - Epoch [26/50] | Train Loss: 0.6011 | Val Loss: 0.5581 | Val ROC AUC: 0.6271 | Val Accuracy: 0.7190 | Val F1 Score: 0.1013
2024-11-26 23:18:37,882 - INFO - ROC AUC improved to 0.6271. Saving model.
2024-11-26 23:18:38,150 - INFO - Epoch [27/50] | Train Loss: 0.6007 | Val Loss: 0.6752 | Val ROC AUC: 0.6241 | Val Accuracy: 0.5785 | Val F1 Score: 0.1000
2024-11-26 23:18:38,150 - INFO - ROC AUC did not improve. 1/5 epochs without improvement.
2024-11-26 23:18:38,381 - INFO - Epoch [28/50] | Train Loss: 0.5981 | Val Loss: 0.5228 | Val ROC AUC: 0.6289 | Val Accuracy: 0.7624 | Val F1 Score: 0.1176
2024-11-26 23:18:38,381 - INFO - ROC AUC improved to 0.6289. Saving model.
2024-11-26 23:18:38,614 - INFO - Epoch [29/50] | Train Loss: 0.5958 | Val Loss: 0.4481 | Val ROC AUC: 0.6307 | Val Accuracy: 0.8340 | Val F1 Score: 0.1362
2024-11-26 23:18:38,614 - INFO - ROC AUC improved to 0.6307. Saving model.
2024-11-26 23:18:38,862 - INFO - Epoch [30/50] | Train Loss: 0.5965 | Val Loss: 0.6403 | Val ROC AUC: 0.6262 | Val Accuracy: 0.6226 | Val F1 Score: 0.0957
2024-11-26 23:18:38,862 - INFO - ROC AUC did not improve. 1/5 epochs without improvement.
2024-11-26 23:18:39,110 - INFO - Epoch [31/50] | Train Loss: 0.5949 | Val Loss: 0.6083 | Val ROC AUC: 0.6274 | Val Accuracy: 0.6591 | Val F1 Score: 0.0984
2024-11-26 23:18:39,110 - INFO - ROC AUC did not improve. 2/5 epochs without improvement.
2024-11-26 23:18:39,377 - INFO - Epoch [32/50] | Train Loss: 0.5906 | Val Loss: 0.5635 | Val ROC AUC: 0.6302 | Val Accuracy: 0.7073 | Val F1 Score: 0.1015
2024-11-26 23:18:39,377 - INFO - ROC AUC did not improve. 3/5 epochs without improvement.
2024-11-26 23:18:39,608 - INFO - Epoch [33/50] | Train Loss: 0.5899 | Val Loss: 0.7231 | Val ROC AUC: 0.6266 | Val Accuracy: 0.5275 | Val F1 Score: 0.0997
2024-11-26 23:18:39,608 - INFO - ROC AUC did not improve. 4/5 epochs without improvement.
2024-11-26 23:18:39,857 - INFO - Epoch [34/50] | Train Loss: 0.5911 | Val Loss: 0.5824 | Val ROC AUC: 0.6301 | Val Accuracy: 0.6839 | Val F1 Score: 0.0982
2024-11-26 23:18:39,857 - INFO - ROC AUC did not improve. 5/5 epochs without improvement.
2024-11-26 23:18:39,857 - INFO - Early stopping triggered at epoch 34.
2024-11-26 23:18:39,857 - INFO - Best model state loaded based on validation ROC AUC.
2024-11-26 23:18:39,903 - INFO - Test Metrics | Log-loss: 0.5746 | ROC AUC: 0.6854 | Accuracy: 0.7374 | F1 Score: 0.1916
2024-11-26 23:18:39,903 - INFO - Model training and evaluation completed successfully.
2024-11-26 23:18:39,904 - INFO - Metrics for 'local_2_noniid' successfully saved to ./local_env/results/non_iid_res.json
