2024-11-21 21:44:05,615 - INFO - Data successfully loaded from ./datas/TEST_SAMPLE.csv
2024-11-21 21:44:05,630 - INFO - Data successfully loaded from ./datas/IID.csv
2024-11-21 21:44:05,973 - INFO - Data successfully prepared (scaling, SMOTE, polynomial features).
2024-11-21 21:44:21,350 - INFO - Model successfully trained and predictions made.
2024-11-21 21:44:21,350 - INFO - Metrics for 'global_iid' successfully saved to ./results/iid_res.json
2024-11-21 21:44:21,380 - INFO - Data successfully loaded from ./datas/NON_IID.csv
2024-11-21 21:44:21,420 - INFO - Gaussian noise added to columns: Index(['Unnamed: 0', 'Month', 'WeekOfMonth', 'DayOfWeek', 'Make',
       'AccidentArea', 'DayOfWeekClaimed', 'MonthClaimed',
       'WeekOfMonthClaimed', 'Sex', 'MaritalStatus', 'Age', 'Fault',
       'PolicyType', 'VehicleCategory', 'VehiclePrice', 'PolicyNumber',
       'RepNumber', 'Deductible', 'DriverRating', 'Days_Policy_Accident',
       'Days_Policy_Claim', 'PastNumberOfClaims', 'AgeOfVehicle',
       'PoliceReportFiled', 'WitnessPresent', 'AgentType',
       'NumberOfSuppliments', 'AddressChange_Claim', 'NumberOfCars', 'Year',
       'BasePolicy', 'AgeGroup', 'VehiclePrice_Cat'],
      dtype='object') with noise level: 1.6
2024-11-21 21:44:21,655 - INFO - Data successfully prepared (scaling, SMOTE, polynomial features).
2024-11-21 21:44:34,865 - INFO - Model successfully trained and predictions made.
2024-11-21 21:44:34,870 - INFO - Metrics for 'global_noniid' successfully saved to ./results/non_iid_res.json
2024-11-21 21:44:34,880 - INFO - Data successfully loaded from ./datas/IID_1.csv
2024-11-21 21:44:35,030 - INFO - Data successfully prepared (scaling, SMOTE, polynomial features).
2024-11-21 21:44:41,264 - INFO - Model successfully trained and predictions made.
2024-11-21 21:44:41,265 - INFO - Metrics for 'local_1_iid' successfully saved to ./results/iid_res.json
2024-11-21 21:44:41,277 - INFO - Data successfully loaded from ./datas/IID_2.csv
2024-11-21 21:44:41,395 - INFO - Data successfully prepared (scaling, SMOTE, polynomial features).
2024-11-21 21:44:48,066 - INFO - Model successfully trained and predictions made.
2024-11-21 21:44:48,070 - INFO - Metrics for 'local_2_iid' successfully saved to ./results/iid_res.json
2024-11-21 21:44:48,075 - INFO - Data successfully loaded from ./datas/NON_IID_1.csv
2024-11-21 21:44:48,090 - INFO - Gaussian noise added to columns: Index(['Month', 'WeekOfMonth', 'DayOfWeek', 'Make', 'AccidentArea',
       'DayOfWeekClaimed', 'MonthClaimed', 'WeekOfMonthClaimed', 'Sex',
       'MaritalStatus', 'Age', 'Fault', 'PolicyType', 'VehicleCategory',
       'VehiclePrice', 'PolicyNumber', 'RepNumber', 'Deductible',
       'DriverRating', 'Days_Policy_Accident', 'Days_Policy_Claim',
       'PastNumberOfClaims', 'AgeOfVehicle', 'PoliceReportFiled',
       'WitnessPresent', 'AgentType', 'NumberOfSuppliments',
       'AddressChange_Claim', 'NumberOfCars', 'Year', 'BasePolicy', 'AgeGroup',
       'VehiclePrice_Cat'],
      dtype='object') with noise level: 1.8
2024-11-21 21:44:48,182 - INFO - Data successfully prepared (scaling, SMOTE, polynomial features).
2024-11-21 21:44:50,282 - INFO - Model successfully trained and predictions made.
2024-11-21 21:44:50,282 - INFO - Metrics for 'local_1_noniid' successfully saved to ./results/non_iid_res.json
2024-11-21 21:44:50,295 - INFO - Data successfully loaded from ./datas/NON_IID_2.csv
2024-11-21 21:44:50,313 - INFO - Gaussian noise added to columns: Index(['Month', 'WeekOfMonth', 'DayOfWeek', 'Make', 'AccidentArea',
       'DayOfWeekClaimed', 'MonthClaimed', 'WeekOfMonthClaimed', 'Sex',
       'MaritalStatus', 'Age', 'Fault', 'PolicyType', 'VehicleCategory',
       'VehiclePrice', 'PolicyNumber', 'RepNumber', 'Deductible',
       'DriverRating', 'Days_Policy_Accident', 'Days_Policy_Claim',
       'PastNumberOfClaims', 'AgeOfVehicle', 'PoliceReportFiled',
       'WitnessPresent', 'AgentType', 'NumberOfSuppliments',
       'AddressChange_Claim', 'NumberOfCars', 'Year', 'BasePolicy', 'AgeGroup',
       'VehiclePrice_Cat'],
      dtype='object') with noise level: 1.5
2024-11-21 21:44:50,483 - INFO - Data successfully prepared (scaling, SMOTE, polynomial features).
2024-11-21 21:44:54,757 - INFO - Model successfully trained and predictions made.
2024-11-21 21:44:54,758 - INFO - Metrics for 'local_2_noniid' successfully saved to ./results/non_iid_res.json
