2024-11-22 17:10:15,526 - INFO - Data successfully loaded from ./datas/TEST_SAMPLE.csv
2024-11-22 17:10:15,576 - INFO - Data successfully loaded from ./datas/IID.csv
2024-11-22 17:10:16,398 - INFO - Data successfully prepared (scaling, SMOTE, polynomial features).
2024-11-22 17:10:35,159 - INFO - Model successfully trained and predictions made.
2024-11-22 17:10:35,159 - INFO - Metrics for 'global_iid' successfully saved to ./local_env/results/iid_res.json
2024-11-22 17:10:35,189 - INFO - Data successfully loaded from ./datas/NON_IID.csv
2024-11-22 17:10:35,247 - INFO - Gaussian noise added to columns: Index(['Unnamed: 0', 'Month', 'WeekOfMonth', 'DayOfWeek', 'Make',
       'AccidentArea', 'DayOfWeekClaimed', 'MonthClaimed',
       'WeekOfMonthClaimed', 'Sex', 'MaritalStatus', 'Age', 'Fault',
       'PolicyType', 'VehicleCategory', 'VehiclePrice', 'PolicyNumber',
       'RepNumber', 'Deductible', 'DriverRating', 'Days_Policy_Accident',
       'Days_Policy_Claim', 'PastNumberOfClaims', 'AgeOfVehicle',
       'PoliceReportFiled', 'WitnessPresent', 'AgentType',
       'NumberOfSuppliments', 'AddressChange_Claim', 'NumberOfCars', 'Year',
       'BasePolicy', 'AgeGroup', 'VehiclePrice_Cat'],
      dtype='object') with noise level: 1.5
2024-11-22 17:10:35,547 - INFO - Data successfully prepared (scaling, SMOTE, polynomial features).
2024-11-22 17:10:51,210 - INFO - Model successfully trained and predictions made.
2024-11-22 17:10:51,217 - INFO - Metrics for 'global_noniid' successfully saved to ./local_env/results/non_iid_res.json
2024-11-22 17:10:51,227 - INFO - Data successfully loaded from ./datas/IID_1.csv
2024-11-22 17:10:51,757 - INFO - Data successfully prepared (scaling, SMOTE, polynomial features).
2024-11-22 17:10:59,115 - INFO - Model successfully trained and predictions made.
2024-11-22 17:10:59,116 - INFO - Metrics for 'local_1_iid' successfully saved to ./local_env/results/iid_res.json
2024-11-22 17:10:59,129 - INFO - Data successfully loaded from ./datas/IID_2.csv
2024-11-22 17:10:59,289 - INFO - Data successfully prepared (scaling, SMOTE, polynomial features).
2024-11-22 17:11:06,757 - INFO - Model successfully trained and predictions made.
2024-11-22 17:11:06,757 - INFO - Metrics for 'local_2_iid' successfully saved to ./local_env/results/iid_res.json
2024-11-22 17:11:06,772 - INFO - Data successfully loaded from ./datas/NON_IID_1.csv
2024-11-22 17:11:06,786 - INFO - Gaussian noise added to columns: Index(['Month', 'WeekOfMonth', 'DayOfWeek', 'Make', 'AccidentArea',
       'DayOfWeekClaimed', 'MonthClaimed', 'WeekOfMonthClaimed', 'Sex',
       'MaritalStatus', 'Age', 'Fault', 'PolicyType', 'VehicleCategory',
       'VehiclePrice', 'PolicyNumber', 'RepNumber', 'Deductible',
       'DriverRating', 'Days_Policy_Accident', 'Days_Policy_Claim',
       'PastNumberOfClaims', 'AgeOfVehicle', 'PoliceReportFiled',
       'WitnessPresent', 'AgentType', 'NumberOfSuppliments',
       'AddressChange_Claim', 'NumberOfCars', 'Year', 'BasePolicy', 'AgeGroup',
       'VehiclePrice_Cat'],
      dtype='object') with noise level: 1.5
2024-11-22 17:11:06,899 - INFO - Data successfully prepared (scaling, SMOTE, polynomial features).
2024-11-22 17:11:12,438 - INFO - Model successfully trained and predictions made.
2024-11-22 17:11:12,438 - INFO - Metrics for 'local_1_noniid' successfully saved to ./local_env/results/non_iid_res.json
2024-11-22 17:11:12,456 - INFO - Data successfully loaded from ./datas/NON_IID_2.csv
2024-11-22 17:11:12,472 - INFO - Gaussian noise added to columns: Index(['Month', 'WeekOfMonth', 'DayOfWeek', 'Make', 'AccidentArea',
       'DayOfWeekClaimed', 'MonthClaimed', 'WeekOfMonthClaimed', 'Sex',
       'MaritalStatus', 'Age', 'Fault', 'PolicyType', 'VehicleCategory',
       'VehiclePrice', 'PolicyNumber', 'RepNumber', 'Deductible',
       'DriverRating', 'Days_Policy_Accident', 'Days_Policy_Claim',
       'PastNumberOfClaims', 'AgeOfVehicle', 'PoliceReportFiled',
       'WitnessPresent', 'AgentType', 'NumberOfSuppliments',
       'AddressChange_Claim', 'NumberOfCars', 'Year', 'BasePolicy', 'AgeGroup',
       'VehiclePrice_Cat'],
      dtype='object') with noise level: 1.5
2024-11-22 17:11:12,637 - INFO - Data successfully prepared (scaling, SMOTE, polynomial features).
2024-11-22 17:11:23,108 - INFO - Model successfully trained and predictions made.
2024-11-22 17:11:23,112 - INFO - Metrics for 'local_2_noniid' successfully saved to ./local_env/results/non_iid_res.json
