2025-01-10 13:24:26,744 - INFO - Data successfully loaded from ./datas/TEST_SAMPLE.csv
2025-01-10 13:24:26,776 - INFO - Data successfully loaded from ./datas/IID.csv
2025-01-10 13:24:26,776 - INFO - Data split into Train (9868) and Val (2468) samples.
2025-01-10 13:24:26,791 - INFO - Features scaled using MinMaxScaler.
2025-01-10 13:24:26,876 - INFO - Polynomial features of degree 2 generated.
2025-01-10 13:24:27,104 - INFO - SMOTE applied. Training sample size increased to 18564.
2025-01-10 13:24:27,135 - INFO - DataLoaders for Train, Val, and Test sets created.
2025-01-10 13:24:28,554 - INFO - Epoch [1/50] | Train Loss: 0.6692 | Val Loss: 0.6366 | Val ROC AUC: 0.7407 | Val Accuracy: 0.6827 | Val F1 Score: 0.2018
2025-01-10 13:24:28,554 - INFO - ROC AUC improved to 0.7407. Saving model.
2025-01-10 13:24:28,972 - INFO - Epoch [2/50] | Train Loss: 0.6272 | Val Loss: 0.6036 | Val ROC AUC: 0.7619 | Val Accuracy: 0.6819 | Val F1 Score: 0.2126
2025-01-10 13:24:28,972 - INFO - ROC AUC improved to 0.7619. Saving model.
2025-01-10 13:24:29,351 - INFO - Epoch [3/50] | Train Loss: 0.5995 | Val Loss: 0.5952 | Val ROC AUC: 0.7652 | Val Accuracy: 0.6588 | Val F1 Score: 0.2101
2025-01-10 13:24:29,351 - INFO - ROC AUC improved to 0.7652. Saving model.
2025-01-10 13:24:29,721 - INFO - Epoch [4/50] | Train Loss: 0.5807 | Val Loss: 0.5620 | Val ROC AUC: 0.7681 | Val Accuracy: 0.6815 | Val F1 Score: 0.2108
2025-01-10 13:24:29,721 - INFO - ROC AUC improved to 0.7681. Saving model.
2025-01-10 13:24:30,109 - INFO - Epoch [5/50] | Train Loss: 0.5676 | Val Loss: 0.5655 | Val ROC AUC: 0.7689 | Val Accuracy: 0.6633 | Val F1 Score: 0.2093
2025-01-10 13:24:30,109 - INFO - ROC AUC improved to 0.7689. Saving model.
2025-01-10 13:24:30,473 - INFO - Epoch [6/50] | Train Loss: 0.5569 | Val Loss: 0.5574 | Val ROC AUC: 0.7702 | Val Accuracy: 0.6637 | Val F1 Score: 0.2095
2025-01-10 13:24:30,482 - INFO - ROC AUC improved to 0.7702. Saving model.
2025-01-10 13:24:30,856 - INFO - Epoch [7/50] | Train Loss: 0.5487 | Val Loss: 0.5601 | Val ROC AUC: 0.7708 | Val Accuracy: 0.6592 | Val F1 Score: 0.2118
2025-01-10 13:24:30,856 - INFO - ROC AUC improved to 0.7708. Saving model.
2025-01-10 13:24:31,253 - INFO - Epoch [8/50] | Train Loss: 0.5428 | Val Loss: 0.5503 | Val ROC AUC: 0.7718 | Val Accuracy: 0.6625 | Val F1 Score: 0.2149
2025-01-10 13:24:31,253 - INFO - ROC AUC improved to 0.7718. Saving model.
2025-01-10 13:24:31,635 - INFO - Epoch [9/50] | Train Loss: 0.5392 | Val Loss: 0.5748 | Val ROC AUC: 0.7716 | Val Accuracy: 0.6463 | Val F1 Score: 0.2170
2025-01-10 13:24:31,635 - INFO - ROC AUC did not improve. 1/5 epochs without improvement.
2025-01-10 13:24:32,005 - INFO - Epoch [10/50] | Train Loss: 0.5355 | Val Loss: 0.5612 | Val ROC AUC: 0.7723 | Val Accuracy: 0.6519 | Val F1 Score: 0.2170
2025-01-10 13:24:32,005 - INFO - ROC AUC improved to 0.7723. Saving model.
2025-01-10 13:24:32,386 - INFO - Epoch [11/50] | Train Loss: 0.5316 | Val Loss: 0.5507 | Val ROC AUC: 0.7732 | Val Accuracy: 0.6552 | Val F1 Score: 0.2171
2025-01-10 13:24:32,386 - INFO - ROC AUC improved to 0.7732. Saving model.
2025-01-10 13:24:32,754 - INFO - Epoch [12/50] | Train Loss: 0.5295 | Val Loss: 0.5479 | Val ROC AUC: 0.7739 | Val Accuracy: 0.6564 | Val F1 Score: 0.2177
2025-01-10 13:24:32,755 - INFO - ROC AUC improved to 0.7739. Saving model.
2025-01-10 13:24:33,138 - INFO - Epoch [13/50] | Train Loss: 0.5262 | Val Loss: 0.5516 | Val ROC AUC: 0.7743 | Val Accuracy: 0.6540 | Val F1 Score: 0.2179
2025-01-10 13:24:33,138 - INFO - ROC AUC improved to 0.7743. Saving model.
2025-01-10 13:24:33,516 - INFO - Epoch [14/50] | Train Loss: 0.5241 | Val Loss: 0.5492 | Val ROC AUC: 0.7748 | Val Accuracy: 0.6544 | Val F1 Score: 0.2181
2025-01-10 13:24:33,516 - INFO - ROC AUC improved to 0.7748. Saving model.
2025-01-10 13:24:33,899 - INFO - Epoch [15/50] | Train Loss: 0.5238 | Val Loss: 0.5611 | Val ROC AUC: 0.7748 | Val Accuracy: 0.6471 | Val F1 Score: 0.2174
2025-01-10 13:24:33,899 - INFO - ROC AUC did not improve. 1/5 epochs without improvement.
2025-01-10 13:24:34,253 - INFO - Epoch [16/50] | Train Loss: 0.5220 | Val Loss: 0.5693 | Val ROC AUC: 0.7751 | Val Accuracy: 0.6455 | Val F1 Score: 0.2181
2025-01-10 13:24:34,253 - INFO - ROC AUC improved to 0.7751. Saving model.
2025-01-10 13:24:34,597 - INFO - Epoch [17/50] | Train Loss: 0.5202 | Val Loss: 0.5384 | Val ROC AUC: 0.7763 | Val Accuracy: 0.6629 | Val F1 Score: 0.2210
2025-01-10 13:24:34,597 - INFO - ROC AUC improved to 0.7763. Saving model.
2025-01-10 13:24:35,021 - INFO - Epoch [18/50] | Train Loss: 0.5187 | Val Loss: 0.5658 | Val ROC AUC: 0.7758 | Val Accuracy: 0.6471 | Val F1 Score: 0.2188
2025-01-10 13:24:35,021 - INFO - ROC AUC did not improve. 1/5 epochs without improvement.
2025-01-10 13:24:35,372 - INFO - Epoch [19/50] | Train Loss: 0.5181 | Val Loss: 0.5548 | Val ROC AUC: 0.7764 | Val Accuracy: 0.6511 | Val F1 Score: 0.2180
2025-01-10 13:24:35,372 - INFO - ROC AUC improved to 0.7764. Saving model.
2025-01-10 13:24:35,759 - INFO - Epoch [20/50] | Train Loss: 0.5167 | Val Loss: 0.5398 | Val ROC AUC: 0.7770 | Val Accuracy: 0.6596 | Val F1 Score: 0.2208
2025-01-10 13:24:35,760 - INFO - ROC AUC improved to 0.7770. Saving model.
2025-01-10 13:24:36,137 - INFO - Epoch [21/50] | Train Loss: 0.5163 | Val Loss: 0.5517 | Val ROC AUC: 0.7768 | Val Accuracy: 0.6519 | Val F1 Score: 0.2184
2025-01-10 13:24:36,137 - INFO - ROC AUC did not improve. 1/5 epochs without improvement.
2025-01-10 13:24:36,522 - INFO - Epoch [22/50] | Train Loss: 0.5160 | Val Loss: 0.5416 | Val ROC AUC: 0.7774 | Val Accuracy: 0.6592 | Val F1 Score: 0.2220
2025-01-10 13:24:36,522 - INFO - ROC AUC improved to 0.7774. Saving model.
2025-01-10 13:24:36,905 - INFO - Epoch [23/50] | Train Loss: 0.5150 | Val Loss: 0.5520 | Val ROC AUC: 0.7774 | Val Accuracy: 0.6528 | Val F1 Score: 0.2202
2025-01-10 13:24:36,905 - INFO - ROC AUC did not improve. 1/5 epochs without improvement.
2025-01-10 13:24:37,250 - INFO - Epoch [24/50] | Train Loss: 0.5144 | Val Loss: 0.5714 | Val ROC AUC: 0.7769 | Val Accuracy: 0.6442 | Val F1 Score: 0.2189
2025-01-10 13:24:37,250 - INFO - ROC AUC did not improve. 2/5 epochs without improvement.
2025-01-10 13:24:37,637 - INFO - Epoch [25/50] | Train Loss: 0.5138 | Val Loss: 0.5536 | Val ROC AUC: 0.7777 | Val Accuracy: 0.6524 | Val F1 Score: 0.2214
2025-01-10 13:24:37,638 - INFO - ROC AUC improved to 0.7777. Saving model.
2025-01-10 13:24:38,015 - INFO - Epoch [26/50] | Train Loss: 0.5131 | Val Loss: 0.5415 | Val ROC AUC: 0.7782 | Val Accuracy: 0.6576 | Val F1 Score: 0.2212
2025-01-10 13:24:38,015 - INFO - ROC AUC improved to 0.7782. Saving model.
2025-01-10 13:24:38,374 - INFO - Epoch [27/50] | Train Loss: 0.5126 | Val Loss: 0.5371 | Val ROC AUC: 0.7786 | Val Accuracy: 0.6617 | Val F1 Score: 0.2233
2025-01-10 13:24:38,374 - INFO - ROC AUC improved to 0.7786. Saving model.
2025-01-10 13:24:38,738 - INFO - Epoch [28/50] | Train Loss: 0.5128 | Val Loss: 0.5222 | Val ROC AUC: 0.7792 | Val Accuracy: 0.6710 | Val F1 Score: 0.2237
2025-01-10 13:24:38,738 - INFO - ROC AUC improved to 0.7792. Saving model.
2025-01-10 13:24:39,114 - INFO - Epoch [29/50] | Train Loss: 0.5122 | Val Loss: 0.5481 | Val ROC AUC: 0.7786 | Val Accuracy: 0.6556 | Val F1 Score: 0.2202
2025-01-10 13:24:39,114 - INFO - ROC AUC did not improve. 1/5 epochs without improvement.
2025-01-10 13:24:39,486 - INFO - Epoch [30/50] | Train Loss: 0.5114 | Val Loss: 0.5477 | Val ROC AUC: 0.7788 | Val Accuracy: 0.6560 | Val F1 Score: 0.2204
2025-01-10 13:24:39,487 - INFO - ROC AUC did not improve. 2/5 epochs without improvement.
2025-01-10 13:24:39,837 - INFO - Epoch [31/50] | Train Loss: 0.5096 | Val Loss: 0.5508 | Val ROC AUC: 0.7789 | Val Accuracy: 0.6532 | Val F1 Score: 0.2190
2025-01-10 13:24:39,837 - INFO - ROC AUC did not improve. 3/5 epochs without improvement.
2025-01-10 13:24:40,231 - INFO - Epoch [32/50] | Train Loss: 0.5104 | Val Loss: 0.5559 | Val ROC AUC: 0.7789 | Val Accuracy: 0.6499 | Val F1 Score: 0.2188
2025-01-10 13:24:40,231 - INFO - ROC AUC did not improve. 4/5 epochs without improvement.
2025-01-10 13:24:40,615 - INFO - Epoch [33/50] | Train Loss: 0.5086 | Val Loss: 0.5409 | Val ROC AUC: 0.7794 | Val Accuracy: 0.6596 | Val F1 Score: 0.2222
2025-01-10 13:24:40,615 - INFO - ROC AUC improved to 0.7794. Saving model.
2025-01-10 13:24:40,962 - INFO - Epoch [34/50] | Train Loss: 0.5089 | Val Loss: 0.5507 | Val ROC AUC: 0.7792 | Val Accuracy: 0.6544 | Val F1 Score: 0.2196
2025-01-10 13:24:40,962 - INFO - ROC AUC did not improve. 1/5 epochs without improvement.
2025-01-10 13:24:41,359 - INFO - Epoch [35/50] | Train Loss: 0.5081 | Val Loss: 0.5620 | Val ROC AUC: 0.7790 | Val Accuracy: 0.6471 | Val F1 Score: 0.2188
2025-01-10 13:24:41,359 - INFO - ROC AUC did not improve. 2/5 epochs without improvement.
2025-01-10 13:24:41,734 - INFO - Epoch [36/50] | Train Loss: 0.5077 | Val Loss: 0.5429 | Val ROC AUC: 0.7795 | Val Accuracy: 0.6584 | Val F1 Score: 0.2216
2025-01-10 13:24:41,734 - INFO - ROC AUC improved to 0.7795. Saving model.
2025-01-10 13:24:42,120 - INFO - Epoch [37/50] | Train Loss: 0.5066 | Val Loss: 0.5385 | Val ROC AUC: 0.7798 | Val Accuracy: 0.6621 | Val F1 Score: 0.2235
2025-01-10 13:24:42,120 - INFO - ROC AUC improved to 0.7798. Saving model.
2025-01-10 13:24:42,487 - INFO - Epoch [38/50] | Train Loss: 0.5075 | Val Loss: 0.5373 | Val ROC AUC: 0.7800 | Val Accuracy: 0.6629 | Val F1 Score: 0.2239
2025-01-10 13:24:42,487 - INFO - ROC AUC improved to 0.7800. Saving model.
2025-01-10 13:24:42,883 - INFO - Epoch [39/50] | Train Loss: 0.5058 | Val Loss: 0.5530 | Val ROC AUC: 0.7797 | Val Accuracy: 0.6511 | Val F1 Score: 0.2194
2025-01-10 13:24:42,883 - INFO - ROC AUC did not improve. 1/5 epochs without improvement.
2025-01-10 13:24:43,270 - INFO - Epoch [40/50] | Train Loss: 0.5052 | Val Loss: 0.5505 | Val ROC AUC: 0.7799 | Val Accuracy: 0.6515 | Val F1 Score: 0.2182
2025-01-10 13:24:43,270 - INFO - ROC AUC did not improve. 2/5 epochs without improvement.
2025-01-10 13:24:43,704 - INFO - Epoch [41/50] | Train Loss: 0.5051 | Val Loss: 0.5512 | Val ROC AUC: 0.7801 | Val Accuracy: 0.6507 | Val F1 Score: 0.2178
2025-01-10 13:24:43,704 - INFO - ROC AUC improved to 0.7801. Saving model.
2025-01-10 13:24:44,068 - INFO - Epoch [42/50] | Train Loss: 0.5048 | Val Loss: 0.5466 | Val ROC AUC: 0.7803 | Val Accuracy: 0.6540 | Val F1 Score: 0.2194
2025-01-10 13:24:44,068 - INFO - ROC AUC improved to 0.7803. Saving model.
2025-01-10 13:24:44,460 - INFO - Epoch [43/50] | Train Loss: 0.5044 | Val Loss: 0.5608 | Val ROC AUC: 0.7801 | Val Accuracy: 0.6451 | Val F1 Score: 0.2179
2025-01-10 13:24:44,460 - INFO - ROC AUC did not improve. 1/5 epochs without improvement.
2025-01-10 13:24:44,821 - INFO - Epoch [44/50] | Train Loss: 0.5060 | Val Loss: 0.5383 | Val ROC AUC: 0.7807 | Val Accuracy: 0.6617 | Val F1 Score: 0.2233
2025-01-10 13:24:44,821 - INFO - ROC AUC improved to 0.7807. Saving model.
2025-01-10 13:24:45,197 - INFO - Epoch [45/50] | Train Loss: 0.5032 | Val Loss: 0.5498 | Val ROC AUC: 0.7805 | Val Accuracy: 0.6511 | Val F1 Score: 0.2180
2025-01-10 13:24:45,197 - INFO - ROC AUC did not improve. 1/5 epochs without improvement.
2025-01-10 13:24:45,550 - INFO - Epoch [46/50] | Train Loss: 0.5060 | Val Loss: 0.5291 | Val ROC AUC: 0.7813 | Val Accuracy: 0.6657 | Val F1 Score: 0.2254
2025-01-10 13:24:45,550 - INFO - ROC AUC improved to 0.7813. Saving model.
2025-01-10 13:24:45,902 - INFO - Epoch [47/50] | Train Loss: 0.5029 | Val Loss: 0.5374 | Val ROC AUC: 0.7811 | Val Accuracy: 0.6596 | Val F1 Score: 0.2222
2025-01-10 13:24:45,902 - INFO - ROC AUC did not improve. 1/5 epochs without improvement.
2025-01-10 13:24:46,286 - INFO - Epoch [48/50] | Train Loss: 0.5039 | Val Loss: 0.5459 | Val ROC AUC: 0.7809 | Val Accuracy: 0.6536 | Val F1 Score: 0.2192
2025-01-10 13:24:46,286 - INFO - ROC AUC did not improve. 2/5 epochs without improvement.
2025-01-10 13:24:46,651 - INFO - Epoch [49/50] | Train Loss: 0.5028 | Val Loss: 0.5493 | Val ROC AUC: 0.7809 | Val Accuracy: 0.6511 | Val F1 Score: 0.2180
2025-01-10 13:24:46,651 - INFO - ROC AUC did not improve. 3/5 epochs without improvement.
2025-01-10 13:24:47,014 - INFO - Epoch [50/50] | Train Loss: 0.5029 | Val Loss: 0.5528 | Val ROC AUC: 0.7808 | Val Accuracy: 0.6487 | Val F1 Score: 0.2168
2025-01-10 13:24:47,014 - INFO - ROC AUC did not improve. 4/5 epochs without improvement.
2025-01-10 13:24:47,014 - INFO - Best model state loaded based on validation ROC AUC.
2025-01-10 13:24:47,058 - INFO - Test Metrics | Log-loss: 0.5347 | ROC AUC: 0.7865 | Accuracy: 0.6612 | F1 Score: 0.2265
2025-01-10 13:24:47,058 - INFO - Model training and evaluation completed successfully.
2025-01-10 13:24:47,058 - INFO - Metrics for 'global_iid' successfully saved to ./local_env/results/iid_res.json
2025-01-10 13:24:47,091 - INFO - Data successfully loaded from ./datas/NON_IID.csv
2025-01-10 13:24:47,115 - INFO - Gaussian noise added to columns: Index(['Unnamed: 0', 'Month', 'WeekOfMonth', 'DayOfWeek', 'Make',
       'AccidentArea', 'DayOfWeekClaimed', 'MonthClaimed',
       'WeekOfMonthClaimed', 'Sex', 'MaritalStatus', 'Age', 'Fault',
       'PolicyType', 'VehicleCategory', 'VehiclePrice', 'PolicyNumber',
       'RepNumber', 'Deductible', 'DriverRating', 'Days_Policy_Accident',
       'Days_Policy_Claim', 'PastNumberOfClaims', 'AgeOfVehicle',
       'PoliceReportFiled', 'WitnessPresent', 'AgentType',
       'NumberOfSuppliments', 'AddressChange_Claim', 'NumberOfCars', 'Year',
       'BasePolicy', 'AgeGroup', 'VehiclePrice_Cat'],
      dtype='object') with noise level: 1.5
2025-01-10 13:24:47,142 - INFO - Data split into Train (9868) and Val (2468) samples.
2025-01-10 13:24:47,149 - INFO - Features scaled using MinMaxScaler.
2025-01-10 13:24:47,233 - INFO - Polynomial features of degree 2 generated.
2025-01-10 13:24:47,391 - INFO - SMOTE applied. Training sample size increased to 18564.
2025-01-10 13:24:47,415 - INFO - DataLoaders for Train, Val, and Test sets created.
2025-01-10 13:24:47,830 - INFO - Epoch [1/50] | Train Loss: 0.6923 | Val Loss: 0.6869 | Val ROC AUC: 0.4977 | Val Accuracy: 0.5648 | Val F1 Score: 0.1095
2025-01-10 13:24:47,830 - INFO - ROC AUC improved to 0.4977. Saving model.
2025-01-10 13:24:48,213 - INFO - Epoch [2/50] | Train Loss: 0.6906 | Val Loss: 0.6624 | Val ROC AUC: 0.5158 | Val Accuracy: 0.7634 | Val F1 Score: 0.1015
2025-01-10 13:24:48,213 - INFO - ROC AUC improved to 0.5158. Saving model.
2025-01-10 13:24:48,615 - INFO - Epoch [3/50] | Train Loss: 0.6891 | Val Loss: 0.6607 | Val ROC AUC: 0.5296 | Val Accuracy: 0.7613 | Val F1 Score: 0.1143
2025-01-10 13:24:48,615 - INFO - ROC AUC improved to 0.5296. Saving model.
2025-01-10 13:24:48,998 - INFO - Epoch [4/50] | Train Loss: 0.6876 | Val Loss: 0.6512 | Val ROC AUC: 0.5397 | Val Accuracy: 0.8108 | Val F1 Score: 0.1205
2025-01-10 13:24:48,998 - INFO - ROC AUC improved to 0.5397. Saving model.
2025-01-10 13:24:49,368 - INFO - Epoch [5/50] | Train Loss: 0.6862 | Val Loss: 0.6613 | Val ROC AUC: 0.5476 | Val Accuracy: 0.7318 | Val F1 Score: 0.1243
2025-01-10 13:24:49,368 - INFO - ROC AUC improved to 0.5476. Saving model.
2025-01-10 13:24:49,730 - INFO - Epoch [6/50] | Train Loss: 0.6850 | Val Loss: 0.6713 | Val ROC AUC: 0.5545 | Val Accuracy: 0.6544 | Val F1 Score: 0.1269
2025-01-10 13:24:49,730 - INFO - ROC AUC improved to 0.5545. Saving model.
2025-01-10 13:24:50,103 - INFO - Epoch [7/50] | Train Loss: 0.6835 | Val Loss: 0.6577 | Val ROC AUC: 0.5583 | Val Accuracy: 0.7281 | Val F1 Score: 0.1297
2025-01-10 13:24:50,103 - INFO - ROC AUC improved to 0.5583. Saving model.
2025-01-10 13:24:50,480 - INFO - Epoch [8/50] | Train Loss: 0.6823 | Val Loss: 0.6688 | Val ROC AUC: 0.5632 | Val Accuracy: 0.6519 | Val F1 Score: 0.1244
2025-01-10 13:24:50,480 - INFO - ROC AUC improved to 0.5632. Saving model.
2025-01-10 13:24:50,852 - INFO - Epoch [9/50] | Train Loss: 0.6812 | Val Loss: 0.6682 | Val ROC AUC: 0.5665 | Val Accuracy: 0.6503 | Val F1 Score: 0.1292
2025-01-10 13:24:50,852 - INFO - ROC AUC improved to 0.5665. Saving model.
2025-01-10 13:24:51,230 - INFO - Epoch [10/50] | Train Loss: 0.6797 | Val Loss: 0.6524 | Val ROC AUC: 0.5688 | Val Accuracy: 0.7204 | Val F1 Score: 0.1353
2025-01-10 13:24:51,230 - INFO - ROC AUC improved to 0.5688. Saving model.
2025-01-10 13:24:51,643 - INFO - Epoch [11/50] | Train Loss: 0.6787 | Val Loss: 0.6431 | Val ROC AUC: 0.5704 | Val Accuracy: 0.7532 | Val F1 Score: 0.1362
2025-01-10 13:24:51,643 - INFO - ROC AUC improved to 0.5704. Saving model.
2025-01-10 13:24:52,044 - INFO - Epoch [12/50] | Train Loss: 0.6778 | Val Loss: 0.6656 | Val ROC AUC: 0.5736 | Val Accuracy: 0.6370 | Val F1 Score: 0.1233
2025-01-10 13:24:52,045 - INFO - ROC AUC improved to 0.5736. Saving model.
2025-01-10 13:24:52,398 - INFO - Epoch [13/50] | Train Loss: 0.6769 | Val Loss: 0.6792 | Val ROC AUC: 0.5757 | Val Accuracy: 0.5741 | Val F1 Score: 0.1278
2025-01-10 13:24:52,398 - INFO - ROC AUC improved to 0.5757. Saving model.
2025-01-10 13:24:52,750 - INFO - Epoch [14/50] | Train Loss: 0.6761 | Val Loss: 0.6527 | Val ROC AUC: 0.5753 | Val Accuracy: 0.6775 | Val F1 Score: 0.1291
2025-01-10 13:24:52,750 - INFO - ROC AUC did not improve. 1/5 epochs without improvement.
2025-01-10 13:24:53,105 - INFO - Epoch [15/50] | Train Loss: 0.6753 | Val Loss: 0.6533 | Val ROC AUC: 0.5766 | Val Accuracy: 0.6690 | Val F1 Score: 0.1281
2025-01-10 13:24:53,105 - INFO - ROC AUC improved to 0.5766. Saving model.
2025-01-10 13:24:53,488 - INFO - Epoch [16/50] | Train Loss: 0.6741 | Val Loss: 0.6526 | Val ROC AUC: 0.5775 | Val Accuracy: 0.6686 | Val F1 Score: 0.1353
2025-01-10 13:24:53,488 - INFO - ROC AUC improved to 0.5775. Saving model.
2025-01-10 13:24:53,871 - INFO - Epoch [17/50] | Train Loss: 0.6735 | Val Loss: 0.6429 | Val ROC AUC: 0.5780 | Val Accuracy: 0.6973 | Val F1 Score: 0.1304
2025-01-10 13:24:53,871 - INFO - ROC AUC improved to 0.5780. Saving model.
2025-01-10 13:24:54,251 - INFO - Epoch [18/50] | Train Loss: 0.6728 | Val Loss: 0.6453 | Val ROC AUC: 0.5787 | Val Accuracy: 0.6787 | Val F1 Score: 0.1314
2025-01-10 13:24:54,251 - INFO - ROC AUC improved to 0.5787. Saving model.
2025-01-10 13:24:54,612 - INFO - Epoch [19/50] | Train Loss: 0.6716 | Val Loss: 0.6762 | Val ROC AUC: 0.5808 | Val Accuracy: 0.5754 | Val F1 Score: 0.1281
2025-01-10 13:24:54,612 - INFO - ROC AUC improved to 0.5808. Saving model.
2025-01-10 13:24:54,984 - INFO - Epoch [20/50] | Train Loss: 0.6712 | Val Loss: 0.6575 | Val ROC AUC: 0.5806 | Val Accuracy: 0.6337 | Val F1 Score: 0.1324
2025-01-10 13:24:54,984 - INFO - ROC AUC did not improve. 1/5 epochs without improvement.
2025-01-10 13:24:55,350 - INFO - Epoch [21/50] | Train Loss: 0.6706 | Val Loss: 0.6526 | Val ROC AUC: 0.5809 | Val Accuracy: 0.6455 | Val F1 Score: 0.1345
2025-01-10 13:24:55,350 - INFO - ROC AUC improved to 0.5809. Saving model.
2025-01-10 13:24:55,717 - INFO - Epoch [22/50] | Train Loss: 0.6696 | Val Loss: 0.6535 | Val ROC AUC: 0.5814 | Val Accuracy: 0.6378 | Val F1 Score: 0.1337
2025-01-10 13:24:55,717 - INFO - ROC AUC improved to 0.5814. Saving model.
2025-01-10 13:24:56,084 - INFO - Epoch [23/50] | Train Loss: 0.6693 | Val Loss: 0.6352 | Val ROC AUC: 0.5809 | Val Accuracy: 0.6953 | Val F1 Score: 0.1376
2025-01-10 13:24:56,084 - INFO - ROC AUC did not improve. 1/5 epochs without improvement.
2025-01-10 13:24:56,433 - INFO - Epoch [24/50] | Train Loss: 0.6687 | Val Loss: 0.6412 | Val ROC AUC: 0.5816 | Val Accuracy: 0.6710 | Val F1 Score: 0.1343
2025-01-10 13:24:56,433 - INFO - ROC AUC improved to 0.5816. Saving model.
2025-01-10 13:24:56,801 - INFO - Epoch [25/50] | Train Loss: 0.6682 | Val Loss: 0.6621 | Val ROC AUC: 0.5829 | Val Accuracy: 0.6066 | Val F1 Score: 0.1291
2025-01-10 13:24:56,801 - INFO - ROC AUC improved to 0.5829. Saving model.
2025-01-10 13:24:57,148 - INFO - Epoch [26/50] | Train Loss: 0.6674 | Val Loss: 0.6671 | Val ROC AUC: 0.5835 | Val Accuracy: 0.5920 | Val F1 Score: 0.1281
2025-01-10 13:24:57,148 - INFO - ROC AUC improved to 0.5835. Saving model.
2025-01-10 13:24:57,518 - INFO - Epoch [27/50] | Train Loss: 0.6669 | Val Loss: 0.6689 | Val ROC AUC: 0.5839 | Val Accuracy: 0.5859 | Val F1 Score: 0.1310
2025-01-10 13:24:57,518 - INFO - ROC AUC improved to 0.5839. Saving model.
2025-01-10 13:24:57,912 - INFO - Epoch [28/50] | Train Loss: 0.6666 | Val Loss: 0.6367 | Val ROC AUC: 0.5831 | Val Accuracy: 0.6726 | Val F1 Score: 0.1330
2025-01-10 13:24:57,912 - INFO - ROC AUC did not improve. 1/5 epochs without improvement.
2025-01-10 13:24:58,285 - INFO - Epoch [29/50] | Train Loss: 0.6657 | Val Loss: 0.6396 | Val ROC AUC: 0.5837 | Val Accuracy: 0.6637 | Val F1 Score: 0.1336
2025-01-10 13:24:58,285 - INFO - ROC AUC did not improve. 2/5 epochs without improvement.
2025-01-10 13:24:58,645 - INFO - Epoch [30/50] | Train Loss: 0.6652 | Val Loss: 0.6454 | Val ROC AUC: 0.5840 | Val Accuracy: 0.6402 | Val F1 Score: 0.1294
2025-01-10 13:24:58,645 - INFO - ROC AUC improved to 0.5840. Saving model.
2025-01-10 13:24:59,014 - INFO - Epoch [31/50] | Train Loss: 0.6649 | Val Loss: 0.6654 | Val ROC AUC: 0.5850 | Val Accuracy: 0.5912 | Val F1 Score: 0.1339
2025-01-10 13:24:59,014 - INFO - ROC AUC improved to 0.5850. Saving model.
2025-01-10 13:24:59,384 - INFO - Epoch [32/50] | Train Loss: 0.6646 | Val Loss: 0.6631 | Val ROC AUC: 0.5850 | Val Accuracy: 0.5928 | Val F1 Score: 0.1314
2025-01-10 13:24:59,384 - INFO - ROC AUC improved to 0.5850. Saving model.
2025-01-10 13:24:59,752 - INFO - Epoch [33/50] | Train Loss: 0.6643 | Val Loss: 0.6584 | Val ROC AUC: 0.5851 | Val Accuracy: 0.6045 | Val F1 Score: 0.1317
2025-01-10 13:24:59,752 - INFO - ROC AUC improved to 0.5851. Saving model.
2025-01-10 13:25:00,118 - INFO - Epoch [34/50] | Train Loss: 0.6638 | Val Loss: 0.6583 | Val ROC AUC: 0.5852 | Val Accuracy: 0.6045 | Val F1 Score: 0.1317
2025-01-10 13:25:00,118 - INFO - ROC AUC improved to 0.5852. Saving model.
2025-01-10 13:25:00,466 - INFO - Epoch [35/50] | Train Loss: 0.6630 | Val Loss: 0.6391 | Val ROC AUC: 0.5847 | Val Accuracy: 0.6495 | Val F1 Score: 0.1289
2025-01-10 13:25:00,466 - INFO - ROC AUC did not improve. 1/5 epochs without improvement.
2025-01-10 13:25:00,865 - INFO - Epoch [36/50] | Train Loss: 0.6633 | Val Loss: 0.6673 | Val ROC AUC: 0.5861 | Val Accuracy: 0.5855 | Val F1 Score: 0.1382
2025-01-10 13:25:00,865 - INFO - ROC AUC improved to 0.5861. Saving model.
2025-01-10 13:25:01,210 - INFO - Epoch [37/50] | Train Loss: 0.6626 | Val Loss: 0.6734 | Val ROC AUC: 0.5865 | Val Accuracy: 0.5701 | Val F1 Score: 0.1353
2025-01-10 13:25:01,211 - INFO - ROC AUC improved to 0.5865. Saving model.
2025-01-10 13:25:01,584 - INFO - Epoch [38/50] | Train Loss: 0.6622 | Val Loss: 0.6399 | Val ROC AUC: 0.5854 | Val Accuracy: 0.6410 | Val F1 Score: 0.1280
2025-01-10 13:25:01,584 - INFO - ROC AUC did not improve. 1/5 epochs without improvement.
2025-01-10 13:25:01,951 - INFO - Epoch [39/50] | Train Loss: 0.6617 | Val Loss: 0.6550 | Val ROC AUC: 0.5859 | Val Accuracy: 0.6074 | Val F1 Score: 0.1325
2025-01-10 13:25:01,951 - INFO - ROC AUC did not improve. 2/5 epochs without improvement.
2025-01-10 13:25:02,333 - INFO - Epoch [40/50] | Train Loss: 0.6615 | Val Loss: 0.6548 | Val ROC AUC: 0.5860 | Val Accuracy: 0.6074 | Val F1 Score: 0.1325
2025-01-10 13:25:02,333 - INFO - ROC AUC did not improve. 3/5 epochs without improvement.
2025-01-10 13:25:02,711 - INFO - Epoch [41/50] | Train Loss: 0.6612 | Val Loss: 0.6470 | Val ROC AUC: 0.5859 | Val Accuracy: 0.6240 | Val F1 Score: 0.1327
2025-01-10 13:25:02,711 - INFO - ROC AUC did not improve. 4/5 epochs without improvement.
2025-01-10 13:25:03,064 - INFO - Epoch [42/50] | Train Loss: 0.6608 | Val Loss: 0.6585 | Val ROC AUC: 0.5863 | Val Accuracy: 0.5989 | Val F1 Score: 0.1361
2025-01-10 13:25:03,064 - INFO - ROC AUC did not improve. 5/5 epochs without improvement.
2025-01-10 13:25:03,064 - INFO - Early stopping triggered at epoch 42.
2025-01-10 13:25:03,064 - INFO - Best model state loaded based on validation ROC AUC.
2025-01-10 13:25:03,111 - INFO - Test Metrics | Log-loss: 0.6488 | ROC AUC: 0.6484 | Accuracy: 0.6696 | F1 Score: 0.1722
2025-01-10 13:25:03,111 - INFO - Model training and evaluation completed successfully.
2025-01-10 13:25:03,111 - INFO - Metrics for 'global_noniid' successfully saved to ./local_env/results/non_iid_res.json
2025-01-10 13:25:03,131 - INFO - Data successfully loaded from ./datas/IID_1.csv
2025-01-10 13:25:03,134 - INFO - Data split into Train (4934) and Val (1234) samples.
2025-01-10 13:25:03,145 - INFO - Features scaled using MinMaxScaler.
2025-01-10 13:25:03,194 - INFO - Polynomial features of degree 2 generated.
2025-01-10 13:25:03,260 - INFO - SMOTE applied. Training sample size increased to 9248.
2025-01-10 13:25:03,276 - INFO - DataLoaders for Train, Val, and Test sets created.
2025-01-10 13:25:03,477 - INFO - Epoch [1/50] | Train Loss: 0.6765 | Val Loss: 0.6348 | Val ROC AUC: 0.7392 | Val Accuracy: 0.7480 | Val F1 Score: 0.2244
2025-01-10 13:25:03,477 - INFO - ROC AUC improved to 0.7392. Saving model.
2025-01-10 13:25:03,645 - INFO - Epoch [2/50] | Train Loss: 0.6535 | Val Loss: 0.6197 | Val ROC AUC: 0.7753 | Val Accuracy: 0.7261 | Val F1 Score: 0.2422
2025-01-10 13:25:03,645 - INFO - ROC AUC improved to 0.7753. Saving model.
2025-01-10 13:25:03,849 - INFO - Epoch [3/50] | Train Loss: 0.6347 | Val Loss: 0.6036 | Val ROC AUC: 0.7854 | Val Accuracy: 0.7099 | Val F1 Score: 0.2350
2025-01-10 13:25:03,849 - INFO - ROC AUC improved to 0.7854. Saving model.
2025-01-10 13:25:04,045 - INFO - Epoch [4/50] | Train Loss: 0.6194 | Val Loss: 0.5851 | Val ROC AUC: 0.7887 | Val Accuracy: 0.7058 | Val F1 Score: 0.2260
2025-01-10 13:25:04,045 - INFO - ROC AUC improved to 0.7887. Saving model.
2025-01-10 13:25:04,266 - INFO - Epoch [5/50] | Train Loss: 0.6066 | Val Loss: 0.5872 | Val ROC AUC: 0.7894 | Val Accuracy: 0.6791 | Val F1 Score: 0.2296
2025-01-10 13:25:04,266 - INFO - ROC AUC improved to 0.7894. Saving model.
2025-01-10 13:25:04,470 - INFO - Epoch [6/50] | Train Loss: 0.5956 | Val Loss: 0.5835 | Val ROC AUC: 0.7893 | Val Accuracy: 0.6686 | Val F1 Score: 0.2268
2025-01-10 13:25:04,477 - INFO - ROC AUC did not improve. 1/5 epochs without improvement.
2025-01-10 13:25:04,677 - INFO - Epoch [7/50] | Train Loss: 0.5864 | Val Loss: 0.5809 | Val ROC AUC: 0.7898 | Val Accuracy: 0.6588 | Val F1 Score: 0.2275
2025-01-10 13:25:04,677 - INFO - ROC AUC improved to 0.7898. Saving model.
2025-01-10 13:25:04,861 - INFO - Epoch [8/50] | Train Loss: 0.5784 | Val Loss: 0.5835 | Val ROC AUC: 0.7896 | Val Accuracy: 0.6483 | Val F1 Score: 0.2222
2025-01-10 13:25:04,861 - INFO - ROC AUC did not improve. 1/5 epochs without improvement.
2025-01-10 13:25:05,045 - INFO - Epoch [9/50] | Train Loss: 0.5718 | Val Loss: 0.5716 | Val ROC AUC: 0.7896 | Val Accuracy: 0.6532 | Val F1 Score: 0.2246
2025-01-10 13:25:05,045 - INFO - ROC AUC did not improve. 2/5 epochs without improvement.
2025-01-10 13:25:05,244 - INFO - Epoch [10/50] | Train Loss: 0.5657 | Val Loss: 0.5547 | Val ROC AUC: 0.7897 | Val Accuracy: 0.6637 | Val F1 Score: 0.2272
2025-01-10 13:25:05,244 - INFO - ROC AUC did not improve. 3/5 epochs without improvement.
2025-01-10 13:25:05,425 - INFO - Epoch [11/50] | Train Loss: 0.5606 | Val Loss: 0.5584 | Val ROC AUC: 0.7896 | Val Accuracy: 0.6532 | Val F1 Score: 0.2274
2025-01-10 13:25:05,425 - INFO - ROC AUC did not improve. 4/5 epochs without improvement.
2025-01-10 13:25:05,615 - INFO - Epoch [12/50] | Train Loss: 0.5562 | Val Loss: 0.5496 | Val ROC AUC: 0.7892 | Val Accuracy: 0.6572 | Val F1 Score: 0.2267
2025-01-10 13:25:05,616 - INFO - ROC AUC did not improve. 5/5 epochs without improvement.
2025-01-10 13:25:05,616 - INFO - Early stopping triggered at epoch 12.
2025-01-10 13:25:05,616 - INFO - Best model state loaded based on validation ROC AUC.
2025-01-10 13:25:05,661 - INFO - Test Metrics | Log-loss: 0.5416 | ROC AUC: 0.7769 | Accuracy: 0.6706 | F1 Score: 0.2209
2025-01-10 13:25:05,661 - INFO - Model training and evaluation completed successfully.
2025-01-10 13:25:05,661 - INFO - Metrics for 'local_1_iid' successfully saved to ./local_env/results/iid_res.json
2025-01-10 13:25:05,681 - INFO - Data successfully loaded from ./datas/IID_2.csv
2025-01-10 13:25:05,684 - INFO - Data split into Train (4934) and Val (1234) samples.
2025-01-10 13:25:05,695 - INFO - Features scaled using MinMaxScaler.
2025-01-10 13:25:05,743 - INFO - Polynomial features of degree 2 generated.
2025-01-10 13:25:05,809 - INFO - SMOTE applied. Training sample size increased to 9316.
2025-01-10 13:25:05,809 - INFO - DataLoaders for Train, Val, and Test sets created.
2025-01-10 13:25:06,015 - INFO - Epoch [1/50] | Train Loss: 0.6784 | Val Loss: 0.6377 | Val ROC AUC: 0.7569 | Val Accuracy: 0.7488 | Val F1 Score: 0.2250
2025-01-10 13:25:06,015 - INFO - ROC AUC improved to 0.7569. Saving model.
2025-01-10 13:25:06,201 - INFO - Epoch [2/50] | Train Loss: 0.6480 | Val Loss: 0.6104 | Val ROC AUC: 0.7875 | Val Accuracy: 0.7447 | Val F1 Score: 0.2222
2025-01-10 13:25:06,202 - INFO - ROC AUC improved to 0.7875. Saving model.
2025-01-10 13:25:06,398 - INFO - Epoch [3/50] | Train Loss: 0.6272 | Val Loss: 0.5986 | Val ROC AUC: 0.7923 | Val Accuracy: 0.7107 | Val F1 Score: 0.2154
2025-01-10 13:25:06,398 - INFO - ROC AUC improved to 0.7923. Saving model.
2025-01-10 13:25:06,592 - INFO - Epoch [4/50] | Train Loss: 0.6105 | Val Loss: 0.5933 | Val ROC AUC: 0.7929 | Val Accuracy: 0.6912 | Val F1 Score: 0.2144
2025-01-10 13:25:06,592 - INFO - ROC AUC improved to 0.7929. Saving model.
2025-01-10 13:25:06,791 - INFO - Epoch [5/50] | Train Loss: 0.5966 | Val Loss: 0.5849 | Val ROC AUC: 0.7926 | Val Accuracy: 0.6840 | Val F1 Score: 0.2105
2025-01-10 13:25:06,792 - INFO - ROC AUC did not improve. 1/5 epochs without improvement.
2025-01-10 13:25:06,992 - INFO - Epoch [6/50] | Train Loss: 0.5854 | Val Loss: 0.5665 | Val ROC AUC: 0.7918 | Val Accuracy: 0.6945 | Val F1 Score: 0.2129
2025-01-10 13:25:06,992 - INFO - ROC AUC did not improve. 2/5 epochs without improvement.
2025-01-10 13:25:07,166 - INFO - Epoch [7/50] | Train Loss: 0.5759 | Val Loss: 0.5629 | Val ROC AUC: 0.7915 | Val Accuracy: 0.6872 | Val F1 Score: 0.2058
2025-01-10 13:25:07,166 - INFO - ROC AUC did not improve. 3/5 epochs without improvement.
2025-01-10 13:25:07,361 - INFO - Epoch [8/50] | Train Loss: 0.5682 | Val Loss: 0.5582 | Val ROC AUC: 0.7913 | Val Accuracy: 0.6848 | Val F1 Score: 0.2077
2025-01-10 13:25:07,361 - INFO - ROC AUC did not improve. 4/5 epochs without improvement.
2025-01-10 13:25:07,560 - INFO - Epoch [9/50] | Train Loss: 0.5615 | Val Loss: 0.5579 | Val ROC AUC: 0.7912 | Val Accuracy: 0.6815 | Val F1 Score: 0.2093
2025-01-10 13:25:07,560 - INFO - ROC AUC did not improve. 5/5 epochs without improvement.
2025-01-10 13:25:07,560 - INFO - Early stopping triggered at epoch 9.
2025-01-10 13:25:07,560 - INFO - Best model state loaded based on validation ROC AUC.
2025-01-10 13:25:07,598 - INFO - Test Metrics | Log-loss: 0.5595 | ROC AUC: 0.7751 | Accuracy: 0.6800 | F1 Score: 0.2234
2025-01-10 13:25:07,598 - INFO - Model training and evaluation completed successfully.
2025-01-10 13:25:07,598 - INFO - Metrics for 'local_2_iid' successfully saved to ./local_env/results/iid_res.json
2025-01-10 13:25:07,668 - INFO - Data successfully loaded from ./datas/NON_IID_FL_1.csv
2025-01-10 13:25:07,668 - INFO - Data split into Train (4064) and Val (1016) samples.
2025-01-10 13:25:07,682 - INFO - Features scaled using MinMaxScaler.
2025-01-10 13:25:07,722 - INFO - Polynomial features of degree 2 generated.
2025-01-10 13:25:07,772 - INFO - SMOTE applied. Training sample size increased to 7426.
2025-01-10 13:25:07,788 - INFO - DataLoaders for Train, Val, and Test sets created.
2025-01-10 13:25:07,947 - INFO - Epoch [1/50] | Train Loss: 0.6934 | Val Loss: 0.6820 | Val ROC AUC: 0.5147 | Val Accuracy: 0.6220 | Val F1 Score: 0.1616
2025-01-10 13:25:07,947 - INFO - ROC AUC improved to 0.5147. Saving model.
2025-01-10 13:25:08,095 - INFO - Epoch [2/50] | Train Loss: 0.6915 | Val Loss: 0.6879 | Val ROC AUC: 0.5186 | Val Accuracy: 0.5659 | Val F1 Score: 0.1664
2025-01-10 13:25:08,095 - INFO - ROC AUC improved to 0.5186. Saving model.
2025-01-10 13:25:08,261 - INFO - Epoch [3/50] | Train Loss: 0.6907 | Val Loss: 0.6623 | Val ROC AUC: 0.5306 | Val Accuracy: 0.7648 | Val F1 Score: 0.1434
2025-01-10 13:25:08,261 - INFO - ROC AUC improved to 0.5306. Saving model.
2025-01-10 13:25:08,417 - INFO - Epoch [4/50] | Train Loss: 0.6899 | Val Loss: 0.6652 | Val ROC AUC: 0.5330 | Val Accuracy: 0.7451 | Val F1 Score: 0.1508
2025-01-10 13:25:08,417 - INFO - ROC AUC improved to 0.5330. Saving model.
2025-01-10 13:25:08,566 - INFO - Epoch [5/50] | Train Loss: 0.6889 | Val Loss: 0.6572 | Val ROC AUC: 0.5371 | Val Accuracy: 0.7815 | Val F1 Score: 0.1395
2025-01-10 13:25:08,566 - INFO - ROC AUC improved to 0.5371. Saving model.
2025-01-10 13:25:08,739 - INFO - Epoch [6/50] | Train Loss: 0.6883 | Val Loss: 0.6830 | Val ROC AUC: 0.5338 | Val Accuracy: 0.6014 | Val F1 Score: 0.1649
2025-01-10 13:25:08,740 - INFO - ROC AUC did not improve. 1/5 epochs without improvement.
2025-01-10 13:25:08,894 - INFO - Epoch [7/50] | Train Loss: 0.6878 | Val Loss: 0.6732 | Val ROC AUC: 0.5377 | Val Accuracy: 0.6801 | Val F1 Score: 0.1645
2025-01-10 13:25:08,894 - INFO - ROC AUC improved to 0.5377. Saving model.
2025-01-10 13:25:09,061 - INFO - Epoch [8/50] | Train Loss: 0.6868 | Val Loss: 0.6599 | Val ROC AUC: 0.5420 | Val Accuracy: 0.7569 | Val F1 Score: 0.1453
2025-01-10 13:25:09,061 - INFO - ROC AUC improved to 0.5420. Saving model.
2025-01-10 13:25:09,217 - INFO - Epoch [9/50] | Train Loss: 0.6864 | Val Loss: 0.6793 | Val ROC AUC: 0.5401 | Val Accuracy: 0.6181 | Val F1 Score: 0.1565
2025-01-10 13:25:09,217 - INFO - ROC AUC did not improve. 1/5 epochs without improvement.
2025-01-10 13:25:09,401 - INFO - Epoch [10/50] | Train Loss: 0.6860 | Val Loss: 0.6566 | Val ROC AUC: 0.5445 | Val Accuracy: 0.7638 | Val F1 Score: 0.1489
2025-01-10 13:25:09,401 - INFO - ROC AUC improved to 0.5445. Saving model.
2025-01-10 13:25:09,543 - INFO - Epoch [11/50] | Train Loss: 0.6851 | Val Loss: 0.6839 | Val ROC AUC: 0.5407 | Val Accuracy: 0.5758 | Val F1 Score: 0.1532
2025-01-10 13:25:09,543 - INFO - ROC AUC did not improve. 1/5 epochs without improvement.
2025-01-10 13:25:09,694 - INFO - Epoch [12/50] | Train Loss: 0.6844 | Val Loss: 0.6767 | Val ROC AUC: 0.5420 | Val Accuracy: 0.6211 | Val F1 Score: 0.1501
2025-01-10 13:25:09,694 - INFO - ROC AUC did not improve. 2/5 epochs without improvement.
2025-01-10 13:25:09,844 - INFO - Epoch [13/50] | Train Loss: 0.6836 | Val Loss: 0.6547 | Val ROC AUC: 0.5458 | Val Accuracy: 0.7559 | Val F1 Score: 0.1565
2025-01-10 13:25:09,844 - INFO - ROC AUC improved to 0.5458. Saving model.
2025-01-10 13:25:09,994 - INFO - Epoch [14/50] | Train Loss: 0.6828 | Val Loss: 0.6572 | Val ROC AUC: 0.5453 | Val Accuracy: 0.7382 | Val F1 Score: 0.1529
2025-01-10 13:25:09,994 - INFO - ROC AUC did not improve. 1/5 epochs without improvement.
2025-01-10 13:25:10,143 - INFO - Epoch [15/50] | Train Loss: 0.6825 | Val Loss: 0.6743 | Val ROC AUC: 0.5430 | Val Accuracy: 0.6260 | Val F1 Score: 0.1518
2025-01-10 13:25:10,144 - INFO - ROC AUC did not improve. 2/5 epochs without improvement.
2025-01-10 13:25:10,301 - INFO - Epoch [16/50] | Train Loss: 0.6822 | Val Loss: 0.6876 | Val ROC AUC: 0.5421 | Val Accuracy: 0.5492 | Val F1 Score: 0.1519
2025-01-10 13:25:10,301 - INFO - ROC AUC did not improve. 3/5 epochs without improvement.
2025-01-10 13:25:10,426 - INFO - Epoch [17/50] | Train Loss: 0.6820 | Val Loss: 0.6760 | Val ROC AUC: 0.5438 | Val Accuracy: 0.6063 | Val F1 Score: 0.1453
2025-01-10 13:25:10,426 - INFO - ROC AUC did not improve. 4/5 epochs without improvement.
2025-01-10 13:25:10,593 - INFO - Epoch [18/50] | Train Loss: 0.6812 | Val Loss: 0.6749 | Val ROC AUC: 0.5445 | Val Accuracy: 0.6142 | Val F1 Score: 0.1515
2025-01-10 13:25:10,593 - INFO - ROC AUC did not improve. 5/5 epochs without improvement.
2025-01-10 13:25:10,593 - INFO - Early stopping triggered at epoch 18.
2025-01-10 13:25:10,593 - INFO - Best model state loaded based on validation ROC AUC.
2025-01-10 13:25:10,642 - INFO - Test Metrics | Log-loss: 0.6727 | ROC AUC: 0.5855 | Accuracy: 0.6864 | F1 Score: 0.1420
2025-01-10 13:25:10,643 - INFO - Model training and evaluation completed successfully.
2025-01-10 13:25:10,645 - INFO - Metrics for 'local_1_noniid' successfully saved to ./local_env/results/non_iid_res.json
2025-01-10 13:25:10,695 - INFO - Data successfully loaded from ./datas/NON_IID_FL_2.csv
2025-01-10 13:25:10,710 - INFO - Data split into Train (5804) and Val (1452) samples.
2025-01-10 13:25:10,714 - INFO - Features scaled using MinMaxScaler.
2025-01-10 13:25:10,760 - INFO - Polynomial features of degree 2 generated.
2025-01-10 13:25:10,849 - INFO - SMOTE applied. Training sample size increased to 11140.
2025-01-10 13:25:10,861 - INFO - DataLoaders for Train, Val, and Test sets created.
2025-01-10 13:25:11,091 - INFO - Epoch [1/50] | Train Loss: 0.6965 | Val Loss: 0.6759 | Val ROC AUC: 0.4771 | Val Accuracy: 0.6536 | Val F1 Score: 0.0527
2025-01-10 13:25:11,106 - INFO - ROC AUC improved to 0.4771. Saving model.
2025-01-10 13:25:11,339 - INFO - Epoch [2/50] | Train Loss: 0.6941 | Val Loss: 0.6478 | Val ROC AUC: 0.4911 | Val Accuracy: 0.8388 | Val F1 Score: 0.0250
2025-01-10 13:25:11,339 - INFO - ROC AUC improved to 0.4911. Saving model.
2025-01-10 13:25:11,573 - INFO - Epoch [3/50] | Train Loss: 0.6934 | Val Loss: 0.6785 | Val ROC AUC: 0.5018 | Val Accuracy: 0.6364 | Val F1 Score: 0.0704
2025-01-10 13:25:11,573 - INFO - ROC AUC improved to 0.5018. Saving model.
2025-01-10 13:25:11,791 - INFO - Epoch [4/50] | Train Loss: 0.6918 | Val Loss: 0.6596 | Val ROC AUC: 0.5165 | Val Accuracy: 0.7775 | Val F1 Score: 0.0415
2025-01-10 13:25:11,791 - INFO - ROC AUC improved to 0.5165. Saving model.
2025-01-10 13:25:12,032 - INFO - Epoch [5/50] | Train Loss: 0.6909 | Val Loss: 0.6586 | Val ROC AUC: 0.5289 | Val Accuracy: 0.7851 | Val F1 Score: 0.0429
2025-01-10 13:25:12,032 - INFO - ROC AUC improved to 0.5289. Saving model.
2025-01-10 13:25:12,243 - INFO - Epoch [6/50] | Train Loss: 0.6894 | Val Loss: 0.6512 | Val ROC AUC: 0.5405 | Val Accuracy: 0.8285 | Val F1 Score: 0.0460
2025-01-10 13:25:12,243 - INFO - ROC AUC improved to 0.5405. Saving model.
2025-01-10 13:25:12,476 - INFO - Epoch [7/50] | Train Loss: 0.6883 | Val Loss: 0.6424 | Val ROC AUC: 0.5519 | Val Accuracy: 0.8691 | Val F1 Score: 0.0500
2025-01-10 13:25:12,476 - INFO - ROC AUC improved to 0.5519. Saving model.
2025-01-10 13:25:12,715 - INFO - Epoch [8/50] | Train Loss: 0.6877 | Val Loss: 0.6765 | Val ROC AUC: 0.5556 | Val Accuracy: 0.6563 | Val F1 Score: 0.0944
2025-01-10 13:25:12,715 - INFO - ROC AUC improved to 0.5556. Saving model.
2025-01-10 13:25:12,941 - INFO - Epoch [9/50] | Train Loss: 0.6867 | Val Loss: 0.6886 | Val ROC AUC: 0.5600 | Val Accuracy: 0.5503 | Val F1 Score: 0.0943
2025-01-10 13:25:12,941 - INFO - ROC AUC improved to 0.5600. Saving model.
2025-01-10 13:25:13,199 - INFO - Epoch [10/50] | Train Loss: 0.6859 | Val Loss: 0.6514 | Val ROC AUC: 0.5714 | Val Accuracy: 0.7996 | Val F1 Score: 0.0703
2025-01-10 13:25:13,199 - INFO - ROC AUC improved to 0.5714. Saving model.
2025-01-10 13:25:13,426 - INFO - Epoch [11/50] | Train Loss: 0.6850 | Val Loss: 0.6738 | Val ROC AUC: 0.5731 | Val Accuracy: 0.6563 | Val F1 Score: 0.0976
2025-01-10 13:25:13,426 - INFO - ROC AUC improved to 0.5731. Saving model.
2025-01-10 13:25:13,657 - INFO - Epoch [12/50] | Train Loss: 0.6839 | Val Loss: 0.6690 | Val ROC AUC: 0.5775 | Val Accuracy: 0.6839 | Val F1 Score: 0.1018
2025-01-10 13:25:13,657 - INFO - ROC AUC improved to 0.5775. Saving model.
2025-01-10 13:25:13,876 - INFO - Epoch [13/50] | Train Loss: 0.6830 | Val Loss: 0.6914 | Val ROC AUC: 0.5799 | Val Accuracy: 0.5317 | Val F1 Score: 0.0981
2025-01-10 13:25:13,876 - INFO - ROC AUC improved to 0.5799. Saving model.
2025-01-10 13:25:14,128 - INFO - Epoch [14/50] | Train Loss: 0.6821 | Val Loss: 0.6601 | Val ROC AUC: 0.5853 | Val Accuracy: 0.7273 | Val F1 Score: 0.1041
2025-01-10 13:25:14,128 - INFO - ROC AUC improved to 0.5853. Saving model.
2025-01-10 13:25:14,357 - INFO - Epoch [15/50] | Train Loss: 0.6816 | Val Loss: 0.6582 | Val ROC AUC: 0.5881 | Val Accuracy: 0.7314 | Val F1 Score: 0.1055
2025-01-10 13:25:14,357 - INFO - ROC AUC improved to 0.5881. Saving model.
2025-01-10 13:25:14,609 - INFO - Epoch [16/50] | Train Loss: 0.6808 | Val Loss: 0.6682 | Val ROC AUC: 0.5885 | Val Accuracy: 0.6584 | Val F1 Score: 0.0916
2025-01-10 13:25:14,609 - INFO - ROC AUC improved to 0.5885. Saving model.
2025-01-10 13:25:14,897 - INFO - Epoch [17/50] | Train Loss: 0.6796 | Val Loss: 0.6650 | Val ROC AUC: 0.5909 | Val Accuracy: 0.6708 | Val F1 Score: 0.0947
2025-01-10 13:25:14,897 - INFO - ROC AUC improved to 0.5909. Saving model.
2025-01-10 13:25:15,125 - INFO - Epoch [18/50] | Train Loss: 0.6795 | Val Loss: 0.6699 | Val ROC AUC: 0.5921 | Val Accuracy: 0.6384 | Val F1 Score: 0.0933
2025-01-10 13:25:15,126 - INFO - ROC AUC improved to 0.5921. Saving model.
2025-01-10 13:25:15,353 - INFO - Epoch [19/50] | Train Loss: 0.6786 | Val Loss: 0.6526 | Val ROC AUC: 0.5941 | Val Accuracy: 0.7342 | Val F1 Score: 0.1065
2025-01-10 13:25:15,353 - INFO - ROC AUC improved to 0.5941. Saving model.
2025-01-10 13:25:15,575 - INFO - Epoch [20/50] | Train Loss: 0.6780 | Val Loss: 0.6688 | Val ROC AUC: 0.5939 | Val Accuracy: 0.6384 | Val F1 Score: 0.0964
2025-01-10 13:25:15,575 - INFO - ROC AUC did not improve. 1/5 epochs without improvement.
2025-01-10 13:25:15,812 - INFO - Epoch [21/50] | Train Loss: 0.6770 | Val Loss: 0.6474 | Val ROC AUC: 0.5964 | Val Accuracy: 0.7376 | Val F1 Score: 0.1035
2025-01-10 13:25:15,812 - INFO - ROC AUC improved to 0.5964. Saving model.
2025-01-10 13:25:16,040 - INFO - Epoch [22/50] | Train Loss: 0.6764 | Val Loss: 0.6739 | Val ROC AUC: 0.5961 | Val Accuracy: 0.6047 | Val F1 Score: 0.1087
2025-01-10 13:25:16,040 - INFO - ROC AUC did not improve. 1/5 epochs without improvement.
2025-01-10 13:25:16,259 - INFO - Epoch [23/50] | Train Loss: 0.6756 | Val Loss: 0.6636 | Val ROC AUC: 0.5970 | Val Accuracy: 0.6508 | Val F1 Score: 0.0930
2025-01-10 13:25:16,259 - INFO - ROC AUC improved to 0.5970. Saving model.
2025-01-10 13:25:16,474 - INFO - Epoch [24/50] | Train Loss: 0.6750 | Val Loss: 0.6537 | Val ROC AUC: 0.5989 | Val Accuracy: 0.6977 | Val F1 Score: 0.1059
2025-01-10 13:25:16,474 - INFO - ROC AUC improved to 0.5989. Saving model.
2025-01-10 13:25:16,711 - INFO - Epoch [25/50] | Train Loss: 0.6747 | Val Loss: 0.6763 | Val ROC AUC: 0.5984 | Val Accuracy: 0.5868 | Val F1 Score: 0.1045
2025-01-10 13:25:16,712 - INFO - ROC AUC did not improve. 1/5 epochs without improvement.
2025-01-10 13:25:16,925 - INFO - Epoch [26/50] | Train Loss: 0.6738 | Val Loss: 0.6518 | Val ROC AUC: 0.6001 | Val Accuracy: 0.6942 | Val F1 Score: 0.1012
2025-01-10 13:25:16,925 - INFO - ROC AUC improved to 0.6001. Saving model.
2025-01-10 13:25:17,141 - INFO - Epoch [27/50] | Train Loss: 0.6735 | Val Loss: 0.6704 | Val ROC AUC: 0.5995 | Val Accuracy: 0.6116 | Val F1 Score: 0.1048
2025-01-10 13:25:17,141 - INFO - ROC AUC did not improve. 1/5 epochs without improvement.
2025-01-10 13:25:17,358 - INFO - Epoch [28/50] | Train Loss: 0.6724 | Val Loss: 0.6651 | Val ROC AUC: 0.6001 | Val Accuracy: 0.6322 | Val F1 Score: 0.1010
2025-01-10 13:25:17,358 - INFO - ROC AUC did not improve. 2/5 epochs without improvement.
2025-01-10 13:25:17,608 - INFO - Epoch [29/50] | Train Loss: 0.6720 | Val Loss: 0.6809 | Val ROC AUC: 0.5998 | Val Accuracy: 0.5668 | Val F1 Score: 0.1027
2025-01-10 13:25:17,608 - INFO - ROC AUC did not improve. 3/5 epochs without improvement.
2025-01-10 13:25:17,824 - INFO - Epoch [30/50] | Train Loss: 0.6720 | Val Loss: 0.6566 | Val ROC AUC: 0.6014 | Val Accuracy: 0.6584 | Val F1 Score: 0.0982
2025-01-10 13:25:17,824 - INFO - ROC AUC improved to 0.6014. Saving model.
2025-01-10 13:25:18,051 - INFO - Epoch [31/50] | Train Loss: 0.6712 | Val Loss: 0.6710 | Val ROC AUC: 0.6008 | Val Accuracy: 0.6012 | Val F1 Score: 0.1051
2025-01-10 13:25:18,051 - INFO - ROC AUC did not improve. 1/5 epochs without improvement.
2025-01-10 13:25:18,274 - INFO - Epoch [32/50] | Train Loss: 0.6706 | Val Loss: 0.6574 | Val ROC AUC: 0.6019 | Val Accuracy: 0.6515 | Val F1 Score: 0.1060
2025-01-10 13:25:18,274 - INFO - ROC AUC improved to 0.6019. Saving model.
2025-01-10 13:25:18,504 - INFO - Epoch [33/50] | Train Loss: 0.6703 | Val Loss: 0.6602 | Val ROC AUC: 0.6020 | Val Accuracy: 0.6384 | Val F1 Score: 0.1026
2025-01-10 13:25:18,504 - INFO - ROC AUC improved to 0.6020. Saving model.
2025-01-10 13:25:18,726 - INFO - Epoch [34/50] | Train Loss: 0.6696 | Val Loss: 0.6509 | Val ROC AUC: 0.6030 | Val Accuracy: 0.6646 | Val F1 Score: 0.0965
2025-01-10 13:25:18,726 - INFO - ROC AUC improved to 0.6030. Saving model.
2025-01-10 13:25:18,956 - INFO - Epoch [35/50] | Train Loss: 0.6689 | Val Loss: 0.6538 | Val ROC AUC: 0.6027 | Val Accuracy: 0.6515 | Val F1 Score: 0.0996
2025-01-10 13:25:18,956 - INFO - ROC AUC did not improve. 1/5 epochs without improvement.
2025-01-10 13:25:19,200 - INFO - Epoch [36/50] | Train Loss: 0.6690 | Val Loss: 0.6592 | Val ROC AUC: 0.6031 | Val Accuracy: 0.6371 | Val F1 Score: 0.1053
2025-01-10 13:25:19,201 - INFO - ROC AUC improved to 0.6031. Saving model.
2025-01-10 13:25:19,429 - INFO - Epoch [37/50] | Train Loss: 0.6680 | Val Loss: 0.6448 | Val ROC AUC: 0.6039 | Val Accuracy: 0.6839 | Val F1 Score: 0.1018
2025-01-10 13:25:19,429 - INFO - ROC AUC improved to 0.6039. Saving model.
2025-01-10 13:25:19,663 - INFO - Epoch [38/50] | Train Loss: 0.6677 | Val Loss: 0.6665 | Val ROC AUC: 0.6035 | Val Accuracy: 0.6074 | Val F1 Score: 0.1038
2025-01-10 13:25:19,663 - INFO - ROC AUC did not improve. 1/5 epochs without improvement.
2025-01-10 13:25:19,907 - INFO - Epoch [39/50] | Train Loss: 0.6679 | Val Loss: 0.6607 | Val ROC AUC: 0.6040 | Val Accuracy: 0.6267 | Val F1 Score: 0.1056
2025-01-10 13:25:19,907 - INFO - ROC AUC improved to 0.6040. Saving model.
2025-01-10 13:25:20,124 - INFO - Epoch [40/50] | Train Loss: 0.6674 | Val Loss: 0.6495 | Val ROC AUC: 0.6049 | Val Accuracy: 0.6563 | Val F1 Score: 0.1073
2025-01-10 13:25:20,124 - INFO - ROC AUC improved to 0.6049. Saving model.
2025-01-10 13:25:20,341 - INFO - Epoch [41/50] | Train Loss: 0.6660 | Val Loss: 0.6505 | Val ROC AUC: 0.6052 | Val Accuracy: 0.6522 | Val F1 Score: 0.1062
2025-01-10 13:25:20,341 - INFO - ROC AUC improved to 0.6052. Saving model.
2025-01-10 13:25:20,572 - INFO - Epoch [42/50] | Train Loss: 0.6662 | Val Loss: 0.6630 | Val ROC AUC: 0.6042 | Val Accuracy: 0.6157 | Val F1 Score: 0.1029
2025-01-10 13:25:20,572 - INFO - ROC AUC did not improve. 1/5 epochs without improvement.
2025-01-10 13:25:20,816 - INFO - Epoch [43/50] | Train Loss: 0.6658 | Val Loss: 0.6720 | Val ROC AUC: 0.6044 | Val Accuracy: 0.5861 | Val F1 Score: 0.1016
2025-01-10 13:25:20,816 - INFO - ROC AUC did not improve. 2/5 epochs without improvement.
2025-01-10 13:25:21,053 - INFO - Epoch [44/50] | Train Loss: 0.6654 | Val Loss: 0.6703 | Val ROC AUC: 0.6048 | Val Accuracy: 0.5895 | Val F1 Score: 0.1024
2025-01-10 13:25:21,053 - INFO - ROC AUC did not improve. 3/5 epochs without improvement.
2025-01-10 13:25:21,273 - INFO - Epoch [45/50] | Train Loss: 0.6652 | Val Loss: 0.6651 | Val ROC AUC: 0.6052 | Val Accuracy: 0.6026 | Val F1 Score: 0.0998
2025-01-10 13:25:21,273 - INFO - ROC AUC did not improve. 4/5 epochs without improvement.
2025-01-10 13:25:21,508 - INFO - Epoch [46/50] | Train Loss: 0.6647 | Val Loss: 0.6373 | Val ROC AUC: 0.6063 | Val Accuracy: 0.6866 | Val F1 Score: 0.1061
2025-01-10 13:25:21,509 - INFO - ROC AUC improved to 0.6063. Saving model.
2025-01-10 13:25:21,724 - INFO - Epoch [47/50] | Train Loss: 0.6641 | Val Loss: 0.6854 | Val ROC AUC: 0.6043 | Val Accuracy: 0.5461 | Val F1 Score: 0.1034
2025-01-10 13:25:21,724 - INFO - ROC AUC did not improve. 1/5 epochs without improvement.
2025-01-10 13:25:21,963 - INFO - Epoch [48/50] | Train Loss: 0.6634 | Val Loss: 0.6523 | Val ROC AUC: 0.6057 | Val Accuracy: 0.6412 | Val F1 Score: 0.1033
2025-01-10 13:25:21,963 - INFO - ROC AUC did not improve. 2/5 epochs without improvement.
2025-01-10 13:25:22,208 - INFO - Epoch [49/50] | Train Loss: 0.6639 | Val Loss: 0.6679 | Val ROC AUC: 0.6050 | Val Accuracy: 0.5930 | Val F1 Score: 0.1032
2025-01-10 13:25:22,208 - INFO - ROC AUC did not improve. 3/5 epochs without improvement.
2025-01-10 13:25:22,430 - INFO - Epoch [50/50] | Train Loss: 0.6636 | Val Loss: 0.6352 | Val ROC AUC: 0.6068 | Val Accuracy: 0.6791 | Val F1 Score: 0.1038
2025-01-10 13:25:22,439 - INFO - ROC AUC improved to 0.6068. Saving model.
2025-01-10 13:25:22,439 - INFO - Best model state loaded based on validation ROC AUC.
2025-01-10 13:25:22,475 - INFO - Test Metrics | Log-loss: 0.6247 | ROC AUC: 0.6155 | Accuracy: 0.7999 | F1 Score: 0.1466
2025-01-10 13:25:22,475 - INFO - Model training and evaluation completed successfully.
2025-01-10 13:25:22,475 - INFO - Metrics for 'local_2_noniid' successfully saved to ./local_env/results/non_iid_res.json
