2024-12-21 17:24:25,434 - INFO - Data successfully loaded from ./datas/TEST_SAMPLE.csv
2024-12-21 17:24:25,465 - INFO - Data successfully loaded from ./datas/IID.csv
2024-12-21 17:24:25,465 - INFO - Data split into Train (9868) and Val (2468) samples.
2024-12-21 17:24:25,487 - INFO - Features scaled using MinMaxScaler.
2024-12-21 17:24:25,560 - INFO - Polynomial features of degree 2 generated.
2024-12-21 17:24:25,906 - INFO - SMOTE applied. Training sample size increased to 18564.
2024-12-21 17:24:25,936 - INFO - DataLoaders for Train, Val, and Test sets created.
2024-12-21 17:24:28,107 - INFO - Epoch [1/50] | Train Loss: 0.5346 | Val Loss: 0.5965 | Val ROC AUC: 0.7783 | Val Accuracy: 0.6195 | Val F1 Score: 0.2168
2024-12-21 17:24:28,107 - INFO - ROC AUC improved to 0.7783. Saving model.
2024-12-21 17:24:28,517 - INFO - Epoch [2/50] | Train Loss: 0.4940 | Val Loss: 0.5213 | Val ROC AUC: 0.7882 | Val Accuracy: 0.6519 | Val F1 Score: 0.2184
2024-12-21 17:24:28,517 - INFO - ROC AUC improved to 0.7882. Saving model.
2024-12-21 17:24:28,934 - INFO - Epoch [3/50] | Train Loss: 0.4779 | Val Loss: 0.4986 | Val ROC AUC: 0.7853 | Val Accuracy: 0.6536 | Val F1 Score: 0.2163
2024-12-21 17:24:28,934 - INFO - ROC AUC did not improve. 1/5 epochs without improvement.
2024-12-21 17:24:29,334 - INFO - Epoch [4/50] | Train Loss: 0.4677 | Val Loss: 0.5261 | Val ROC AUC: 0.7879 | Val Accuracy: 0.6422 | Val F1 Score: 0.2123
2024-12-21 17:24:29,334 - INFO - ROC AUC did not improve. 2/5 epochs without improvement.
2024-12-21 17:24:29,718 - INFO - Epoch [5/50] | Train Loss: 0.4591 | Val Loss: 0.5161 | Val ROC AUC: 0.7891 | Val Accuracy: 0.6540 | Val F1 Score: 0.2194
2024-12-21 17:24:29,718 - INFO - ROC AUC improved to 0.7891. Saving model.
2024-12-21 17:24:30,316 - INFO - Epoch [6/50] | Train Loss: 0.4523 | Val Loss: 0.4441 | Val ROC AUC: 0.7927 | Val Accuracy: 0.6994 | Val F1 Score: 0.2238
2024-12-21 17:24:30,316 - INFO - ROC AUC improved to 0.7927. Saving model.
2024-12-21 17:24:30,792 - INFO - Epoch [7/50] | Train Loss: 0.4468 | Val Loss: 0.6039 | Val ROC AUC: 0.7858 | Val Accuracy: 0.6195 | Val F1 Score: 0.2195
2024-12-21 17:24:30,792 - INFO - ROC AUC did not improve. 1/5 epochs without improvement.
2024-12-21 17:24:31,202 - INFO - Epoch [8/50] | Train Loss: 0.4422 | Val Loss: 0.5118 | Val ROC AUC: 0.7956 | Val Accuracy: 0.6629 | Val F1 Score: 0.2239
2024-12-21 17:24:31,202 - INFO - ROC AUC improved to 0.7956. Saving model.
2024-12-21 17:24:31,584 - INFO - Epoch [9/50] | Train Loss: 0.4367 | Val Loss: 0.5512 | Val ROC AUC: 0.7917 | Val Accuracy: 0.6410 | Val F1 Score: 0.2228
2024-12-21 17:24:31,584 - INFO - ROC AUC did not improve. 1/5 epochs without improvement.
2024-12-21 17:24:31,966 - INFO - Epoch [10/50] | Train Loss: 0.4328 | Val Loss: 0.5025 | Val ROC AUC: 0.7925 | Val Accuracy: 0.6694 | Val F1 Score: 0.2184
2024-12-21 17:24:31,966 - INFO - ROC AUC did not improve. 2/5 epochs without improvement.
2024-12-21 17:24:32,379 - INFO - Epoch [11/50] | Train Loss: 0.4288 | Val Loss: 0.5695 | Val ROC AUC: 0.7907 | Val Accuracy: 0.6410 | Val F1 Score: 0.2187
2024-12-21 17:24:32,379 - INFO - ROC AUC did not improve. 3/5 epochs without improvement.
2024-12-21 17:24:32,833 - INFO - Epoch [12/50] | Train Loss: 0.4265 | Val Loss: 0.4865 | Val ROC AUC: 0.7942 | Val Accuracy: 0.6860 | Val F1 Score: 0.2242
2024-12-21 17:24:32,833 - INFO - ROC AUC did not improve. 4/5 epochs without improvement.
2024-12-21 17:24:33,232 - INFO - Epoch [13/50] | Train Loss: 0.4218 | Val Loss: 0.4598 | Val ROC AUC: 0.7966 | Val Accuracy: 0.7095 | Val F1 Score: 0.2332
2024-12-21 17:24:33,232 - INFO - ROC AUC improved to 0.7966. Saving model.
2024-12-21 17:24:33,634 - INFO - Epoch [14/50] | Train Loss: 0.4189 | Val Loss: 0.5493 | Val ROC AUC: 0.7940 | Val Accuracy: 0.6560 | Val F1 Score: 0.2161
2024-12-21 17:24:33,634 - INFO - ROC AUC did not improve. 1/5 epochs without improvement.
2024-12-21 17:24:34,048 - INFO - Epoch [15/50] | Train Loss: 0.4156 | Val Loss: 0.4884 | Val ROC AUC: 0.7946 | Val Accuracy: 0.6961 | Val F1 Score: 0.2300
2024-12-21 17:24:34,048 - INFO - ROC AUC did not improve. 2/5 epochs without improvement.
2024-12-21 17:24:34,589 - INFO - Epoch [16/50] | Train Loss: 0.4149 | Val Loss: 0.5321 | Val ROC AUC: 0.7943 | Val Accuracy: 0.6698 | Val F1 Score: 0.2245
2024-12-21 17:24:34,589 - INFO - ROC AUC did not improve. 3/5 epochs without improvement.
2024-12-21 17:24:34,988 - INFO - Epoch [17/50] | Train Loss: 0.4122 | Val Loss: 0.5700 | Val ROC AUC: 0.7943 | Val Accuracy: 0.6519 | Val F1 Score: 0.2141
2024-12-21 17:24:34,988 - INFO - ROC AUC did not improve. 4/5 epochs without improvement.
2024-12-21 17:24:35,383 - INFO - Epoch [18/50] | Train Loss: 0.4103 | Val Loss: 0.4911 | Val ROC AUC: 0.7947 | Val Accuracy: 0.6953 | Val F1 Score: 0.2295
2024-12-21 17:24:35,383 - INFO - ROC AUC did not improve. 5/5 epochs without improvement.
2024-12-21 17:24:35,383 - INFO - Early stopping triggered at epoch 18.
2024-12-21 17:24:35,383 - INFO - Best model state loaded based on validation ROC AUC.
2024-12-21 17:24:35,421 - INFO - Test Metrics | Log-loss: 0.4794 | ROC AUC: 0.8000 | Accuracy: 0.7065 | F1 Score: 0.2350
2024-12-21 17:24:35,421 - INFO - Model training and evaluation completed successfully.
2024-12-21 17:24:35,421 - INFO - Metrics for 'global_iid' successfully saved to ./local_env/results/iid_res.json
2024-12-21 17:24:35,455 - INFO - Data successfully loaded from ./datas/NON_IID.csv
2024-12-21 17:24:35,480 - INFO - Gaussian noise added to columns: Index(['Unnamed: 0', 'Month', 'WeekOfMonth', 'DayOfWeek', 'Make',
       'AccidentArea', 'DayOfWeekClaimed', 'MonthClaimed',
       'WeekOfMonthClaimed', 'Sex', 'MaritalStatus', 'Age', 'Fault',
       'PolicyType', 'VehicleCategory', 'VehiclePrice', 'PolicyNumber',
       'RepNumber', 'Deductible', 'DriverRating', 'Days_Policy_Accident',
       'Days_Policy_Claim', 'PastNumberOfClaims', 'AgeOfVehicle',
       'PoliceReportFiled', 'WitnessPresent', 'AgentType',
       'NumberOfSuppliments', 'AddressChange_Claim', 'NumberOfCars', 'Year',
       'BasePolicy', 'AgeGroup', 'VehiclePrice_Cat'],
      dtype='object') with noise level: 1.5
2024-12-21 17:24:35,494 - INFO - Data split into Train (9868) and Val (2468) samples.
2024-12-21 17:24:35,498 - INFO - Features scaled using MinMaxScaler.
2024-12-21 17:24:35,565 - INFO - Polynomial features of degree 2 generated.
2024-12-21 17:24:35,728 - INFO - SMOTE applied. Training sample size increased to 18564.
2024-12-21 17:24:35,760 - INFO - DataLoaders for Train, Val, and Test sets created.
2024-12-21 17:24:36,261 - INFO - Epoch [1/50] | Train Loss: 0.6760 | Val Loss: 0.7473 | Val ROC AUC: 0.5985 | Val Accuracy: 0.4344 | Val F1 Score: 0.1318
2024-12-21 17:24:36,261 - INFO - ROC AUC improved to 0.5985. Saving model.
2024-12-21 17:24:36,686 - INFO - Epoch [2/50] | Train Loss: 0.6608 | Val Loss: 0.4628 | Val ROC AUC: 0.5993 | Val Accuracy: 0.8647 | Val F1 Score: 0.1022
2024-12-21 17:24:36,686 - INFO - ROC AUC improved to 0.5993. Saving model.
2024-12-21 17:24:37,067 - INFO - Epoch [3/50] | Train Loss: 0.6599 | Val Loss: 0.5709 | Val ROC AUC: 0.6005 | Val Accuracy: 0.7289 | Val F1 Score: 0.1300
2024-12-21 17:24:37,067 - INFO - ROC AUC improved to 0.6005. Saving model.
2024-12-21 17:24:37,467 - INFO - Epoch [4/50] | Train Loss: 0.6530 | Val Loss: 0.5660 | Val ROC AUC: 0.5980 | Val Accuracy: 0.7346 | Val F1 Score: 0.1301
2024-12-21 17:24:37,467 - INFO - ROC AUC did not improve. 1/5 epochs without improvement.
2024-12-21 17:24:37,897 - INFO - Epoch [5/50] | Train Loss: 0.6527 | Val Loss: 0.5359 | Val ROC AUC: 0.5978 | Val Accuracy: 0.7727 | Val F1 Score: 0.1329
2024-12-21 17:24:37,897 - INFO - ROC AUC did not improve. 2/5 epochs without improvement.
2024-12-21 17:24:38,282 - INFO - Epoch [6/50] | Train Loss: 0.6494 | Val Loss: 0.7283 | Val ROC AUC: 0.5966 | Val Accuracy: 0.5061 | Val F1 Score: 0.1324
2024-12-21 17:24:38,282 - INFO - ROC AUC did not improve. 3/5 epochs without improvement.
2024-12-21 17:24:38,668 - INFO - Epoch [7/50] | Train Loss: 0.6482 | Val Loss: 0.6230 | Val ROC AUC: 0.5957 | Val Accuracy: 0.6536 | Val F1 Score: 0.1320
2024-12-21 17:24:38,668 - INFO - ROC AUC did not improve. 4/5 epochs without improvement.
2024-12-21 17:24:39,098 - INFO - Epoch [8/50] | Train Loss: 0.6449 | Val Loss: 0.7370 | Val ROC AUC: 0.5996 | Val Accuracy: 0.4927 | Val F1 Score: 0.1306
2024-12-21 17:24:39,098 - INFO - ROC AUC did not improve. 5/5 epochs without improvement.
2024-12-21 17:24:39,098 - INFO - Early stopping triggered at epoch 8.
2024-12-21 17:24:39,098 - INFO - Best model state loaded based on validation ROC AUC.
2024-12-21 17:24:39,150 - INFO - Test Metrics | Log-loss: 0.7209 | ROC AUC: 0.6681 | Accuracy: 0.4728 | F1 Score: 0.1566
2024-12-21 17:24:39,150 - INFO - Model training and evaluation completed successfully.
2024-12-21 17:24:39,150 - INFO - Metrics for 'global_noniid' successfully saved to ./local_env/results/non_iid_res.json
2024-12-21 17:24:39,166 - INFO - Data successfully loaded from ./datas/IID_1.csv
2024-12-21 17:24:39,177 - INFO - Data split into Train (4934) and Val (1234) samples.
2024-12-21 17:24:39,186 - INFO - Features scaled using MinMaxScaler.
2024-12-21 17:24:39,231 - INFO - Polynomial features of degree 2 generated.
2024-12-21 17:24:39,299 - INFO - SMOTE applied. Training sample size increased to 9248.
2024-12-21 17:24:39,308 - INFO - DataLoaders for Train, Val, and Test sets created.
2024-12-21 17:24:39,518 - INFO - Epoch [1/50] | Train Loss: 0.5569 | Val Loss: 0.5347 | Val ROC AUC: 0.7849 | Val Accuracy: 0.6475 | Val F1 Score: 0.2162
2024-12-21 17:24:39,518 - INFO - ROC AUC improved to 0.7849. Saving model.
2024-12-21 17:24:39,712 - INFO - Epoch [2/50] | Train Loss: 0.5011 | Val Loss: 0.4915 | Val ROC AUC: 0.7898 | Val Accuracy: 0.6791 | Val F1 Score: 0.2266
2024-12-21 17:24:39,712 - INFO - ROC AUC improved to 0.7898. Saving model.
2024-12-21 17:24:39,912 - INFO - Epoch [3/50] | Train Loss: 0.4854 | Val Loss: 0.5343 | Val ROC AUC: 0.7931 | Val Accuracy: 0.6426 | Val F1 Score: 0.2195
2024-12-21 17:24:39,912 - INFO - ROC AUC improved to 0.7931. Saving model.
2024-12-21 17:24:40,105 - INFO - Epoch [4/50] | Train Loss: 0.4752 | Val Loss: 0.4789 | Val ROC AUC: 0.8003 | Val Accuracy: 0.6702 | Val F1 Score: 0.2248
2024-12-21 17:24:40,105 - INFO - ROC AUC improved to 0.8003. Saving model.
2024-12-21 17:24:40,299 - INFO - Epoch [5/50] | Train Loss: 0.4658 | Val Loss: 0.5051 | Val ROC AUC: 0.7996 | Val Accuracy: 0.6548 | Val F1 Score: 0.2310
2024-12-21 17:24:40,299 - INFO - ROC AUC did not improve. 1/5 epochs without improvement.
2024-12-21 17:24:40,482 - INFO - Epoch [6/50] | Train Loss: 0.4571 | Val Loss: 0.5040 | Val ROC AUC: 0.7986 | Val Accuracy: 0.6540 | Val F1 Score: 0.2278
2024-12-21 17:24:40,482 - INFO - ROC AUC did not improve. 2/5 epochs without improvement.
2024-12-21 17:24:40,671 - INFO - Epoch [7/50] | Train Loss: 0.4502 | Val Loss: 0.5344 | Val ROC AUC: 0.8050 | Val Accuracy: 0.6418 | Val F1 Score: 0.2353
2024-12-21 17:24:40,671 - INFO - ROC AUC improved to 0.8050. Saving model.
2024-12-21 17:24:40,861 - INFO - Epoch [8/50] | Train Loss: 0.4448 | Val Loss: 0.4743 | Val ROC AUC: 0.8065 | Val Accuracy: 0.6742 | Val F1 Score: 0.2357
2024-12-21 17:24:40,862 - INFO - ROC AUC improved to 0.8065. Saving model.
2024-12-21 17:24:41,047 - INFO - Epoch [9/50] | Train Loss: 0.4407 | Val Loss: 0.5184 | Val ROC AUC: 0.8055 | Val Accuracy: 0.6564 | Val F1 Score: 0.2374
2024-12-21 17:24:41,047 - INFO - ROC AUC did not improve. 1/5 epochs without improvement.
2024-12-21 17:24:41,233 - INFO - Epoch [10/50] | Train Loss: 0.4349 | Val Loss: 0.5410 | Val ROC AUC: 0.8104 | Val Accuracy: 0.6483 | Val F1 Score: 0.2386
2024-12-21 17:24:41,233 - INFO - ROC AUC improved to 0.8104. Saving model.
2024-12-21 17:24:41,431 - INFO - Epoch [11/50] | Train Loss: 0.4308 | Val Loss: 0.4875 | Val ROC AUC: 0.8085 | Val Accuracy: 0.6742 | Val F1 Score: 0.2415
2024-12-21 17:24:41,431 - INFO - ROC AUC did not improve. 1/5 epochs without improvement.
2024-12-21 17:24:41,625 - INFO - Epoch [12/50] | Train Loss: 0.4275 | Val Loss: 0.4459 | Val ROC AUC: 0.8080 | Val Accuracy: 0.6953 | Val F1 Score: 0.2327
2024-12-21 17:24:41,625 - INFO - ROC AUC did not improve. 2/5 epochs without improvement.
2024-12-21 17:24:41,824 - INFO - Epoch [13/50] | Train Loss: 0.4232 | Val Loss: 0.4718 | Val ROC AUC: 0.8088 | Val Accuracy: 0.6872 | Val F1 Score: 0.2431
2024-12-21 17:24:41,824 - INFO - ROC AUC did not improve. 3/5 epochs without improvement.
2024-12-21 17:24:42,020 - INFO - Epoch [14/50] | Train Loss: 0.4200 | Val Loss: 0.5205 | Val ROC AUC: 0.8073 | Val Accuracy: 0.6645 | Val F1 Score: 0.2445
2024-12-21 17:24:42,020 - INFO - ROC AUC did not improve. 4/5 epochs without improvement.
2024-12-21 17:24:42,204 - INFO - Epoch [15/50] | Train Loss: 0.4172 | Val Loss: 0.4949 | Val ROC AUC: 0.8081 | Val Accuracy: 0.6742 | Val F1 Score: 0.2444
2024-12-21 17:24:42,204 - INFO - ROC AUC did not improve. 5/5 epochs without improvement.
2024-12-21 17:24:42,204 - INFO - Early stopping triggered at epoch 15.
2024-12-21 17:24:42,204 - INFO - Best model state loaded based on validation ROC AUC.
2024-12-21 17:24:42,244 - INFO - Test Metrics | Log-loss: 0.4903 | ROC AUC: 0.7843 | Accuracy: 0.6861 | F1 Score: 0.2330
2024-12-21 17:24:42,244 - INFO - Model training and evaluation completed successfully.
2024-12-21 17:24:42,247 - INFO - Metrics for 'local_1_iid' successfully saved to ./local_env/results/iid_res.json
2024-12-21 17:24:42,260 - INFO - Data successfully loaded from ./datas/IID_2.csv
2024-12-21 17:24:42,264 - INFO - Data split into Train (4934) and Val (1234) samples.
2024-12-21 17:24:42,264 - INFO - Features scaled using MinMaxScaler.
2024-12-21 17:24:42,313 - INFO - Polynomial features of degree 2 generated.
2024-12-21 17:24:42,369 - INFO - SMOTE applied. Training sample size increased to 9316.
2024-12-21 17:24:42,384 - INFO - DataLoaders for Train, Val, and Test sets created.
2024-12-21 17:24:42,591 - INFO - Epoch [1/50] | Train Loss: 0.5550 | Val Loss: 0.5174 | Val ROC AUC: 0.8005 | Val Accuracy: 0.6783 | Val F1 Score: 0.2170
2024-12-21 17:24:42,591 - INFO - ROC AUC improved to 0.8005. Saving model.
2024-12-21 17:24:42,810 - INFO - Epoch [2/50] | Train Loss: 0.4965 | Val Loss: 0.5088 | Val ROC AUC: 0.8047 | Val Accuracy: 0.6759 | Val F1 Score: 0.2188
2024-12-21 17:24:42,810 - INFO - ROC AUC improved to 0.8047. Saving model.
2024-12-21 17:24:43,012 - INFO - Epoch [3/50] | Train Loss: 0.4817 | Val Loss: 0.5207 | Val ROC AUC: 0.8085 | Val Accuracy: 0.6702 | Val F1 Score: 0.2158
2024-12-21 17:24:43,012 - INFO - ROC AUC improved to 0.8085. Saving model.
2024-12-21 17:24:43,203 - INFO - Epoch [4/50] | Train Loss: 0.4701 | Val Loss: 0.5164 | Val ROC AUC: 0.8074 | Val Accuracy: 0.6767 | Val F1 Score: 0.2222
2024-12-21 17:24:43,203 - INFO - ROC AUC did not improve. 1/5 epochs without improvement.
2024-12-21 17:24:43,413 - INFO - Epoch [5/50] | Train Loss: 0.4621 | Val Loss: 0.5205 | Val ROC AUC: 0.8072 | Val Accuracy: 0.6702 | Val F1 Score: 0.2158
2024-12-21 17:24:43,413 - INFO - ROC AUC did not improve. 2/5 epochs without improvement.
2024-12-21 17:24:43,598 - INFO - Epoch [6/50] | Train Loss: 0.4542 | Val Loss: 0.6258 | Val ROC AUC: 0.8039 | Val Accuracy: 0.6402 | Val F1 Score: 0.2155
2024-12-21 17:24:43,598 - INFO - ROC AUC did not improve. 3/5 epochs without improvement.
2024-12-21 17:24:43,786 - INFO - Epoch [7/50] | Train Loss: 0.4477 | Val Loss: 0.4711 | Val ROC AUC: 0.8101 | Val Accuracy: 0.6872 | Val F1 Score: 0.2154
2024-12-21 17:24:43,786 - INFO - ROC AUC improved to 0.8101. Saving model.
2024-12-21 17:24:43,966 - INFO - Epoch [8/50] | Train Loss: 0.4423 | Val Loss: 0.4379 | Val ROC AUC: 0.8050 | Val Accuracy: 0.7091 | Val F1 Score: 0.2179
2024-12-21 17:24:43,966 - INFO - ROC AUC did not improve. 1/5 epochs without improvement.
2024-12-21 17:24:44,162 - INFO - Epoch [9/50] | Train Loss: 0.4356 | Val Loss: 0.5539 | Val ROC AUC: 0.8078 | Val Accuracy: 0.6532 | Val F1 Score: 0.2161
2024-12-21 17:24:44,162 - INFO - ROC AUC did not improve. 2/5 epochs without improvement.
2024-12-21 17:24:44,358 - INFO - Epoch [10/50] | Train Loss: 0.4308 | Val Loss: 0.4472 | Val ROC AUC: 0.8073 | Val Accuracy: 0.6985 | Val F1 Score: 0.2185
2024-12-21 17:24:44,358 - INFO - ROC AUC did not improve. 3/5 epochs without improvement.
2024-12-21 17:24:44,549 - INFO - Epoch [11/50] | Train Loss: 0.4269 | Val Loss: 0.4893 | Val ROC AUC: 0.8052 | Val Accuracy: 0.6815 | Val F1 Score: 0.2187
2024-12-21 17:24:44,549 - INFO - ROC AUC did not improve. 4/5 epochs without improvement.
2024-12-21 17:24:44,751 - INFO - Epoch [12/50] | Train Loss: 0.4235 | Val Loss: 0.4294 | Val ROC AUC: 0.8039 | Val Accuracy: 0.7156 | Val F1 Score: 0.2183
2024-12-21 17:24:44,751 - INFO - ROC AUC did not improve. 5/5 epochs without improvement.
2024-12-21 17:24:44,751 - INFO - Early stopping triggered at epoch 12.
2024-12-21 17:24:44,751 - INFO - Best model state loaded based on validation ROC AUC.
2024-12-21 17:24:44,791 - INFO - Test Metrics | Log-loss: 0.4296 | ROC AUC: 0.7908 | Accuracy: 0.7228 | F1 Score: 0.2318
2024-12-21 17:24:44,791 - INFO - Model training and evaluation completed successfully.
2024-12-21 17:24:44,791 - INFO - Metrics for 'local_2_iid' successfully saved to ./local_env/results/iid_res.json
2024-12-21 17:24:44,803 - INFO - Data successfully loaded from ./datas/NON_IID_1.csv
2024-12-21 17:24:44,821 - INFO - Gaussian noise added to columns: Index(['Month', 'WeekOfMonth', 'DayOfWeek', 'Make', 'AccidentArea',
       'DayOfWeekClaimed', 'MonthClaimed', 'WeekOfMonthClaimed', 'Sex',
       'MaritalStatus', 'Age', 'Fault', 'PolicyType', 'VehicleCategory',
       'VehiclePrice', 'PolicyNumber', 'RepNumber', 'Deductible',
       'DriverRating', 'Days_Policy_Accident', 'Days_Policy_Claim',
       'PastNumberOfClaims', 'AgeOfVehicle', 'PoliceReportFiled',
       'WitnessPresent', 'AgentType', 'NumberOfSuppliments',
       'AddressChange_Claim', 'NumberOfCars', 'Year', 'BasePolicy', 'AgeGroup',
       'VehiclePrice_Cat'],
      dtype='object') with noise level: 1.5
2024-12-21 17:24:44,829 - INFO - Data split into Train (4064) and Val (1016) samples.
2024-12-21 17:24:44,835 - INFO - Features scaled using MinMaxScaler.
2024-12-21 17:24:44,879 - INFO - Polynomial features of degree 2 generated.
2024-12-21 17:24:44,927 - INFO - SMOTE applied. Training sample size increased to 7426.
2024-12-21 17:24:44,935 - INFO - DataLoaders for Train, Val, and Test sets created.
2024-12-21 17:24:45,111 - INFO - Epoch [1/50] | Train Loss: 0.6889 | Val Loss: 0.7563 | Val ROC AUC: 0.5395 | Val Accuracy: 0.2992 | Val F1 Score: 0.1604
2024-12-21 17:24:45,111 - INFO - ROC AUC improved to 0.5395. Saving model.
2024-12-21 17:24:45,279 - INFO - Epoch [2/50] | Train Loss: 0.6709 | Val Loss: 0.6438 | Val ROC AUC: 0.5562 | Val Accuracy: 0.6457 | Val F1 Score: 0.1705
2024-12-21 17:24:45,279 - INFO - ROC AUC improved to 0.5562. Saving model.
2024-12-21 17:24:45,454 - INFO - Epoch [3/50] | Train Loss: 0.6604 | Val Loss: 0.6133 | Val ROC AUC: 0.5651 | Val Accuracy: 0.6998 | Val F1 Score: 0.1867
2024-12-21 17:24:45,454 - INFO - ROC AUC improved to 0.5651. Saving model.
2024-12-21 17:24:45,675 - INFO - Epoch [4/50] | Train Loss: 0.6546 | Val Loss: 0.6329 | Val ROC AUC: 0.5687 | Val Accuracy: 0.6447 | Val F1 Score: 0.1888
2024-12-21 17:24:45,675 - INFO - ROC AUC improved to 0.5687. Saving model.
2024-12-21 17:24:45,830 - INFO - Epoch [5/50] | Train Loss: 0.6557 | Val Loss: 0.5785 | Val ROC AUC: 0.5730 | Val Accuracy: 0.7283 | Val F1 Score: 0.1930
2024-12-21 17:24:45,830 - INFO - ROC AUC improved to 0.5730. Saving model.
2024-12-21 17:24:45,997 - INFO - Epoch [6/50] | Train Loss: 0.6511 | Val Loss: 0.8242 | Val ROC AUC: 0.5662 | Val Accuracy: 0.3770 | Val F1 Score: 0.1725
2024-12-21 17:24:45,997 - INFO - ROC AUC did not improve. 1/5 epochs without improvement.
2024-12-21 17:24:46,163 - INFO - Epoch [7/50] | Train Loss: 0.6479 | Val Loss: 0.5849 | Val ROC AUC: 0.5747 | Val Accuracy: 0.7106 | Val F1 Score: 0.1878
2024-12-21 17:24:46,163 - INFO - ROC AUC improved to 0.5747. Saving model.
2024-12-21 17:24:46,324 - INFO - Epoch [8/50] | Train Loss: 0.6472 | Val Loss: 0.5362 | Val ROC AUC: 0.5771 | Val Accuracy: 0.7766 | Val F1 Score: 0.1805
2024-12-21 17:24:46,324 - INFO - ROC AUC improved to 0.5771. Saving model.
2024-12-21 17:24:46,510 - INFO - Epoch [9/50] | Train Loss: 0.6448 | Val Loss: 0.7677 | Val ROC AUC: 0.5726 | Val Accuracy: 0.4537 | Val F1 Score: 0.1704
2024-12-21 17:24:46,510 - INFO - ROC AUC did not improve. 1/5 epochs without improvement.
2024-12-21 17:24:46,662 - INFO - Epoch [10/50] | Train Loss: 0.6489 | Val Loss: 0.6799 | Val ROC AUC: 0.5762 | Val Accuracy: 0.5748 | Val F1 Score: 0.1756
2024-12-21 17:24:46,662 - INFO - ROC AUC did not improve. 2/5 epochs without improvement.
2024-12-21 17:24:46,812 - INFO - Epoch [11/50] | Train Loss: 0.6435 | Val Loss: 0.7082 | Val ROC AUC: 0.5752 | Val Accuracy: 0.5374 | Val F1 Score: 0.1754
2024-12-21 17:24:46,812 - INFO - ROC AUC did not improve. 3/5 epochs without improvement.
2024-12-21 17:24:46,968 - INFO - Epoch [12/50] | Train Loss: 0.6406 | Val Loss: 0.7247 | Val ROC AUC: 0.5755 | Val Accuracy: 0.5246 | Val F1 Score: 0.1882
2024-12-21 17:24:46,968 - INFO - ROC AUC did not improve. 4/5 epochs without improvement.
2024-12-21 17:24:47,140 - INFO - Epoch [13/50] | Train Loss: 0.6370 | Val Loss: 0.6808 | Val ROC AUC: 0.5763 | Val Accuracy: 0.5778 | Val F1 Score: 0.1797
2024-12-21 17:24:47,140 - INFO - ROC AUC did not improve. 5/5 epochs without improvement.
2024-12-21 17:24:47,140 - INFO - Early stopping triggered at epoch 13.
2024-12-21 17:24:47,140 - INFO - Best model state loaded based on validation ROC AUC.
2024-12-21 17:24:47,185 - INFO - Test Metrics | Log-loss: 0.6522 | ROC AUC: 0.6574 | Accuracy: 0.6167 | F1 Score: 0.1653
2024-12-21 17:24:47,185 - INFO - Model training and evaluation completed successfully.
2024-12-21 17:24:47,185 - INFO - Metrics for 'local_1_noniid' successfully saved to ./local_env/results/non_iid_res.json
2024-12-21 17:24:47,197 - INFO - Data successfully loaded from ./datas/NON_IID_2.csv
2024-12-21 17:24:47,218 - INFO - Gaussian noise added to columns: Index(['Month', 'WeekOfMonth', 'DayOfWeek', 'Make', 'AccidentArea',
       'DayOfWeekClaimed', 'MonthClaimed', 'WeekOfMonthClaimed', 'Sex',
       'MaritalStatus', 'Age', 'Fault', 'PolicyType', 'VehicleCategory',
       'VehiclePrice', 'PolicyNumber', 'RepNumber', 'Deductible',
       'DriverRating', 'Days_Policy_Accident', 'Days_Policy_Claim',
       'PastNumberOfClaims', 'AgeOfVehicle', 'PoliceReportFiled',
       'WitnessPresent', 'AgentType', 'NumberOfSuppliments',
       'AddressChange_Claim', 'NumberOfCars', 'Year', 'BasePolicy', 'AgeGroup',
       'VehiclePrice_Cat'],
      dtype='object') with noise level: 1.5
2024-12-21 17:24:47,218 - INFO - Data split into Train (5804) and Val (1452) samples.
2024-12-21 17:24:47,230 - INFO - Features scaled using MinMaxScaler.
2024-12-21 17:24:47,276 - INFO - Polynomial features of degree 2 generated.
2024-12-21 17:24:47,350 - INFO - SMOTE applied. Training sample size increased to 11140.
2024-12-21 17:24:47,364 - INFO - DataLoaders for Train, Val, and Test sets created.
2024-12-21 17:24:47,614 - INFO - Epoch [1/50] | Train Loss: 0.6648 | Val Loss: 0.6496 | Val ROC AUC: 0.6061 | Val Accuracy: 0.6253 | Val F1 Score: 0.1023
2024-12-21 17:24:47,614 - INFO - ROC AUC improved to 0.6061. Saving model.
2024-12-21 17:24:47,885 - INFO - Epoch [2/50] | Train Loss: 0.6436 | Val Loss: 0.7493 | Val ROC AUC: 0.6110 | Val Accuracy: 0.4807 | Val F1 Score: 0.0938
2024-12-21 17:24:47,885 - INFO - ROC AUC improved to 0.6110. Saving model.
2024-12-21 17:24:48,126 - INFO - Epoch [3/50] | Train Loss: 0.6343 | Val Loss: 0.5129 | Val ROC AUC: 0.6147 | Val Accuracy: 0.7782 | Val F1 Score: 0.1056
2024-12-21 17:24:48,126 - INFO - ROC AUC improved to 0.6147. Saving model.
2024-12-21 17:24:48,364 - INFO - Epoch [4/50] | Train Loss: 0.6332 | Val Loss: 0.5575 | Val ROC AUC: 0.6141 | Val Accuracy: 0.7176 | Val F1 Score: 0.1009
2024-12-21 17:24:48,364 - INFO - ROC AUC did not improve. 1/5 epochs without improvement.
2024-12-21 17:24:48,596 - INFO - Epoch [5/50] | Train Loss: 0.6274 | Val Loss: 0.6010 | Val ROC AUC: 0.6162 | Val Accuracy: 0.6756 | Val F1 Score: 0.1063
2024-12-21 17:24:48,596 - INFO - ROC AUC improved to 0.6162. Saving model.
2024-12-21 17:24:48,806 - INFO - Epoch [6/50] | Train Loss: 0.6250 | Val Loss: 0.7272 | Val ROC AUC: 0.6171 | Val Accuracy: 0.5379 | Val F1 Score: 0.1041
2024-12-21 17:24:48,806 - INFO - ROC AUC improved to 0.6171. Saving model.
2024-12-21 17:24:49,062 - INFO - Epoch [7/50] | Train Loss: 0.6272 | Val Loss: 0.5781 | Val ROC AUC: 0.6179 | Val Accuracy: 0.6908 | Val F1 Score: 0.1038
2024-12-21 17:24:49,062 - INFO - ROC AUC improved to 0.6179. Saving model.
2024-12-21 17:24:49,462 - INFO - Epoch [8/50] | Train Loss: 0.6245 | Val Loss: 0.5951 | Val ROC AUC: 0.6173 | Val Accuracy: 0.6763 | Val F1 Score: 0.0996
2024-12-21 17:24:49,462 - INFO - ROC AUC did not improve. 1/5 epochs without improvement.
2024-12-21 17:24:49,804 - INFO - Epoch [9/50] | Train Loss: 0.6247 | Val Loss: 0.6718 | Val ROC AUC: 0.6180 | Val Accuracy: 0.6006 | Val F1 Score: 0.1104
2024-12-21 17:24:49,804 - INFO - ROC AUC improved to 0.6180. Saving model.
2024-12-21 17:24:50,053 - INFO - Epoch [10/50] | Train Loss: 0.6201 | Val Loss: 0.6595 | Val ROC AUC: 0.6191 | Val Accuracy: 0.6054 | Val F1 Score: 0.1061
2024-12-21 17:24:50,053 - INFO - ROC AUC improved to 0.6191. Saving model.
2024-12-21 17:24:50,293 - INFO - Epoch [11/50] | Train Loss: 0.6194 | Val Loss: 0.8003 | Val ROC AUC: 0.6184 | Val Accuracy: 0.4594 | Val F1 Score: 0.0946
2024-12-21 17:24:50,293 - INFO - ROC AUC did not improve. 1/5 epochs without improvement.
2024-12-21 17:24:50,530 - INFO - Epoch [12/50] | Train Loss: 0.6177 | Val Loss: 0.6611 | Val ROC AUC: 0.6214 | Val Accuracy: 0.6109 | Val F1 Score: 0.1102
2024-12-21 17:24:50,530 - INFO - ROC AUC improved to 0.6214. Saving model.
2024-12-21 17:24:50,763 - INFO - Epoch [13/50] | Train Loss: 0.6153 | Val Loss: 0.5078 | Val ROC AUC: 0.6211 | Val Accuracy: 0.7658 | Val F1 Score: 0.1053
2024-12-21 17:24:50,763 - INFO - ROC AUC did not improve. 1/5 epochs without improvement.
2024-12-21 17:24:51,014 - INFO - Epoch [14/50] | Train Loss: 0.6135 | Val Loss: 0.6620 | Val ROC AUC: 0.6208 | Val Accuracy: 0.6067 | Val F1 Score: 0.1092
2024-12-21 17:24:51,014 - INFO - ROC AUC did not improve. 2/5 epochs without improvement.
2024-12-21 17:24:51,246 - INFO - Epoch [15/50] | Train Loss: 0.6121 | Val Loss: 0.5310 | Val ROC AUC: 0.6221 | Val Accuracy: 0.7466 | Val F1 Score: 0.1068
2024-12-21 17:24:51,246 - INFO - ROC AUC improved to 0.6221. Saving model.
2024-12-21 17:24:51,468 - INFO - Epoch [16/50] | Train Loss: 0.6112 | Val Loss: 0.6015 | Val ROC AUC: 0.6233 | Val Accuracy: 0.6632 | Val F1 Score: 0.0961
2024-12-21 17:24:51,468 - INFO - ROC AUC improved to 0.6233. Saving model.
2024-12-21 17:24:51,702 - INFO - Epoch [17/50] | Train Loss: 0.6092 | Val Loss: 0.5208 | Val ROC AUC: 0.6239 | Val Accuracy: 0.7583 | Val F1 Score: 0.1114
2024-12-21 17:24:51,702 - INFO - ROC AUC improved to 0.6239. Saving model.
2024-12-21 17:24:51,947 - INFO - Epoch [18/50] | Train Loss: 0.6066 | Val Loss: 0.7179 | Val ROC AUC: 0.6239 | Val Accuracy: 0.5489 | Val F1 Score: 0.1064
2024-12-21 17:24:51,947 - INFO - ROC AUC improved to 0.6239. Saving model.
2024-12-21 17:24:52,188 - INFO - Epoch [19/50] | Train Loss: 0.6066 | Val Loss: 0.5951 | Val ROC AUC: 0.6222 | Val Accuracy: 0.6715 | Val F1 Score: 0.0949
2024-12-21 17:24:52,188 - INFO - ROC AUC did not improve. 1/5 epochs without improvement.
2024-12-21 17:24:52,429 - INFO - Epoch [20/50] | Train Loss: 0.6038 | Val Loss: 0.7024 | Val ROC AUC: 0.6257 | Val Accuracy: 0.5647 | Val F1 Score: 0.1099
2024-12-21 17:24:52,429 - INFO - ROC AUC improved to 0.6257. Saving model.
2024-12-21 17:24:52,654 - INFO - Epoch [21/50] | Train Loss: 0.6026 | Val Loss: 0.6964 | Val ROC AUC: 0.6244 | Val Accuracy: 0.5730 | Val F1 Score: 0.1066
2024-12-21 17:24:52,654 - INFO - ROC AUC did not improve. 1/5 epochs without improvement.
2024-12-21 17:24:52,971 - INFO - Epoch [22/50] | Train Loss: 0.6002 | Val Loss: 0.7681 | Val ROC AUC: 0.6254 | Val Accuracy: 0.5021 | Val F1 Score: 0.0996
2024-12-21 17:24:52,971 - INFO - ROC AUC did not improve. 2/5 epochs without improvement.
2024-12-21 17:24:53,213 - INFO - Epoch [23/50] | Train Loss: 0.6020 | Val Loss: 0.6807 | Val ROC AUC: 0.6258 | Val Accuracy: 0.5861 | Val F1 Score: 0.1070
2024-12-21 17:24:53,213 - INFO - ROC AUC improved to 0.6258. Saving model.
2024-12-21 17:24:53,458 - INFO - Epoch [24/50] | Train Loss: 0.5997 | Val Loss: 0.6551 | Val ROC AUC: 0.6276 | Val Accuracy: 0.6123 | Val F1 Score: 0.1049
2024-12-21 17:24:53,458 - INFO - ROC AUC improved to 0.6276. Saving model.
2024-12-21 17:24:53,696 - INFO - Epoch [25/50] | Train Loss: 0.5973 | Val Loss: 0.6135 | Val ROC AUC: 0.6263 | Val Accuracy: 0.6605 | Val F1 Score: 0.1149
2024-12-21 17:24:53,696 - INFO - ROC AUC did not improve. 1/5 epochs without improvement.
2024-12-21 17:24:53,946 - INFO - Epoch [26/50] | Train Loss: 0.5950 | Val Loss: 0.5402 | Val ROC AUC: 0.6272 | Val Accuracy: 0.7259 | Val F1 Score: 0.1076
2024-12-21 17:24:53,948 - INFO - ROC AUC did not improve. 2/5 epochs without improvement.
2024-12-21 17:24:54,197 - INFO - Epoch [27/50] | Train Loss: 0.5933 | Val Loss: 0.5286 | Val ROC AUC: 0.6270 | Val Accuracy: 0.7404 | Val F1 Score: 0.1087
2024-12-21 17:24:54,197 - INFO - ROC AUC did not improve. 3/5 epochs without improvement.
2024-12-21 17:24:54,417 - INFO - Epoch [28/50] | Train Loss: 0.5947 | Val Loss: 0.6758 | Val ROC AUC: 0.6300 | Val Accuracy: 0.5909 | Val F1 Score: 0.1027
2024-12-21 17:24:54,417 - INFO - ROC AUC improved to 0.6300. Saving model.
2024-12-21 17:24:54,662 - INFO - Epoch [29/50] | Train Loss: 0.5941 | Val Loss: 0.6341 | Val ROC AUC: 0.6294 | Val Accuracy: 0.6315 | Val F1 Score: 0.1098
2024-12-21 17:24:54,663 - INFO - ROC AUC did not improve. 1/5 epochs without improvement.
2024-12-21 17:24:54,914 - INFO - Epoch [30/50] | Train Loss: 0.5903 | Val Loss: 0.6303 | Val ROC AUC: 0.6300 | Val Accuracy: 0.6329 | Val F1 Score: 0.1072
2024-12-21 17:24:54,914 - INFO - ROC AUC improved to 0.6300. Saving model.
2024-12-21 17:24:55,165 - INFO - Epoch [31/50] | Train Loss: 0.5884 | Val Loss: 0.7563 | Val ROC AUC: 0.6312 | Val Accuracy: 0.5117 | Val F1 Score: 0.1037
2024-12-21 17:24:55,165 - INFO - ROC AUC improved to 0.6312. Saving model.
2024-12-21 17:24:55,413 - INFO - Epoch [32/50] | Train Loss: 0.5891 | Val Loss: 0.5795 | Val ROC AUC: 0.6314 | Val Accuracy: 0.6970 | Val F1 Score: 0.1165
2024-12-21 17:24:55,413 - INFO - ROC AUC improved to 0.6314. Saving model.
2024-12-21 17:24:55,664 - INFO - Epoch [33/50] | Train Loss: 0.5875 | Val Loss: 0.5507 | Val ROC AUC: 0.6293 | Val Accuracy: 0.7183 | Val F1 Score: 0.1050
2024-12-21 17:24:55,664 - INFO - ROC AUC did not improve. 1/5 epochs without improvement.
2024-12-21 17:24:55,886 - INFO - Epoch [34/50] | Train Loss: 0.5858 | Val Loss: 0.5923 | Val ROC AUC: 0.6327 | Val Accuracy: 0.6825 | Val F1 Score: 0.1185
2024-12-21 17:24:55,886 - INFO - ROC AUC improved to 0.6327. Saving model.
2024-12-21 17:24:56,148 - INFO - Epoch [35/50] | Train Loss: 0.5840 | Val Loss: 0.6782 | Val ROC AUC: 0.6310 | Val Accuracy: 0.5820 | Val F1 Score: 0.1034
2024-12-21 17:24:56,148 - INFO - ROC AUC did not improve. 1/5 epochs without improvement.
2024-12-21 17:24:56,375 - INFO - Epoch [36/50] | Train Loss: 0.5837 | Val Loss: 0.6963 | Val ROC AUC: 0.6315 | Val Accuracy: 0.5634 | Val F1 Score: 0.1070
2024-12-21 17:24:56,375 - INFO - ROC AUC did not improve. 2/5 epochs without improvement.
2024-12-21 17:24:56,620 - INFO - Epoch [37/50] | Train Loss: 0.5832 | Val Loss: 0.6404 | Val ROC AUC: 0.6309 | Val Accuracy: 0.6240 | Val F1 Score: 0.1049
2024-12-21 17:24:56,620 - INFO - ROC AUC did not improve. 3/5 epochs without improvement.
2024-12-21 17:24:56,844 - INFO - Epoch [38/50] | Train Loss: 0.5816 | Val Loss: 0.7597 | Val ROC AUC: 0.6345 | Val Accuracy: 0.5124 | Val F1 Score: 0.1061
2024-12-21 17:24:56,844 - INFO - ROC AUC improved to 0.6345. Saving model.
2024-12-21 17:24:57,079 - INFO - Epoch [39/50] | Train Loss: 0.5848 | Val Loss: 0.5870 | Val ROC AUC: 0.6324 | Val Accuracy: 0.6880 | Val F1 Score: 0.1170
2024-12-21 17:24:57,079 - INFO - ROC AUC did not improve. 1/5 epochs without improvement.
2024-12-21 17:24:57,318 - INFO - Epoch [40/50] | Train Loss: 0.5812 | Val Loss: 0.6724 | Val ROC AUC: 0.6343 | Val Accuracy: 0.5916 | Val F1 Score: 0.1056
2024-12-21 17:24:57,318 - INFO - ROC AUC did not improve. 2/5 epochs without improvement.
2024-12-21 17:24:57,548 - INFO - Epoch [41/50] | Train Loss: 0.5774 | Val Loss: 0.6107 | Val ROC AUC: 0.6347 | Val Accuracy: 0.6577 | Val F1 Score: 0.1109
2024-12-21 17:24:57,548 - INFO - ROC AUC improved to 0.6347. Saving model.
2024-12-21 17:24:57,945 - INFO - Epoch [42/50] | Train Loss: 0.5797 | Val Loss: 0.5835 | Val ROC AUC: 0.6346 | Val Accuracy: 0.6880 | Val F1 Score: 0.1170
2024-12-21 17:24:57,945 - INFO - ROC AUC did not improve. 1/5 epochs without improvement.
2024-12-21 17:24:58,213 - INFO - Epoch [43/50] | Train Loss: 0.5782 | Val Loss: 0.6057 | Val ROC AUC: 0.6329 | Val Accuracy: 0.6570 | Val F1 Score: 0.1075
2024-12-21 17:24:58,213 - INFO - ROC AUC did not improve. 2/5 epochs without improvement.
2024-12-21 17:24:58,527 - INFO - Epoch [44/50] | Train Loss: 0.5748 | Val Loss: 0.4969 | Val ROC AUC: 0.6335 | Val Accuracy: 0.7707 | Val F1 Score: 0.1120
2024-12-21 17:24:58,527 - INFO - ROC AUC did not improve. 3/5 epochs without improvement.
2024-12-21 17:24:58,762 - INFO - Epoch [45/50] | Train Loss: 0.5746 | Val Loss: 0.4797 | Val ROC AUC: 0.6324 | Val Accuracy: 0.7831 | Val F1 Score: 0.1127
2024-12-21 17:24:58,762 - INFO - ROC AUC did not improve. 4/5 epochs without improvement.
2024-12-21 17:24:58,993 - INFO - Epoch [46/50] | Train Loss: 0.5731 | Val Loss: 0.6046 | Val ROC AUC: 0.6354 | Val Accuracy: 0.6605 | Val F1 Score: 0.1117
2024-12-21 17:24:59,001 - INFO - ROC AUC improved to 0.6354. Saving model.
2024-12-21 17:24:59,236 - INFO - Epoch [47/50] | Train Loss: 0.5719 | Val Loss: 0.5622 | Val ROC AUC: 0.6324 | Val Accuracy: 0.7025 | Val F1 Score: 0.1074
2024-12-21 17:24:59,236 - INFO - ROC AUC did not improve. 1/5 epochs without improvement.
2024-12-21 17:24:59,480 - INFO - Epoch [48/50] | Train Loss: 0.5721 | Val Loss: 0.7215 | Val ROC AUC: 0.6357 | Val Accuracy: 0.5441 | Val F1 Score: 0.1054
2024-12-21 17:24:59,480 - INFO - ROC AUC improved to 0.6357. Saving model.
2024-12-21 17:24:59,727 - INFO - Epoch [49/50] | Train Loss: 0.5718 | Val Loss: 0.6079 | Val ROC AUC: 0.6334 | Val Accuracy: 0.6543 | Val F1 Score: 0.1068
2024-12-21 17:24:59,727 - INFO - ROC AUC did not improve. 1/5 epochs without improvement.
2024-12-21 17:24:59,967 - INFO - Epoch [50/50] | Train Loss: 0.5719 | Val Loss: 0.6362 | Val ROC AUC: 0.6365 | Val Accuracy: 0.6233 | Val F1 Score: 0.1077
2024-12-21 17:24:59,967 - INFO - ROC AUC improved to 0.6365. Saving model.
2024-12-21 17:24:59,975 - INFO - Best model state loaded based on validation ROC AUC.
2024-12-21 17:25:00,015 - INFO - Test Metrics | Log-loss: 0.6455 | ROC AUC: 0.6644 | Accuracy: 0.6261 | F1 Score: 0.1723
2024-12-21 17:25:00,015 - INFO - Model training and evaluation completed successfully.
2024-12-21 17:25:00,015 - INFO - Metrics for 'local_2_noniid' successfully saved to ./local_env/results/non_iid_res.json
